[lib_pcf_ver45.py:27 -            print_log() ] 2022-06-18 13:14:41,010 Connect arduino
[lib_pcf_ver45.py:29 -            print_log() ] 2022-06-18 13:14:41,010 /dev/ttyACM0
[lib_pcf_ver45.py:27 -            print_log() ] 2022-06-18 13:14:41,011 Configuration of serial: 
[lib_pcf_ver45.py:29 -            print_log() ] 2022-06-18 13:14:41,011 Serial<id=0xb668e070, open=True>(port='/dev/ttyACM0', baudrate=9600, bytesize=8, parity='N', stopbits=1, timeout=None, xonxoff=False, rtscts=False, dsrdtr=False)
[lib_pcf_ver45.py:27 -            print_log() ] 2022-06-18 13:14:41,012 Success: Arduino connected
[lib_pcf_ver45.py:27 -            print_log() ] 2022-06-18 13:14:41,012 Start to add unique equipment in database
[lib_pcf_ver45.py:27 -            print_log() ] 2022-06-18 13:14:41,013 Opened database successfully
[lib_pcf_ver45.py:27 -            print_log() ] 2022-06-18 13:14:41,016 Start to add new unique equipment data
[lib_pcf_ver45.py:27 -            print_log() ] 2022-06-18 13:14:41,017 Error in creating new unique equipment data in EQUIPMENT table 
[lib_pcf_ver45.py:29 -            print_log() ] 2022-06-18 13:14:41,017 UNIQUE constraint failed: EQUIPMENT.EQUIPMENT_NAME
[lib_pcf_ver45.py:27 -            print_log() ] 2022-06-18 13:14:41,018 Success: Unique equipment added to database
[lib_pcf_ver45.py:27 -            print_log() ] 2022-06-18 13:14:41,019 Start main script
[lib_pcf_ver45.py:27 -            print_log() ] 2022-06-18 13:14:41,019 Infinite cycle
[lib_pcf_ver45.py:27 -            print_log() ] 2022-06-18 13:14:41,019 START RFID FUNCTION
[lib_pcf_ver45.py:27 -            print_log() ] 2022-06-18 13:14:41,020 START Animal ID animal_id: 
[lib_pcf_ver45.py:29 -            print_log() ] 2022-06-18 13:14:41,020 b'435400040001'
[lib_pcf_ver45.py:27 -            print_log() ] 2022-06-18 13:14:41,020 START Null id null_id : 
[lib_pcf_ver45.py:29 -            print_log() ] 2022-06-18 13:14:41,021 b'435400040001'
[lib_pcf_ver45.py:27 -            print_log() ] 2022-06-18 13:14:41,027 Raw ID animal_id: 
[lib_pcf_ver45.py:29 -            print_log() ] 2022-06-18 13:14:41,027 b'4354001c004501c38d140a0c05d8010f0101e20000174007014216906af2b960'
[lib_pcf_ver45.py:27 -            print_log() ] 2022-06-18 13:14:41,028 New ID animal_id_new: 
[lib_pcf_ver45.py:29 -            print_log() ] 2022-06-18 13:14:41,028 014216906af2
[lib_pcf_ver45.py:27 -            print_log() ] 2022-06-18 13:14:41,028 Null id null_id : 
[lib_pcf_ver45.py:29 -            print_log() ] 2022-06-18 13:14:41,029 b'435400040001'
[lib_pcf_ver45.py:27 -            print_log() ] 2022-06-18 13:14:41,029 Success step 2 RFID. animal id new:
[lib_pcf_ver45.py:29 -            print_log() ] 2022-06-18 13:14:41,030 014216906af2
[lib_pcf_ver45.py:27 -            print_log() ] 2022-06-18 13:14:41,030 First step cow ID :
[lib_pcf_ver45.py:29 -            print_log() ] 2022-06-18 13:14:41,030 014216906af2
[lib_pcf_ver45.py:27 -            print_log() ] 2022-06-18 13:14:42,032 After read cow ID :
[lib_pcf_ver45.py:29 -            print_log() ] 2022-06-18 13:14:42,032 014216906af2
[lib_pcf_ver45.py:27 -            print_log() ] 2022-06-18 13:14:42,033 Opened database successfully
[lib_pcf_ver45.py:27 -            print_log() ] 2022-06-18 13:14:42,035 animal_id
[lib_pcf_ver45.py:29 -            print_log() ] 2022-06-18 13:14:42,035 014216906af2
[lib_pcf_ver45.py:27 -            print_log() ] 2022-06-18 13:14:42,035 Start to add new unique animal id
[lib_pcf_ver45.py:27 -            print_log() ] 2022-06-18 13:14:42,036 Error in creating new animal_id in zero table 
[lib_pcf_ver45.py:29 -            print_log() ] 2022-06-18 13:14:42,037 UNIQUE constraint failed: ZERO.ANIMAL_ID
[lib_pcf_ver45.py:27 -            print_log() ] 2022-06-18 13:14:42,037 CONNECT ARDUINO
[lib_pcf_ver45.py:27 -            print_log() ] 2022-06-18 13:14:42,038 Connect arduino after flush
[lib_pcf_ver45.py:29 -            print_log() ] 2022-06-18 13:14:42,038 Serial<id=0xb668e070, open=True>(port='/dev/ttyACM0', baudrate=9600, bytesize=8, parity='N', stopbits=1, timeout=None, xonxoff=False, rtscts=False, dsrdtr=False)
[lib_pcf_ver45.py:27 -            print_log() ] 2022-06-18 13:14:42,039 Connect arduino s.name fuction answer :
[lib_pcf_ver45.py:29 -            print_log() ] 2022-06-18 13:14:42,039 /dev/ttyACM0
[lib_pcf_ver45.py:27 -            print_log() ] 2022-06-18 13:14:42,039 Start collect weight
[lib_pcf_ver45.py:27 -            print_log() ] 2022-06-18 13:14:43,643 First weight from Arduino
[lib_pcf_ver45.py:29 -            print_log() ] 2022-06-18 13:14:43,643 b'1.0\r\n'
[lib_pcf_ver45.py:27 -            print_log() ] 2022-06-18 13:14:43,644 After s.readline function
[lib_pcf_ver45.py:27 -            print_log() ] 2022-06-18 13:14:43,645 Weight new after cleaning :
[lib_pcf_ver45.py:29 -            print_log() ] 2022-06-18 13:14:43,645 1.0
[lib_pcf_ver45.py:27 -            print_log() ] 2022-06-18 13:14:43,645 main: weight_finall
[lib_pcf_ver45.py:29 -            print_log() ] 2022-06-18 13:14:43,646 -11
[lib_pcf_ver45.py:27 -            print_log() ] 2022-06-18 13:14:43,646 Infinite cycle
[lib_pcf_ver45.py:27 -            print_log() ] 2022-06-18 13:14:43,647 START RFID FUNCTION
[lib_pcf_ver45.py:27 -            print_log() ] 2022-06-18 13:14:43,647 START Animal ID animal_id: 
[lib_pcf_ver45.py:29 -            print_log() ] 2022-06-18 13:14:43,647 b'435400040001'
[lib_pcf_ver45.py:27 -            print_log() ] 2022-06-18 13:14:43,647 START Null id null_id : 
[lib_pcf_ver45.py:29 -            print_log() ] 2022-06-18 13:14:43,648 b'435400040001'
[lib_pcf_ver45.py:27 -            print_log() ] 2022-06-18 13:16:24,145 Raw ID animal_id: 
[lib_pcf_ver45.py:29 -            print_log() ] 2022-06-18 13:16:24,145 b'4354001c004501c38d140a0c05d8010f0101e20000174007014216906af2b960'
[lib_pcf_ver45.py:27 -            print_log() ] 2022-06-18 13:16:24,146 New ID animal_id_new: 
[lib_pcf_ver45.py:29 -            print_log() ] 2022-06-18 13:16:24,146 014216906af2
[lib_pcf_ver45.py:27 -            print_log() ] 2022-06-18 13:16:24,146 Null id null_id : 
[lib_pcf_ver45.py:29 -            print_log() ] 2022-06-18 13:16:24,147 b'435400040001'
[lib_pcf_ver45.py:27 -            print_log() ] 2022-06-18 13:16:24,147 Success step 2 RFID. animal id new:
[lib_pcf_ver45.py:29 -            print_log() ] 2022-06-18 13:16:24,147 014216906af2
[lib_pcf_ver45.py:27 -            print_log() ] 2022-06-18 13:16:24,148 First step cow ID :
[lib_pcf_ver45.py:29 -            print_log() ] 2022-06-18 13:16:24,148 014216906af2
[lib_pcf_ver45.py:27 -            print_log() ] 2022-06-18 13:16:25,150 After read cow ID :
[lib_pcf_ver45.py:29 -            print_log() ] 2022-06-18 13:16:25,150 014216906af2
[lib_pcf_ver45.py:27 -            print_log() ] 2022-06-18 13:16:25,154 Opened database successfully
[lib_pcf_ver45.py:27 -            print_log() ] 2022-06-18 13:16:25,156 animal_id
[lib_pcf_ver45.py:29 -            print_log() ] 2022-06-18 13:16:25,156 014216906af2
[lib_pcf_ver45.py:27 -            print_log() ] 2022-06-18 13:16:25,157 Start to add new unique animal id
[lib_pcf_ver45.py:27 -            print_log() ] 2022-06-18 13:16:25,158 Error in creating new animal_id in zero table 
[lib_pcf_ver45.py:29 -            print_log() ] 2022-06-18 13:16:25,158 UNIQUE constraint failed: ZERO.ANIMAL_ID
[lib_pcf_ver45.py:27 -            print_log() ] 2022-06-18 13:16:25,159 CONNECT ARDUINO
[lib_pcf_ver45.py:27 -            print_log() ] 2022-06-18 13:16:25,159 Connect arduino after flush
[lib_pcf_ver45.py:29 -            print_log() ] 2022-06-18 13:16:25,159 Serial<id=0xb668e070, open=True>(port='/dev/ttyACM0', baudrate=9600, bytesize=8, parity='N', stopbits=1, timeout=None, xonxoff=False, rtscts=False, dsrdtr=False)
[lib_pcf_ver45.py:27 -            print_log() ] 2022-06-18 13:16:25,160 Connect arduino s.name fuction answer :
[lib_pcf_ver45.py:29 -            print_log() ] 2022-06-18 13:16:25,160 /dev/ttyACM0
[lib_pcf_ver45.py:27 -            print_log() ] 2022-06-18 13:16:25,161 Start collect weight
[lib_pcf_ver45.py:27 -            print_log() ] 2022-06-18 13:16:26,391 First weight from Arduino
[lib_pcf_ver45.py:29 -            print_log() ] 2022-06-18 13:16:26,391 b'46.8\r\n'
[lib_pcf_ver45.py:27 -            print_log() ] 2022-06-18 13:16:26,392 After s.readline function
[lib_pcf_ver45.py:27 -            print_log() ] 2022-06-18 13:16:26,392 Weight new after cleaning :
[lib_pcf_ver45.py:29 -            print_log() ] 2022-06-18 13:16:26,392 46.8
[lib_pcf_ver45.py:27 -            print_log() ] 2022-06-18 13:16:28,104 Weight from Arduino :
[lib_pcf_ver45.py:29 -            print_log() ] 2022-06-18 13:16:28,104 70.5
[lib_pcf_ver45.py:27 -            print_log() ] 2022-06-18 13:16:28,104 START SEND RawDATA TO SERVER:
[connectionpool.py:227 -            _new_conn() ] 2022-06-18 13:16:28,114 Starting new HTTP connection (1): 194.4.56.86:8501
[connectionpool.py:452 -        _make_request() ] 2022-06-18 13:16:28,189 http://194.4.56.86:8501 "POST /api/RawWeights HTTP/1.1" 200 6
[lib_pcf_ver45.py:27 -            print_log() ] 2022-06-18 13:16:28,191 Answer from RawData server: 
[lib_pcf_ver45.py:29 -            print_log() ] 2022-06-18 13:16:28,191 <Response [200]>
[lib_pcf_ver45.py:27 -            print_log() ] 2022-06-18 13:16:28,191 Content from RawData server: 
[lib_pcf_ver45.py:29 -            print_log() ] 2022-06-18 13:16:28,191 b'200605'
[lib_pcf_ver45.py:27 -            print_log() ] 2022-06-18 13:16:28,192 4 step send RawData
[lib_pcf_ver45.py:27 -            print_log() ] 2022-06-18 13:16:28,192 Opened database successfully
[lib_pcf_ver45.py:27 -            print_log() ] 2022-06-18 13:16:28,213 ANIMAL_ID
[lib_pcf_ver45.py:29 -            print_log() ] 2022-06-18 13:16:28,214 014216906af2
[lib_pcf_ver45.py:27 -            print_log() ] 2022-06-18 13:16:28,214 EVENT_TIME
[lib_pcf_ver45.py:29 -            print_log() ] 2022-06-18 13:16:28,214 2022-06-18 13:16:28.192397
[lib_pcf_ver45.py:27 -            print_log() ] 2022-06-18 13:16:28,214 WEIGHT
[lib_pcf_ver45.py:29 -            print_log() ] 2022-06-18 13:16:28,214 70.5
[lib_pcf_ver45.py:27 -            print_log() ] 2022-06-18 13:16:28,215 EQUIPMENT_NAME
[lib_pcf_ver45.py:29 -            print_log() ] 2022-06-18 13:16:28,215 Test_sqlite_ver45
[lib_pcf_ver45.py:27 -            print_log() ] 2022-06-18 13:16:29,817 Weight from Arduino :
[lib_pcf_ver45.py:29 -            print_log() ] 2022-06-18 13:16:29,817 72.1
[lib_pcf_ver45.py:27 -            print_log() ] 2022-06-18 13:16:29,817 START SEND RawDATA TO SERVER:
[connectionpool.py:227 -            _new_conn() ] 2022-06-18 13:16:29,821 Starting new HTTP connection (1): 194.4.56.86:8501
[connectionpool.py:452 -        _make_request() ] 2022-06-18 13:16:29,883 http://194.4.56.86:8501 "POST /api/RawWeights HTTP/1.1" 200 6
[lib_pcf_ver45.py:27 -            print_log() ] 2022-06-18 13:16:29,885 Answer from RawData server: 
[lib_pcf_ver45.py:29 -            print_log() ] 2022-06-18 13:16:29,885 <Response [200]>
[lib_pcf_ver45.py:27 -            print_log() ] 2022-06-18 13:16:29,885 Content from RawData server: 
[lib_pcf_ver45.py:29 -            print_log() ] 2022-06-18 13:16:29,886 b'200606'
[lib_pcf_ver45.py:27 -            print_log() ] 2022-06-18 13:16:29,886 4 step send RawData
[lib_pcf_ver45.py:27 -            print_log() ] 2022-06-18 13:16:29,886 Opened database successfully
[lib_pcf_ver45.py:27 -            print_log() ] 2022-06-18 13:16:31,350 ANIMAL_ID
[lib_pcf_ver45.py:29 -            print_log() ] 2022-06-18 13:16:31,350 014216906af2
[lib_pcf_ver45.py:27 -            print_log() ] 2022-06-18 13:16:31,350 EVENT_TIME
[lib_pcf_ver45.py:29 -            print_log() ] 2022-06-18 13:16:31,351 2022-06-18 13:16:29.886559
[lib_pcf_ver45.py:27 -            print_log() ] 2022-06-18 13:16:31,351 WEIGHT
[lib_pcf_ver45.py:29 -            print_log() ] 2022-06-18 13:16:31,352 72.1
[lib_pcf_ver45.py:27 -            print_log() ] 2022-06-18 13:16:31,352 EQUIPMENT_NAME
[lib_pcf_ver45.py:29 -            print_log() ] 2022-06-18 13:16:31,352 Test_sqlite_ver45
[lib_pcf_ver45.py:27 -            print_log() ] 2022-06-18 13:16:31,530 Weight from Arduino :
[lib_pcf_ver45.py:29 -            print_log() ] 2022-06-18 13:16:31,530 69.1
[lib_pcf_ver45.py:27 -            print_log() ] 2022-06-18 13:16:31,531 START SEND RawDATA TO SERVER:
[connectionpool.py:227 -            _new_conn() ] 2022-06-18 13:16:31,537 Starting new HTTP connection (1): 194.4.56.86:8501
[connectionpool.py:452 -        _make_request() ] 2022-06-18 13:16:31,601 http://194.4.56.86:8501 "POST /api/RawWeights HTTP/1.1" 200 6
[lib_pcf_ver45.py:27 -            print_log() ] 2022-06-18 13:16:31,604 Answer from RawData server: 
[lib_pcf_ver45.py:29 -            print_log() ] 2022-06-18 13:16:31,604 <Response [200]>
[lib_pcf_ver45.py:27 -            print_log() ] 2022-06-18 13:16:31,604 Content from RawData server: 
[lib_pcf_ver45.py:29 -            print_log() ] 2022-06-18 13:16:31,605 b'200607'
[lib_pcf_ver45.py:27 -            print_log() ] 2022-06-18 13:16:31,605 4 step send RawData
[lib_pcf_ver45.py:27 -            print_log() ] 2022-06-18 13:16:31,606 Opened database successfully
[lib_pcf_ver45.py:27 -            print_log() ] 2022-06-18 13:16:31,630 ANIMAL_ID
[lib_pcf_ver45.py:29 -            print_log() ] 2022-06-18 13:16:31,631 014216906af2
[lib_pcf_ver45.py:27 -            print_log() ] 2022-06-18 13:16:31,631 EVENT_TIME
[lib_pcf_ver45.py:29 -            print_log() ] 2022-06-18 13:16:31,631 2022-06-18 13:16:31.605738
[lib_pcf_ver45.py:27 -            print_log() ] 2022-06-18 13:16:31,632 WEIGHT
[lib_pcf_ver45.py:29 -            print_log() ] 2022-06-18 13:16:31,632 69.1
[lib_pcf_ver45.py:27 -            print_log() ] 2022-06-18 13:16:31,632 EQUIPMENT_NAME
[lib_pcf_ver45.py:29 -            print_log() ] 2022-06-18 13:16:31,632 Test_sqlite_ver45
[lib_pcf_ver45.py:27 -            print_log() ] 2022-06-18 13:16:33,243 Weight from Arduino :
[lib_pcf_ver45.py:29 -            print_log() ] 2022-06-18 13:16:33,243 69.2
[lib_pcf_ver45.py:27 -            print_log() ] 2022-06-18 13:16:33,244 START SEND RawDATA TO SERVER:
[connectionpool.py:227 -            _new_conn() ] 2022-06-18 13:16:33,250 Starting new HTTP connection (1): 194.4.56.86:8501
[connectionpool.py:452 -        _make_request() ] 2022-06-18 13:16:33,338 http://194.4.56.86:8501 "POST /api/RawWeights HTTP/1.1" 200 6
[lib_pcf_ver45.py:27 -            print_log() ] 2022-06-18 13:16:33,340 Answer from RawData server: 
[lib_pcf_ver45.py:29 -            print_log() ] 2022-06-18 13:16:33,341 <Response [200]>
[lib_pcf_ver45.py:27 -            print_log() ] 2022-06-18 13:16:33,341 Content from RawData server: 
[lib_pcf_ver45.py:29 -            print_log() ] 2022-06-18 13:16:33,341 b'200608'
[lib_pcf_ver45.py:27 -            print_log() ] 2022-06-18 13:16:33,342 4 step send RawData
[lib_pcf_ver45.py:27 -            print_log() ] 2022-06-18 13:16:33,342 Opened database successfully
[lib_pcf_ver45.py:27 -            print_log() ] 2022-06-18 13:16:33,404 ANIMAL_ID
[lib_pcf_ver45.py:29 -            print_log() ] 2022-06-18 13:16:33,404 014216906af2
[lib_pcf_ver45.py:27 -            print_log() ] 2022-06-18 13:16:33,405 EVENT_TIME
[lib_pcf_ver45.py:29 -            print_log() ] 2022-06-18 13:16:33,405 2022-06-18 13:16:33.342332
[lib_pcf_ver45.py:27 -            print_log() ] 2022-06-18 13:16:33,406 WEIGHT
[lib_pcf_ver45.py:29 -            print_log() ] 2022-06-18 13:16:33,406 69.2
[lib_pcf_ver45.py:27 -            print_log() ] 2022-06-18 13:16:33,406 EQUIPMENT_NAME
[lib_pcf_ver45.py:29 -            print_log() ] 2022-06-18 13:16:33,406 Test_sqlite_ver45
[lib_pcf_ver45.py:27 -            print_log() ] 2022-06-18 13:16:34,956 Weight from Arduino :
[lib_pcf_ver45.py:29 -            print_log() ] 2022-06-18 13:16:34,956 69.2
[lib_pcf_ver45.py:27 -            print_log() ] 2022-06-18 13:16:34,957 START SEND RawDATA TO SERVER:
[connectionpool.py:227 -            _new_conn() ] 2022-06-18 13:16:34,963 Starting new HTTP connection (1): 194.4.56.86:8501
[connectionpool.py:452 -        _make_request() ] 2022-06-18 13:16:35,025 http://194.4.56.86:8501 "POST /api/RawWeights HTTP/1.1" 200 6
[lib_pcf_ver45.py:27 -            print_log() ] 2022-06-18 13:16:35,027 Answer from RawData server: 
[lib_pcf_ver45.py:29 -            print_log() ] 2022-06-18 13:16:35,028 <Response [200]>
[lib_pcf_ver45.py:27 -            print_log() ] 2022-06-18 13:16:35,028 Content from RawData server: 
[lib_pcf_ver45.py:29 -            print_log() ] 2022-06-18 13:16:35,028 b'200609'
[lib_pcf_ver45.py:27 -            print_log() ] 2022-06-18 13:16:35,029 4 step send RawData
[lib_pcf_ver45.py:27 -            print_log() ] 2022-06-18 13:16:35,030 Opened database successfully
[lib_pcf_ver45.py:27 -            print_log() ] 2022-06-18 13:16:35,053 ANIMAL_ID
[lib_pcf_ver45.py:29 -            print_log() ] 2022-06-18 13:16:35,054 014216906af2
[lib_pcf_ver45.py:27 -            print_log() ] 2022-06-18 13:16:35,054 EVENT_TIME
[lib_pcf_ver45.py:29 -            print_log() ] 2022-06-18 13:16:35,054 2022-06-18 13:16:35.029656
[lib_pcf_ver45.py:27 -            print_log() ] 2022-06-18 13:16:35,055 WEIGHT
[lib_pcf_ver45.py:29 -            print_log() ] 2022-06-18 13:16:35,055 69.2
[lib_pcf_ver45.py:27 -            print_log() ] 2022-06-18 13:16:35,055 EQUIPMENT_NAME
[lib_pcf_ver45.py:29 -            print_log() ] 2022-06-18 13:16:35,056 Test_sqlite_ver45
[lib_pcf_ver45.py:27 -            print_log() ] 2022-06-18 13:16:36,668 Weight from Arduino :
[lib_pcf_ver45.py:29 -            print_log() ] 2022-06-18 13:16:36,669 69.0
[lib_pcf_ver45.py:27 -            print_log() ] 2022-06-18 13:16:36,669 START SEND RawDATA TO SERVER:
[connectionpool.py:227 -            _new_conn() ] 2022-06-18 13:16:36,676 Starting new HTTP connection (1): 194.4.56.86:8501
[connectionpool.py:452 -        _make_request() ] 2022-06-18 13:16:36,737 http://194.4.56.86:8501 "POST /api/RawWeights HTTP/1.1" 200 6
[lib_pcf_ver45.py:27 -            print_log() ] 2022-06-18 13:16:36,739 Answer from RawData server: 
[lib_pcf_ver45.py:29 -            print_log() ] 2022-06-18 13:16:36,740 <Response [200]>
[lib_pcf_ver45.py:27 -            print_log() ] 2022-06-18 13:16:36,740 Content from RawData server: 
[lib_pcf_ver45.py:29 -            print_log() ] 2022-06-18 13:16:36,741 b'200610'
[lib_pcf_ver45.py:27 -            print_log() ] 2022-06-18 13:16:36,741 4 step send RawData
[lib_pcf_ver45.py:27 -            print_log() ] 2022-06-18 13:16:36,742 Opened database successfully
[lib_pcf_ver45.py:27 -            print_log() ] 2022-06-18 13:16:36,764 ANIMAL_ID
[lib_pcf_ver45.py:29 -            print_log() ] 2022-06-18 13:16:36,764 014216906af2
[lib_pcf_ver45.py:27 -            print_log() ] 2022-06-18 13:16:36,765 EVENT_TIME
[lib_pcf_ver45.py:29 -            print_log() ] 2022-06-18 13:16:36,765 2022-06-18 13:16:36.741832
[lib_pcf_ver45.py:27 -            print_log() ] 2022-06-18 13:16:36,765 WEIGHT
[lib_pcf_ver45.py:29 -            print_log() ] 2022-06-18 13:16:36,766 69.0
[lib_pcf_ver45.py:27 -            print_log() ] 2022-06-18 13:16:36,766 EQUIPMENT_NAME
[lib_pcf_ver45.py:29 -            print_log() ] 2022-06-18 13:16:36,766 Test_sqlite_ver45
[lib_pcf_ver45.py:27 -            print_log() ] 2022-06-18 13:16:38,381 Weight from Arduino :
[lib_pcf_ver45.py:29 -            print_log() ] 2022-06-18 13:16:38,382 69.1
[lib_pcf_ver45.py:27 -            print_log() ] 2022-06-18 13:16:38,382 START SEND RawDATA TO SERVER:
[connectionpool.py:227 -            _new_conn() ] 2022-06-18 13:16:38,389 Starting new HTTP connection (1): 194.4.56.86:8501
[connectionpool.py:452 -        _make_request() ] 2022-06-18 13:16:38,449 http://194.4.56.86:8501 "POST /api/RawWeights HTTP/1.1" 200 6
[lib_pcf_ver45.py:27 -            print_log() ] 2022-06-18 13:16:38,452 Answer from RawData server: 
[lib_pcf_ver45.py:29 -            print_log() ] 2022-06-18 13:16:38,452 <Response [200]>
[lib_pcf_ver45.py:27 -            print_log() ] 2022-06-18 13:16:38,453 Content from RawData server: 
[lib_pcf_ver45.py:29 -            print_log() ] 2022-06-18 13:16:38,453 b'200611'
[lib_pcf_ver45.py:27 -            print_log() ] 2022-06-18 13:16:38,453 4 step send RawData
[lib_pcf_ver45.py:27 -            print_log() ] 2022-06-18 13:16:38,454 Opened database successfully
[lib_pcf_ver45.py:27 -            print_log() ] 2022-06-18 13:16:38,478 ANIMAL_ID
[lib_pcf_ver45.py:29 -            print_log() ] 2022-06-18 13:16:38,479 014216906af2
[lib_pcf_ver45.py:27 -            print_log() ] 2022-06-18 13:16:38,479 EVENT_TIME
[lib_pcf_ver45.py:29 -            print_log() ] 2022-06-18 13:16:38,479 2022-06-18 13:16:38.454134
[lib_pcf_ver45.py:27 -            print_log() ] 2022-06-18 13:16:38,479 WEIGHT
[lib_pcf_ver45.py:29 -            print_log() ] 2022-06-18 13:16:38,480 69.1
[lib_pcf_ver45.py:27 -            print_log() ] 2022-06-18 13:16:38,480 EQUIPMENT_NAME
[lib_pcf_ver45.py:29 -            print_log() ] 2022-06-18 13:16:38,480 Test_sqlite_ver45
[lib_pcf_ver45.py:27 -            print_log() ] 2022-06-18 13:16:40,098 Weight from Arduino :
[lib_pcf_ver45.py:29 -            print_log() ] 2022-06-18 13:16:40,098 69.1
[lib_pcf_ver45.py:27 -            print_log() ] 2022-06-18 13:16:40,099 START SEND RawDATA TO SERVER:
[connectionpool.py:227 -            _new_conn() ] 2022-06-18 13:16:40,105 Starting new HTTP connection (1): 194.4.56.86:8501
[connectionpool.py:452 -        _make_request() ] 2022-06-18 13:16:40,242 http://194.4.56.86:8501 "POST /api/RawWeights HTTP/1.1" 200 6
[lib_pcf_ver45.py:27 -            print_log() ] 2022-06-18 13:16:40,244 Answer from RawData server: 
[lib_pcf_ver45.py:29 -            print_log() ] 2022-06-18 13:16:40,244 <Response [200]>
[lib_pcf_ver45.py:27 -            print_log() ] 2022-06-18 13:16:40,245 Content from RawData server: 
[lib_pcf_ver45.py:29 -            print_log() ] 2022-06-18 13:16:40,245 b'200612'
[lib_pcf_ver45.py:27 -            print_log() ] 2022-06-18 13:16:40,246 4 step send RawData
[lib_pcf_ver45.py:27 -            print_log() ] 2022-06-18 13:16:40,247 Opened database successfully
[lib_pcf_ver45.py:27 -            print_log() ] 2022-06-18 13:16:40,308 ANIMAL_ID
[lib_pcf_ver45.py:29 -            print_log() ] 2022-06-18 13:16:40,308 014216906af2
[lib_pcf_ver45.py:27 -            print_log() ] 2022-06-18 13:16:40,309 EVENT_TIME
[lib_pcf_ver45.py:29 -            print_log() ] 2022-06-18 13:16:40,309 2022-06-18 13:16:40.246550
[lib_pcf_ver45.py:27 -            print_log() ] 2022-06-18 13:16:40,309 WEIGHT
[lib_pcf_ver45.py:29 -            print_log() ] 2022-06-18 13:16:40,309 69.1
[lib_pcf_ver45.py:27 -            print_log() ] 2022-06-18 13:16:40,310 EQUIPMENT_NAME
[lib_pcf_ver45.py:29 -            print_log() ] 2022-06-18 13:16:40,310 Test_sqlite_ver45
[lib_pcf_ver45.py:27 -            print_log() ] 2022-06-18 13:16:41,811 Weight from Arduino :
[lib_pcf_ver45.py:29 -            print_log() ] 2022-06-18 13:16:41,811 69.0
[lib_pcf_ver45.py:27 -            print_log() ] 2022-06-18 13:16:41,811 START SEND RawDATA TO SERVER:
[connectionpool.py:227 -            _new_conn() ] 2022-06-18 13:16:41,815 Starting new HTTP connection (1): 194.4.56.86:8501
[connectionpool.py:452 -        _make_request() ] 2022-06-18 13:16:41,878 http://194.4.56.86:8501 "POST /api/RawWeights HTTP/1.1" 200 6
[lib_pcf_ver45.py:27 -            print_log() ] 2022-06-18 13:16:41,880 Answer from RawData server: 
[lib_pcf_ver45.py:29 -            print_log() ] 2022-06-18 13:16:41,880 <Response [200]>
[lib_pcf_ver45.py:27 -            print_log() ] 2022-06-18 13:16:41,880 Content from RawData server: 
[lib_pcf_ver45.py:29 -            print_log() ] 2022-06-18 13:16:41,881 b'200613'
[lib_pcf_ver45.py:27 -            print_log() ] 2022-06-18 13:16:41,881 4 step send RawData
[lib_pcf_ver45.py:27 -            print_log() ] 2022-06-18 13:16:41,881 Opened database successfully
[lib_pcf_ver45.py:27 -            print_log() ] 2022-06-18 13:16:41,909 ANIMAL_ID
[lib_pcf_ver45.py:29 -            print_log() ] 2022-06-18 13:16:41,909 014216906af2
[lib_pcf_ver45.py:27 -            print_log() ] 2022-06-18 13:16:41,909 EVENT_TIME
[lib_pcf_ver45.py:29 -            print_log() ] 2022-06-18 13:16:41,909 2022-06-18 13:16:41.881567
[lib_pcf_ver45.py:27 -            print_log() ] 2022-06-18 13:16:41,910 WEIGHT
[lib_pcf_ver45.py:29 -            print_log() ] 2022-06-18 13:16:41,910 69.0
[lib_pcf_ver45.py:27 -            print_log() ] 2022-06-18 13:16:41,910 EQUIPMENT_NAME
[lib_pcf_ver45.py:29 -            print_log() ] 2022-06-18 13:16:41,910 Test_sqlite_ver45
[lib_pcf_ver45.py:27 -            print_log() ] 2022-06-18 13:16:43,523 Weight from Arduino :
[lib_pcf_ver45.py:29 -            print_log() ] 2022-06-18 13:16:43,524 69.0
[lib_pcf_ver45.py:27 -            print_log() ] 2022-06-18 13:16:43,524 START SEND RawDATA TO SERVER:
[connectionpool.py:227 -            _new_conn() ] 2022-06-18 13:16:43,529 Starting new HTTP connection (1): 194.4.56.86:8501
[connectionpool.py:452 -        _make_request() ] 2022-06-18 13:16:43,590 http://194.4.56.86:8501 "POST /api/RawWeights HTTP/1.1" 200 6
[lib_pcf_ver45.py:27 -            print_log() ] 2022-06-18 13:16:43,592 Answer from RawData server: 
[lib_pcf_ver45.py:29 -            print_log() ] 2022-06-18 13:16:43,593 <Response [200]>
[lib_pcf_ver45.py:27 -            print_log() ] 2022-06-18 13:16:43,593 Content from RawData server: 
[lib_pcf_ver45.py:29 -            print_log() ] 2022-06-18 13:16:43,593 b'200614'
[lib_pcf_ver45.py:27 -            print_log() ] 2022-06-18 13:16:43,594 4 step send RawData
[lib_pcf_ver45.py:27 -            print_log() ] 2022-06-18 13:16:43,595 Opened database successfully
[lib_pcf_ver45.py:27 -            print_log() ] 2022-06-18 13:16:43,619 ANIMAL_ID
[lib_pcf_ver45.py:29 -            print_log() ] 2022-06-18 13:16:43,619 014216906af2
[lib_pcf_ver45.py:27 -            print_log() ] 2022-06-18 13:16:43,620 EVENT_TIME
[lib_pcf_ver45.py:29 -            print_log() ] 2022-06-18 13:16:43,620 2022-06-18 13:16:43.594735
[lib_pcf_ver45.py:27 -            print_log() ] 2022-06-18 13:16:43,621 WEIGHT
[lib_pcf_ver45.py:29 -            print_log() ] 2022-06-18 13:16:43,621 69.0
[lib_pcf_ver45.py:27 -            print_log() ] 2022-06-18 13:16:43,622 EQUIPMENT_NAME
[lib_pcf_ver45.py:29 -            print_log() ] 2022-06-18 13:16:43,622 Test_sqlite_ver45
[lib_pcf_ver45.py:27 -            print_log() ] 2022-06-18 13:16:45,236 Weight from Arduino :
[lib_pcf_ver45.py:29 -            print_log() ] 2022-06-18 13:16:45,237 55.4
[lib_pcf_ver45.py:27 -            print_log() ] 2022-06-18 13:16:45,237 START SEND RawDATA TO SERVER:
[connectionpool.py:227 -            _new_conn() ] 2022-06-18 13:16:45,244 Starting new HTTP connection (1): 194.4.56.86:8501
[connectionpool.py:452 -        _make_request() ] 2022-06-18 13:16:45,306 http://194.4.56.86:8501 "POST /api/RawWeights HTTP/1.1" 200 6
[lib_pcf_ver45.py:27 -            print_log() ] 2022-06-18 13:16:45,308 Answer from RawData server: 
[lib_pcf_ver45.py:29 -            print_log() ] 2022-06-18 13:16:45,308 <Response [200]>
[lib_pcf_ver45.py:27 -            print_log() ] 2022-06-18 13:16:45,309 Content from RawData server: 
[lib_pcf_ver45.py:29 -            print_log() ] 2022-06-18 13:16:45,309 b'200615'
[lib_pcf_ver45.py:27 -            print_log() ] 2022-06-18 13:16:45,309 4 step send RawData
[lib_pcf_ver45.py:27 -            print_log() ] 2022-06-18 13:16:45,310 Opened database successfully
[lib_pcf_ver45.py:27 -            print_log() ] 2022-06-18 13:16:45,333 ANIMAL_ID
[lib_pcf_ver45.py:29 -            print_log() ] 2022-06-18 13:16:45,333 014216906af2
[lib_pcf_ver45.py:27 -            print_log() ] 2022-06-18 13:16:45,334 EVENT_TIME
[lib_pcf_ver45.py:29 -            print_log() ] 2022-06-18 13:16:45,334 2022-06-18 13:16:45.309997
[lib_pcf_ver45.py:27 -            print_log() ] 2022-06-18 13:16:45,334 WEIGHT
[lib_pcf_ver45.py:29 -            print_log() ] 2022-06-18 13:16:45,335 55.4
[lib_pcf_ver45.py:27 -            print_log() ] 2022-06-18 13:16:45,335 EQUIPMENT_NAME
[lib_pcf_ver45.py:29 -            print_log() ] 2022-06-18 13:16:45,335 Test_sqlite_ver45
[lib_pcf_ver45.py:27 -            print_log() ] 2022-06-18 13:16:46,945 Weight from Arduino :
[lib_pcf_ver45.py:29 -            print_log() ] 2022-06-18 13:16:46,945 1.1
[lib_pcf_ver45.py:27 -            print_log() ] 2022-06-18 13:16:46,946 START SEND RawDATA TO SERVER:
[connectionpool.py:227 -            _new_conn() ] 2022-06-18 13:16:46,954 Starting new HTTP connection (1): 194.4.56.86:8501
[connectionpool.py:452 -        _make_request() ] 2022-06-18 13:16:47,008 http://194.4.56.86:8501 "POST /api/RawWeights HTTP/1.1" 400 39
[lib_pcf_ver45.py:27 -            print_log() ] 2022-06-18 13:16:47,010 Answer from RawData server: 
[lib_pcf_ver45.py:29 -            print_log() ] 2022-06-18 13:16:47,011 <Response [400]>
[lib_pcf_ver45.py:27 -            print_log() ] 2022-06-18 13:16:47,011 Content from RawData server: 
[lib_pcf_ver45.py:29 -            print_log() ] 2022-06-18 13:16:47,012 b'{"Message":"Invalid live weight (1.1)"}'
[lib_pcf_ver45.py:27 -            print_log() ] 2022-06-18 13:16:47,012 4 step send RawData
[lib_pcf_ver45.py:27 -            print_log() ] 2022-06-18 13:16:47,013 Opened database successfully
[lib_pcf_ver45.py:27 -            print_log() ] 2022-06-18 13:16:47,039 ANIMAL_ID
[lib_pcf_ver45.py:29 -            print_log() ] 2022-06-18 13:16:47,039 014216906af2
[lib_pcf_ver45.py:27 -            print_log() ] 2022-06-18 13:16:47,039 EVENT_TIME
[lib_pcf_ver45.py:29 -            print_log() ] 2022-06-18 13:16:47,040 2022-06-18 13:16:47.012908
[lib_pcf_ver45.py:27 -            print_log() ] 2022-06-18 13:16:47,040 WEIGHT
[lib_pcf_ver45.py:29 -            print_log() ] 2022-06-18 13:16:47,041 1.1
[lib_pcf_ver45.py:27 -            print_log() ] 2022-06-18 13:16:47,041 EQUIPMENT_NAME
[lib_pcf_ver45.py:29 -            print_log() ] 2022-06-18 13:16:47,042 Test_sqlite_ver45
[lib_pcf_ver45.py:27 -            print_log() ] 2022-06-18 13:16:47,042 Weight_finall median :
[lib_pcf_ver45.py:29 -            print_log() ] 2022-06-18 13:16:47,042 69.10
[lib_pcf_ver45.py:27 -            print_log() ] 2022-06-18 13:16:47,043 End of write raw data list :
[lib_pcf_ver45.py:29 -            print_log() ] 2022-06-18 13:16:47,043 [70.5, 72.1, 69.1, 69.2, 69.2, 69.0, 69.1, 69.1, 69.0, 69.0, 55.4]
[lib_pcf_ver45.py:27 -            print_log() ] 2022-06-18 13:16:47,043 Weight_finall befor return :
[lib_pcf_ver45.py:29 -            print_log() ] 2022-06-18 13:16:47,044 69.1
[lib_pcf_ver45.py:27 -            print_log() ] 2022-06-18 13:16:47,044 main: weight_finall
[lib_pcf_ver45.py:29 -            print_log() ] 2022-06-18 13:16:47,044 69.1
[lib_pcf_ver45.py:27 -            print_log() ] 2022-06-18 13:16:47,044 main: Spray 
[lib_pcf_ver45.py:27 -            print_log() ] 2022-06-18 13:16:47,045 Start spray function
[lib_pcf_ver45.py:27 -            print_log() ] 2022-06-18 13:16:47,047 CASE_ID = 
[lib_pcf_ver45.py:29 -            print_log() ] 2022-06-18 13:16:47,047 1
[lib_pcf_ver45.py:27 -            print_log() ] 2022-06-18 13:16:47,047 SPRAY_ANIMAL_ID = 
[lib_pcf_ver45.py:29 -            print_log() ] 2022-06-18 13:16:47,048 00161710651f
[lib_pcf_ver45.py:27 -            print_log() ] 2022-06-18 13:16:47,048 SPRAY_STATUS = 
[lib_pcf_ver45.py:29 -            print_log() ] 2022-06-18 13:16:47,049 DONE
[lib_pcf_ver45.py:27 -            print_log() ] 2022-06-18 13:16:47,049 CASE_ID = 
[lib_pcf_ver45.py:29 -            print_log() ] 2022-06-18 13:16:47,050 2
[lib_pcf_ver45.py:27 -            print_log() ] 2022-06-18 13:16:47,050 SPRAY_ANIMAL_ID = 
[lib_pcf_ver45.py:29 -            print_log() ] 2022-06-18 13:16:47,051 014216906af2
[lib_pcf_ver45.py:27 -            print_log() ] 2022-06-18 13:16:47,051 SPRAY_STATUS = 
[lib_pcf_ver45.py:29 -            print_log() ] 2022-06-18 13:16:47,052 WAIT
[lib_pcf_ver45.py:27 -            print_log() ] 2022-06-18 13:16:47,052 Start PWM function to spray command from raspberry
[lib_pcf_ver45.py:27 -            print_log() ] 2022-06-18 13:17:01,064 Success: PWM works well
[lib_pcf_ver45.py:27 -            print_log() ] 2022-06-18 13:17:01,069 CASE_ID = 
[lib_pcf_ver45.py:29 -            print_log() ] 2022-06-18 13:17:01,070 3
[lib_pcf_ver45.py:27 -            print_log() ] 2022-06-18 13:17:01,070 SPRAY_ANIMAL_ID = 
[lib_pcf_ver45.py:29 -            print_log() ] 2022-06-18 13:17:01,071 022216606dc6
[lib_pcf_ver45.py:27 -            print_log() ] 2022-06-18 13:17:01,071 SPRAY_STATUS = 
[lib_pcf_ver45.py:29 -            print_log() ] 2022-06-18 13:17:01,072 DONE
[lib_pcf_ver45.py:27 -            print_log() ] 2022-06-18 13:17:01,073 CASE_ID = 
[lib_pcf_ver45.py:29 -            print_log() ] 2022-06-18 13:17:01,073 4
[lib_pcf_ver45.py:27 -            print_log() ] 2022-06-18 13:17:01,073 SPRAY_ANIMAL_ID = 
[lib_pcf_ver45.py:29 -            print_log() ] 2022-06-18 13:17:01,074 02531040b152
[lib_pcf_ver45.py:27 -            print_log() ] 2022-06-18 13:17:01,074 SPRAY_STATUS = 
[lib_pcf_ver45.py:29 -            print_log() ] 2022-06-18 13:17:01,074 WAIT
[lib_pcf_ver45.py:27 -            print_log() ] 2022-06-18 13:17:01,075 CASE_ID = 
[lib_pcf_ver45.py:29 -            print_log() ] 2022-06-18 13:17:01,075 5
[lib_pcf_ver45.py:27 -            print_log() ] 2022-06-18 13:17:01,075 SPRAY_ANIMAL_ID = 
[lib_pcf_ver45.py:29 -            print_log() ] 2022-06-18 13:17:01,075 02821760656c
[lib_pcf_ver45.py:27 -            print_log() ] 2022-06-18 13:17:01,076 SPRAY_STATUS = 
[lib_pcf_ver45.py:29 -            print_log() ] 2022-06-18 13:17:01,076 WAIT
[lib_pcf_ver45.py:27 -            print_log() ] 2022-06-18 13:17:01,094 Success: Animal sprayed
[lib_pcf_ver45.py:27 -            print_log() ] 2022-06-18 13:17:01,095 main: Collect data
[lib_pcf_ver45.py:27 -            print_log() ] 2022-06-18 13:17:01,095 START COLLECT DATA TO CSV
[lib_pcf_ver45.py:27 -            print_log() ] 2022-06-18 13:17:01,096 3 step collect data
[lib_pcf_ver45.py:27 -            print_log() ] 2022-06-18 13:17:01,097 main: Collect data to main database
[lib_pcf_ver45.py:27 -            print_log() ] 2022-06-18 13:17:01,097 Opened database successfully
[lib_pcf_ver45.py:27 -            print_log() ] 2022-06-18 13:17:01,099 animal_id
[lib_pcf_ver45.py:29 -            print_log() ] 2022-06-18 13:17:01,099 014216906af2
[lib_pcf_ver45.py:27 -            print_log() ] 2022-06-18 13:17:01,100 Start to add new unique animal id
[lib_pcf_ver45.py:27 -            print_log() ] 2022-06-18 13:17:01,100 Error in creating new animal_id in zero table 
[lib_pcf_ver45.py:29 -            print_log() ] 2022-06-18 13:17:01,101 UNIQUE constraint failed: ZERO.ANIMAL_ID
[lib_pcf_ver45.py:27 -            print_log() ] 2022-06-18 13:17:01,102 Opened database successfully
[lib_pcf_ver45.py:27 -            print_log() ] 2022-06-18 13:17:01,104 ANIMAL_ID
[lib_pcf_ver45.py:29 -            print_log() ] 2022-06-18 13:17:01,104 014216906af2
[lib_pcf_ver45.py:27 -            print_log() ] 2022-06-18 13:17:01,105 EVENT_TIME
[lib_pcf_ver45.py:29 -            print_log() ] 2022-06-18 13:17:01,105 2022-06-18 13:17:01.101825
[lib_pcf_ver45.py:27 -            print_log() ] 2022-06-18 13:17:01,106 WEIGHT
[lib_pcf_ver45.py:29 -            print_log() ] 2022-06-18 13:17:01,106 69.1
[lib_pcf_ver45.py:27 -            print_log() ] 2022-06-18 13:17:01,106 EQUIPMENT_NAME
[lib_pcf_ver45.py:29 -            print_log() ] 2022-06-18 13:17:01,107 Test_sqlite_ver45
[lib_pcf_ver45.py:27 -            print_log() ] 2022-06-18 13:17:01,127 Success: data in MAIN_DATA table saved
[lib_pcf_ver45.py:27 -            print_log() ] 2022-06-18 13:17:01,127 main: Send data to server
[lib_pcf_ver45.py:27 -            print_log() ] 2022-06-18 13:17:01,127 START SEND DATA TO SERVER:
[connectionpool.py:227 -            _new_conn() ] 2022-06-18 13:17:01,132 Starting new HTTP connection (1): 194.4.56.86:8501
[connectionpool.py:452 -        _make_request() ] 2022-06-18 13:17:01,235 http://194.4.56.86:8501 "POST /api/weights HTTP/1.1" 200 6
[lib_pcf_ver45.py:27 -            print_log() ] 2022-06-18 13:17:01,238 Answer from server: 
[lib_pcf_ver45.py:29 -            print_log() ] 2022-06-18 13:17:01,238 <Response [200]>
[lib_pcf_ver45.py:27 -            print_log() ] 2022-06-18 13:17:01,239 Content from main server: 
[lib_pcf_ver45.py:29 -            print_log() ] 2022-06-18 13:17:01,239 b'105685'
[lib_pcf_ver45.py:27 -            print_log() ] 2022-06-18 13:17:01,239 4 step send data
[lib_pcf_ver45.py:27 -            print_log() ] 2022-06-18 13:17:01,239 Infinite cycle
[lib_pcf_ver45.py:27 -            print_log() ] 2022-06-18 13:17:01,240 START RFID FUNCTION
[lib_pcf_ver45.py:27 -            print_log() ] 2022-06-18 13:17:01,240 START Animal ID animal_id: 
[lib_pcf_ver45.py:29 -            print_log() ] 2022-06-18 13:17:01,241 b'435400040001'
[lib_pcf_ver45.py:27 -            print_log() ] 2022-06-18 13:17:01,241 START Null id null_id : 
[lib_pcf_ver45.py:29 -            print_log() ] 2022-06-18 13:17:01,242 b'435400040001'
[lib_pcf_ver45.py:27 -            print_log() ] 2022-06-18 13:17:01,273 Raw ID animal_id: 
[lib_pcf_ver45.py:29 -            print_log() ] 2022-06-18 13:17:01,274 b'4354001c004501c38d140a0c05d8010f0101e20000174007014216906af2c356'
[lib_pcf_ver45.py:27 -            print_log() ] 2022-06-18 13:17:01,274 New ID animal_id_new: 
[lib_pcf_ver45.py:29 -            print_log() ] 2022-06-18 13:17:01,274 014216906af2
[lib_pcf_ver45.py:27 -            print_log() ] 2022-06-18 13:17:01,275 Null id null_id : 
[lib_pcf_ver45.py:29 -            print_log() ] 2022-06-18 13:17:01,276 b'435400040001'
[lib_pcf_ver45.py:27 -            print_log() ] 2022-06-18 13:17:01,277 Success step 2 RFID. animal id new:
[lib_pcf_ver45.py:29 -            print_log() ] 2022-06-18 13:17:01,277 014216906af2
[lib_pcf_ver45.py:27 -            print_log() ] 2022-06-18 13:17:01,278 First step cow ID :
[lib_pcf_ver45.py:29 -            print_log() ] 2022-06-18 13:17:01,278 014216906af2
[lib_pcf_ver45.py:27 -            print_log() ] 2022-06-18 13:17:02,280 After read cow ID :
[lib_pcf_ver45.py:29 -            print_log() ] 2022-06-18 13:17:02,280 014216906af2
[lib_pcf_ver45.py:27 -            print_log() ] 2022-06-18 13:17:02,281 Opened database successfully
[lib_pcf_ver45.py:27 -            print_log() ] 2022-06-18 13:17:02,283 animal_id
[lib_pcf_ver45.py:29 -            print_log() ] 2022-06-18 13:17:02,283 014216906af2
[lib_pcf_ver45.py:27 -            print_log() ] 2022-06-18 13:17:02,283 Start to add new unique animal id
[lib_pcf_ver45.py:27 -            print_log() ] 2022-06-18 13:17:02,284 Error in creating new animal_id in zero table 
[lib_pcf_ver45.py:29 -            print_log() ] 2022-06-18 13:17:02,284 UNIQUE constraint failed: ZERO.ANIMAL_ID
[lib_pcf_ver45.py:27 -            print_log() ] 2022-06-18 13:17:02,285 CONNECT ARDUINO
[lib_pcf_ver45.py:27 -            print_log() ] 2022-06-18 13:17:02,285 Connect arduino after flush
[lib_pcf_ver45.py:29 -            print_log() ] 2022-06-18 13:17:02,286 Serial<id=0xb668e070, open=True>(port='/dev/ttyACM0', baudrate=9600, bytesize=8, parity='N', stopbits=1, timeout=None, xonxoff=False, rtscts=False, dsrdtr=False)
[lib_pcf_ver45.py:27 -            print_log() ] 2022-06-18 13:17:02,286 Connect arduino s.name fuction answer :
[lib_pcf_ver45.py:29 -            print_log() ] 2022-06-18 13:17:02,287 /dev/ttyACM0
[lib_pcf_ver45.py:27 -            print_log() ] 2022-06-18 13:17:02,287 Start collect weight
[lib_pcf_ver45.py:27 -            print_log() ] 2022-06-18 13:17:02,362 First weight from Arduino
[lib_pcf_ver45.py:29 -            print_log() ] 2022-06-18 13:17:02,363 b'1.0\r\n'
[lib_pcf_ver45.py:27 -            print_log() ] 2022-06-18 13:17:02,363 After s.readline function
[lib_pcf_ver45.py:27 -            print_log() ] 2022-06-18 13:17:02,363 Weight new after cleaning :
[lib_pcf_ver45.py:29 -            print_log() ] 2022-06-18 13:17:02,364 1.0
[lib_pcf_ver45.py:27 -            print_log() ] 2022-06-18 13:17:02,364 main: weight_finall
[lib_pcf_ver45.py:29 -            print_log() ] 2022-06-18 13:17:02,364 -11
[lib_pcf_ver45.py:27 -            print_log() ] 2022-06-18 13:17:02,365 Infinite cycle
[lib_pcf_ver45.py:27 -            print_log() ] 2022-06-18 13:17:02,365 START RFID FUNCTION
[lib_pcf_ver45.py:27 -            print_log() ] 2022-06-18 13:17:02,365 START Animal ID animal_id: 
[lib_pcf_ver45.py:29 -            print_log() ] 2022-06-18 13:17:02,366 b'435400040001'
[lib_pcf_ver45.py:27 -            print_log() ] 2022-06-18 13:17:02,366 START Null id null_id : 
[lib_pcf_ver45.py:29 -            print_log() ] 2022-06-18 13:17:02,366 b'435400040001'
