2023-04-20T14:27:55.415243+0600 INFO Connect arduino /dev/ttyACM0
2023-04-20T14:27:55.417248+0600 INFO Configuration of serial, Serial<id=0x75d912b0, open=True>(port='/dev/ttyACM0', baudrate=9600, bytesize=8, parity='N', stopbits=1, timeout=None, xonxoff=False, rtscts=False, dsrdtr=False)
2023-04-20T14:27:55.418174+0600 INFO Success: Arduino connected
2023-04-20T14:27:55.422875+0600 INFO ("[1] to calibrate
" "[2] to start measure
>")
2023-04-20T14:28:01.996014+0600 DEBUG START RFID FUNCTION
2023-04-20T14:28:01.998017+0600 DEBUG START Animal ID animal_id: b'435400040001'
2023-04-20T14:28:01.999665+0600 DEBUG START Null id null_id : b'435400040001'
2023-04-20T14:28:02.089147+0600 DEBUG Raw ID animal_id: b'43540028004501c38d13091e0102011b0101e20000174007010117406415e2003412013dfc000ad7a65ec82f'
2023-04-20T14:28:02.094567+0600 DEBUG New ID animal_id_new: fc000ad7a65e
2023-04-20T14:28:02.098977+0600 DEBUG Null id null_id : b'435400040001'
2023-04-20T14:28:02.104303+0600 DEBUG Success step 2 RFID. animal id new: fc000ad7a65e
2023-04-20T14:28:22.562470+0600 ERROR An error has been caught in function '<module>', process 'MainProcess' (1510), thread 'MainThread' (1996425600):
Traceback (most recent call last):

  File "/home/pi/Downloads/max/main_pcf.py", line 44, in main
    sensor_distance=pcf.connect_arduino_to_get_dist(s)
                    │   │                           └ Serial<id=0x75d912b0, open=True>(port='/dev/ttyACM0', baudrate=9600, bytesize=8, parity='N', stopbits=1, timeout=None, xonxof...
                    │   └ <function connect_arduino_to_get_dist at 0x75b8dc40>
                    └ <module 'lib_test' from '/home/pi/Downloads/max/lib_test.py'>

  File "/home/pi/Downloads/max/lib_test.py", line 208, in connect_arduino_to_get_dist
    distance = (str(s.readline()))
                    │ └ <method 'readline' of '_io._IOBase' objects>
                    └ Serial<id=0x75d912b0, open=True>(port='/dev/ttyACM0', baudrate=9600, bytesize=8, parity='N', stopbits=1, timeout=None, xonxof...

  File "/usr/lib/python3/dist-packages/serial/serialposix.py", line 577, in read
    raise SerialException(
          └ <class 'serial.serialutil.SerialException'>

serial.serialutil.SerialException: device reports readiness to read but returned no data (device disconnected or multiple access on port?)


During handling of the above exception, another exception occurred:


Traceback (most recent call last):

> File "/home/pi/Downloads/max/main_pcf.py", line 70, in <module>
    main()
    └ <function main at 0x75b8dd60>

  File "/home/pi/Downloads/max/main_pcf.py", line 66, in main
    arduino.disconnect()

UnboundLocalError: local variable 'arduino' referenced before assignment
