2023-04-24T10:35:12.086726+0600 INFO Connect arduino /dev/ttyACM1
2023-04-24T10:35:12.089293+0600 INFO Configuration of serial, Serial<id=0x75bc3b20, open=True>(port='/dev/ttyACM1', baudrate=9600, bytesize=8, parity='N', stopbits=1, timeout=None, xonxoff=False, rtscts=False, dsrdtr=False)
2023-04-24T10:35:12.090745+0600 INFO Success: Arduino connected
2023-04-24T10:35:12.097862+0600 INFO ("[1] to calibrate
" "[2] to start measure
>")
2023-04-24T10:35:18.575348+0600 DEBUG START RFID FUNCTION
2023-04-24T10:35:18.577533+0600 DEBUG START Animal ID animal_id: b'435400040001'
2023-04-24T10:35:18.579275+0600 DEBUG START Null id null_id : b'435400040001'
2023-04-24T10:35:18.649868+0600 DEBUG Raw ID animal_id: b'43540028004501c38d13091e0102011b0101e2806894000040103003d496e2806894200040103003d496d9c1'
2023-04-24T10:35:18.652080+0600 DEBUG New ID animal_id_new: 40103003d496
2023-04-24T10:35:18.654544+0600 DEBUG Null id null_id : b'435400040001'
2023-04-24T10:35:18.657789+0600 DEBUG Success step 2 RFID. animal id new: 40103003d496
2023-04-24T10:35:18.660222+0600 INFO Animal_ID: 40103003d496
2023-04-24T10:35:18.865767+0600 INFO Distance: 124.0
2023-04-24T10:35:18.868777+0600 INFO ARDUINOSerial<id=0x75b51af0, open=True>(port='/dev/ttyACM0', baudrate=9600, bytesize=8, parity='N', stopbits=1, timeout=1, xonxoff=False, rtscts=False, dsrdtr=False)
2023-04-24T10:35:22.037185+0600 DEBUG Array weights: [58.89]
2023-04-24T10:35:23.224793+0600 DEBUG Array weights: [58.89, 59.59]
2023-04-24T10:35:24.416905+0600 DEBUG Array weights: [58.89, 59.59, 57.41]
2023-04-24T10:35:25.608501+0600 DEBUG Array weights: [58.89, 59.59, 57.41, 58.15]
2023-04-24T10:35:26.797170+0600 DEBUG Array weights: [58.89, 59.59, 57.41, 58.15, 55.96]
2023-04-24T10:35:27.989259+0600 DEBUG Array weights: [58.89, 59.59, 57.41, 58.15, 55.96, 59.26]
2023-04-24T10:35:29.180935+0600 DEBUG Array weights: [58.89, 59.59, 57.41, 58.15, 55.96, 59.26, -48.11]
2023-04-24T10:35:29.300007+0600 INFO Start weight: 58.15
2023-04-24T10:35:29.305476+0600 INFO Start time: 10358.188281952
2023-04-24T10:35:29.310283+0600 INFO main: weight_finall
2023-04-24T10:35:29.314666+0600 DEBUG START RFID FUNCTION
2023-04-24T10:35:29.319904+0600 DEBUG START Animal ID animal_id: b'435400040001'
2023-04-24T10:35:29.325306+0600 DEBUG START Null id null_id : b'435400040001'
2023-04-24T10:35:29.350454+0600 DEBUG Raw ID animal_id: b'43540028004501c38d13091e0102011b0101e2806894000040103003d496e2806894200040103003d496d9c1'
2023-04-24T10:35:29.353950+0600 DEBUG New ID animal_id_new: 40103003d496
2023-04-24T10:35:29.355993+0600 DEBUG Null id null_id : b'435400040001'
2023-04-24T10:35:29.358694+0600 DEBUG Success step 2 RFID. animal id new: 40103003d496
2023-04-24T10:35:29.361792+0600 INFO Animal_ID: 40103003d496
2023-04-24T10:35:29.908164+0600 INFO Distance: 9.0
2023-04-24T10:35:29.910612+0600 INFO ARDUINOSerial<id=0x75b519d0, open=True>(port='/dev/ttyACM0', baudrate=9600, bytesize=8, parity='N', stopbits=1, timeout=1, xonxoff=False, rtscts=False, dsrdtr=False)
2023-04-24T10:35:32.155080+0600 DEBUG Array weights: [49.59]
2023-04-24T10:35:33.346879+0600 DEBUG Array weights: [49.59, 47.63]
2023-04-24T10:35:34.538731+0600 DEBUG Array weights: [49.59, 47.63, 58.56]
2023-04-24T10:35:35.730587+0600 DEBUG Array weights: [49.59, 47.63, 58.56, 49.33]
2023-04-24T10:35:36.917857+0600 DEBUG Array weights: [49.59, 47.63, 58.56, 49.33, 45.15]
2023-04-24T10:35:38.109897+0600 DEBUG Array weights: [49.59, 47.63, 58.56, 49.33, 45.15, 44.81]
2023-04-24T10:35:38.822428+0600 INFO Start weight: 48.480000000000004
2023-04-24T10:35:38.823770+0600 INFO Start time: 10367.707091316
2023-04-24T10:35:38.824901+0600 INFO main: weight_finall
2023-04-24T10:35:39.951964+0600 INFO Sensor_distance: 14
2023-04-24T10:35:40.956097+0600 INFO Sensor_distance: 15
2023-04-24T10:35:41.963977+0600 INFO Sensor_distance: 
2023-04-24T10:35:41.967244+0600 ERROR Main error: could not convert string to float: ''
