2023-04-24T11:32:43.299244+0600 INFO Connect arduino /dev/ttyACM1
2023-04-24T11:32:43.301745+0600 INFO Configuration of serial, Serial<id=0x75b435f8, open=True>(port='/dev/ttyACM1', baudrate=9600, bytesize=8, parity='N', stopbits=1, timeout=None, xonxoff=False, rtscts=False, dsrdtr=False)
2023-04-24T11:32:43.303147+0600 INFO Success: Arduino connected
2023-04-24T11:32:43.309304+0600 INFO ("[1] to calibrate
" "[2] to start measure
>")
2023-04-24T11:32:49.334647+0600 INFO Animal_ID: 435400040001
2023-04-24T11:32:50.076792+0600 INFO Distance: 155.0
2023-04-24T11:32:50.078032+0600 DEBUG START RFID FUNCTION
2023-04-24T11:32:50.079062+0600 DEBUG START Animal ID animal_id: b'435400040001'
2023-04-24T11:32:50.079986+0600 DEBUG START Null id null_id : b'435400040001'
2023-04-24T11:32:50.113337+0600 DEBUG Raw ID animal_id: b'43540028004501c38d13091e0102011b0101e20000174007010117406415e2003412013dfc000ad7a65ec532'
2023-04-24T11:32:50.114783+0600 DEBUG New ID animal_id_new: fc000ad7a65e
2023-04-24T11:32:50.115730+0600 DEBUG Null id null_id : b'435400040001'
2023-04-24T11:32:50.116875+0600 DEBUG Success step 2 RFID. animal id new: fc000ad7a65e
2023-04-24T11:32:50.119459+0600 INFO ARDUINOSerial<id=0x75b43cb8, open=True>(port='/dev/ttyACM0', baudrate=9600, bytesize=8, parity='N', stopbits=1, timeout=1, xonxoff=False, rtscts=False, dsrdtr=False)
2023-04-24T11:32:52.333759+0600 ERROR Error, null weight list
2023-04-24T11:32:52.336173+0600 INFO Start weight: 0
2023-04-24T11:32:52.338216+0600 INFO Start time: 13801.221503243
2023-04-24T11:32:52.339822+0600 INFO main: weight_finall
2023-04-24T11:32:52.341486+0600 INFO Animal_ID: 435400040001
2023-04-24T11:32:53.091491+0600 INFO Distance: 155.0
2023-04-24T11:32:53.092809+0600 DEBUG START RFID FUNCTION
2023-04-24T11:32:53.093871+0600 DEBUG START Animal ID animal_id: b'435400040001'
2023-04-24T11:32:53.094874+0600 DEBUG START Null id null_id : b'435400040001'
2023-04-24T11:32:53.113133+0600 DEBUG Raw ID animal_id: b'43540028004501c38d13091e0102011b0101e20000174007010117406415e2003412013dfc000ad7a65eca2d'
2023-04-24T11:32:53.114689+0600 DEBUG New ID animal_id_new: fc000ad7a65e
2023-04-24T11:32:53.116103+0600 DEBUG Null id null_id : b'435400040001'
2023-04-24T11:32:53.117716+0600 DEBUG Success step 2 RFID. animal id new: fc000ad7a65e
2023-04-24T11:32:53.120239+0600 INFO ARDUINOSerial<id=0x75b43c70, open=True>(port='/dev/ttyACM0', baudrate=9600, bytesize=8, parity='N', stopbits=1, timeout=1, xonxoff=False, rtscts=False, dsrdtr=False)
2023-04-24T11:32:54.241995+0600 ERROR Error, null weight list
2023-04-24T11:32:54.244142+0600 INFO Start weight: 0
2023-04-24T11:32:54.246086+0600 INFO Start time: 13803.129376664
2023-04-24T11:32:54.247978+0600 INFO main: weight_finall
2023-04-24T11:32:54.249863+0600 INFO Animal_ID: 435400040001
2023-04-24T11:32:55.097980+0600 INFO Distance: 151.0
2023-04-24T11:32:55.100079+0600 DEBUG START RFID FUNCTION
2023-04-24T11:32:55.103089+0600 DEBUG START Animal ID animal_id: b'435400040001'
2023-04-24T11:32:55.105322+0600 DEBUG START Null id null_id : b'435400040001'
2023-04-24T11:32:55.113055+0600 DEBUG Raw ID animal_id: b'43540028004501c38d13091e0102011b0101e20000174007010117406415e2003412013dfc000ad7a65ed126'
2023-04-24T11:32:55.115209+0600 DEBUG New ID animal_id_new: fc000ad7a65e
2023-04-24T11:32:55.117448+0600 DEBUG Null id null_id : b'435400040001'
2023-04-24T11:32:55.119900+0600 DEBUG Success step 2 RFID. animal id new: fc000ad7a65e
2023-04-24T11:32:55.123427+0600 INFO ARDUINOSerial<id=0x75b43cb8, open=True>(port='/dev/ttyACM0', baudrate=9600, bytesize=8, parity='N', stopbits=1, timeout=1, xonxoff=False, rtscts=False, dsrdtr=False)
2023-04-24T11:32:56.146582+0600 ERROR Error, null weight list
2023-04-24T11:32:56.148863+0600 INFO Start weight: 0
2023-04-24T11:32:56.150746+0600 INFO Start time: 13805.034042675
2023-04-24T11:32:56.152465+0600 INFO main: weight_finall
2023-04-24T11:32:56.154354+0600 INFO Animal_ID: 435400040001
2023-04-24T11:32:57.110001+0600 INFO Distance: 155.0
2023-04-24T11:32:57.112049+0600 DEBUG START RFID FUNCTION
2023-04-24T11:32:57.113999+0600 DEBUG START Animal ID animal_id: b'435400040001'
2023-04-24T11:32:57.115741+0600 DEBUG START Null id null_id : b'435400040001'
2023-04-24T11:32:57.161868+0600 DEBUG Raw ID animal_id: b'43540028004501c38d13091e0102011b0101e20000174007010117406415e2003412013dfc000ad7a65ed126'
2023-04-24T11:32:57.164242+0600 DEBUG New ID animal_id_new: fc000ad7a65e
2023-04-24T11:32:57.166542+0600 DEBUG Null id null_id : b'435400040001'
2023-04-24T11:32:57.169939+0600 DEBUG Success step 2 RFID. animal id new: fc000ad7a65e
2023-04-24T11:32:57.173513+0600 INFO ARDUINOSerial<id=0x75b43c70, open=True>(port='/dev/ttyACM0', baudrate=9600, bytesize=8, parity='N', stopbits=1, timeout=1, xonxoff=False, rtscts=False, dsrdtr=False)
2023-04-24T11:32:58.289077+0600 ERROR Error, null weight list
2023-04-24T11:32:58.290816+0600 INFO Start weight: 0
2023-04-24T11:32:58.292348+0600 INFO Start time: 13807.175657812
2023-04-24T11:32:58.293792+0600 INFO main: weight_finall
2023-04-24T11:32:58.295264+0600 INFO Animal_ID: 435400040001
2023-04-24T11:32:59.115601+0600 INFO Distance: 138.0
2023-04-24T11:32:59.117489+0600 DEBUG START RFID FUNCTION
2023-04-24T11:32:59.119083+0600 DEBUG START Animal ID animal_id: b'435400040001'
2023-04-24T11:32:59.120552+0600 DEBUG START Null id null_id : b'435400040001'
2023-04-24T11:32:59.161878+0600 DEBUG Raw ID animal_id: b'43540028004501c38d13091e0102011b0101e20000174007010117406415e2003412013dfc000ad7a65ed126'
2023-04-24T11:32:59.164321+0600 DEBUG New ID animal_id_new: fc000ad7a65e
2023-04-24T11:32:59.166893+0600 DEBUG Null id null_id : b'435400040001'
2023-04-24T11:32:59.169490+0600 DEBUG Success step 2 RFID. animal id new: fc000ad7a65e
2023-04-24T11:32:59.173286+0600 INFO ARDUINOSerial<id=0x75b43cb8, open=True>(port='/dev/ttyACM0', baudrate=9600, bytesize=8, parity='N', stopbits=1, timeout=1, xonxoff=False, rtscts=False, dsrdtr=False)
2023-04-24T11:33:00.196984+0600 ERROR Error, null weight list
2023-04-24T11:33:00.198746+0600 INFO Start weight: 0
2023-04-24T11:33:00.200277+0600 INFO Start time: 13809.083577807
2023-04-24T11:33:00.201677+0600 INFO main: weight_finall
2023-04-24T11:33:00.203068+0600 INFO Animal_ID: 435400040001
2023-04-24T11:33:01.122906+0600 INFO Distance: 126.0
2023-04-24T11:33:01.124629+0600 DEBUG START RFID FUNCTION
2023-04-24T11:33:01.126134+0600 DEBUG START Animal ID animal_id: b'435400040001'
2023-04-24T11:33:01.127654+0600 DEBUG START Null id null_id : b'435400040001'
2023-04-24T11:33:01.161273+0600 DEBUG Raw ID animal_id: b'43540028004501c38d13091e0102011b0101e20000174007010117406415e2003412013dfc000ad7a65ed126'
2023-04-24T11:33:01.163085+0600 DEBUG New ID animal_id_new: fc000ad7a65e
2023-04-24T11:33:01.164533+0600 DEBUG Null id null_id : b'435400040001'
2023-04-24T11:33:01.166153+0600 DEBUG Success step 2 RFID. animal id new: fc000ad7a65e
2023-04-24T11:33:01.169320+0600 INFO ARDUINOSerial<id=0x75b43c70, open=True>(port='/dev/ttyACM0', baudrate=9600, bytesize=8, parity='N', stopbits=1, timeout=1, xonxoff=False, rtscts=False, dsrdtr=False)
2023-04-24T11:33:02.220017+0600 ERROR Error, null weight list
2023-04-24T11:33:02.222127+0600 INFO Start weight: 0
2023-04-24T11:33:02.224115+0600 INFO Start time: 13811.107409081
2023-04-24T11:33:02.226008+0600 INFO main: weight_finall
2023-04-24T11:33:02.228780+0600 INFO Animal_ID: 435400040001
2023-04-24T11:33:03.134200+0600 INFO Distance: 138.0
2023-04-24T11:33:03.136106+0600 DEBUG START RFID FUNCTION
2023-04-24T11:33:03.137842+0600 DEBUG START Animal ID animal_id: b'435400040001'
2023-04-24T11:33:03.139338+0600 DEBUG START Null id null_id : b'435400040001'
2023-04-24T11:33:03.160871+0600 DEBUG Raw ID animal_id: b'43540028004501c38d13091e0102011b0101e20000174007010117406415e2003412013dfc000ad7a65ed126'
2023-04-24T11:33:03.162873+0600 DEBUG New ID animal_id_new: fc000ad7a65e
2023-04-24T11:33:03.164419+0600 DEBUG Null id null_id : b'435400040001'
2023-04-24T11:33:03.166100+0600 DEBUG Success step 2 RFID. animal id new: fc000ad7a65e
2023-04-24T11:33:03.169416+0600 INFO ARDUINOSerial<id=0x75b43cb8, open=True>(port='/dev/ttyACM0', baudrate=9600, bytesize=8, parity='N', stopbits=1, timeout=1, xonxoff=False, rtscts=False, dsrdtr=False)
2023-04-24T11:33:04.248278+0600 ERROR Error, null weight list
2023-04-24T11:33:04.250199+0600 INFO Start weight: 0
2023-04-24T11:33:04.251946+0600 INFO Start time: 13813.135233135
2023-04-24T11:33:04.253554+0600 INFO main: weight_finall
2023-04-24T11:33:04.255044+0600 INFO Animal_ID: 435400040001
2023-04-24T11:33:05.140791+0600 INFO Distance: 138.0
2023-04-24T11:33:05.142697+0600 DEBUG START RFID FUNCTION
2023-04-24T11:33:05.144361+0600 DEBUG START Animal ID animal_id: b'435400040001'
2023-04-24T11:33:05.145897+0600 DEBUG START Null id null_id : b'435400040001'
2023-04-24T11:33:05.160328+0600 DEBUG Raw ID animal_id: b'43540028004501c38d13091e0102011b0101e20000174007010117406415e2003412013dfc000ad7a65ed225'
2023-04-24T11:33:05.162341+0600 DEBUG New ID animal_id_new: fc000ad7a65e
2023-04-24T11:33:05.163949+0600 DEBUG Null id null_id : b'435400040001'
2023-04-24T11:33:05.165923+0600 DEBUG Success step 2 RFID. animal id new: fc000ad7a65e
2023-04-24T11:33:05.169259+0600 INFO ARDUINOSerial<id=0x75b43c70, open=True>(port='/dev/ttyACM0', baudrate=9600, bytesize=8, parity='N', stopbits=1, timeout=1, xonxoff=False, rtscts=False, dsrdtr=False)
2023-04-24T11:33:06.270256+0600 ERROR Error, null weight list
2023-04-24T11:33:06.272184+0600 INFO Start weight: 0
2023-04-24T11:33:06.274094+0600 INFO Start time: 13815.15737663
2023-04-24T11:33:06.275858+0600 INFO main: weight_finall
2023-04-24T11:33:06.277731+0600 INFO Animal_ID: 435400040001
2023-04-24T11:33:07.148366+0600 INFO Distance: 151.0
2023-04-24T11:33:07.150273+0600 DEBUG START RFID FUNCTION
2023-04-24T11:33:07.151922+0600 DEBUG START Animal ID animal_id: b'435400040001'
2023-04-24T11:33:07.153432+0600 DEBUG START Null id null_id : b'435400040001'
2023-04-24T11:33:07.159838+0600 DEBUG Raw ID animal_id: b'43540028004501c38d13091e0102011b0101e20000174007010117406415e2003412013dfc000ad7a65ed126'
2023-04-24T11:33:07.161758+0600 DEBUG New ID animal_id_new: fc000ad7a65e
2023-04-24T11:33:07.163525+0600 DEBUG Null id null_id : b'435400040001'
2023-04-24T11:33:07.165259+0600 DEBUG Success step 2 RFID. animal id new: fc000ad7a65e
2023-04-24T11:33:07.168405+0600 INFO ARDUINOSerial<id=0x75b43cb8, open=True>(port='/dev/ttyACM0', baudrate=9600, bytesize=8, parity='N', stopbits=1, timeout=1, xonxoff=False, rtscts=False, dsrdtr=False)
2023-04-24T11:33:08.294208+0600 ERROR Error, null weight list
2023-04-24T11:33:08.296137+0600 INFO Start weight: 0
2023-04-24T11:33:08.297961+0600 INFO Start time: 13817.181255927
2023-04-24T11:33:08.299514+0600 INFO main: weight_finall
2023-04-24T11:33:08.301143+0600 INFO Animal_ID: 435400040001
2023-04-24T11:33:09.159043+0600 INFO Distance: 138.0
2023-04-24T11:33:09.160624+0600 DEBUG START RFID FUNCTION
2023-04-24T11:33:09.161925+0600 DEBUG START Animal ID animal_id: b'435400040001'
2023-04-24T11:33:09.163129+0600 DEBUG START Null id null_id : b'435400040001'
2023-04-24T11:33:09.260401+0600 DEBUG Raw ID animal_id: b'43540028004501c38d13091e0102011b0101e20000174007010117406415e2003412013dfc000ad7a65ed027'
2023-04-24T11:33:09.265415+0600 DEBUG New ID animal_id_new: fc000ad7a65e
2023-04-24T11:33:09.270175+0600 DEBUG Null id null_id : b'435400040001'
2023-04-24T11:33:09.274827+0600 DEBUG Success step 2 RFID. animal id new: fc000ad7a65e
2023-04-24T11:33:09.284386+0600 INFO ARDUINOSerial<id=0x75b43c70, open=True>(port='/dev/ttyACM0', baudrate=9600, bytesize=8, parity='N', stopbits=1, timeout=1, xonxoff=False, rtscts=False, dsrdtr=False)
