2023-04-21T19:35:59.969359+0600 INFO Connect arduino /dev/ttyACM1
2023-04-21T19:35:59.971624+0600 INFO Configuration of serial, Serial<id=0x75b69e20, open=True>(port='/dev/ttyACM1', baudrate=9600, bytesize=8, parity='N', stopbits=1, timeout=None, xonxoff=False, rtscts=False, dsrdtr=False)
2023-04-21T19:35:59.972910+0600 INFO Success: Arduino connected
2023-04-21T19:35:59.978935+0600 INFO ("[1] to calibrate
" "[2] to start measure
>")
2023-04-21T19:36:06.536744+0600 DEBUG START RFID FUNCTION
2023-04-21T19:36:06.539110+0600 DEBUG START Animal ID animal_id: b'435400040001'
2023-04-21T19:36:06.540926+0600 DEBUG START Null id null_id : b'435400040001'
2023-04-21T19:36:11.327720+0600 DEBUG Raw ID animal_id: b'43540028004501c38d13091e0102011b0101e20000174007010117406415e2003412013dfc000ad7a65ec433'
2023-04-21T19:36:11.329975+0600 DEBUG New ID animal_id_new: fc000ad7a65e
2023-04-21T19:36:11.331761+0600 DEBUG Null id null_id : b'435400040001'
2023-04-21T19:36:11.334098+0600 DEBUG Success step 2 RFID. animal id new: fc000ad7a65e
2023-04-21T19:36:11.770828+0600 DEBUG START RFID FUNCTION
2023-04-21T19:36:11.772982+0600 DEBUG START Animal ID animal_id: b'435400040001'
2023-04-21T19:36:11.774850+0600 DEBUG START Null id null_id : b'435400040001'
2023-04-21T19:36:11.827695+0600 DEBUG Raw ID animal_id: b'43540028004501c38d13091e0102011b0101e20000174007010117406415e2003412013dfc000ad7a65eca2d'
2023-04-21T19:36:11.829671+0600 DEBUG New ID animal_id_new: fc000ad7a65e
2023-04-21T19:36:11.831217+0600 DEBUG Null id null_id : b'435400040001'
2023-04-21T19:36:11.833445+0600 DEBUG Success step 2 RFID. animal id new: fc000ad7a65e
2023-04-21T19:36:12.772546+0600 DEBUG START RFID FUNCTION
2023-04-21T19:36:12.774680+0600 DEBUG START Animal ID animal_id: b'435400040001'
2023-04-21T19:36:12.776508+0600 DEBUG START Null id null_id : b'435400040001'
2023-04-21T19:36:12.827724+0600 DEBUG Raw ID animal_id: b'43540028004501c38d13091e0102011b0101e20000174007010117406415e2003412013dfc000ad7a65eca2d'
2023-04-21T19:36:12.829655+0600 DEBUG New ID animal_id_new: fc000ad7a65e
2023-04-21T19:36:12.831225+0600 DEBUG Null id null_id : b'435400040001'
2023-04-21T19:36:12.833438+0600 DEBUG Success step 2 RFID. animal id new: fc000ad7a65e
2023-04-21T19:36:13.778908+0600 INFO ARDUINOSerial<id=0x75b7ba48, open=True>(port='/dev/ttyACM0', baudrate=9600, bytesize=8, parity='N', stopbits=1, timeout=1, xonxoff=False, rtscts=False, dsrdtr=False)
2023-04-21T19:36:16.955472+0600 DEBUG Array weights: [92.89]
2023-04-21T19:36:18.151233+0600 DEBUG Array weights: [92.89, 93.93]
2023-04-21T19:36:19.343475+0600 DEBUG Array weights: [92.89, 93.93, 94.7]
2023-04-21T19:36:20.535460+0600 DEBUG Array weights: [92.89, 93.93, 94.7, 93.67]
2023-04-21T19:36:21.730855+0600 DEBUG Array weights: [92.89, 93.93, 94.7, 93.67, 93.52]
2023-04-21T19:36:22.922883+0600 DEBUG Array weights: [92.89, 93.93, 94.7, 93.67, 93.52, 94.59]
2023-04-21T19:36:24.115005+0600 DEBUG Array weights: [92.89, 93.93, 94.7, 93.67, 93.52, 94.59, 95.15]
2023-04-21T19:36:25.310553+0600 DEBUG Array weights: [92.89, 93.93, 94.7, 93.67, 93.52, 94.59, 95.15, 95.52]
2023-04-21T19:36:26.502473+0600 DEBUG Array weights: [92.89, 93.93, 94.7, 93.67, 93.52, 94.59, 95.15, 95.52, 94.33]
2023-04-21T19:36:27.694481+0600 DEBUG Array weights: [92.89, 93.93, 94.7, 93.67, 93.52, 94.59, 95.15, 95.52, 94.33, 94.89]
2023-04-21T19:36:28.887574+0600 DEBUG Array weights: [92.89, 93.93, 94.7, 93.67, 93.52, 94.59, 95.15, 95.52, 94.33, 94.89, 92.93]
2023-04-21T19:36:30.083277+0600 DEBUG Array weights: [92.89, 93.93, 94.7, 93.67, 93.52, 94.59, 95.15, 95.52, 94.33, 94.89, 92.93, 94.74]
2023-04-21T19:36:31.275271+0600 DEBUG Array weights: [92.89, 93.93, 94.7, 93.67, 93.52, 94.59, 95.15, 95.52, 94.33, 94.89, 92.93, 94.74, 93.33]
2023-04-21T19:36:32.467425+0600 DEBUG Array weights: [92.89, 93.93, 94.7, 93.67, 93.52, 94.59, 95.15, 95.52, 94.33, 94.89, 92.93, 94.74, 93.33, 95.41]
2023-04-21T19:36:33.662779+0600 DEBUG Array weights: [92.89, 93.93, 94.7, 93.67, 93.52, 94.59, 95.15, 95.52, 94.33, 94.89, 92.93, 94.74, 93.33, 95.41, 95.22]
2023-04-21T19:36:34.855394+0600 DEBUG Array weights: [92.89, 93.93, 94.7, 93.67, 93.52, 94.59, 95.15, 95.52, 94.33, 94.89, 92.93, 94.74, 93.33, 95.41, 95.22, 93.41]
2023-04-21T19:36:36.046352+0600 DEBUG Array weights: [92.89, 93.93, 94.7, 93.67, 93.52, 94.59, 95.15, 95.52, 94.33, 94.89, 92.93, 94.74, 93.33, 95.41, 95.22, 93.41, 94.11]
2023-04-21T19:36:37.238202+0600 DEBUG Array weights: [92.89, 93.93, 94.7, 93.67, 93.52, 94.59, 95.15, 95.52, 94.33, 94.89, 92.93, 94.74, 93.33, 95.41, 95.22, 93.41, 94.11, 92.67]
2023-04-21T19:36:37.954768+0600 INFO Start weight: 94.22
2023-04-21T19:36:37.956044+0600 INFO Start time: 858.034067484
2023-04-21T19:36:37.956979+0600 INFO main: weight_finall
2023-04-21T19:36:37.957913+0600 INFO main: Send data to server
2023-04-21T19:36:37.958779+0600 DEBUG Post data function start
2023-04-21T19:36:38.680035+0600 DEBUG Answer from server: <Response [200]>
2023-04-21T19:36:38.682745+0600 DEBUG Content from main server: b'2074'
2023-04-21T19:36:38.683890+0600 DEBUG START SEND DATA TO SERVER:
2023-04-21T19:36:38.989987+0600 DEBUG Answer from server: <Response [200]>
2023-04-21T19:36:38.991911+0600 DEBUG Content from main server: b'147789'
2023-04-21T19:36:38.993683+0600 ERROR 4 step send data
2023-04-21T19:36:38.998247+0600 DEBUG START RFID FUNCTION
2023-04-21T19:36:38.999942+0600 DEBUG START Animal ID animal_id: b'435400040001'
2023-04-21T19:36:39.001482+0600 DEBUG START Null id null_id : b'435400040001'
2023-04-21T19:36:39.376972+0600 DEBUG Raw ID animal_id: b'43540028004501c38d13091e0102011b0101e20000174007010117406415e2003412013dfc000ad7a65ec92e'
2023-04-21T19:36:39.378306+0600 DEBUG New ID animal_id_new: fc000ad7a65e
2023-04-21T19:36:39.379292+0600 DEBUG Null id null_id : b'435400040001'
2023-04-21T19:36:39.380352+0600 DEBUG Success step 2 RFID. animal id new: fc000ad7a65e
2023-04-21T19:36:39.884864+0600 DEBUG START RFID FUNCTION
2023-04-21T19:36:39.886773+0600 DEBUG START Animal ID animal_id: b'435400040001'
2023-04-21T19:36:39.888192+0600 DEBUG START Null id null_id : b'435400040001'
