2023-04-18T16:50:57.669334+0600 INFO Connect arduino /dev/ttyACM0
2023-04-18T16:50:57.671385+0600 INFO Configuration of serial, Serial<id=0x75d60280, open=True>(port='/dev/ttyACM0', baudrate=9600, bytesize=8, parity='N', stopbits=1, timeout=None, xonxoff=False, rtscts=False, dsrdtr=False)
2023-04-18T16:50:57.672433+0600 INFO Success: Arduino connected
2023-04-18T16:50:57.677110+0600 INFO ("[1] to calibrate
" "[2] to start measure
>")
2023-04-18T16:51:04.549913+0600 DEBUG START RFID FUNCTION
2023-04-18T16:51:04.551980+0600 DEBUG START Animal ID animal_id: b'435400040001'
2023-04-18T16:51:04.553743+0600 DEBUG START Null id null_id : b'435400040001'
2023-04-18T16:51:05.039112+0600 DEBUG Raw ID animal_id: b'43540028004501c38d13091e0102011b0101e2806894000040103003d496e2806894200040103003d496c1d9'
2023-04-18T16:51:05.040408+0600 DEBUG New ID animal_id_new: 40103003d496
2023-04-18T16:51:05.041323+0600 DEBUG Null id null_id : b'435400040001'
2023-04-18T16:51:05.042341+0600 DEBUG Success step 2 RFID. animal id new: 40103003d496
2023-04-18T16:51:05.453460+0600 DEBUG START RFID FUNCTION
2023-04-18T16:51:05.455136+0600 DEBUG START Animal ID animal_id: b'435400040001'
2023-04-18T16:51:05.456480+0600 DEBUG START Null id null_id : b'435400040001'
2023-04-18T16:51:09.787571+0600 DEBUG Raw ID animal_id: b'43540028004501c38d13091e0102011b0101e2806894000040103003d496e2806894200040103003d496bcde'
2023-04-18T16:51:09.789695+0600 DEBUG New ID animal_id_new: 40103003d496
2023-04-18T16:51:09.791428+0600 DEBUG Null id null_id : b'435400040001'
2023-04-18T16:51:09.793436+0600 DEBUG Success step 2 RFID. animal id new: 40103003d496
2023-04-18T16:51:10.470984+0600 DEBUG START RFID FUNCTION
2023-04-18T16:51:10.472199+0600 DEBUG START Animal ID animal_id: b'435400040001'
2023-04-18T16:51:10.473221+0600 DEBUG START Null id null_id : b'435400040001'
2023-04-18T16:51:10.487849+0600 DEBUG Raw ID animal_id: b'43540028004501c38d13091e0102011b0101e2806894000040103003d496e2806894200040103003d496cdcd'
2023-04-18T16:51:10.489315+0600 DEBUG New ID animal_id_new: 40103003d496
2023-04-18T16:51:10.490302+0600 DEBUG Null id null_id : b'435400040001'
2023-04-18T16:51:10.491288+0600 DEBUG Success step 2 RFID. animal id new: 40103003d496
2023-04-18T16:51:11.478084+0600 DEBUG START RFID FUNCTION
2023-04-18T16:51:11.479988+0600 DEBUG START Animal ID animal_id: b'435400040001'
2023-04-18T16:51:11.481459+0600 DEBUG START Null id null_id : b'435400040001'
2023-04-18T16:51:11.487371+0600 DEBUG Raw ID animal_id: b'43540028004501c38d13091e0102011b0101e2806894000040103003d496e2806894200040103003d496d0ca'
2023-04-18T16:51:11.489168+0600 DEBUG New ID animal_id_new: 40103003d496
2023-04-18T16:51:11.490688+0600 DEBUG Null id null_id : b'435400040001'
2023-04-18T16:51:11.492595+0600 DEBUG Success step 2 RFID. animal id new: 40103003d496
2023-04-18T16:51:13.485373+0600 ERROR Error, null weight list
2023-04-18T16:51:13.486790+0600 INFO main: weight_finall
2023-04-18T16:51:13.488270+0600 DEBUG START RFID FUNCTION
2023-04-18T16:51:13.489445+0600 DEBUG START Animal ID animal_id: b'435400040001'
2023-04-18T16:51:13.490516+0600 DEBUG START Null id null_id : b'435400040001'
2023-04-18T16:51:13.538584+0600 DEBUG Raw ID animal_id: b'43540028004501c38d13091e0102011b0101e2806894000040103003d496e2806894200040103003d496ccce'
2023-04-18T16:51:13.540478+0600 DEBUG New ID animal_id_new: 40103003d496
2023-04-18T16:51:13.542456+0600 DEBUG Null id null_id : b'435400040001'
2023-04-18T16:51:13.544455+0600 DEBUG Success step 2 RFID. animal id new: 40103003d496
2023-04-18T16:51:15.497455+0600 ERROR Error, null weight list
2023-04-18T16:51:15.499363+0600 INFO main: weight_finall
2023-04-18T16:51:15.501278+0600 DEBUG START RFID FUNCTION
2023-04-18T16:51:15.503017+0600 DEBUG START Animal ID animal_id: b'435400040001'
2023-04-18T16:51:15.504583+0600 DEBUG START Null id null_id : b'435400040001'
2023-04-18T16:51:15.538395+0600 DEBUG Raw ID animal_id: b'43540028004501c38d13091e0102011b0101e2806894000040103003d496e2806894200040103003d496cad0'
2023-04-18T16:51:15.540147+0600 DEBUG New ID animal_id_new: 40103003d496
2023-04-18T16:51:15.541561+0600 DEBUG Null id null_id : b'435400040001'
2023-04-18T16:51:15.543300+0600 DEBUG Success step 2 RFID. animal id new: 40103003d496
2023-04-18T16:51:16.495944+0600 DEBUG START RFID FUNCTION
2023-04-18T16:51:16.497705+0600 DEBUG START Animal ID animal_id: b'435400040001'
2023-04-18T16:51:16.499188+0600 DEBUG START Null id null_id : b'435400040001'
2023-04-18T16:51:16.538409+0600 DEBUG Raw ID animal_id: b'43540028004501c38d13091e0102011b0101e2806894000040103003d496e2806894200040103003d496c0da'
2023-04-18T16:51:16.540902+0600 DEBUG New ID animal_id_new: 40103003d496
2023-04-18T16:51:16.542851+0600 DEBUG Null id null_id : b'435400040001'
2023-04-18T16:51:16.544707+0600 DEBUG Success step 2 RFID. animal id new: 40103003d496
2023-04-18T16:51:17.502844+0600 DEBUG START RFID FUNCTION
2023-04-18T16:51:17.504738+0600 DEBUG START Animal ID animal_id: b'435400040001'
2023-04-18T16:51:17.506309+0600 DEBUG START Null id null_id : b'435400040001'
2023-04-18T16:51:23.586471+0600 DEBUG Raw ID animal_id: b'43540028004501c38d13091e0102011b0101e2806894000040103003d496e2806894200040103003d496bedc'
2023-04-18T16:51:23.588489+0600 DEBUG New ID animal_id_new: 40103003d496
2023-04-18T16:51:23.590064+0600 DEBUG Null id null_id : b'435400040001'
2023-04-18T16:51:23.591818+0600 DEBUG Success step 2 RFID. animal id new: 40103003d496
2023-04-18T16:51:25.538892+0600 ERROR Error, null weight list
2023-04-18T16:51:25.540440+0600 INFO main: weight_finall
2023-04-18T16:51:25.541945+0600 DEBUG START RFID FUNCTION
2023-04-18T16:51:25.543338+0600 DEBUG START Animal ID animal_id: b'435400040001'
2023-04-18T16:51:25.544545+0600 DEBUG START Null id null_id : b'435400040001'
2023-04-18T16:51:25.586621+0600 DEBUG Raw ID animal_id: b'43540028004501c38d13091e0102011b0101e2806894000040103003d496e2806894200040103003d496cecc'
2023-04-18T16:51:25.588225+0600 DEBUG New ID animal_id_new: 40103003d496
2023-04-18T16:51:25.589674+0600 DEBUG Null id null_id : b'435400040001'
2023-04-18T16:51:25.591089+0600 DEBUG Success step 2 RFID. animal id new: 40103003d496
2023-04-18T16:51:27.546382+0600 ERROR Error, null weight list
2023-04-18T16:51:27.548289+0600 INFO main: weight_finall
2023-04-18T16:51:27.550768+0600 DEBUG START RFID FUNCTION
2023-04-18T16:51:27.553074+0600 DEBUG START Animal ID animal_id: b'435400040001'
2023-04-18T16:51:27.555172+0600 DEBUG START Null id null_id : b'435400040001'
2023-04-18T16:51:28.037146+0600 DEBUG Raw ID animal_id: b'43540028004501c38d13091e0102011b0101e2806894000040103003d496e2806894200040103003d496c6d4'
2023-04-18T16:51:28.038417+0600 DEBUG New ID animal_id_new: 40103003d496
2023-04-18T16:51:28.039205+0600 DEBUG Null id null_id : b'435400040001'
2023-04-18T16:51:28.040089+0600 DEBUG Success step 2 RFID. animal id new: 40103003d496
2023-04-18T16:51:28.546738+0600 DEBUG START RFID FUNCTION
2023-04-18T16:51:28.548593+0600 DEBUG START Animal ID animal_id: b'435400040001'
2023-04-18T16:51:28.549987+0600 DEBUG START Null id null_id : b'435400040001'
2023-04-18T16:51:30.186049+0600 DEBUG Raw ID animal_id: b'43540028004501c38d13091e0102011b0101e2806894000040103003d496e2806894200040103003d496bddd'
2023-04-18T16:51:30.188010+0600 DEBUG New ID animal_id_new: 40103003d496
2023-04-18T16:51:30.189402+0600 DEBUG Null id null_id : b'435400040001'
2023-04-18T16:51:30.190933+0600 DEBUG Success step 2 RFID. animal id new: 40103003d496
2023-04-18T16:51:31.559114+0600 ERROR Error, null weight list
2023-04-18T16:51:31.561091+0600 INFO main: weight_finall
2023-04-18T16:51:31.562938+0600 DEBUG START RFID FUNCTION
2023-04-18T16:51:31.564691+0600 DEBUG START Animal ID animal_id: b'435400040001'
2023-04-18T16:51:31.566303+0600 DEBUG START Null id null_id : b'435400040001'
2023-04-18T16:51:31.585873+0600 DEBUG Raw ID animal_id: b'43540028004501c38d13091e0102011b0101e2806894000040103003d496e2806894200040103003d496cdcd'
2023-04-18T16:51:31.588170+0600 DEBUG New ID animal_id_new: 40103003d496
2023-04-18T16:51:31.589819+0600 DEBUG Null id null_id : b'435400040001'
2023-04-18T16:51:31.591557+0600 DEBUG Success step 2 RFID. animal id new: 40103003d496
2023-04-18T16:51:33.572760+0600 ERROR Error, null weight list
2023-04-18T16:51:33.574756+0600 INFO main: weight_finall
2023-04-18T16:51:33.576761+0600 DEBUG START RFID FUNCTION
2023-04-18T16:51:33.578462+0600 DEBUG START Animal ID animal_id: b'435400040001'
2023-04-18T16:51:33.579950+0600 DEBUG START Null id null_id : b'435400040001'
2023-04-18T16:51:33.585607+0600 DEBUG Raw ID animal_id: b'43540028004501c38d13091e0102011b0101e2806894000040103003d496e2806894200040103003d496cdcd'
2023-04-18T16:51:33.587700+0600 DEBUG New ID animal_id_new: 40103003d496
2023-04-18T16:51:33.589430+0600 DEBUG Null id null_id : b'435400040001'
2023-04-18T16:51:33.591387+0600 DEBUG Success step 2 RFID. animal id new: 40103003d496
2023-04-18T16:51:34.571167+0600 DEBUG START RFID FUNCTION
2023-04-18T16:51:34.573238+0600 DEBUG START Animal ID animal_id: b'435400040001'
2023-04-18T16:51:34.574941+0600 DEBUG START Null id null_id : b'435400040001'
2023-04-18T16:51:34.585474+0600 DEBUG Raw ID animal_id: b'43540028004501c38d13091e0102011b0101e2806894000040103003d496e2806894200040103003d496cdcd'
2023-04-18T16:51:34.587548+0600 DEBUG New ID animal_id_new: 40103003d496
2023-04-18T16:51:34.589288+0600 DEBUG Null id null_id : b'435400040001'
2023-04-18T16:51:34.591418+0600 DEBUG Success step 2 RFID. animal id new: 40103003d496
2023-04-18T16:51:35.574369+0600 DEBUG START RFID FUNCTION
2023-04-18T16:51:35.576389+0600 DEBUG START Animal ID animal_id: b'435400040001'
2023-04-18T16:51:35.579139+0600 DEBUG START Null id null_id : b'435400040001'
2023-04-18T16:51:36.036459+0600 DEBUG Raw ID animal_id: b'43540028004501c38d13091e0102011b0101e2806894000040103003d496e2806894200040103003d496cad0'
2023-04-18T16:51:36.037823+0600 DEBUG New ID animal_id_new: 40103003d496
2023-04-18T16:51:36.038835+0600 DEBUG Null id null_id : b'435400040001'
2023-04-18T16:51:36.039950+0600 DEBUG Success step 2 RFID. animal id new: 40103003d496
2023-04-18T16:51:36.582079+0600 DEBUG START RFID FUNCTION
2023-04-18T16:51:36.584034+0600 DEBUG START Animal ID animal_id: b'435400040001'
2023-04-18T16:51:36.585450+0600 DEBUG START Null id null_id : b'435400040001'
2023-04-18T16:51:40.284968+0600 DEBUG Raw ID animal_id: b'43540028004501c38d13091e0102011b0101e2806894000040103003d496e2806894200040103003d496c4d6'
2023-04-18T16:51:40.286913+0600 DEBUG New ID animal_id_new: 40103003d496
2023-04-18T16:51:40.288317+0600 DEBUG Null id null_id : b'435400040001'
2023-04-18T16:51:40.289851+0600 DEBUG Success step 2 RFID. animal id new: 40103003d496
2023-04-18T16:51:41.602639+0600 ERROR Error, null weight list
2023-04-18T16:51:41.604750+0600 INFO main: weight_finall
2023-04-18T16:51:41.606755+0600 DEBUG START RFID FUNCTION
2023-04-18T16:51:41.608437+0600 DEBUG START Animal ID animal_id: b'435400040001'
2023-04-18T16:51:41.610029+0600 DEBUG START Null id null_id : b'435400040001'
2023-04-18T16:51:41.685606+0600 DEBUG Raw ID animal_id: b'43540028004501c38d13091e0102011b0101e2806894000040103003d496e2806894200040103003d496cbcf'
2023-04-18T16:51:41.688894+0600 DEBUG New ID animal_id_new: 40103003d496
2023-04-18T16:51:41.691026+0600 DEBUG Null id null_id : b'435400040001'
2023-04-18T16:51:41.694110+0600 DEBUG Success step 2 RFID. animal id new: 40103003d496
2023-04-18T16:51:42.606937+0600 DEBUG START RFID FUNCTION
2023-04-18T16:51:42.608974+0600 DEBUG START Animal ID animal_id: b'435400040001'
2023-04-18T16:51:42.610630+0600 DEBUG START Null id null_id : b'435400040001'
2023-04-18T16:51:43.035914+0600 DEBUG Raw ID animal_id: b'43540028004501c38d13091e0102011b0101e2806894000040103003d496e2806894200040103003d496c6d4'
2023-04-18T16:51:43.037271+0600 DEBUG New ID animal_id_new: 40103003d496
2023-04-18T16:51:43.038264+0600 DEBUG Null id null_id : b'435400040001'
2023-04-18T16:51:43.039354+0600 DEBUG Success step 2 RFID. animal id new: 40103003d496
2023-04-18T16:51:43.611173+0600 DEBUG START RFID FUNCTION
2023-04-18T16:51:43.613021+0600 DEBUG START Animal ID animal_id: b'435400040001'
2023-04-18T16:51:43.614621+0600 DEBUG START Null id null_id : b'435400040001'
