2023-04-21T14:53:32.856476+0600 INFO Connect arduino /dev/ttyACM1
2023-04-21T14:53:32.858524+0600 INFO Configuration of serial, Serial<id=0x75b2edf0, open=True>(port='/dev/ttyACM1', baudrate=9600, bytesize=8, parity='N', stopbits=1, timeout=None, xonxoff=False, rtscts=False, dsrdtr=False)
2023-04-21T14:53:32.859504+0600 INFO Success: Arduino connected
2023-04-21T14:53:32.864467+0600 INFO ("[1] to calibrate
" "[2] to start measure
>")
2023-04-21T14:53:40.437298+0600 INFO Start calibrate function
2023-04-21T14:53:40.445059+0600 INFO ARDUINOSerial<id=0x75b40a00, open=True>(port='/dev/ttyACM0', baudrate=9600, bytesize=8, parity='N', stopbits=1, timeout=1, xonxoff=False, rtscts=False, dsrdtr=False)
2023-04-21T14:53:40.447076+0600 INFO Remove any items from scale. Press any key when ready.
2023-04-21T14:53:45.706453+0600 INFO Value at zero (offset): 61823
2023-04-21T14:53:45.708383+0600 INFO Please place an item of known weight on the scale.
2023-04-21T14:53:50.716123+0600 INFO Please enter the item's weight in kg.
>
2023-04-21T14:53:53.288402+0600 INFO Scale adjusted for kilograms: 14.0
2023-04-21T14:53:53.290628+0600 INFO Offset: 61823, set_scale(scale): 14.0
2023-04-21T14:53:53.314531+0600 DEBUG START RFID FUNCTION
2023-04-21T14:53:53.316517+0600 DEBUG START Animal ID animal_id: b'435400040001'
2023-04-21T14:53:53.318207+0600 DEBUG START Null id null_id : b'435400040001'
2023-04-21T14:53:57.566740+0600 DEBUG Raw ID animal_id: b'43540028004501c38d13091e0102011b0101e2806894000040103003d496e2806894200040103003d496bedc'
2023-04-21T14:53:57.568741+0600 DEBUG New ID animal_id_new: 40103003d496
2023-04-21T14:53:57.570260+0600 DEBUG Null id null_id : b'435400040001'
2023-04-21T14:53:57.572043+0600 DEBUG Success step 2 RFID. animal id new: 40103003d496
2023-04-21T14:53:57.714013+0600 DEBUG START RFID FUNCTION
2023-04-21T14:53:57.715207+0600 DEBUG START Animal ID animal_id: b'435400040001'
2023-04-21T14:53:57.716116+0600 DEBUG START Null id null_id : b'435400040001'
2023-04-21T14:53:57.766946+0600 DEBUG Raw ID animal_id: b'43540028004501c38d13091e0102011b0101e2806894000040103003d496e2806894200040103003d496cbcf'
2023-04-21T14:53:57.768463+0600 DEBUG New ID animal_id_new: 40103003d496
2023-04-21T14:53:57.769663+0600 DEBUG Null id null_id : b'435400040001'
2023-04-21T14:53:57.770989+0600 DEBUG Success step 2 RFID. animal id new: 40103003d496
2023-04-21T14:53:58.717680+0600 DEBUG START RFID FUNCTION
2023-04-21T14:53:58.723041+0600 DEBUG START Animal ID animal_id: b'435400040001'
2023-04-21T14:53:58.725216+0600 DEBUG START Null id null_id : b'435400040001'
2023-04-21T14:53:58.766799+0600 DEBUG Raw ID animal_id: b'43540028004501c38d13091e0102011b0101e2806894000040103003d496e2806894200040103003d496cecc'
2023-04-21T14:53:58.769260+0600 DEBUG New ID animal_id_new: 40103003d496
2023-04-21T14:53:58.771526+0600 DEBUG Null id null_id : b'435400040001'
2023-04-21T14:53:58.773982+0600 DEBUG Success step 2 RFID. animal id new: 40103003d496
2023-04-21T14:53:59.722162+0600 INFO ARDUINOSerial<id=0x75b409d0, open=True>(port='/dev/ttyACM0', baudrate=9600, bytesize=8, parity='N', stopbits=1, timeout=1, xonxoff=False, rtscts=False, dsrdtr=False)
2023-04-21T14:54:01.731284+0600 ERROR Error, null weight list
2023-04-21T14:54:01.733352+0600 INFO Start weight: 0
2023-04-21T14:54:01.735001+0600 INFO main: weight_finall
2023-04-21T14:54:01.739688+0600 DEBUG START RFID FUNCTION
2023-04-21T14:54:01.741418+0600 DEBUG START Animal ID animal_id: b'435400040001'
2023-04-21T14:54:01.742944+0600 DEBUG START Null id null_id : b'435400040001'
2023-04-21T14:54:01.767000+0600 DEBUG Raw ID animal_id: b'43540028004501c38d13091e0102011b0101e2806894000040103003d496e2806894200040103003d496cecc'
2023-04-21T14:54:01.769268+0600 DEBUG New ID animal_id_new: 40103003d496
2023-04-21T14:54:01.771166+0600 DEBUG Null id null_id : b'435400040001'
2023-04-21T14:54:01.772987+0600 DEBUG Success step 2 RFID. animal id new: 40103003d496
2023-04-21T14:54:02.733674+0600 INFO ARDUINOSerial<id=0x75b408f8, open=True>(port='/dev/ttyACM0', baudrate=9600, bytesize=8, parity='N', stopbits=1, timeout=1, xonxoff=False, rtscts=False, dsrdtr=False)
2023-04-21T14:54:04.744880+0600 ERROR Error, null weight list
2023-04-21T14:54:04.746859+0600 INFO Start weight: 0
2023-04-21T14:54:04.748375+0600 INFO main: weight_finall
2023-04-21T14:54:04.755101+0600 DEBUG START RFID FUNCTION
2023-04-21T14:54:04.757013+0600 DEBUG START Animal ID animal_id: b'435400040001'
2023-04-21T14:54:04.758601+0600 DEBUG START Null id null_id : b'435400040001'
2023-04-21T14:54:04.766969+0600 DEBUG Raw ID animal_id: b'43540028004501c38d13091e0102011b0101e2806894000040103003d496e2806894200040103003d496cfcb'
2023-04-21T14:54:04.768914+0600 DEBUG New ID animal_id_new: 40103003d496
2023-04-21T14:54:04.770717+0600 DEBUG Null id null_id : b'435400040001'
2023-04-21T14:54:04.772575+0600 DEBUG Success step 2 RFID. animal id new: 40103003d496
2023-04-21T14:54:05.744721+0600 INFO ARDUINOSerial<id=0x75b409d0, open=True>(port='/dev/ttyACM0', baudrate=9600, bytesize=8, parity='N', stopbits=1, timeout=1, xonxoff=False, rtscts=False, dsrdtr=False)
2023-04-21T14:54:07.756910+0600 ERROR Error, null weight list
2023-04-21T14:54:07.759016+0600 INFO Start weight: 0
2023-04-21T14:54:07.760705+0600 INFO main: weight_finall
2023-04-21T14:54:07.763358+0600 DEBUG START RFID FUNCTION
2023-04-21T14:54:07.765256+0600 DEBUG START Animal ID animal_id: b'435400040001'
2023-04-21T14:54:07.766920+0600 DEBUG START Null id null_id : b'435400040001'
2023-04-21T14:54:07.818098+0600 DEBUG Raw ID animal_id: b'43540028004501c38d13091e0102011b0101e2806894000040103003d496e2806894200040103003d496cfcb'
2023-04-21T14:54:07.820928+0600 DEBUG New ID animal_id_new: 40103003d496
2023-04-21T14:54:07.823427+0600 DEBUG Null id null_id : b'435400040001'
2023-04-21T14:54:07.825128+0600 DEBUG Success step 2 RFID. animal id new: 40103003d496
2023-04-21T14:54:08.758211+0600 DEBUG START RFID FUNCTION
2023-04-21T14:54:08.760680+0600 DEBUG START Animal ID animal_id: b'435400040001'
2023-04-21T14:54:08.762666+0600 DEBUG START Null id null_id : b'435400040001'
2023-04-21T14:54:08.766812+0600 DEBUG Raw ID animal_id: b'43540028004501c38d13091e0102011b0101e2806894000040103003d496e2806894200040103003d496cecc'
2023-04-21T14:54:08.769263+0600 DEBUG New ID animal_id_new: 40103003d496
2023-04-21T14:54:08.774220+0600 DEBUG Null id null_id : b'435400040001'
2023-04-21T14:54:08.776234+0600 DEBUG Success step 2 RFID. animal id new: 40103003d496
2023-04-21T14:54:09.761225+0600 DEBUG START RFID FUNCTION
2023-04-21T14:54:09.765436+0600 DEBUG START Animal ID animal_id: b'435400040001'
2023-04-21T14:54:09.767702+0600 DEBUG START Null id null_id : b'435400040001'
2023-04-21T14:54:09.818083+0600 DEBUG Raw ID animal_id: b'43540028004501c38d13091e0102011b0101e2806894000040103003d496e2806894200040103003d496cdcd'
2023-04-21T14:54:09.819923+0600 DEBUG New ID animal_id_new: 40103003d496
2023-04-21T14:54:09.821413+0600 DEBUG Null id null_id : b'435400040001'
2023-04-21T14:54:09.823618+0600 DEBUG Success step 2 RFID. animal id new: 40103003d496
2023-04-21T14:54:10.764622+0600 DEBUG START RFID FUNCTION
2023-04-21T14:54:10.766638+0600 DEBUG START Animal ID animal_id: b'435400040001'
2023-04-21T14:54:10.768308+0600 DEBUG START Null id null_id : b'435400040001'
2023-04-21T14:54:10.818076+0600 DEBUG Raw ID animal_id: b'43540028004501c38d13091e0102011b0101e2806894000040103003d496e2806894200040103003d496ccce'
2023-04-21T14:54:10.820206+0600 DEBUG New ID animal_id_new: 40103003d496
2023-04-21T14:54:10.822426+0600 DEBUG Null id null_id : b'435400040001'
2023-04-21T14:54:10.825678+0600 DEBUG Success step 2 RFID. animal id new: 40103003d496
2023-04-21T14:54:11.772426+0600 DEBUG START RFID FUNCTION
2023-04-21T14:54:11.774546+0600 DEBUG START Animal ID animal_id: b'435400040001'
2023-04-21T14:54:11.776262+0600 DEBUG START Null id null_id : b'435400040001'
2023-04-21T14:54:11.818053+0600 DEBUG Raw ID animal_id: b'43540028004501c38d13091e0102011b0101e2806894000040103003d496e2806894200040103003d496c0da'
2023-04-21T14:54:11.820177+0600 DEBUG New ID animal_id_new: 40103003d496
2023-04-21T14:54:11.821911+0600 DEBUG Null id null_id : b'435400040001'
2023-04-21T14:54:11.824213+0600 DEBUG Success step 2 RFID. animal id new: 40103003d496
2023-04-21T14:54:12.775786+0600 DEBUG START RFID FUNCTION
2023-04-21T14:54:12.777382+0600 DEBUG START Animal ID animal_id: b'435400040001'
2023-04-21T14:54:12.778617+0600 DEBUG START Null id null_id : b'435400040001'
2023-04-21T14:54:12.817965+0600 DEBUG Raw ID animal_id: b'43540028004501c38d13091e0102011b0101e2806894000040103003d496e2806894200040103003d496c9d1'
2023-04-21T14:54:12.819859+0600 DEBUG New ID animal_id_new: 40103003d496
2023-04-21T14:54:12.821771+0600 DEBUG Null id null_id : b'435400040001'
2023-04-21T14:54:12.824403+0600 DEBUG Success step 2 RFID. animal id new: 40103003d496
2023-04-21T14:54:13.781759+0600 INFO ARDUINOSerial<id=0x75b40fa0, open=True>(port='/dev/ttyACM0', baudrate=9600, bytesize=8, parity='N', stopbits=1, timeout=1, xonxoff=False, rtscts=False, dsrdtr=False)
2023-04-21T14:54:15.791655+0600 ERROR Error, null weight list
2023-04-21T14:54:15.793962+0600 INFO Start weight: 0
2023-04-21T14:54:15.795569+0600 INFO main: weight_finall
2023-04-21T14:54:15.801019+0600 DEBUG START RFID FUNCTION
2023-04-21T14:54:15.802886+0600 DEBUG START Animal ID animal_id: b'435400040001'
2023-04-21T14:54:15.804790+0600 DEBUG START Null id null_id : b'435400040001'
2023-04-21T14:54:15.818205+0600 DEBUG Raw ID animal_id: b'43540028004501c38d13091e0102011b0101e2806894000040103003d496e2806894200040103003d496c7d3'
2023-04-21T14:54:15.820299+0600 DEBUG New ID animal_id_new: 40103003d496
2023-04-21T14:54:15.821889+0600 DEBUG Null id null_id : b'435400040001'
2023-04-21T14:54:15.824147+0600 DEBUG Success step 2 RFID. animal id new: 40103003d496
2023-04-21T14:54:16.793098+0600 INFO ARDUINOSerial<id=0x75b409d0, open=True>(port='/dev/ttyACM0', baudrate=9600, bytesize=8, parity='N', stopbits=1, timeout=1, xonxoff=False, rtscts=False, dsrdtr=False)
2023-04-21T14:54:18.806113+0600 ERROR Error, null weight list
2023-04-21T14:54:18.808231+0600 INFO Start weight: 0
2023-04-21T14:54:18.809928+0600 INFO main: weight_finall
2023-04-21T14:54:18.815429+0600 DEBUG START RFID FUNCTION
2023-04-21T14:54:18.817334+0600 DEBUG START Animal ID animal_id: b'435400040001'
2023-04-21T14:54:18.818967+0600 DEBUG START Null id null_id : b'435400040001'
2023-04-21T14:54:18.867480+0600 DEBUG Raw ID animal_id: b'43540028004501c38d13091e0102011b0101e2806894000040103003d496e2806894200040103003d496c8d2'
2023-04-21T14:54:18.870158+0600 DEBUG New ID animal_id_new: 40103003d496
2023-04-21T14:54:18.872887+0600 DEBUG Null id null_id : b'435400040001'
2023-04-21T14:54:18.876187+0600 DEBUG Success step 2 RFID. animal id new: 40103003d496
2023-04-21T14:54:19.804024+0600 INFO ARDUINOSerial<id=0x75b40f88, open=True>(port='/dev/ttyACM0', baudrate=9600, bytesize=8, parity='N', stopbits=1, timeout=1, xonxoff=False, rtscts=False, dsrdtr=False)
2023-04-21T14:54:21.815641+0600 ERROR Error, null weight list
2023-04-21T14:54:21.817926+0600 INFO Start weight: 0
2023-04-21T14:54:21.821801+0600 INFO main: weight_finall
2023-04-21T14:54:21.826046+0600 DEBUG START RFID FUNCTION
2023-04-21T14:54:21.828014+0600 DEBUG START Animal ID animal_id: b'435400040001'
2023-04-21T14:54:21.829819+0600 DEBUG START Null id null_id : b'435400040001'
2023-04-21T14:54:22.317935+0600 DEBUG Raw ID animal_id: b'43540028004501c38d13091e0102011b0101e2806894000040103003d496e2806894200040103003d496c4d6'
2023-04-21T14:54:22.319355+0600 DEBUG New ID animal_id_new: 40103003d496
2023-04-21T14:54:22.320400+0600 DEBUG Null id null_id : b'435400040001'
2023-04-21T14:54:22.321621+0600 DEBUG Success step 2 RFID. animal id new: 40103003d496
2023-04-21T14:54:22.815998+0600 DEBUG START RFID FUNCTION
2023-04-21T14:54:22.818164+0600 DEBUG START Animal ID animal_id: b'435400040001'
2023-04-21T14:54:22.819951+0600 DEBUG START Null id null_id : b'435400040001'
2023-04-21T14:54:22.867016+0600 DEBUG Raw ID animal_id: b'43540028004501c38d13091e0102011b0101e2806894000040103003d496e2806894200040103003d496cad0'
2023-04-21T14:54:22.868831+0600 DEBUG New ID animal_id_new: 40103003d496
2023-04-21T14:54:22.870474+0600 DEBUG Null id null_id : b'435400040001'
2023-04-21T14:54:22.873175+0600 DEBUG Success step 2 RFID. animal id new: 40103003d496
2023-04-21T14:54:23.822003+0600 INFO ARDUINOSerial<id=0x75b40838, open=True>(port='/dev/ttyACM0', baudrate=9600, bytesize=8, parity='N', stopbits=1, timeout=1, xonxoff=False, rtscts=False, dsrdtr=False)
2023-04-21T14:54:25.834427+0600 ERROR Error, null weight list
2023-04-21T14:54:25.836030+0600 INFO Start weight: 0
2023-04-21T14:54:25.837121+0600 INFO main: weight_finall
2023-04-21T14:54:25.840851+0600 DEBUG START RFID FUNCTION
2023-04-21T14:54:25.842296+0600 DEBUG START Animal ID animal_id: b'435400040001'
2023-04-21T14:54:25.843628+0600 DEBUG START Null id null_id : b'435400040001'
2023-04-21T14:54:25.867173+0600 DEBUG Raw ID animal_id: b'43540028004501c38d13091e0102011b0101e2806894000040103003d496e2806894200040103003d496cbcf'
2023-04-21T14:54:25.869285+0600 DEBUG New ID animal_id_new: 40103003d496
2023-04-21T14:54:25.870939+0600 DEBUG Null id null_id : b'435400040001'
2023-04-21T14:54:25.872631+0600 DEBUG Success step 2 RFID. animal id new: 40103003d496
2023-04-21T14:54:26.831862+0600 INFO ARDUINOSerial<id=0x75b40c10, open=True>(port='/dev/ttyACM0', baudrate=9600, bytesize=8, parity='N', stopbits=1, timeout=1, xonxoff=False, rtscts=False, dsrdtr=False)
2023-04-21T14:54:28.842254+0600 ERROR Error, null weight list
2023-04-21T14:54:28.844505+0600 INFO Start weight: 0
2023-04-21T14:54:28.846246+0600 INFO main: weight_finall
2023-04-21T14:54:28.851027+0600 DEBUG START RFID FUNCTION
2023-04-21T14:54:28.852885+0600 DEBUG START Animal ID animal_id: b'435400040001'
2023-04-21T14:54:28.854687+0600 DEBUG START Null id null_id : b'435400040001'
2023-04-21T14:54:28.867314+0600 DEBUG Raw ID animal_id: b'43540028004501c38d13091e0102011b0101e2806894000040103003d496e2806894200040103003d496cbcf'
2023-04-21T14:54:28.869429+0600 DEBUG New ID animal_id_new: 40103003d496
2023-04-21T14:54:28.871087+0600 DEBUG Null id null_id : b'435400040001'
2023-04-21T14:54:28.873114+0600 DEBUG Success step 2 RFID. animal id new: 40103003d496
2023-04-21T14:54:29.847459+0600 INFO ARDUINOSerial<id=0x75b40880, open=True>(port='/dev/ttyACM0', baudrate=9600, bytesize=8, parity='N', stopbits=1, timeout=1, xonxoff=False, rtscts=False, dsrdtr=False)
2023-04-21T14:54:31.859608+0600 ERROR Error, null weight list
2023-04-21T14:54:31.861782+0600 INFO Start weight: 0
2023-04-21T14:54:31.863500+0600 INFO main: weight_finall
2023-04-21T14:54:31.868684+0600 DEBUG START RFID FUNCTION
2023-04-21T14:54:31.870491+0600 DEBUG START Animal ID animal_id: b'435400040001'
2023-04-21T14:54:31.872174+0600 DEBUG START Null id null_id : b'435400040001'
2023-04-21T14:54:31.967957+0600 DEBUG Raw ID animal_id: b'43540028004501c38d13091e0102011b0101e2806894000040103003d496e2806894200040103003d496cbcf'
2023-04-21T14:54:31.973585+0600 DEBUG New ID animal_id_new: 40103003d496
2023-04-21T14:54:31.979090+0600 DEBUG Null id null_id : b'435400040001'
2023-04-21T14:54:31.988004+0600 DEBUG Success step 2 RFID. animal id new: 40103003d496
2023-04-21T14:54:32.860683+0600 DEBUG START RFID FUNCTION
2023-04-21T14:54:32.862614+0600 DEBUG START Animal ID animal_id: b'435400040001'
2023-04-21T14:54:32.864383+0600 DEBUG START Null id null_id : b'435400040001'
2023-04-21T14:54:33.318104+0600 DEBUG Raw ID animal_id: b'43540028004501c38d13091e0102011b0101e2806894000040103003d496e2806894200040103003d496c9d1'
2023-04-21T14:54:33.319452+0600 DEBUG New ID animal_id_new: 40103003d496
2023-04-21T14:54:33.320409+0600 DEBUG Null id null_id : b'435400040001'
2023-04-21T14:54:33.321536+0600 DEBUG Success step 2 RFID. animal id new: 40103003d496
2023-04-21T14:54:33.863822+0600 DEBUG START RFID FUNCTION
2023-04-21T14:54:33.865788+0600 DEBUG START Animal ID animal_id: b'435400040001'
2023-04-21T14:54:33.868705+0600 DEBUG START Null id null_id : b'435400040001'
2023-04-21T14:54:36.968053+0600 DEBUG Raw ID animal_id: b'43540028004501c38d13091e0102011b0101e2806894000040103003d496e2806894200040103003d496c2d8'
2023-04-21T14:54:36.970137+0600 DEBUG New ID animal_id_new: 40103003d496
2023-04-21T14:54:36.971854+0600 DEBUG Null id null_id : b'435400040001'
2023-04-21T14:54:36.974252+0600 DEBUG Success step 2 RFID. animal id new: 40103003d496
2023-04-21T14:54:37.880195+0600 INFO ARDUINOSerial<id=0x75b40778, open=True>(port='/dev/ttyACM0', baudrate=9600, bytesize=8, parity='N', stopbits=1, timeout=1, xonxoff=False, rtscts=False, dsrdtr=False)
2023-04-21T14:54:39.890727+0600 ERROR Error, null weight list
2023-04-21T14:54:39.892444+0600 INFO Start weight: 0
2023-04-21T14:54:39.895500+0600 INFO main: weight_finall
2023-04-21T14:54:39.899895+0600 DEBUG START RFID FUNCTION
2023-04-21T14:54:39.901325+0600 DEBUG START Animal ID animal_id: b'435400040001'
2023-04-21T14:54:39.902625+0600 DEBUG START Null id null_id : b'435400040001'
2023-04-21T14:54:39.967257+0600 DEBUG Raw ID animal_id: b'43540028004501c38d13091e0102011b0101e2806894000040103003d496e2806894200040103003d496cad0'
2023-04-21T14:54:39.969317+0600 DEBUG New ID animal_id_new: 40103003d496
2023-04-21T14:54:39.971567+0600 DEBUG Null id null_id : b'435400040001'
2023-04-21T14:54:39.974350+0600 DEBUG Success step 2 RFID. animal id new: 40103003d496
2023-04-21T14:54:40.895622+0600 INFO ARDUINOSerial<id=0x75b40880, open=True>(port='/dev/ttyACM0', baudrate=9600, bytesize=8, parity='N', stopbits=1, timeout=1, xonxoff=False, rtscts=False, dsrdtr=False)
2023-04-21T14:54:42.909126+0600 ERROR Error, null weight list
2023-04-21T14:54:42.911218+0600 INFO Start weight: 0
2023-04-21T14:54:42.912729+0600 INFO main: weight_finall
2023-04-21T14:54:42.915482+0600 DEBUG START RFID FUNCTION
2023-04-21T14:54:42.917312+0600 DEBUG START Animal ID animal_id: b'435400040001'
2023-04-21T14:54:42.918932+0600 DEBUG START Null id null_id : b'435400040001'
2023-04-21T14:54:42.967456+0600 DEBUG Raw ID animal_id: b'43540028004501c38d13091e0102011b0101e2806894000040103003d496e2806894200040103003d496cad0'
2023-04-21T14:54:42.973827+0600 DEBUG New ID animal_id_new: 40103003d496
2023-04-21T14:54:42.976113+0600 DEBUG Null id null_id : b'435400040001'
2023-04-21T14:54:42.978646+0600 DEBUG Success step 2 RFID. animal id new: 40103003d496
2023-04-21T14:54:43.906528+0600 INFO ARDUINOSerial<id=0x75b40778, open=True>(port='/dev/ttyACM0', baudrate=9600, bytesize=8, parity='N', stopbits=1, timeout=1, xonxoff=False, rtscts=False, dsrdtr=False)
2023-04-21T14:54:45.917612+0600 ERROR Error, null weight list
2023-04-21T14:54:45.919567+0600 INFO Start weight: 0
2023-04-21T14:54:45.921148+0600 INFO main: weight_finall
2023-04-21T14:54:45.926291+0600 DEBUG START RFID FUNCTION
2023-04-21T14:54:45.928033+0600 DEBUG START Animal ID animal_id: b'435400040001'
2023-04-21T14:54:45.929564+0600 DEBUG START Null id null_id : b'435400040001'
2023-04-21T14:54:46.318163+0600 DEBUG Raw ID animal_id: b'43540028004501c38d13091e0102011b0101e2806894000040103003d496e2806894200040103003d496c8d2'
2023-04-21T14:54:46.319457+0600 DEBUG New ID animal_id_new: 40103003d496
2023-04-21T14:54:46.320393+0600 DEBUG Null id null_id : b'435400040001'
2023-04-21T14:54:46.321438+0600 DEBUG Success step 2 RFID. animal id new: 40103003d496
2023-04-21T14:54:46.919219+0600 DEBUG START RFID FUNCTION
2023-04-21T14:54:46.921112+0600 DEBUG START Animal ID animal_id: b'435400040001'
2023-04-21T14:54:46.922673+0600 DEBUG START Null id null_id : b'435400040001'
2023-04-21T14:54:47.867214+0600 DEBUG Raw ID animal_id: b'43540028004501c38d13091e0102011b0101e2806894000040103003d496e2806894200040103003d496c5d5'
2023-04-21T14:54:47.869193+0600 DEBUG New ID animal_id_new: 40103003d496
2023-04-21T14:54:47.870756+0600 DEBUG Null id null_id : b'435400040001'
2023-04-21T14:54:47.872503+0600 DEBUG Success step 2 RFID. animal id new: 40103003d496
2023-04-21T14:54:47.922556+0600 DEBUG START RFID FUNCTION
2023-04-21T14:54:47.924989+0600 DEBUG START Animal ID animal_id: b'435400040001'
2023-04-21T14:54:47.926685+0600 DEBUG START Null id null_id : b'435400040001'
2023-04-21T14:54:47.968183+0600 DEBUG Raw ID animal_id: b'43540028004501c38d13091e0102011b0101e2806894000040103003d496e2806894200040103003d496c7d3'
2023-04-21T14:54:47.973552+0600 DEBUG New ID animal_id_new: 40103003d496
2023-04-21T14:54:47.978535+0600 DEBUG Null id null_id : b'435400040001'
2023-04-21T14:54:47.984165+0600 DEBUG Success step 2 RFID. animal id new: 40103003d496
2023-04-21T14:54:48.928980+0600 INFO ARDUINOSerial<id=0x75b409a0, open=True>(port='/dev/ttyACM0', baudrate=9600, bytesize=8, parity='N', stopbits=1, timeout=1, xonxoff=False, rtscts=False, dsrdtr=False)
2023-04-21T14:54:50.940916+0600 ERROR Error, null weight list
2023-04-21T14:54:50.942745+0600 INFO Start weight: 0
2023-04-21T14:54:50.945086+0600 INFO main: weight_finall
2023-04-21T14:54:50.949441+0600 DEBUG START RFID FUNCTION
2023-04-21T14:54:50.950974+0600 DEBUG START Animal ID animal_id: b'435400040001'
2023-04-21T14:54:50.952693+0600 DEBUG START Null id null_id : b'435400040001'
2023-04-21T14:54:50.967294+0600 DEBUG Raw ID animal_id: b'43540028004501c38d13091e0102011b0101e2806894000040103003d496e2806894200040103003d496c8d2'
2023-04-21T14:54:50.969113+0600 DEBUG New ID animal_id_new: 40103003d496
2023-04-21T14:54:50.970697+0600 DEBUG Null id null_id : b'435400040001'
2023-04-21T14:54:50.972608+0600 DEBUG Success step 2 RFID. animal id new: 40103003d496
2023-04-21T14:54:51.939117+0600 INFO ARDUINOSerial<id=0x75b40778, open=True>(port='/dev/ttyACM0', baudrate=9600, bytesize=8, parity='N', stopbits=1, timeout=1, xonxoff=False, rtscts=False, dsrdtr=False)
2023-04-21T14:54:53.949225+0600 ERROR Error, null weight list
2023-04-21T14:54:53.951326+0600 INFO Start weight: 0
2023-04-21T14:54:53.952932+0600 INFO main: weight_finall
2023-04-21T14:54:53.956673+0600 DEBUG START RFID FUNCTION
2023-04-21T14:54:53.958643+0600 DEBUG START Animal ID animal_id: b'435400040001'
2023-04-21T14:54:53.960263+0600 DEBUG START Null id null_id : b'435400040001'
2023-04-21T14:54:53.967197+0600 DEBUG Raw ID animal_id: b'43540028004501c38d13091e0102011b0101e2806894000040103003d496e2806894200040103003d496c9d1'
2023-04-21T14:54:53.969355+0600 DEBUG New ID animal_id_new: 40103003d496
2023-04-21T14:54:53.971223+0600 DEBUG Null id null_id : b'435400040001'
2023-04-21T14:54:53.973735+0600 DEBUG Success step 2 RFID. animal id new: 40103003d496
2023-04-21T14:54:54.950755+0600 INFO ARDUINOSerial<id=0x75b40e68, open=True>(port='/dev/ttyACM0', baudrate=9600, bytesize=8, parity='N', stopbits=1, timeout=1, xonxoff=False, rtscts=False, dsrdtr=False)
2023-04-21T14:54:56.962746+0600 ERROR Error, null weight list
2023-04-21T14:54:56.964843+0600 INFO Start weight: 0
2023-04-21T14:54:56.966560+0600 INFO main: weight_finall
2023-04-21T14:54:56.971880+0600 DEBUG START RFID FUNCTION
2023-04-21T14:54:56.973825+0600 DEBUG START Animal ID animal_id: b'435400040001'
2023-04-21T14:54:56.975550+0600 DEBUG START Null id null_id : b'435400040001'
2023-04-21T14:54:57.318357+0600 DEBUG Raw ID animal_id: b'43540028004501c38d13091e0102011b0101e2806894000040103003d496e2806894200040103003d496c7d3'
2023-04-21T14:54:57.319709+0600 DEBUG New ID animal_id_new: 40103003d496
2023-04-21T14:54:57.320724+0600 DEBUG Null id null_id : b'435400040001'
2023-04-21T14:54:57.321889+0600 DEBUG Success step 2 RFID. animal id new: 40103003d496
2023-04-21T14:54:57.962897+0600 DEBUG START RFID FUNCTION
2023-04-21T14:54:57.965027+0600 DEBUG START Animal ID animal_id: b'435400040001'
2023-04-21T14:54:57.966654+0600 DEBUG START Null id null_id : b'435400040001'
2023-04-21T14:55:03.867244+0600 DEBUG Raw ID animal_id: b'43540028004501c38d13091e0102011b0101e2806894000040103003d496e2806894200040103003d496c7d3'
2023-04-21T14:55:03.868991+0600 DEBUG New ID animal_id_new: 40103003d496
2023-04-21T14:55:03.870464+0600 DEBUG Null id null_id : b'435400040001'
2023-04-21T14:55:03.872016+0600 DEBUG Success step 2 RFID. animal id new: 40103003d496
2023-04-21T14:55:03.989385+0600 DEBUG START RFID FUNCTION
2023-04-21T14:55:03.994576+0600 DEBUG START Animal ID animal_id: b'435400040001'
2023-04-21T14:55:03.997774+0600 DEBUG START Null id null_id : b'435400040001'
2023-04-21T14:55:04.068252+0600 DEBUG Raw ID animal_id: b'43540028004501c38d13091e0102011b0101e2806894000040103003d496e2806894200040103003d496c9d1'
2023-04-21T14:55:04.073809+0600 DEBUG New ID animal_id_new: 40103003d496
2023-04-21T14:55:04.079350+0600 DEBUG Null id null_id : b'435400040001'
2023-04-21T14:55:04.085340+0600 DEBUG Success step 2 RFID. animal id new: 40103003d496
2023-04-21T14:55:04.994778+0600 INFO ARDUINOSerial<id=0x75b40778, open=True>(port='/dev/ttyACM0', baudrate=9600, bytesize=8, parity='N', stopbits=1, timeout=1, xonxoff=False, rtscts=False, dsrdtr=False)
2023-04-21T14:55:07.004853+0600 ERROR Error, null weight list
2023-04-21T14:55:07.006995+0600 INFO Start weight: 0
2023-04-21T14:55:07.008721+0600 INFO main: weight_finall
2023-04-21T14:55:07.011432+0600 DEBUG START RFID FUNCTION
2023-04-21T14:55:07.013329+0600 DEBUG START Animal ID animal_id: b'435400040001'
2023-04-21T14:55:07.015016+0600 DEBUG START Null id null_id : b'435400040001'
2023-04-21T14:55:07.067675+0600 DEBUG Raw ID animal_id: b'43540028004501c38d13091e0102011b0101e2806894000040103003d496e2806894200040103003d496cfcb'
2023-04-21T14:55:07.070565+0600 DEBUG New ID animal_id_new: 40103003d496
2023-04-21T14:55:07.072789+0600 DEBUG Null id null_id : b'435400040001'
2023-04-21T14:55:07.076946+0600 DEBUG Success step 2 RFID. animal id new: 40103003d496
2023-04-21T14:55:08.007312+0600 DEBUG START RFID FUNCTION
2023-04-21T14:55:08.009282+0600 DEBUG START Animal ID animal_id: b'435400040001'
2023-04-21T14:55:08.011029+0600 DEBUG START Null id null_id : b'435400040001'
2023-04-21T14:55:08.067738+0600 DEBUG Raw ID animal_id: b'43540028004501c38d13091e0102011b0101e2806894000040103003d496e2806894200040103003d496cecc'
2023-04-21T14:55:08.069992+0600 DEBUG New ID animal_id_new: 40103003d496
2023-04-21T14:55:08.072020+0600 DEBUG Null id null_id : b'435400040001'
2023-04-21T14:55:08.075234+0600 DEBUG Success step 2 RFID. animal id new: 40103003d496
2023-04-21T14:55:09.011724+0600 DEBUG START RFID FUNCTION
2023-04-21T14:55:09.013841+0600 DEBUG START Animal ID animal_id: b'435400040001'
2023-04-21T14:55:09.016644+0600 DEBUG START Null id null_id : b'435400040001'
2023-04-21T14:55:09.318483+0600 DEBUG Raw ID animal_id: b'43540028004501c38d13091e0102011b0101e2806894000040103003d496e2806894200040103003d496cbcf'
2023-04-21T14:55:09.319964+0600 DEBUG New ID animal_id_new: 40103003d496
2023-04-21T14:55:09.320981+0600 DEBUG Null id null_id : b'435400040001'
2023-04-21T14:55:09.322156+0600 DEBUG Success step 2 RFID. animal id new: 40103003d496
2023-04-21T14:55:10.014925+0600 DEBUG START RFID FUNCTION
2023-04-21T14:55:10.016775+0600 DEBUG START Animal ID animal_id: b'435400040001'
2023-04-21T14:55:10.018479+0600 DEBUG START Null id null_id : b'435400040001'
2023-04-21T14:55:15.467558+0600 DEBUG Raw ID animal_id: b'43540028004501c38d13091e0102011b0101e2806894000040103003d496e2806894200040103003d496c5d5'
2023-04-21T14:55:15.469640+0600 DEBUG New ID animal_id_new: 40103003d496
2023-04-21T14:55:15.471417+0600 DEBUG Null id null_id : b'435400040001'
2023-04-21T14:55:15.473726+0600 DEBUG Success step 2 RFID. animal id new: 40103003d496
2023-04-21T14:55:16.040677+0600 DEBUG START RFID FUNCTION
2023-04-21T14:55:16.041964+0600 DEBUG START Animal ID animal_id: b'435400040001'
2023-04-21T14:55:16.042962+0600 DEBUG START Null id null_id : b'435400040001'
2023-04-21T14:55:16.067636+0600 DEBUG Raw ID animal_id: b'43540028004501c38d13091e0102011b0101e2806894000040103003d496e2806894200040103003d496c5d5'
2023-04-21T14:55:16.069074+0600 DEBUG New ID animal_id_new: 40103003d496
2023-04-21T14:55:16.070083+0600 DEBUG Null id null_id : b'435400040001'
2023-04-21T14:55:16.071272+0600 DEBUG Success step 2 RFID. animal id new: 40103003d496
2023-04-21T14:55:17.045312+0600 INFO ARDUINOSerial<id=0x75b40e68, open=True>(port='/dev/ttyACM0', baudrate=9600, bytesize=8, parity='N', stopbits=1, timeout=1, xonxoff=False, rtscts=False, dsrdtr=False)
2023-04-21T14:55:19.056124+0600 ERROR Error, null weight list
2023-04-21T14:55:19.057932+0600 INFO Start weight: 0
2023-04-21T14:55:19.059420+0600 INFO main: weight_finall
2023-04-21T14:55:19.064465+0600 DEBUG START RFID FUNCTION
2023-04-21T14:55:19.066014+0600 DEBUG START Animal ID animal_id: b'435400040001'
2023-04-21T14:55:19.067372+0600 DEBUG START Null id null_id : b'435400040001'
2023-04-21T14:55:19.168750+0600 DEBUG Raw ID animal_id: b'43540028004501c38d13091e0102011b0101e2806894000040103003d496e2806894200040103003d496c9d1'
2023-04-21T14:55:19.174274+0600 DEBUG New ID animal_id_new: 40103003d496
2023-04-21T14:55:19.181373+0600 DEBUG Null id null_id : b'435400040001'
2023-04-21T14:55:19.190780+0600 DEBUG Success step 2 RFID. animal id new: 40103003d496
2023-04-21T14:55:20.060323+0600 INFO ARDUINOSerial<id=0x75b40778, open=True>(port='/dev/ttyACM0', baudrate=9600, bytesize=8, parity='N', stopbits=1, timeout=1, xonxoff=False, rtscts=False, dsrdtr=False)
2023-04-21T14:55:22.072292+0600 ERROR Error, null weight list
2023-04-21T14:55:22.074794+0600 INFO Start weight: 0
2023-04-21T14:55:22.076517+0600 INFO main: weight_finall
2023-04-21T14:55:22.079358+0600 DEBUG START RFID FUNCTION
2023-04-21T14:55:22.081156+0600 DEBUG START Animal ID animal_id: b'435400040001'
2023-04-21T14:55:22.082741+0600 DEBUG START Null id null_id : b'435400040001'
2023-04-21T14:55:22.318619+0600 DEBUG Raw ID animal_id: b'43540028004501c38d13091e0102011b0101e2806894000040103003d496e2806894200040103003d496c6d4'
2023-04-21T14:55:22.319956+0600 DEBUG New ID animal_id_new: 40103003d496
2023-04-21T14:55:22.320963+0600 DEBUG Null id null_id : b'435400040001'
2023-04-21T14:55:22.322094+0600 DEBUG Success step 2 RFID. animal id new: 40103003d496
2023-04-21T14:55:23.070476+0600 DEBUG START RFID FUNCTION
2023-04-21T14:55:23.072557+0600 DEBUG START Animal ID animal_id: b'435400040001'
2023-04-21T14:55:23.074592+0600 DEBUG START Null id null_id : b'435400040001'
2023-04-21T14:55:24.667652+0600 DEBUG Raw ID animal_id: b'43540028004501c38d13091e0102011b0101e2806894000040103003d496e2806894200040103003d496cad0'
2023-04-21T14:55:24.669757+0600 DEBUG New ID animal_id_new: 40103003d496
2023-04-21T14:55:24.671466+0600 DEBUG Null id null_id : b'435400040001'
2023-04-21T14:55:24.673698+0600 DEBUG Success step 2 RFID. animal id new: 40103003d496
2023-04-21T14:55:25.078621+0600 INFO ARDUINOSerial<id=0x75b40ec8, open=True>(port='/dev/ttyACM0', baudrate=9600, bytesize=8, parity='N', stopbits=1, timeout=1, xonxoff=False, rtscts=False, dsrdtr=False)
2023-04-21T14:55:27.086805+0600 ERROR Error, null weight list
2023-04-21T14:55:27.089043+0600 INFO Start weight: 0
2023-04-21T14:55:27.091289+0600 INFO main: weight_finall
2023-04-21T14:55:27.097100+0600 DEBUG START RFID FUNCTION
2023-04-21T14:55:27.099060+0600 DEBUG START Animal ID animal_id: b'435400040001'
2023-04-21T14:55:27.100750+0600 DEBUG START Null id null_id : b'435400040001'
2023-04-21T14:55:27.319126+0600 DEBUG Raw ID animal_id: b'43540028004501c38d13091e0102011b0101e2806894000040103003d496e2806894200040103003d496c3d7'
2023-04-21T14:55:27.321779+0600 DEBUG New ID animal_id_new: 40103003d496
2023-04-21T14:55:27.323806+0600 DEBUG Null id null_id : b'435400040001'
2023-04-21T14:55:27.326894+0600 DEBUG Success step 2 RFID. animal id new: 40103003d496
2023-04-21T14:55:28.093492+0600 INFO ARDUINOSerial<id=0x75b40778, open=True>(port='/dev/ttyACM0', baudrate=9600, bytesize=8, parity='N', stopbits=1, timeout=1, xonxoff=False, rtscts=False, dsrdtr=False)
2023-04-21T14:55:30.105319+0600 ERROR Error, null weight list
2023-04-21T14:55:30.106842+0600 INFO Start weight: 0
2023-04-21T14:55:30.108065+0600 INFO main: weight_finall
2023-04-21T14:55:30.111745+0600 DEBUG START RFID FUNCTION
2023-04-21T14:55:30.113079+0600 DEBUG START Animal ID animal_id: b'435400040001'
2023-04-21T14:55:30.114404+0600 DEBUG START Null id null_id : b'435400040001'
2023-04-21T14:55:30.318708+0600 DEBUG Raw ID animal_id: b'43540028004501c38d13091e0102011b0101e2806894000040103003d496e2806894200040103003d496c3d7'
2023-04-21T14:55:30.320075+0600 DEBUG New ID animal_id_new: 40103003d496
2023-04-21T14:55:30.321041+0600 DEBUG Null id null_id : b'435400040001'
2023-04-21T14:55:30.322219+0600 DEBUG Success step 2 RFID. animal id new: 40103003d496
2023-04-21T14:55:31.104628+0600 INFO ARDUINOSerial<id=0x75b40ec8, open=True>(port='/dev/ttyACM0', baudrate=9600, bytesize=8, parity='N', stopbits=1, timeout=1, xonxoff=False, rtscts=False, dsrdtr=False)
2023-04-21T14:55:33.114003+0600 ERROR Error, null weight list
2023-04-21T14:55:33.116283+0600 INFO Start weight: 0
2023-04-21T14:55:33.117926+0600 INFO main: weight_finall
2023-04-21T14:55:33.123103+0600 DEBUG START RFID FUNCTION
2023-04-21T14:55:33.125094+0600 DEBUG START Animal ID animal_id: b'435400040001'
2023-04-21T14:55:33.126831+0600 DEBUG START Null id null_id : b'435400040001'
2023-04-21T14:55:33.167912+0600 DEBUG Raw ID animal_id: b'43540028004501c38d13091e0102011b0101e2806894000040103003d496e2806894200040103003d496cdcd'
2023-04-21T14:55:33.170212+0600 DEBUG New ID animal_id_new: 40103003d496
2023-04-21T14:55:33.172487+0600 DEBUG Null id null_id : b'435400040001'
2023-04-21T14:55:33.175604+0600 DEBUG Success step 2 RFID. animal id new: 40103003d496
2023-04-21T14:55:34.120271+0600 INFO ARDUINOSerial<id=0x75b40778, open=True>(port='/dev/ttyACM0', baudrate=9600, bytesize=8, parity='N', stopbits=1, timeout=1, xonxoff=False, rtscts=False, dsrdtr=False)
2023-04-21T14:55:36.133712+0600 ERROR Error, null weight list
2023-04-21T14:55:36.135570+0600 INFO Start weight: 0
2023-04-21T14:55:36.137290+0600 INFO main: weight_finall
2023-04-21T14:55:36.140075+0600 DEBUG START RFID FUNCTION
2023-04-21T14:55:36.141780+0600 DEBUG START Animal ID animal_id: b'435400040001'
2023-04-21T14:55:36.143368+0600 DEBUG START Null id null_id : b'435400040001'
2023-04-21T14:55:36.167777+0600 DEBUG Raw ID animal_id: b'43540028004501c38d13091e0102011b0101e2806894000040103003d496e2806894200040103003d496cdcd'
2023-04-21T14:55:36.169566+0600 DEBUG New ID animal_id_new: 40103003d496
2023-04-21T14:55:36.171043+0600 DEBUG Null id null_id : b'435400040001'
2023-04-21T14:55:36.172735+0600 DEBUG Success step 2 RFID. animal id new: 40103003d496
2023-04-21T14:55:37.130769+0600 INFO ARDUINOSerial<id=0x75b40ec8, open=True>(port='/dev/ttyACM0', baudrate=9600, bytesize=8, parity='N', stopbits=1, timeout=1, xonxoff=False, rtscts=False, dsrdtr=False)
2023-04-21T14:55:39.141724+0600 ERROR Error, null weight list
2023-04-21T14:55:39.143734+0600 INFO Start weight: 0
2023-04-21T14:55:39.145355+0600 INFO main: weight_finall
2023-04-21T14:55:39.150101+0600 DEBUG START RFID FUNCTION
2023-04-21T14:55:39.151637+0600 DEBUG START Animal ID animal_id: b'435400040001'
2023-04-21T14:55:39.153120+0600 DEBUG START Null id null_id : b'435400040001'
2023-04-21T14:55:39.167752+0600 DEBUG Raw ID animal_id: b'43540028004501c38d13091e0102011b0101e2806894000040103003d496e2806894200040103003d496cdcd'
2023-04-21T14:55:39.169624+0600 DEBUG New ID animal_id_new: 40103003d496
2023-04-21T14:55:39.171130+0600 DEBUG Null id null_id : b'435400040001'
2023-04-21T14:55:39.172788+0600 DEBUG Success step 2 RFID. animal id new: 40103003d496
2023-04-21T14:55:40.143406+0600 DEBUG START RFID FUNCTION
2023-04-21T14:55:40.145298+0600 DEBUG START Animal ID animal_id: b'435400040001'
2023-04-21T14:55:40.146874+0600 DEBUG START Null id null_id : b'435400040001'
2023-04-21T14:55:40.167775+0600 DEBUG Raw ID animal_id: b'43540028004501c38d13091e0102011b0101e2806894000040103003d496e2806894200040103003d496ccce'
2023-04-21T14:55:40.169651+0600 DEBUG New ID animal_id_new: 40103003d496
2023-04-21T14:55:40.171175+0600 DEBUG Null id null_id : b'435400040001'
2023-04-21T14:55:40.172857+0600 DEBUG Success step 2 RFID. animal id new: 40103003d496
2023-04-21T14:55:41.147679+0600 DEBUG START RFID FUNCTION
2023-04-21T14:55:41.149569+0600 DEBUG START Animal ID animal_id: b'435400040001'
2023-04-21T14:55:41.151077+0600 DEBUG START Null id null_id : b'435400040001'
2023-04-21T14:55:41.318792+0600 DEBUG Raw ID animal_id: b'43540028004501c38d13091e0102011b0101e2806894000040103003d496e2806894200040103003d496c8d2'
2023-04-21T14:55:41.320087+0600 DEBUG New ID animal_id_new: 40103003d496
2023-04-21T14:55:41.321018+0600 DEBUG Null id null_id : b'435400040001'
2023-04-21T14:55:41.322061+0600 DEBUG Success step 2 RFID. animal id new: 40103003d496
2023-04-21T14:55:42.150670+0600 DEBUG START RFID FUNCTION
2023-04-21T14:55:42.151956+0600 DEBUG START Animal ID animal_id: b'435400040001'
2023-04-21T14:55:42.153081+0600 DEBUG START Null id null_id : b'435400040001'
2023-04-21T14:55:42.467541+0600 DEBUG Raw ID animal_id: b'43540028004501c38d13091e0102011b0101e2806894000040103003d496e2806894200040103003d496c1d9'
2023-04-21T14:55:42.468672+0600 DEBUG New ID animal_id_new: 40103003d496
2023-04-21T14:55:42.469592+0600 DEBUG Null id null_id : b'435400040001'
2023-04-21T14:55:42.470632+0600 DEBUG Success step 2 RFID. animal id new: 40103003d496
2023-04-21T14:55:43.155119+0600 DEBUG START RFID FUNCTION
2023-04-21T14:55:43.156661+0600 DEBUG START Animal ID animal_id: b'435400040001'
2023-04-21T14:55:43.157903+0600 DEBUG START Null id null_id : b'435400040001'
2023-04-21T14:55:50.367923+0600 DEBUG Raw ID animal_id: b'43540028004501c38d13091e0102011b0101e2806894000040103003d496e2806894200040103003d496c1d9'
2023-04-21T14:55:50.369756+0600 DEBUG New ID animal_id_new: 40103003d496
2023-04-21T14:55:50.371356+0600 DEBUG Null id null_id : b'435400040001'
2023-04-21T14:55:50.373084+0600 DEBUG Success step 2 RFID. animal id new: 40103003d496
2023-04-21T14:55:51.190950+0600 DEBUG START RFID FUNCTION
2023-04-21T14:55:51.192417+0600 DEBUG START Animal ID animal_id: b'435400040001'
2023-04-21T14:55:51.193639+0600 DEBUG START Null id null_id : b'435400040001'
2023-04-21T14:55:51.319391+0600 DEBUG Raw ID animal_id: b'43540028004501c38d13091e0102011b0101e2806894000040103003d496e2806894200040103003d496cad0'
2023-04-21T14:55:51.324235+0600 DEBUG New ID animal_id_new: 40103003d496
2023-04-21T14:55:51.328082+0600 DEBUG Null id null_id : b'435400040001'
2023-04-21T14:55:51.332493+0600 DEBUG Success step 2 RFID. animal id new: 40103003d496
2023-04-21T14:55:52.194744+0600 DEBUG START RFID FUNCTION
2023-04-21T14:55:52.196634+0600 DEBUG START Animal ID animal_id: b'435400040001'
2023-04-21T14:55:52.198182+0600 DEBUG START Null id null_id : b'435400040001'
2023-04-21T14:55:52.867802+0600 DEBUG Raw ID animal_id: b'43540028004501c38d13091e0102011b0101e2806894000040103003d496e2806894200040103003d496c6d4'
2023-04-21T14:55:52.868960+0600 DEBUG New ID animal_id_new: 40103003d496
2023-04-21T14:55:52.869825+0600 DEBUG Null id null_id : b'435400040001'
2023-04-21T14:55:52.870860+0600 DEBUG Success step 2 RFID. animal id new: 40103003d496
2023-04-21T14:55:53.197209+0600 INFO ARDUINOSerial<id=0x75b40a90, open=True>(port='/dev/ttyACM0', baudrate=9600, bytesize=8, parity='N', stopbits=1, timeout=1, xonxoff=False, rtscts=False, dsrdtr=False)
2023-04-21T14:55:55.208198+0600 ERROR Error, null weight list
2023-04-21T14:55:55.209790+0600 INFO Start weight: 0
2023-04-21T14:55:55.211159+0600 INFO main: weight_finall
2023-04-21T14:55:55.213199+0600 DEBUG START RFID FUNCTION
2023-04-21T14:55:55.214715+0600 DEBUG START Animal ID animal_id: b'435400040001'
2023-04-21T14:55:55.215939+0600 DEBUG START Null id null_id : b'435400040001'
2023-04-21T14:55:55.268089+0600 DEBUG Raw ID animal_id: b'43540028004501c38d13091e0102011b0101e2806894000040103003d496e2806894200040103003d496cdcd'
2023-04-21T14:55:55.269698+0600 DEBUG New ID animal_id_new: 40103003d496
2023-04-21T14:55:55.271320+0600 DEBUG Null id null_id : b'435400040001'
2023-04-21T14:55:55.273711+0600 DEBUG Success step 2 RFID. animal id new: 40103003d496
2023-04-21T14:55:56.209691+0600 DEBUG START RFID FUNCTION
2023-04-21T14:55:56.211153+0600 DEBUG START Animal ID animal_id: b'435400040001'
2023-04-21T14:55:56.212344+0600 DEBUG START Null id null_id : b'435400040001'
2023-04-21T14:55:56.320273+0600 DEBUG Raw ID animal_id: b'43540028004501c38d13091e0102011b0101e2806894000040103003d496e2806894200040103003d496cad0'
2023-04-21T14:55:56.326914+0600 DEBUG New ID animal_id_new: 40103003d496
2023-04-21T14:55:56.330916+0600 DEBUG Null id null_id : b'435400040001'
2023-04-21T14:55:56.340375+0600 DEBUG Success step 2 RFID. animal id new: 40103003d496
2023-04-21T14:55:57.217137+0600 DEBUG START RFID FUNCTION
2023-04-21T14:55:57.218987+0600 DEBUG START Animal ID animal_id: b'435400040001'
2023-04-21T14:55:57.220497+0600 DEBUG START Null id null_id : b'435400040001'
2023-04-21T14:55:57.268067+0600 DEBUG Raw ID animal_id: b'43540028004501c38d13091e0102011b0101e2806894000040103003d496e2806894200040103003d496c3d7'
2023-04-21T14:55:57.269987+0600 DEBUG New ID animal_id_new: 40103003d496
2023-04-21T14:55:57.271567+0600 DEBUG Null id null_id : b'435400040001'
2023-04-21T14:55:57.273517+0600 DEBUG Success step 2 RFID. animal id new: 40103003d496
2023-04-21T14:55:58.220713+0600 DEBUG START RFID FUNCTION
2023-04-21T14:55:58.222651+0600 DEBUG START Animal ID animal_id: b'435400040001'
2023-04-21T14:55:58.224389+0600 DEBUG START Null id null_id : b'435400040001'
2023-04-21T14:55:58.268164+0600 DEBUG Raw ID animal_id: b'43540028004501c38d13091e0102011b0101e2806894000040103003d496e2806894200040103003d496c5d5'
2023-04-21T14:55:58.269970+0600 DEBUG New ID animal_id_new: 40103003d496
2023-04-21T14:55:58.271562+0600 DEBUG Null id null_id : b'435400040001'
2023-04-21T14:55:58.273472+0600 DEBUG Success step 2 RFID. animal id new: 40103003d496
2023-04-21T14:55:59.224384+0600 DEBUG START RFID FUNCTION
2023-04-21T14:55:59.226313+0600 DEBUG START Animal ID animal_id: b'435400040001'
2023-04-21T14:55:59.227916+0600 DEBUG START Null id null_id : b'435400040001'
2023-04-21T14:55:59.319862+0600 DEBUG Raw ID animal_id: b'43540028004501c38d13091e0102011b0101e2806894000040103003d496e2806894200040103003d496c4d6'
2023-04-21T14:55:59.326693+0600 DEBUG New ID animal_id_new: 40103003d496
2023-04-21T14:55:59.330821+0600 DEBUG Null id null_id : b'435400040001'
2023-04-21T14:55:59.335715+0600 DEBUG Success step 2 RFID. animal id new: 40103003d496
2023-04-21T14:56:00.228151+0600 DEBUG START RFID FUNCTION
2023-04-21T14:56:00.230035+0600 DEBUG START Animal ID animal_id: b'435400040001'
2023-04-21T14:56:00.231586+0600 DEBUG START Null id null_id : b'435400040001'
2023-04-21T14:56:00.668003+0600 DEBUG Raw ID animal_id: b'43540028004501c38d13091e0102011b0101e2806894000040103003d496e2806894200040103003d496c5d5'
2023-04-21T14:56:00.669202+0600 DEBUG New ID animal_id_new: 40103003d496
2023-04-21T14:56:00.670041+0600 DEBUG Null id null_id : b'435400040001'
2023-04-21T14:56:00.671067+0600 DEBUG Success step 2 RFID. animal id new: 40103003d496
2023-04-21T14:56:01.233039+0600 INFO ARDUINOSerial<id=0x75b40c70, open=True>(port='/dev/ttyACM0', baudrate=9600, bytesize=8, parity='N', stopbits=1, timeout=1, xonxoff=False, rtscts=False, dsrdtr=False)
2023-04-21T14:56:03.244223+0600 ERROR Error, null weight list
2023-04-21T14:56:03.246166+0600 INFO Start weight: 0
2023-04-21T14:56:03.247731+0600 INFO main: weight_finall
2023-04-21T14:56:03.252475+0600 DEBUG START RFID FUNCTION
2023-04-21T14:56:03.254254+0600 DEBUG START Animal ID animal_id: b'435400040001'
2023-04-21T14:56:03.255774+0600 DEBUG START Null id null_id : b'435400040001'
2023-04-21T14:56:03.268096+0600 DEBUG Raw ID animal_id: b'43540028004501c38d13091e0102011b0101e2806894000040103003d496e2806894200040103003d496c9d1'
2023-04-21T14:56:03.269971+0600 DEBUG New ID animal_id_new: 40103003d496
2023-04-21T14:56:03.271825+0600 DEBUG Null id null_id : b'435400040001'
2023-04-21T14:56:03.273661+0600 DEBUG Success step 2 RFID. animal id new: 40103003d496
2023-04-21T14:56:04.247148+0600 DEBUG START RFID FUNCTION
2023-04-21T14:56:04.249033+0600 DEBUG START Animal ID animal_id: b'435400040001'
2023-04-21T14:56:04.250597+0600 DEBUG START Null id null_id : b'435400040001'
2023-04-21T14:56:04.268408+0600 DEBUG Raw ID animal_id: b'43540028004501c38d13091e0102011b0101e2806894000040103003d496e2806894200040103003d496c2d8'
2023-04-21T14:56:04.270246+0600 DEBUG New ID animal_id_new: 40103003d496
2023-04-21T14:56:04.271809+0600 DEBUG Null id null_id : b'435400040001'
2023-04-21T14:56:04.273939+0600 DEBUG Success step 2 RFID. animal id new: 40103003d496
2023-04-21T14:56:05.250559+0600 DEBUG START RFID FUNCTION
2023-04-21T14:56:05.252414+0600 DEBUG START Animal ID animal_id: b'435400040001'
2023-04-21T14:56:05.254026+0600 DEBUG START Null id null_id : b'435400040001'
2023-04-21T14:56:06.268056+0600 DEBUG Raw ID animal_id: b'43540028004501c38d13091e0102011b0101e2806894000040103003d496e2806894200040103003d496c1d9'
2023-04-21T14:56:06.269937+0600 DEBUG New ID animal_id_new: 40103003d496
2023-04-21T14:56:06.271439+0600 DEBUG Null id null_id : b'435400040001'
2023-04-21T14:56:06.273344+0600 DEBUG Success step 2 RFID. animal id new: 40103003d496
2023-04-21T14:56:07.259325+0600 INFO ARDUINOSerial<id=0x75b40df0, open=True>(port='/dev/ttyACM0', baudrate=9600, bytesize=8, parity='N', stopbits=1, timeout=1, xonxoff=False, rtscts=False, dsrdtr=False)
2023-04-21T14:56:09.268699+0600 ERROR Error, null weight list
2023-04-21T14:56:09.270254+0600 INFO Start weight: 0
2023-04-21T14:56:09.271534+0600 INFO main: weight_finall
2023-04-21T14:56:09.274070+0600 DEBUG START RFID FUNCTION
2023-04-21T14:56:09.275558+0600 DEBUG START Animal ID animal_id: b'435400040001'
2023-04-21T14:56:09.276941+0600 DEBUG START Null id null_id : b'435400040001'
2023-04-21T14:56:09.319287+0600 DEBUG Raw ID animal_id: b'43540028004501c38d13091e0102011b0101e2806894000040103003d496e2806894200040103003d496c7d3'
2023-04-21T14:56:09.321351+0600 DEBUG New ID animal_id_new: 40103003d496
2023-04-21T14:56:09.323398+0600 DEBUG Null id null_id : b'435400040001'
2023-04-21T14:56:09.325355+0600 DEBUG Success step 2 RFID. animal id new: 40103003d496
2023-04-21T14:56:10.272460+0600 DEBUG START RFID FUNCTION
2023-04-21T14:56:10.274533+0600 DEBUG START Animal ID animal_id: b'435400040001'
2023-04-21T14:56:10.276209+0600 DEBUG START Null id null_id : b'435400040001'
2023-04-21T14:56:10.319241+0600 DEBUG Raw ID animal_id: b'43540028004501c38d13091e0102011b0101e2806894000040103003d496e2806894200040103003d496c5d5'
2023-04-21T14:56:10.320915+0600 DEBUG New ID animal_id_new: 40103003d496
2023-04-21T14:56:10.322379+0600 DEBUG Null id null_id : b'435400040001'
2023-04-21T14:56:10.324159+0600 DEBUG Success step 2 RFID. animal id new: 40103003d496
2023-04-21T14:56:11.275914+0600 DEBUG START RFID FUNCTION
2023-04-21T14:56:11.277901+0600 DEBUG START Animal ID animal_id: b'435400040001'
2023-04-21T14:56:11.279571+0600 DEBUG START Null id null_id : b'435400040001'
2023-04-21T14:56:12.868105+0600 DEBUG Raw ID animal_id: b'43540028004501c38d13091e0102011b0101e2806894000040103003d496e2806894200040103003d496c1d9'
2023-04-21T14:56:12.870002+0600 DEBUG New ID animal_id_new: 40103003d496
2023-04-21T14:56:12.871473+0600 DEBUG Null id null_id : b'435400040001'
2023-04-21T14:56:12.873184+0600 DEBUG Success step 2 RFID. animal id new: 40103003d496
2023-04-21T14:56:13.283162+0600 DEBUG START RFID FUNCTION
2023-04-21T14:56:13.284423+0600 DEBUG START Animal ID animal_id: b'435400040001'
2023-04-21T14:56:13.285353+0600 DEBUG START Null id null_id : b'435400040001'
2023-04-21T14:56:13.319230+0600 DEBUG Raw ID animal_id: b'43540028004501c38d13091e0102011b0101e2806894000040103003d496e2806894200040103003d496c3d7'
2023-04-21T14:56:13.320453+0600 DEBUG New ID animal_id_new: 40103003d496
2023-04-21T14:56:13.321704+0600 DEBUG Null id null_id : b'435400040001'
2023-04-21T14:56:13.323340+0600 DEBUG Success step 2 RFID. animal id new: 40103003d496
2023-04-21T14:56:14.286921+0600 DEBUG START RFID FUNCTION
2023-04-21T14:56:14.290891+0600 DEBUG START Animal ID animal_id: b'435400040001'
2023-04-21T14:56:14.293120+0600 DEBUG START Null id null_id : b'435400040001'
2023-04-21T14:56:14.319471+0600 DEBUG Raw ID animal_id: b'43540028004501c38d13091e0102011b0101e2806894000040103003d496e2806894200040103003d496c7d3'
2023-04-21T14:56:14.321328+0600 DEBUG New ID animal_id_new: 40103003d496
2023-04-21T14:56:14.323038+0600 DEBUG Null id null_id : b'435400040001'
2023-04-21T14:56:14.325461+0600 DEBUG Success step 2 RFID. animal id new: 40103003d496
2023-04-21T14:56:15.291976+0600 INFO ARDUINOSerial<id=0x75b40c70, open=True>(port='/dev/ttyACM0', baudrate=9600, bytesize=8, parity='N', stopbits=1, timeout=1, xonxoff=False, rtscts=False, dsrdtr=False)
2023-04-21T14:56:17.303752+0600 ERROR Error, null weight list
2023-04-21T14:56:17.305874+0600 INFO Start weight: 0
2023-04-21T14:56:17.307754+0600 INFO main: weight_finall
2023-04-21T14:56:17.311041+0600 DEBUG START RFID FUNCTION
2023-04-21T14:56:17.312929+0600 DEBUG START Animal ID animal_id: b'435400040001'
2023-04-21T14:56:17.314862+0600 DEBUG START Null id null_id : b'435400040001'
2023-04-21T14:56:17.368591+0600 DEBUG Raw ID animal_id: b'43540028004501c38d13091e0102011b0101e2806894000040103003d496e2806894200040103003d496cecc'
2023-04-21T14:56:17.370557+0600 DEBUG New ID animal_id_new: 40103003d496
2023-04-21T14:56:17.372706+0600 DEBUG Null id null_id : b'435400040001'
2023-04-21T14:56:17.375287+0600 DEBUG Success step 2 RFID. animal id new: 40103003d496
2023-04-21T14:56:18.305287+0600 DEBUG START RFID FUNCTION
2023-04-21T14:56:18.307099+0600 DEBUG START Animal ID animal_id: b'435400040001'
2023-04-21T14:56:18.308543+0600 DEBUG START Null id null_id : b'435400040001'
2023-04-21T14:56:18.319291+0600 DEBUG Raw ID animal_id: b'43540028004501c38d13091e0102011b0101e2806894000040103003d496e2806894200040103003d496c5d5'
2023-04-21T14:56:18.320997+0600 DEBUG New ID animal_id_new: 40103003d496
2023-04-21T14:56:18.322509+0600 DEBUG Null id null_id : b'435400040001'
2023-04-21T14:56:18.324751+0600 DEBUG Success step 2 RFID. animal id new: 40103003d496
2023-04-21T14:56:19.308663+0600 DEBUG START RFID FUNCTION
2023-04-21T14:56:19.310695+0600 DEBUG START Animal ID animal_id: b'435400040001'
2023-04-21T14:56:19.313112+0600 DEBUG START Null id null_id : b'435400040001'
2023-04-21T14:56:19.319307+0600 DEBUG Raw ID animal_id: b'43540028004501c38d13091e0102011b0101e2806894000040103003d496e2806894200040103003d496c3d7'
2023-04-21T14:56:19.321113+0600 DEBUG New ID animal_id_new: 40103003d496
2023-04-21T14:56:19.322933+0600 DEBUG Null id null_id : b'435400040001'
2023-04-21T14:56:19.325381+0600 DEBUG Success step 2 RFID. animal id new: 40103003d496
2023-04-21T14:56:20.312965+0600 DEBUG START RFID FUNCTION
2023-04-21T14:56:20.314622+0600 DEBUG START Animal ID animal_id: b'435400040001'
2023-04-21T14:56:20.316092+0600 DEBUG START Null id null_id : b'435400040001'
2023-04-21T14:56:31.968492+0600 DEBUG Raw ID animal_id: b'43540028004501c38d13091e0102011b0101e2806894000040103003d496e2806894200040103003d496c1d9'
2023-04-21T14:56:31.970612+0600 DEBUG New ID animal_id_new: 40103003d496
2023-04-21T14:56:31.972191+0600 DEBUG Null id null_id : b'435400040001'
2023-04-21T14:56:31.974437+0600 DEBUG Success step 2 RFID. animal id new: 40103003d496
2023-04-21T14:56:32.364729+0600 DEBUG START RFID FUNCTION
2023-04-21T14:56:32.366012+0600 DEBUG START Animal ID animal_id: b'435400040001'
2023-04-21T14:56:32.366958+0600 DEBUG START Null id null_id : b'435400040001'
2023-04-21T14:56:32.469702+0600 DEBUG Raw ID animal_id: b'43540028004501c38d13091e0102011b0101e2806894000040103003d496e2806894200040103003d496c7d3'
2023-04-21T14:56:32.472247+0600 DEBUG New ID animal_id_new: 40103003d496
2023-04-21T14:56:32.474073+0600 DEBUG Null id null_id : b'435400040001'
2023-04-21T14:56:32.476590+0600 DEBUG Success step 2 RFID. animal id new: 40103003d496
2023-04-21T14:56:33.367988+0600 DEBUG START RFID FUNCTION
2023-04-21T14:56:33.369612+0600 DEBUG START Animal ID animal_id: b'435400040001'
2023-04-21T14:56:33.370953+0600 DEBUG START Null id null_id : b'435400040001'
2023-04-21T14:56:33.469362+0600 DEBUG Raw ID animal_id: b'43540028004501c38d13091e0102011b0101e2806894000040103003d496e2806894200040103003d496c9d1'
2023-04-21T14:56:33.473791+0600 DEBUG New ID animal_id_new: 40103003d496
2023-04-21T14:56:33.478704+0600 DEBUG Null id null_id : b'435400040001'
2023-04-21T14:56:33.485279+0600 DEBUG Success step 2 RFID. animal id new: 40103003d496
2023-04-21T14:56:34.373353+0600 INFO ARDUINOSerial<id=0x75b40df0, open=True>(port='/dev/ttyACM0', baudrate=9600, bytesize=8, parity='N', stopbits=1, timeout=1, xonxoff=False, rtscts=False, dsrdtr=False)
2023-04-21T14:56:36.384220+0600 ERROR Error, null weight list
2023-04-21T14:56:36.386369+0600 INFO Start weight: 0
2023-04-21T14:56:36.388013+0600 INFO main: weight_finall
2023-04-21T14:56:36.390660+0600 DEBUG START RFID FUNCTION
2023-04-21T14:56:36.392705+0600 DEBUG START Animal ID animal_id: b'435400040001'
2023-04-21T14:56:36.394494+0600 DEBUG START Null id null_id : b'435400040001'
2023-04-21T14:56:36.469419+0600 DEBUG Raw ID animal_id: b'43540028004501c38d13091e0102011b0101e2806894000040103003d496e2806894200040103003d496c9d1'
2023-04-21T14:56:36.472365+0600 DEBUG New ID animal_id_new: 40103003d496
2023-04-21T14:56:36.474836+0600 DEBUG Null id null_id : b'435400040001'
2023-04-21T14:56:36.478581+0600 DEBUG Success step 2 RFID. animal id new: 40103003d496
2023-04-21T14:56:37.386878+0600 DEBUG START RFID FUNCTION
2023-04-21T14:56:37.388815+0600 DEBUG START Animal ID animal_id: b'435400040001'
2023-04-21T14:56:37.391977+0600 DEBUG START Null id null_id : b'435400040001'
2023-04-21T14:56:37.469439+0600 DEBUG Raw ID animal_id: b'43540028004501c38d13091e0102011b0101e2806894000040103003d496e2806894200040103003d496c6d4'
2023-04-21T14:56:37.475240+0600 DEBUG New ID animal_id_new: 40103003d496
2023-04-21T14:56:37.480340+0600 DEBUG Null id null_id : b'435400040001'
2023-04-21T14:56:37.488565+0600 DEBUG Success step 2 RFID. animal id new: 40103003d496
2023-04-21T14:56:38.390595+0600 DEBUG START RFID FUNCTION
2023-04-21T14:56:38.392594+0600 DEBUG START Animal ID animal_id: b'435400040001'
2023-04-21T14:56:38.394661+0600 DEBUG START Null id null_id : b'435400040001'
2023-04-21T14:56:38.468780+0600 DEBUG Raw ID animal_id: b'43540028004501c38d13091e0102011b0101e2806894000040103003d496e2806894200040103003d496c9d1'
2023-04-21T14:56:38.470962+0600 DEBUG New ID animal_id_new: 40103003d496
2023-04-21T14:56:38.472308+0600 DEBUG Null id null_id : b'435400040001'
2023-04-21T14:56:38.476185+0600 DEBUG Success step 2 RFID. animal id new: 40103003d496
2023-04-21T14:56:39.393743+0600 DEBUG START RFID FUNCTION
2023-04-21T14:56:39.395880+0600 DEBUG START Animal ID animal_id: b'435400040001'
2023-04-21T14:56:39.397709+0600 DEBUG START Null id null_id : b'435400040001'
2023-04-21T14:56:39.468839+0600 DEBUG Raw ID animal_id: b'43540028004501c38d13091e0102011b0101e2806894000040103003d496e2806894200040103003d496cad0'
2023-04-21T14:56:39.472219+0600 DEBUG New ID animal_id_new: 40103003d496
2023-04-21T14:56:39.476904+0600 DEBUG Null id null_id : b'435400040001'
2023-04-21T14:56:39.484455+0600 DEBUG Success step 2 RFID. animal id new: 40103003d496
2023-04-21T14:56:40.397598+0600 DEBUG START RFID FUNCTION
2023-04-21T14:56:40.399641+0600 DEBUG START Animal ID animal_id: b'435400040001'
2023-04-21T14:56:40.401225+0600 DEBUG START Null id null_id : b'435400040001'
2023-04-21T14:56:40.469127+0600 DEBUG Raw ID animal_id: b'43540028004501c38d13091e0102011b0101e2806894000040103003d496e2806894200040103003d496c9d1'
2023-04-21T14:56:40.471754+0600 DEBUG New ID animal_id_new: 40103003d496
2023-04-21T14:56:40.473937+0600 DEBUG Null id null_id : b'435400040001'
2023-04-21T14:56:40.476198+0600 DEBUG Success step 2 RFID. animal id new: 40103003d496
2023-04-21T14:56:41.400943+0600 DEBUG START RFID FUNCTION
2023-04-21T14:56:41.402900+0600 DEBUG START Animal ID animal_id: b'435400040001'
2023-04-21T14:56:41.404832+0600 DEBUG START Null id null_id : b'435400040001'
2023-04-21T14:56:41.468906+0600 DEBUG Raw ID animal_id: b'43540028004501c38d13091e0102011b0101e2806894000040103003d496e2806894200040103003d496c9d1'
2023-04-21T14:56:41.471728+0600 DEBUG New ID animal_id_new: 40103003d496
2023-04-21T14:56:41.473969+0600 DEBUG Null id null_id : b'435400040001'
2023-04-21T14:56:41.477121+0600 DEBUG Success step 2 RFID. animal id new: 40103003d496
2023-04-21T14:56:42.408816+0600 DEBUG START RFID FUNCTION
2023-04-21T14:56:42.410773+0600 DEBUG START Animal ID animal_id: b'435400040001'
2023-04-21T14:56:42.413065+0600 DEBUG START Null id null_id : b'435400040001'
2023-04-21T14:56:42.819621+0600 DEBUG Raw ID animal_id: b'43540028004501c38d13091e0102011b0101e2806894000040103003d496e2806894200040103003d496cad0'
2023-04-21T14:56:42.820971+0600 DEBUG New ID animal_id_new: 40103003d496
2023-04-21T14:56:42.821920+0600 DEBUG Null id null_id : b'435400040001'
2023-04-21T14:56:42.822960+0600 DEBUG Success step 2 RFID. animal id new: 40103003d496
2023-04-21T14:56:43.411947+0600 DEBUG START RFID FUNCTION
2023-04-21T14:56:43.414046+0600 DEBUG START Animal ID animal_id: b'435400040001'
2023-04-21T14:56:43.415797+0600 DEBUG START Null id null_id : b'435400040001'
2023-04-21T14:56:44.668828+0600 DEBUG Raw ID animal_id: b'43540028004501c38d13091e0102011b0101e2806894000040103003d496e2806894200040103003d496c5d5'
2023-04-21T14:56:44.671015+0600 DEBUG New ID animal_id_new: 40103003d496
2023-04-21T14:56:44.672615+0600 DEBUG Null id null_id : b'435400040001'
2023-04-21T14:56:44.674810+0600 DEBUG Success step 2 RFID. animal id new: 40103003d496
2023-04-21T14:56:45.420417+0600 INFO ARDUINOSerial<id=0x75b40748, open=True>(port='/dev/ttyACM0', baudrate=9600, bytesize=8, parity='N', stopbits=1, timeout=1, xonxoff=False, rtscts=False, dsrdtr=False)
2023-04-21T14:56:47.428143+0600 ERROR Error, null weight list
2023-04-21T14:56:47.429856+0600 INFO Start weight: 0
2023-04-21T14:56:47.431176+0600 INFO main: weight_finall
2023-04-21T14:56:47.433421+0600 DEBUG START RFID FUNCTION
2023-04-21T14:56:47.434905+0600 DEBUG START Animal ID animal_id: b'435400040001'
2023-04-21T14:56:47.436262+0600 DEBUG START Null id null_id : b'435400040001'
2023-04-21T14:56:47.468830+0600 DEBUG Raw ID animal_id: b'43540028004501c38d13091e0102011b0101e2806894000040103003d496e2806894200040103003d496cecc'
2023-04-21T14:56:47.470534+0600 DEBUG New ID animal_id_new: 40103003d496
2023-04-21T14:56:47.471889+0600 DEBUG Null id null_id : b'435400040001'
2023-04-21T14:56:47.473570+0600 DEBUG Success step 2 RFID. animal id new: 40103003d496
2023-04-21T14:56:48.433288+0600 INFO ARDUINOSerial<id=0x75b40df0, open=True>(port='/dev/ttyACM0', baudrate=9600, bytesize=8, parity='N', stopbits=1, timeout=1, xonxoff=False, rtscts=False, dsrdtr=False)
2023-04-21T14:56:50.444929+0600 ERROR Error, null weight list
2023-04-21T14:56:50.447061+0600 INFO Start weight: 0
2023-04-21T14:56:50.448765+0600 INFO main: weight_finall
2023-04-21T14:56:50.451401+0600 DEBUG START RFID FUNCTION
2023-04-21T14:56:50.453181+0600 DEBUG START Animal ID animal_id: b'435400040001'
2023-04-21T14:56:50.455038+0600 DEBUG START Null id null_id : b'435400040001'
2023-04-21T14:56:50.819681+0600 DEBUG Raw ID animal_id: b'43540028004501c38d13091e0102011b0101e2806894000040103003d496e2806894200040103003d496c6d4'
2023-04-21T14:56:50.824392+0600 DEBUG New ID animal_id_new: 40103003d496
2023-04-21T14:56:50.825899+0600 DEBUG Null id null_id : b'435400040001'
2023-04-21T14:56:50.827171+0600 DEBUG Success step 2 RFID. animal id new: 40103003d496
2023-04-21T14:56:51.445317+0600 DEBUG START RFID FUNCTION
2023-04-21T14:56:51.447340+0600 DEBUG START Animal ID animal_id: b'435400040001'
2023-04-21T14:56:51.449023+0600 DEBUG START Null id null_id : b'435400040001'
2023-04-21T14:57:20.069194+0600 DEBUG Raw ID animal_id: b'43540028004501c38d13091e0102011b0101e2806894000040103003d496e2806894200040103003d496c0da'
2023-04-21T14:57:20.071323+0600 DEBUG New ID animal_id_new: 40103003d496
2023-04-21T14:57:20.073079+0600 DEBUG Null id null_id : b'435400040001'
2023-04-21T14:57:20.075575+0600 DEBUG Success step 2 RFID. animal id new: 40103003d496
2023-04-21T14:57:20.570722+0600 DEBUG START RFID FUNCTION
2023-04-21T14:57:20.572011+0600 DEBUG START Animal ID animal_id: b'435400040001'
2023-04-21T14:57:20.572942+0600 DEBUG START Null id null_id : b'435400040001'
2023-04-21T14:57:21.369192+0600 DEBUG Raw ID animal_id: b'43540028004501c38d13091e0102011b0101e2806894000040103003d496e2806894200040103003d496c0da'
2023-04-21T14:57:21.371293+0600 DEBUG New ID animal_id_new: 40103003d496
2023-04-21T14:57:21.373004+0600 DEBUG Null id null_id : b'435400040001'
2023-04-21T14:57:21.375061+0600 DEBUG Success step 2 RFID. animal id new: 40103003d496
2023-04-21T14:57:21.575051+0600 INFO ARDUINOSerial<id=0x75b40688, open=True>(port='/dev/ttyACM0', baudrate=9600, bytesize=8, parity='N', stopbits=1, timeout=1, xonxoff=False, rtscts=False, dsrdtr=False)
2023-04-21T14:57:23.582849+0600 ERROR Error, null weight list
2023-04-21T14:57:23.585067+0600 INFO Start weight: 0
2023-04-21T14:57:23.586825+0600 INFO main: weight_finall
2023-04-21T14:57:23.589659+0600 DEBUG START RFID FUNCTION
2023-04-21T14:57:23.591452+0600 DEBUG START Animal ID animal_id: b'435400040001'
2023-04-21T14:57:23.592946+0600 DEBUG START Null id null_id : b'435400040001'
2023-04-21T14:57:23.670371+0600 DEBUG Raw ID animal_id: b'43540028004501c38d13091e0102011b0101e2806894000040103003d496e2806894200040103003d496c1d9'
2023-04-21T14:57:23.676692+0600 DEBUG New ID animal_id_new: 40103003d496
2023-04-21T14:57:23.682892+0600 DEBUG Null id null_id : b'435400040001'
2023-04-21T14:57:23.691533+0600 DEBUG Success step 2 RFID. animal id new: 40103003d496
2023-04-21T14:57:24.584805+0600 DEBUG START RFID FUNCTION
2023-04-21T14:57:24.586424+0600 DEBUG START Animal ID animal_id: b'435400040001'
2023-04-21T14:57:24.587755+0600 DEBUG START Null id null_id : b'435400040001'
2023-04-21T14:57:24.820072+0600 DEBUG Raw ID animal_id: b'43540028004501c38d13091e0102011b0101e2806894000040103003d496e2806894200040103003d496c2d8'
2023-04-21T14:57:24.821400+0600 DEBUG New ID animal_id_new: 40103003d496
2023-04-21T14:57:24.822387+0600 DEBUG Null id null_id : b'435400040001'
2023-04-21T14:57:24.823583+0600 DEBUG Success step 2 RFID. animal id new: 40103003d496
2023-04-21T14:57:25.592609+0600 DEBUG START RFID FUNCTION
2023-04-21T14:57:25.594096+0600 DEBUG START Animal ID animal_id: b'435400040001'
2023-04-21T14:57:25.595260+0600 DEBUG START Null id null_id : b'435400040001'
