2023-04-18T16:38:22.051715+0600 INFO Connect arduino /dev/ttyACM0
2023-04-18T16:38:22.053682+0600 INFO Configuration of serial, Serial<id=0x75d36838, open=True>(port='/dev/ttyACM0', baudrate=9600, bytesize=8, parity='N', stopbits=1, timeout=None, xonxoff=False, rtscts=False, dsrdtr=False)
2023-04-18T16:38:22.054720+0600 INFO Success: Arduino connected
2023-04-18T16:38:22.060529+0600 INFO ("[1] to calibrate
" "[2] to start measure
>")
2023-04-18T16:38:28.972115+0600 DEBUG START RFID FUNCTION
2023-04-18T16:38:28.974332+0600 DEBUG START Animal ID animal_id: b'435400040001'
2023-04-18T16:38:28.975941+0600 DEBUG START Null id null_id : b'435400040001'
2023-04-18T16:38:29.274148+0600 DEBUG Raw ID animal_id: b'43540028004501c38d13091e0102011b0101e2806894000040103003d496e2806894200040103003d496c2d8'
2023-04-18T16:38:29.275476+0600 DEBUG New ID animal_id_new: 40103003d496
2023-04-18T16:38:29.276446+0600 DEBUG Null id null_id : b'435400040001'
2023-04-18T16:38:29.277573+0600 DEBUG Success step 2 RFID. animal id new: 40103003d496
2023-04-18T16:38:29.835011+0600 DEBUG START RFID FUNCTION
2023-04-18T16:38:29.836808+0600 DEBUG START Animal ID animal_id: b'435400040001'
2023-04-18T16:38:29.838381+0600 DEBUG START Null id null_id : b'435400040001'
2023-04-18T16:38:36.021529+0600 DEBUG Raw ID animal_id: b'43540028004501c38d13091e0102011b0101e20000174007010117406415e2003412013dfc000ad7a65ec433'
2023-04-18T16:38:36.023712+0600 DEBUG New ID animal_id_new: fc000ad7a65e
2023-04-18T16:38:36.025321+0600 DEBUG Null id null_id : b'435400040001'
2023-04-18T16:38:36.027081+0600 DEBUG Success step 2 RFID. animal id new: fc000ad7a65e
2023-04-18T16:38:36.861100+0600 DEBUG START RFID FUNCTION
2023-04-18T16:38:36.862666+0600 DEBUG START Animal ID animal_id: b'435400040001'
2023-04-18T16:38:36.864074+0600 DEBUG START Null id null_id : b'435400040001'
2023-04-18T16:38:37.021018+0600 DEBUG Raw ID animal_id: b'43540028004501c38d13091e0102011b0101e20000174007010117406415e2003412013dfc000ad7a65ec433'
2023-04-18T16:38:37.022315+0600 DEBUG New ID animal_id_new: fc000ad7a65e
2023-04-18T16:38:37.023330+0600 DEBUG Null id null_id : b'435400040001'
2023-04-18T16:38:37.024414+0600 DEBUG Success step 2 RFID. animal id new: fc000ad7a65e
2023-04-18T16:38:37.865351+0600 DEBUG START RFID FUNCTION
2023-04-18T16:38:37.866806+0600 DEBUG START Animal ID animal_id: b'435400040001'
2023-04-18T16:38:37.867835+0600 DEBUG START Null id null_id : b'435400040001'
2023-04-18T16:38:37.921024+0600 DEBUG Raw ID animal_id: b'43540028004501c38d13091e0102011b0101e20000174007010117406415e2003412013dfc000ad7a65eca2d'
2023-04-18T16:38:37.922895+0600 DEBUG New ID animal_id_new: fc000ad7a65e
2023-04-18T16:38:37.924226+0600 DEBUG Null id null_id : b'435400040001'
2023-04-18T16:38:37.925475+0600 DEBUG Success step 2 RFID. animal id new: fc000ad7a65e
2023-04-18T16:38:38.868182+0600 DEBUG START RFID FUNCTION
2023-04-18T16:38:38.869761+0600 DEBUG START Animal ID animal_id: b'435400040001'
2023-04-18T16:38:38.870990+0600 DEBUG START Null id null_id : b'435400040001'
2023-04-18T16:38:38.920974+0600 DEBUG Raw ID animal_id: b'43540028004501c38d13091e0102011b0101e20000174007010117406415e2003412013dfc000ad7a65eca2d'
2023-04-18T16:38:38.923038+0600 DEBUG New ID animal_id_new: fc000ad7a65e
2023-04-18T16:38:38.924688+0600 DEBUG Null id null_id : b'435400040001'
2023-04-18T16:38:38.926787+0600 DEBUG Success step 2 RFID. animal id new: fc000ad7a65e
2023-04-18T16:38:39.871297+0600 DEBUG START RFID FUNCTION
2023-04-18T16:38:39.873251+0600 DEBUG START Animal ID animal_id: b'435400040001'
2023-04-18T16:38:39.874827+0600 DEBUG START Null id null_id : b'435400040001'
2023-04-18T16:38:39.920536+0600 DEBUG Raw ID animal_id: b'43540028004501c38d13091e0102011b0101e20000174007010117406415e2003412013dfc000ad7a65eca2d'
2023-04-18T16:38:39.922502+0600 DEBUG New ID animal_id_new: fc000ad7a65e
2023-04-18T16:38:39.924365+0600 DEBUG Null id null_id : b'435400040001'
2023-04-18T16:38:39.926164+0600 DEBUG Success step 2 RFID. animal id new: fc000ad7a65e
2023-04-18T16:38:40.878841+0600 DEBUG START RFID FUNCTION
2023-04-18T16:38:40.880735+0600 DEBUG START Animal ID animal_id: b'435400040001'
2023-04-18T16:38:40.882350+0600 DEBUG START Null id null_id : b'435400040001'
2023-04-18T16:38:40.920284+0600 DEBUG Raw ID animal_id: b'43540028004501c38d13091e0102011b0101e20000174007010117406415e2003412013dfc000ad7a65eca2d'
2023-04-18T16:38:40.922513+0600 DEBUG New ID animal_id_new: fc000ad7a65e
2023-04-18T16:38:40.924548+0600 DEBUG Null id null_id : b'435400040001'
2023-04-18T16:38:40.926312+0600 DEBUG Success step 2 RFID. animal id new: fc000ad7a65e
2023-04-18T16:38:41.882917+0600 DEBUG START RFID FUNCTION
2023-04-18T16:38:41.884752+0600 DEBUG START Animal ID animal_id: b'435400040001'
2023-04-18T16:38:41.887693+0600 DEBUG START Null id null_id : b'435400040001'
2023-04-18T16:38:42.270866+0600 DEBUG Raw ID animal_id: b'43540028004501c38d13091e0102011b0101e20000174007010117406415e2003412013dfc000ad7a65ec82f'
2023-04-18T16:38:42.272158+0600 DEBUG New ID animal_id_new: fc000ad7a65e
2023-04-18T16:38:42.273175+0600 DEBUG Null id null_id : b'435400040001'
2023-04-18T16:38:42.274229+0600 DEBUG Success step 2 RFID. animal id new: fc000ad7a65e
2023-04-18T16:38:42.886070+0600 DEBUG START RFID FUNCTION
2023-04-18T16:38:42.887950+0600 DEBUG START Animal ID animal_id: b'435400040001'
2023-04-18T16:38:42.889487+0600 DEBUG START Null id null_id : b'435400040001'
2023-04-18T16:38:50.417839+0600 DEBUG Raw ID animal_id: b'43540028004501c38d13091e0102011b0101e20000174007010117406415e2003412013dfc000ad7a65ec433'
2023-04-18T16:38:50.419395+0600 DEBUG New ID animal_id_new: fc000ad7a65e
2023-04-18T16:38:50.420568+0600 DEBUG Null id null_id : b'435400040001'
2023-04-18T16:38:50.421837+0600 DEBUG Success step 2 RFID. animal id new: fc000ad7a65e
2023-04-18T16:38:50.915932+0600 DEBUG START RFID FUNCTION
2023-04-18T16:38:50.917163+0600 DEBUG START Animal ID animal_id: b'435400040001'
2023-04-18T16:38:50.918694+0600 DEBUG START Null id null_id : b'435400040001'
2023-04-18T16:38:51.018500+0600 DEBUG Raw ID animal_id: b'43540028004501c38d13091e0102011b0101e20000174007010117406415e2003412013dfc000ad7a65ec730'
2023-04-18T16:38:51.022912+0600 DEBUG New ID animal_id_new: fc000ad7a65e
2023-04-18T16:38:51.026908+0600 DEBUG Null id null_id : b'435400040001'
2023-04-18T16:38:51.031119+0600 DEBUG Success step 2 RFID. animal id new: fc000ad7a65e
2023-04-18T16:38:51.920593+0600 DEBUG START RFID FUNCTION
2023-04-18T16:38:51.922488+0600 DEBUG START Animal ID animal_id: b'435400040001'
2023-04-18T16:38:51.924249+0600 DEBUG START Null id null_id : b'435400040001'
2023-04-18T16:38:52.268355+0600 DEBUG Raw ID animal_id: b'43540028004501c38d13091e0102011b0101e20000174007010117406415e2003412013dfc000ad7a65ec730'
2023-04-18T16:38:52.269641+0600 DEBUG New ID animal_id_new: fc000ad7a65e
2023-04-18T16:38:52.270543+0600 DEBUG Null id null_id : b'435400040001'
2023-04-18T16:38:52.271539+0600 DEBUG Success step 2 RFID. animal id new: fc000ad7a65e
2023-04-18T16:38:52.926839+0600 DEBUG START RFID FUNCTION
2023-04-18T16:38:52.928719+0600 DEBUG START Animal ID animal_id: b'435400040001'
2023-04-18T16:38:52.930221+0600 DEBUG START Null id null_id : b'435400040001'
2023-04-18T16:39:16.538484+0600 DEBUG Raw ID animal_id: b'43540028004501c38d13091e0102011b0101e20000174007010117406415e2003412013dfc000ad7a65ec82f'
2023-04-18T16:39:16.540027+0600 DEBUG New ID animal_id_new: fc000ad7a65e
2023-04-18T16:39:16.541020+0600 DEBUG Null id null_id : b'435400040001'
2023-04-18T16:39:16.542230+0600 DEBUG Success step 2 RFID. animal id new: fc000ad7a65e
2023-04-18T16:39:17.354963+0600 DEBUG START RFID FUNCTION
2023-04-18T16:39:17.356419+0600 DEBUG START Animal ID animal_id: b'435400040001'
2023-04-18T16:39:17.357556+0600 DEBUG START Null id null_id : b'435400040001'
2023-04-18T16:39:17.443005+0600 DEBUG Raw ID animal_id: b'43540028004501c38d13091e0102011b0101e20000174007010117406415e2003412013dfc000ad7a65ecc2b'
2023-04-18T16:39:17.447358+0600 DEBUG New ID animal_id_new: fc000ad7a65e
2023-04-18T16:39:17.451220+0600 DEBUG Null id null_id : b'435400040001'
2023-04-18T16:39:17.456042+0600 DEBUG Success step 2 RFID. animal id new: fc000ad7a65e
2023-04-18T16:39:19.372835+0600 ERROR Error, null weight list
2023-04-18T16:39:19.375210+0600 INFO main: weight_finall
2023-04-18T16:39:19.377284+0600 DEBUG START RFID FUNCTION
2023-04-18T16:39:19.378891+0600 DEBUG START Animal ID animal_id: b'435400040001'
2023-04-18T16:39:19.380318+0600 DEBUG START Null id null_id : b'435400040001'
2023-04-18T16:39:19.448332+0600 DEBUG Raw ID animal_id: b'43540028004501c38d13091e0102011b0101e20000174007010117406415e2003412013dfc000ad7a65ecc2b'
2023-04-18T16:39:19.450993+0600 DEBUG New ID animal_id_new: fc000ad7a65e
2023-04-18T16:39:19.453244+0600 DEBUG Null id null_id : b'435400040001'
2023-04-18T16:39:19.455772+0600 DEBUG Success step 2 RFID. animal id new: fc000ad7a65e
2023-04-18T16:39:21.383288+0600 ERROR Error, null weight list
2023-04-18T16:39:21.385072+0600 INFO main: weight_finall
2023-04-18T16:39:21.386939+0600 DEBUG START RFID FUNCTION
2023-04-18T16:39:21.388539+0600 DEBUG START Animal ID animal_id: b'435400040001'
2023-04-18T16:39:21.390043+0600 DEBUG START Null id null_id : b'435400040001'
2023-04-18T16:39:21.453319+0600 DEBUG Raw ID animal_id: b'43540028004501c38d13091e0102011b0101e20000174007010117406415e2003412013dfc000ad7a65ecc2b'
2023-04-18T16:39:21.455708+0600 DEBUG New ID animal_id_new: fc000ad7a65e
2023-04-18T16:39:21.457619+0600 DEBUG Null id null_id : b'435400040001'
2023-04-18T16:39:21.460146+0600 DEBUG Success step 2 RFID. animal id new: fc000ad7a65e
2023-04-18T16:39:22.385927+0600 DEBUG START RFID FUNCTION
2023-04-18T16:39:22.387755+0600 DEBUG START Animal ID animal_id: b'435400040001'
2023-04-18T16:39:22.389465+0600 DEBUG START Null id null_id : b'435400040001'
2023-04-18T16:39:22.606395+0600 DEBUG Raw ID animal_id: b'43540028004501c38d13091e0102011b0101e20000174007010117406415e2003412013dfc000ad7a65ecb2c'
2023-04-18T16:39:22.607771+0600 DEBUG New ID animal_id_new: fc000ad7a65e
2023-04-18T16:39:22.608772+0600 DEBUG Null id null_id : b'435400040001'
2023-04-18T16:39:22.609904+0600 DEBUG Success step 2 RFID. animal id new: fc000ad7a65e
2023-04-18T16:39:23.395619+0600 DEBUG START RFID FUNCTION
2023-04-18T16:39:23.397670+0600 DEBUG START Animal ID animal_id: b'435400040001'
2023-04-18T16:39:23.399375+0600 DEBUG START Null id null_id : b'435400040001'
2023-04-18T16:39:26.962449+0600 DEBUG Raw ID animal_id: b'43540028004501c38d13091e0102011b0101e20000174007010117406415e2003412013dfc000ad7a65ecc2b'
2023-04-18T16:39:26.964735+0600 DEBUG New ID animal_id_new: fc000ad7a65e
2023-04-18T16:39:26.966609+0600 DEBUG Null id null_id : b'435400040001'
2023-04-18T16:39:26.968660+0600 DEBUG Success step 2 RFID. animal id new: fc000ad7a65e
2023-04-18T16:39:27.416413+0600 DEBUG START RFID FUNCTION
2023-04-18T16:39:27.417712+0600 DEBUG START Animal ID animal_id: b'435400040001'
2023-04-18T16:39:27.418719+0600 DEBUG START Null id null_id : b'435400040001'
2023-04-18T16:39:27.462942+0600 DEBUG Raw ID animal_id: b'43540028004501c38d13091e0102011b0101e20000174007010117406415e2003412013dfc000ad7a65ec92e'
2023-04-18T16:39:27.464292+0600 DEBUG New ID animal_id_new: fc000ad7a65e
2023-04-18T16:39:27.465331+0600 DEBUG Null id null_id : b'435400040001'
2023-04-18T16:39:27.466483+0600 DEBUG Success step 2 RFID. animal id new: fc000ad7a65e
2023-04-18T16:39:28.420786+0600 DEBUG START RFID FUNCTION
2023-04-18T16:39:28.422325+0600 DEBUG START Animal ID animal_id: b'435400040001'
2023-04-18T16:39:28.423705+0600 DEBUG START Null id null_id : b'435400040001'
2023-04-18T16:39:28.615306+0600 DEBUG Raw ID animal_id: b'43540028004501c38d13091e0102011b0101e20000174007010117406415e2003412013dfc000ad7a65ecb2c'
2023-04-18T16:39:28.616595+0600 DEBUG New ID animal_id_new: fc000ad7a65e
2023-04-18T16:39:28.617515+0600 DEBUG Null id null_id : b'435400040001'
2023-04-18T16:39:28.618560+0600 DEBUG Success step 2 RFID. animal id new: fc000ad7a65e
2023-04-18T16:39:29.429867+0600 DEBUG START RFID FUNCTION
2023-04-18T16:39:29.431291+0600 DEBUG START Animal ID animal_id: b'435400040001'
2023-04-18T16:39:29.432492+0600 DEBUG START Null id null_id : b'435400040001'
2023-04-18T16:39:29.616436+0600 DEBUG Raw ID animal_id: b'43540028004501c38d13091e0102011b0101e20000174007010117406415e2003412013dfc000ad7a65ec532'
2023-04-18T16:39:29.617793+0600 DEBUG New ID animal_id_new: fc000ad7a65e
2023-04-18T16:39:29.618758+0600 DEBUG Null id null_id : b'435400040001'
2023-04-18T16:39:29.619800+0600 DEBUG Success step 2 RFID. animal id new: fc000ad7a65e
2023-04-18T16:39:30.434670+0600 DEBUG START RFID FUNCTION
2023-04-18T16:39:30.436565+0600 DEBUG START Animal ID animal_id: b'435400040001'
2023-04-18T16:39:30.438144+0600 DEBUG START Null id null_id : b'435400040001'
2023-04-18T16:39:30.618166+0600 DEBUG Raw ID animal_id: b'43540028004501c38d13091e0102011b0101e20000174007010117406415e2003412013dfc000ad7a65ec532'
2023-04-18T16:39:30.619446+0600 DEBUG New ID animal_id_new: fc000ad7a65e
2023-04-18T16:39:30.620368+0600 DEBUG Null id null_id : b'435400040001'
2023-04-18T16:39:30.621410+0600 DEBUG Success step 2 RFID. animal id new: fc000ad7a65e
2023-04-18T16:39:31.440425+0600 DEBUG START RFID FUNCTION
2023-04-18T16:39:31.442315+0600 DEBUG START Animal ID animal_id: b'435400040001'
2023-04-18T16:39:31.444031+0600 DEBUG START Null id null_id : b'435400040001'
2023-04-18T16:39:31.620492+0600 DEBUG Raw ID animal_id: b'43540028004501c38d13091e0102011b0101e20000174007010117406415e2003412013dfc000ad7a65ec433'
2023-04-18T16:39:31.621773+0600 DEBUG New ID animal_id_new: fc000ad7a65e
2023-04-18T16:39:31.622678+0600 DEBUG Null id null_id : b'435400040001'
2023-04-18T16:39:31.623871+0600 DEBUG Success step 2 RFID. animal id new: fc000ad7a65e
2023-04-18T16:39:32.446872+0600 DEBUG START RFID FUNCTION
2023-04-18T16:39:32.448788+0600 DEBUG START Animal ID animal_id: b'435400040001'
2023-04-18T16:39:32.450360+0600 DEBUG START Null id null_id : b'435400040001'
2023-04-18T16:39:32.471174+0600 DEBUG Raw ID animal_id: b'43540028004501c38d13091e0102011b0101e20000174007010117406415e2003412013dfc000ad7a65ec730'
2023-04-18T16:39:32.473600+0600 DEBUG New ID animal_id_new: fc000ad7a65e
2023-04-18T16:39:32.475429+0600 DEBUG Null id null_id : b'435400040001'
2023-04-18T16:39:32.477218+0600 DEBUG Success step 2 RFID. animal id new: fc000ad7a65e
2023-04-18T16:39:33.452556+0600 DEBUG START RFID FUNCTION
2023-04-18T16:39:33.454482+0600 DEBUG START Animal ID animal_id: b'435400040001'
2023-04-18T16:39:33.455840+0600 DEBUG START Null id null_id : b'435400040001'
2023-04-18T16:39:33.624546+0600 DEBUG Raw ID animal_id: b'43540028004501c38d13091e0102011b0101e20000174007010117406415e2003412013dfc000ad7a65ec730'
2023-04-18T16:39:33.625823+0600 DEBUG New ID animal_id_new: fc000ad7a65e
2023-04-18T16:39:33.626592+0600 DEBUG Null id null_id : b'435400040001'
2023-04-18T16:39:33.627466+0600 DEBUG Success step 2 RFID. animal id new: fc000ad7a65e
2023-04-18T16:39:34.457504+0600 DEBUG START RFID FUNCTION
2023-04-18T16:39:34.459379+0600 DEBUG START Animal ID animal_id: b'435400040001'
2023-04-18T16:39:34.461061+0600 DEBUG START Null id null_id : b'435400040001'
2023-04-18T16:39:34.475043+0600 DEBUG Raw ID animal_id: b'43540028004501c38d13091e0102011b0101e20000174007010117406415e2003412013dfc000ad7a65ec730'
2023-04-18T16:39:34.477229+0600 DEBUG New ID animal_id_new: fc000ad7a65e
2023-04-18T16:39:34.479190+0600 DEBUG Null id null_id : b'435400040001'
2023-04-18T16:39:34.481125+0600 DEBUG Success step 2 RFID. animal id new: fc000ad7a65e
2023-04-18T16:39:35.467296+0600 DEBUG START RFID FUNCTION
2023-04-18T16:39:35.469166+0600 DEBUG START Animal ID animal_id: b'435400040001'
2023-04-18T16:39:35.470551+0600 DEBUG START Null id null_id : b'435400040001'
2023-04-18T16:39:35.628269+0600 DEBUG Raw ID animal_id: b'43540028004501c38d13091e0102011b0101e20000174007010117406415e2003412013dfc000ad7a65ec433'
2023-04-18T16:39:35.629529+0600 DEBUG New ID animal_id_new: fc000ad7a65e
2023-04-18T16:39:35.630311+0600 DEBUG Null id null_id : b'435400040001'
2023-04-18T16:39:35.631180+0600 DEBUG Success step 2 RFID. animal id new: fc000ad7a65e
2023-04-18T16:39:36.472322+0600 DEBUG START RFID FUNCTION
2023-04-18T16:39:36.474249+0600 DEBUG START Animal ID animal_id: b'435400040001'
2023-04-18T16:39:36.475658+0600 DEBUG START Null id null_id : b'435400040001'
2023-04-18T16:39:36.478670+0600 DEBUG Raw ID animal_id: b'43540028004501c38d13091e0102011b0101e20000174007010117406415e2003412013dfc000ad7a65ec631'
2023-04-18T16:39:36.480577+0600 DEBUG New ID animal_id_new: fc000ad7a65e
2023-04-18T16:39:36.482231+0600 DEBUG Null id null_id : b'435400040001'
2023-04-18T16:39:36.484193+0600 DEBUG Success step 2 RFID. animal id new: fc000ad7a65e
2023-04-18T16:39:37.478287+0600 DEBUG START RFID FUNCTION
2023-04-18T16:39:37.480074+0600 DEBUG START Animal ID animal_id: b'435400040001'
2023-04-18T16:39:37.481439+0600 DEBUG START Null id null_id : b'435400040001'
2023-04-18T16:39:37.581377+0600 DEBUG Raw ID animal_id: b'43540028004501c38d13091e0102011b0101e20000174007010117406415e2003412013dfc000ad7a65ec433'
2023-04-18T16:39:37.586897+0600 DEBUG New ID animal_id_new: fc000ad7a65e
2023-04-18T16:39:37.588840+0600 DEBUG Null id null_id : b'435400040001'
2023-04-18T16:39:37.590772+0600 DEBUG Success step 2 RFID. animal id new: fc000ad7a65e
2023-04-18T16:39:38.483233+0600 DEBUG START RFID FUNCTION
2023-04-18T16:39:38.485233+0600 DEBUG START Animal ID animal_id: b'435400040001'
2023-04-18T16:39:38.486916+0600 DEBUG START Null id null_id : b'435400040001'
2023-04-18T16:39:38.633764+0600 DEBUG Raw ID animal_id: b'43540028004501c38d13091e0102011b0101e20000174007010117406415e2003412013dfc000ad7a65ec532'
2023-04-18T16:39:38.636674+0600 DEBUG New ID animal_id_new: fc000ad7a65e
2023-04-18T16:39:38.637668+0600 DEBUG Null id null_id : b'435400040001'
2023-04-18T16:39:38.638814+0600 DEBUG Success step 2 RFID. animal id new: fc000ad7a65e
2023-04-18T16:39:39.487891+0600 DEBUG START RFID FUNCTION
2023-04-18T16:39:39.489925+0600 DEBUG START Animal ID animal_id: b'435400040001'
2023-04-18T16:39:39.491631+0600 DEBUG START Null id null_id : b'435400040001'
2023-04-18T16:39:43.789323+0600 DEBUG Raw ID animal_id: b'43540028004501c38d13091e0102011b0101e20000174007010117406415e2003412013dfc000ad7a65ec631'
2023-04-18T16:39:43.791332+0600 DEBUG New ID animal_id_new: fc000ad7a65e
2023-04-18T16:39:43.793207+0600 DEBUG Null id null_id : b'435400040001'
2023-04-18T16:39:43.795419+0600 DEBUG Success step 2 RFID. animal id new: fc000ad7a65e
2023-04-18T16:39:45.524369+0600 ERROR Error, null weight list
2023-04-18T16:39:45.526287+0600 INFO main: weight_finall
2023-04-18T16:39:45.528270+0600 DEBUG START RFID FUNCTION
2023-04-18T16:39:45.529991+0600 DEBUG START Animal ID animal_id: b'435400040001'
2023-04-18T16:39:45.531645+0600 DEBUG START Null id null_id : b'435400040001'
2023-04-18T16:39:45.591433+0600 DEBUG Raw ID animal_id: b'43540028004501c38d13091e0102011b0101e20000174007010117406415e2003412013dfc000ad7a65ec730'
2023-04-18T16:39:45.593137+0600 DEBUG New ID animal_id_new: fc000ad7a65e
2023-04-18T16:39:45.594680+0600 DEBUG Null id null_id : b'435400040001'
2023-04-18T16:39:45.596723+0600 DEBUG Success step 2 RFID. animal id new: fc000ad7a65e
2023-04-18T16:39:47.535419+0600 ERROR Error, null weight list
2023-04-18T16:39:47.537433+0600 INFO main: weight_finall
2023-04-18T16:39:47.539459+0600 DEBUG START RFID FUNCTION
2023-04-18T16:39:47.541182+0600 DEBUG START Animal ID animal_id: b'435400040001'
2023-04-18T16:39:47.542972+0600 DEBUG START Null id null_id : b'435400040001'
2023-04-18T16:39:47.596601+0600 DEBUG Raw ID animal_id: b'43540028004501c38d13091e0102011b0101e20000174007010117406415e2003412013dfc000ad7a65ec730'
2023-04-18T16:39:47.598692+0600 DEBUG New ID animal_id_new: fc000ad7a65e
2023-04-18T16:39:47.600841+0600 DEBUG Null id null_id : b'435400040001'
2023-04-18T16:39:47.603358+0600 DEBUG Success step 2 RFID. animal id new: fc000ad7a65e
2023-04-18T16:39:49.550040+0600 ERROR Error, null weight list
2023-04-18T16:39:49.552004+0600 INFO main: weight_finall
2023-04-18T16:39:49.554213+0600 DEBUG START RFID FUNCTION
2023-04-18T16:39:49.555862+0600 DEBUG START Animal ID animal_id: b'435400040001'
2023-04-18T16:39:49.557359+0600 DEBUG START Null id null_id : b'435400040001'
2023-04-18T16:39:49.647702+0600 DEBUG Raw ID animal_id: b'43540028004501c38d13091e0102011b0101e20000174007010117406415e2003412013dfc000ad7a65ec433'
2023-04-18T16:39:49.652566+0600 DEBUG New ID animal_id_new: fc000ad7a65e
2023-04-18T16:39:49.657208+0600 DEBUG Null id null_id : b'435400040001'
2023-04-18T16:39:49.662545+0600 DEBUG Success step 2 RFID. animal id new: fc000ad7a65e
2023-04-18T16:39:50.548589+0600 DEBUG START RFID FUNCTION
2023-04-18T16:39:50.550157+0600 DEBUG START Animal ID animal_id: b'435400040001'
2023-04-18T16:39:50.551448+0600 DEBUG START Null id null_id : b'435400040001'
2023-04-18T16:39:51.797515+0600 DEBUG Raw ID animal_id: b'43540028004501c38d13091e0102011b0101e20000174007010117406415e2003412013dfc000ad7a65ec235'
2023-04-18T16:39:51.799353+0600 DEBUG New ID animal_id_new: fc000ad7a65e
2023-04-18T16:39:51.800930+0600 DEBUG Null id null_id : b'435400040001'
2023-04-18T16:39:51.802882+0600 DEBUG Success step 2 RFID. animal id new: fc000ad7a65e
2023-04-18T16:39:52.557869+0600 DEBUG START RFID FUNCTION
2023-04-18T16:39:52.559099+0600 DEBUG START Animal ID animal_id: b'435400040001'
2023-04-18T16:39:52.560026+0600 DEBUG START Null id null_id : b'435400040001'
2023-04-18T16:39:52.598979+0600 DEBUG Raw ID animal_id: b'43540028004501c38d13091e0102011b0101e20000174007010117406415e2003412013dfc000ad7a65ec334'
2023-04-18T16:39:52.600189+0600 DEBUG New ID animal_id_new: fc000ad7a65e
2023-04-18T16:39:52.601107+0600 DEBUG Null id null_id : b'435400040001'
2023-04-18T16:39:52.602232+0600 DEBUG Success step 2 RFID. animal id new: fc000ad7a65e
2023-04-18T16:39:53.566869+0600 DEBUG START RFID FUNCTION
2023-04-18T16:39:53.568377+0600 DEBUG START Animal ID animal_id: b'435400040001'
2023-04-18T16:39:53.569628+0600 DEBUG START Null id null_id : b'435400040001'
2023-04-18T16:39:53.599138+0600 DEBUG Raw ID animal_id: b'43540028004501c38d13091e0102011b0101e20000174007010117406415e2003412013dfc000ad7a65ec235'
2023-04-18T16:39:53.600643+0600 DEBUG New ID animal_id_new: fc000ad7a65e
2023-04-18T16:39:53.602418+0600 DEBUG Null id null_id : b'435400040001'
2023-04-18T16:39:53.604365+0600 DEBUG Success step 2 RFID. animal id new: fc000ad7a65e
2023-04-18T16:39:55.578734+0600 ERROR Error, null weight list
2023-04-18T16:39:55.580226+0600 INFO main: weight_finall
2023-04-18T16:39:55.581658+0600 DEBUG START RFID FUNCTION
2023-04-18T16:39:55.582986+0600 DEBUG START Animal ID animal_id: b'435400040001'
2023-04-18T16:39:55.584132+0600 DEBUG START Null id null_id : b'435400040001'
2023-04-18T16:39:55.601328+0600 DEBUG Raw ID animal_id: b'43540028004501c38d13091e0102011b0101e20000174007010117406415e2003412013dfc000ad7a65ec235'
2023-04-18T16:39:55.602896+0600 DEBUG New ID animal_id_new: fc000ad7a65e
2023-04-18T16:39:55.604132+0600 DEBUG Null id null_id : b'435400040001'
2023-04-18T16:39:55.605404+0600 DEBUG Success step 2 RFID. animal id new: fc000ad7a65e
2023-04-18T16:39:57.589713+0600 ERROR Error, null weight list
2023-04-18T16:39:57.591644+0600 INFO main: weight_finall
2023-04-18T16:39:57.593800+0600 DEBUG START RFID FUNCTION
2023-04-18T16:39:57.595432+0600 DEBUG START Animal ID animal_id: b'435400040001'
2023-04-18T16:39:57.596946+0600 DEBUG START Null id null_id : b'435400040001'
2023-04-18T16:39:57.602224+0600 DEBUG Raw ID animal_id: b'43540028004501c38d13091e0102011b0101e20000174007010117406415e2003412013dfc000ad7a65ec235'
2023-04-18T16:39:57.604266+0600 DEBUG New ID animal_id_new: fc000ad7a65e
2023-04-18T16:39:57.606110+0600 DEBUG Null id null_id : b'435400040001'
2023-04-18T16:39:57.607973+0600 DEBUG Success step 2 RFID. animal id new: fc000ad7a65e
2023-04-18T16:39:59.597828+0600 ERROR Error, null weight list
2023-04-18T16:39:59.599910+0600 INFO main: weight_finall
2023-04-18T16:39:59.601984+0600 DEBUG START RFID FUNCTION
2023-04-18T16:39:59.603918+0600 DEBUG START Animal ID animal_id: b'435400040001'
2023-04-18T16:39:59.605484+0600 DEBUG START Null id null_id : b'435400040001'
2023-04-18T16:39:59.655097+0600 DEBUG Raw ID animal_id: b'43540028004501c38d13091e0102011b0101e20000174007010117406415e2003412013dfc000ad7a65ec136'
2023-04-18T16:39:59.657444+0600 DEBUG New ID animal_id_new: fc000ad7a65e
2023-04-18T16:39:59.659736+0600 DEBUG Null id null_id : b'435400040001'
2023-04-18T16:39:59.662351+0600 DEBUG Success step 2 RFID. animal id new: fc000ad7a65e
2023-04-18T16:40:01.607791+0600 ERROR Error, null weight list
2023-04-18T16:40:01.609696+0600 INFO main: weight_finall
2023-04-18T16:40:01.611722+0600 DEBUG START RFID FUNCTION
2023-04-18T16:40:01.613401+0600 DEBUG START Animal ID animal_id: b'435400040001'
2023-04-18T16:40:01.614890+0600 DEBUG START Null id null_id : b'435400040001'
2023-04-18T16:40:01.656480+0600 DEBUG Raw ID animal_id: b'43540028004501c38d13091e0102011b0101e20000174007010117406415e2003412013dfc000ad7a65ec235'
2023-04-18T16:40:01.658279+0600 DEBUG New ID animal_id_new: fc000ad7a65e
2023-04-18T16:40:01.660180+0600 DEBUG Null id null_id : b'435400040001'
2023-04-18T16:40:01.662494+0600 DEBUG Success step 2 RFID. animal id new: fc000ad7a65e
2023-04-18T16:40:02.609636+0600 DEBUG START RFID FUNCTION
2023-04-18T16:40:02.611719+0600 DEBUG START Animal ID animal_id: b'435400040001'
2023-04-18T16:40:02.613864+0600 DEBUG START Null id null_id : b'435400040001'
2023-04-18T16:40:02.657148+0600 DEBUG Raw ID animal_id: b'43540028004501c38d13091e0102011b0101e20000174007010117406415e2003412013dfc000ad7a65ec136'
2023-04-18T16:40:02.659150+0600 DEBUG New ID animal_id_new: fc000ad7a65e
2023-04-18T16:40:02.660854+0600 DEBUG Null id null_id : b'435400040001'
2023-04-18T16:40:02.662860+0600 DEBUG Success step 2 RFID. animal id new: fc000ad7a65e
2023-04-18T16:40:03.614738+0600 DEBUG START RFID FUNCTION
2023-04-18T16:40:03.616794+0600 DEBUG START Animal ID animal_id: b'435400040001'
2023-04-18T16:40:03.618500+0600 DEBUG START Null id null_id : b'435400040001'
2023-04-18T16:40:03.657803+0600 DEBUG Raw ID animal_id: b'43540028004501c38d13091e0102011b0101e20000174007010117406415e2003412013dfc000ad7a65ec82f'
2023-04-18T16:40:03.659588+0600 DEBUG New ID animal_id_new: fc000ad7a65e
2023-04-18T16:40:03.661088+0600 DEBUG Null id null_id : b'435400040001'
2023-04-18T16:40:03.662994+0600 DEBUG Success step 2 RFID. animal id new: fc000ad7a65e
2023-04-18T16:40:04.618807+0600 DEBUG START RFID FUNCTION
2023-04-18T16:40:04.620856+0600 DEBUG START Animal ID animal_id: b'435400040001'
2023-04-18T16:40:04.622550+0600 DEBUG START Null id null_id : b'435400040001'
2023-04-18T16:40:04.658511+0600 DEBUG Raw ID animal_id: b'43540028004501c38d13091e0102011b0101e20000174007010117406415e2003412013dfc000ad7a65ec433'
2023-04-18T16:40:04.660825+0600 DEBUG New ID animal_id_new: fc000ad7a65e
2023-04-18T16:40:04.662992+0600 DEBUG Null id null_id : b'435400040001'
2023-04-18T16:40:04.664996+0600 DEBUG Success step 2 RFID. animal id new: fc000ad7a65e
2023-04-18T16:40:05.622468+0600 DEBUG START RFID FUNCTION
2023-04-18T16:40:05.624505+0600 DEBUG START Animal ID animal_id: b'435400040001'
2023-04-18T16:40:05.625908+0600 DEBUG START Null id null_id : b'435400040001'
2023-04-18T16:40:05.659117+0600 DEBUG Raw ID animal_id: b'43540028004501c38d13091e0102011b0101e20000174007010117406415e2003412013dfc000ad7a65ec532'
2023-04-18T16:40:05.661113+0600 DEBUG New ID animal_id_new: fc000ad7a65e
2023-04-18T16:40:05.662955+0600 DEBUG Null id null_id : b'435400040001'
2023-04-18T16:40:05.665097+0600 DEBUG Success step 2 RFID. animal id new: fc000ad7a65e
2023-04-18T16:40:06.630796+0600 DEBUG START RFID FUNCTION
2023-04-18T16:40:06.632254+0600 DEBUG START Animal ID animal_id: b'435400040001'
2023-04-18T16:40:06.634553+0600 DEBUG START Null id null_id : b'435400040001'
2023-04-18T16:40:06.659699+0600 DEBUG Raw ID animal_id: b'43540028004501c38d13091e0102011b0101e20000174007010117406415e2003412013dfc000ad7a65ec334'
2023-04-18T16:40:06.661213+0600 DEBUG New ID animal_id_new: fc000ad7a65e
2023-04-18T16:40:06.662537+0600 DEBUG Null id null_id : b'435400040001'
2023-04-18T16:40:06.664265+0600 DEBUG Success step 2 RFID. animal id new: fc000ad7a65e
2023-04-18T16:40:07.634692+0600 DEBUG START RFID FUNCTION
2023-04-18T16:40:07.636257+0600 DEBUG START Animal ID animal_id: b'435400040001'
2023-04-18T16:40:07.637521+0600 DEBUG START Null id null_id : b'435400040001'
2023-04-18T16:40:07.660296+0600 DEBUG Raw ID animal_id: b'43540028004501c38d13091e0102011b0101e20000174007010117406415e2003412013dfc000ad7a65ec532'
2023-04-18T16:40:07.661882+0600 DEBUG New ID animal_id_new: fc000ad7a65e
2023-04-18T16:40:07.663223+0600 DEBUG Null id null_id : b'435400040001'
2023-04-18T16:40:07.664646+0600 DEBUG Success step 2 RFID. animal id new: fc000ad7a65e
2023-04-18T16:40:08.639205+0600 DEBUG START RFID FUNCTION
2023-04-18T16:40:08.641112+0600 DEBUG START Animal ID animal_id: b'435400040001'
2023-04-18T16:40:08.642692+0600 DEBUG START Null id null_id : b'435400040001'
2023-04-18T16:40:08.660957+0600 DEBUG Raw ID animal_id: b'43540028004501c38d13091e0102011b0101e20000174007010117406415e2003412013dfc000ad7a65ec730'
2023-04-18T16:40:08.662964+0600 DEBUG New ID animal_id_new: fc000ad7a65e
2023-04-18T16:40:08.664628+0600 DEBUG Null id null_id : b'435400040001'
2023-04-18T16:40:08.666779+0600 DEBUG Success step 2 RFID. animal id new: fc000ad7a65e
2023-04-18T16:40:10.651572+0600 ERROR Error, null weight list
2023-04-18T16:40:10.653677+0600 INFO main: weight_finall
2023-04-18T16:40:10.655783+0600 DEBUG START RFID FUNCTION
2023-04-18T16:40:10.657410+0600 DEBUG START Animal ID animal_id: b'435400040001'
2023-04-18T16:40:10.658903+0600 DEBUG START Null id null_id : b'435400040001'
2023-04-18T16:40:10.711053+0600 DEBUG Raw ID animal_id: b'43540028004501c38d13091e0102011b0101e20000174007010117406415e2003412013dfc000ad7a65ec532'
2023-04-18T16:40:10.712907+0600 DEBUG New ID animal_id_new: fc000ad7a65e
2023-04-18T16:40:10.714633+0600 DEBUG Null id null_id : b'435400040001'
2023-04-18T16:40:10.716804+0600 DEBUG Success step 2 RFID. animal id new: fc000ad7a65e
2023-04-18T16:40:12.660839+0600 ERROR Error, null weight list
2023-04-18T16:40:12.662867+0600 INFO main: weight_finall
2023-04-18T16:40:12.664709+0600 DEBUG START RFID FUNCTION
2023-04-18T16:40:12.666326+0600 DEBUG START Animal ID animal_id: b'435400040001'
2023-04-18T16:40:12.667835+0600 DEBUG START Null id null_id : b'435400040001'
2023-04-18T16:40:12.712270+0600 DEBUG Raw ID animal_id: b'43540028004501c38d13091e0102011b0101e20000174007010117406415e2003412013dfc000ad7a65ec532'
2023-04-18T16:40:12.714251+0600 DEBUG New ID animal_id_new: fc000ad7a65e
2023-04-18T16:40:12.715795+0600 DEBUG Null id null_id : b'435400040001'
2023-04-18T16:40:12.717578+0600 DEBUG Success step 2 RFID. animal id new: fc000ad7a65e
2023-04-18T16:40:14.670089+0600 ERROR Error, null weight list
2023-04-18T16:40:14.671984+0600 INFO main: weight_finall
2023-04-18T16:40:14.674067+0600 DEBUG START RFID FUNCTION
2023-04-18T16:40:14.675703+0600 DEBUG START Animal ID animal_id: b'435400040001'
2023-04-18T16:40:14.677205+0600 DEBUG START Null id null_id : b'435400040001'
2023-04-18T16:40:14.713450+0600 DEBUG Raw ID animal_id: b'43540028004501c38d13091e0102011b0101e20000174007010117406415e2003412013dfc000ad7a65ec631'
2023-04-18T16:40:14.715362+0600 DEBUG New ID animal_id_new: fc000ad7a65e
2023-04-18T16:40:14.717262+0600 DEBUG Null id null_id : b'435400040001'
2023-04-18T16:40:14.718785+0600 DEBUG Success step 2 RFID. animal id new: fc000ad7a65e
2023-04-18T16:40:16.682142+0600 ERROR Error, null weight list
2023-04-18T16:40:16.683986+0600 INFO main: weight_finall
2023-04-18T16:40:16.685910+0600 DEBUG START RFID FUNCTION
2023-04-18T16:40:16.687531+0600 DEBUG START Animal ID animal_id: b'435400040001'
2023-04-18T16:40:16.689027+0600 DEBUG START Null id null_id : b'435400040001'
2023-04-18T16:40:16.714282+0600 DEBUG Raw ID animal_id: b'43540028004501c38d13091e0102011b0101e20000174007010117406415e2003412013dfc000ad7a65ec433'
2023-04-18T16:40:16.716202+0600 DEBUG New ID animal_id_new: fc000ad7a65e
2023-04-18T16:40:16.717673+0600 DEBUG Null id null_id : b'435400040001'
2023-04-18T16:40:16.719510+0600 DEBUG Success step 2 RFID. animal id new: fc000ad7a65e
2023-04-18T16:40:17.680614+0600 DEBUG START RFID FUNCTION
2023-04-18T16:40:17.682544+0600 DEBUG START Animal ID animal_id: b'435400040001'
2023-04-18T16:40:17.684712+0600 DEBUG START Null id null_id : b'435400040001'
2023-04-18T16:40:17.714816+0600 DEBUG Raw ID animal_id: b'43540028004501c38d13091e0102011b0101e20000174007010117406415e2003412013dfc000ad7a65ec235'
2023-04-18T16:40:17.716897+0600 DEBUG New ID animal_id_new: fc000ad7a65e
2023-04-18T16:40:17.718577+0600 DEBUG Null id null_id : b'435400040001'
2023-04-18T16:40:17.720636+0600 DEBUG Success step 2 RFID. animal id new: fc000ad7a65e
2023-04-18T16:40:18.684665+0600 DEBUG START RFID FUNCTION
2023-04-18T16:40:18.686536+0600 DEBUG START Animal ID animal_id: b'435400040001'
2023-04-18T16:40:18.688147+0600 DEBUG START Null id null_id : b'435400040001'
2023-04-18T16:40:18.816151+0600 DEBUG Raw ID animal_id: b'43540028004501c38d13091e0102011b0101e20000174007010117406415e2003412013dfc000ad7a65ebf38'
2023-04-18T16:40:18.820359+0600 DEBUG New ID animal_id_new: fc000ad7a65e
2023-04-18T16:40:18.824662+0600 DEBUG Null id null_id : b'435400040001'
2023-04-18T16:40:18.828608+0600 DEBUG Success step 2 RFID. animal id new: fc000ad7a65e
2023-04-18T16:40:19.693315+0600 DEBUG START RFID FUNCTION
2023-04-18T16:40:19.694899+0600 DEBUG START Animal ID animal_id: b'435400040001'
2023-04-18T16:40:19.696153+0600 DEBUG START Null id null_id : b'435400040001'
2023-04-18T16:40:20.116128+0600 DEBUG Raw ID animal_id: b'43540028004501c38d13091e0102011b0101e20000174007010117406415e2003412013dfc000ad7a65ec631'
2023-04-18T16:40:20.117430+0600 DEBUG New ID animal_id_new: fc000ad7a65e
2023-04-18T16:40:20.118283+0600 DEBUG Null id null_id : b'435400040001'
2023-04-18T16:40:20.119225+0600 DEBUG Success step 2 RFID. animal id new: fc000ad7a65e
2023-04-18T16:40:20.697119+0600 DEBUG START RFID FUNCTION
2023-04-18T16:40:20.698583+0600 DEBUG START Animal ID animal_id: b'435400040001'
2023-04-18T16:40:20.699622+0600 DEBUG START Null id null_id : b'435400040001'
2023-04-18T16:40:20.716623+0600 DEBUG Raw ID animal_id: b'43540028004501c38d13091e0102011b0101e20000174007010117406415e2003412013dfc000ad7a65ec631'
2023-04-18T16:40:20.718266+0600 DEBUG New ID animal_id_new: fc000ad7a65e
2023-04-18T16:40:20.719388+0600 DEBUG Null id null_id : b'435400040001'
2023-04-18T16:40:20.721132+0600 DEBUG Success step 2 RFID. animal id new: fc000ad7a65e
2023-04-18T16:40:22.712424+0600 ERROR Error, null weight list
2023-04-18T16:40:22.717213+0600 INFO main: weight_finall
2023-04-18T16:40:22.719803+0600 DEBUG START RFID FUNCTION
2023-04-18T16:40:22.721503+0600 DEBUG START Animal ID animal_id: b'435400040001'
2023-04-18T16:40:22.723252+0600 DEBUG START Null id null_id : b'435400040001'
2023-04-18T16:40:22.818795+0600 DEBUG Raw ID animal_id: b'43540028004501c38d13091e0102011b0101e20000174007010117406415e2003412013dfc000ad7a65ecc2b'
2023-04-18T16:40:22.822468+0600 DEBUG New ID animal_id_new: fc000ad7a65e
2023-04-18T16:40:22.826146+0600 DEBUG Null id null_id : b'435400040001'
2023-04-18T16:40:22.828744+0600 DEBUG Success step 2 RFID. animal id new: fc000ad7a65e
2023-04-18T16:40:24.720163+0600 ERROR Error, null weight list
2023-04-18T16:40:24.722042+0600 INFO main: weight_finall
2023-04-18T16:40:24.724205+0600 DEBUG START RFID FUNCTION
2023-04-18T16:40:24.725930+0600 DEBUG START Animal ID animal_id: b'435400040001'
2023-04-18T16:40:24.727521+0600 DEBUG START Null id null_id : b'435400040001'
2023-04-18T16:40:25.169752+0600 DEBUG Raw ID animal_id: b'43540028004501c38d13091e0102011b0101e20000174007010117406415e2003412013dfc000ad7a65ec92e'
2023-04-18T16:40:25.170997+0600 DEBUG New ID animal_id_new: fc000ad7a65e
2023-04-18T16:40:25.171885+0600 DEBUG Null id null_id : b'435400040001'
2023-04-18T16:40:25.173115+0600 DEBUG Success step 2 RFID. animal id new: fc000ad7a65e
2023-04-18T16:40:25.722046+0600 DEBUG START RFID FUNCTION
2023-04-18T16:40:25.724097+0600 DEBUG START Animal ID animal_id: b'435400040001'
2023-04-18T16:40:25.725802+0600 DEBUG START Null id null_id : b'435400040001'
2023-04-18T16:40:30.521475+0600 DEBUG Raw ID animal_id: b'43540028004501c38d13091e0102011b0101e20000174007010117406415e2003412013dfc000ad7a65ec730'
2023-04-18T16:40:30.523663+0600 DEBUG New ID animal_id_new: fc000ad7a65e
2023-04-18T16:40:30.525244+0600 DEBUG Null id null_id : b'435400040001'
2023-04-18T16:40:30.527373+0600 DEBUG Success step 2 RFID. animal id new: fc000ad7a65e
2023-04-18T16:40:30.742292+0600 DEBUG START RFID FUNCTION
2023-04-18T16:40:30.743686+0600 DEBUG START Animal ID animal_id: b'435400040001'
2023-04-18T16:40:30.744698+0600 DEBUG START Null id null_id : b'435400040001'
2023-04-18T16:40:30.821828+0600 DEBUG Raw ID animal_id: b'43540028004501c38d13091e0102011b0101e20000174007010117406415e2003412013dfc000ad7a65ec92e'
2023-04-18T16:40:30.826948+0600 DEBUG New ID animal_id_new: fc000ad7a65e
2023-04-18T16:40:30.831548+0600 DEBUG Null id null_id : b'435400040001'
2023-04-18T16:40:30.838019+0600 DEBUG Success step 2 RFID. animal id new: fc000ad7a65e
2023-04-18T16:40:31.745935+0600 DEBUG START RFID FUNCTION
2023-04-18T16:40:31.747466+0600 DEBUG START Animal ID animal_id: b'435400040001'
2023-04-18T16:40:31.748686+0600 DEBUG START Null id null_id : b'435400040001'
2023-04-18T16:40:31.823540+0600 DEBUG Raw ID animal_id: b'43540028004501c38d13091e0102011b0101e20000174007010117406415e2003412013dfc000ad7a65ec433'
2023-04-18T16:40:31.828959+0600 DEBUG New ID animal_id_new: fc000ad7a65e
2023-04-18T16:40:31.834922+0600 DEBUG Null id null_id : b'435400040001'
2023-04-18T16:40:31.842190+0600 DEBUG Success step 2 RFID. animal id new: fc000ad7a65e
2023-04-18T16:40:32.754694+0600 DEBUG START RFID FUNCTION
2023-04-18T16:40:32.756428+0600 DEBUG START Animal ID animal_id: b'435400040001'
2023-04-18T16:40:32.757931+0600 DEBUG START Null id null_id : b'435400040001'
2023-04-18T16:40:33.173728+0600 DEBUG Raw ID animal_id: b'43540028004501c38d13091e0102011b0101e20000174007010117406415e2003412013dfc000ad7a65ec235'
2023-04-18T16:40:33.175415+0600 DEBUG New ID animal_id_new: fc000ad7a65e
2023-04-18T16:40:33.176748+0600 DEBUG Null id null_id : b'435400040001'
2023-04-18T16:40:33.178544+0600 DEBUG Success step 2 RFID. animal id new: fc000ad7a65e
2023-04-18T16:40:33.758204+0600 DEBUG START RFID FUNCTION
2023-04-18T16:40:33.759529+0600 DEBUG START Animal ID animal_id: b'435400040001'
2023-04-18T16:40:33.760568+0600 DEBUG START Null id null_id : b'435400040001'
2023-04-18T16:40:33.822889+0600 DEBUG Raw ID animal_id: b'43540028004501c38d13091e0102011b0101e20000174007010117406415e2003412013dfc000ad7a65ec334'
2023-04-18T16:40:33.825159+0600 DEBUG New ID animal_id_new: fc000ad7a65e
2023-04-18T16:40:33.827310+0600 DEBUG Null id null_id : b'435400040001'
2023-04-18T16:40:33.833508+0600 DEBUG Success step 2 RFID. animal id new: fc000ad7a65e
2023-04-18T16:40:34.761345+0600 DEBUG START RFID FUNCTION
2023-04-18T16:40:34.763571+0600 DEBUG START Animal ID animal_id: b'435400040001'
2023-04-18T16:40:34.765363+0600 DEBUG START Null id null_id : b'435400040001'
2023-04-18T16:40:34.822470+0600 DEBUG Raw ID animal_id: b'43540028004501c38d13091e0102011b0101e20000174007010117406415e2003412013dfc000ad7a65ec631'
2023-04-18T16:40:34.825004+0600 DEBUG New ID animal_id_new: fc000ad7a65e
2023-04-18T16:40:34.827029+0600 DEBUG Null id null_id : b'435400040001'
2023-04-18T16:40:34.829938+0600 DEBUG Success step 2 RFID. animal id new: fc000ad7a65e
2023-04-18T16:40:35.764892+0600 DEBUG START RFID FUNCTION
2023-04-18T16:40:35.770565+0600 DEBUG START Animal ID animal_id: b'435400040001'
2023-04-18T16:40:35.773113+0600 DEBUG START Null id null_id : b'435400040001'
2023-04-18T16:40:35.821416+0600 DEBUG Raw ID animal_id: b'43540028004501c38d13091e0102011b0101e20000174007010117406415e2003412013dfc000ad7a65ec433'
2023-04-18T16:40:35.823525+0600 DEBUG New ID animal_id_new: fc000ad7a65e
2023-04-18T16:40:35.825238+0600 DEBUG Null id null_id : b'435400040001'
2023-04-18T16:40:35.827849+0600 DEBUG Success step 2 RFID. animal id new: fc000ad7a65e
2023-04-18T16:40:36.767284+0600 DEBUG START RFID FUNCTION
2023-04-18T16:40:36.769401+0600 DEBUG START Animal ID animal_id: b'435400040001'
2023-04-18T16:40:36.771373+0600 DEBUG START Null id null_id : b'435400040001'
2023-04-18T16:40:36.820887+0600 DEBUG Raw ID animal_id: b'43540028004501c38d13091e0102011b0101e20000174007010117406415e2003412013dfc000ad7a65ec136'
2023-04-18T16:40:36.823250+0600 DEBUG New ID animal_id_new: fc000ad7a65e
2023-04-18T16:40:36.824949+0600 DEBUG Null id null_id : b'435400040001'
2023-04-18T16:40:36.827649+0600 DEBUG Success step 2 RFID. animal id new: fc000ad7a65e
2023-04-18T16:40:37.774347+0600 DEBUG START RFID FUNCTION
2023-04-18T16:40:37.776471+0600 DEBUG START Animal ID animal_id: b'435400040001'
2023-04-18T16:40:37.778322+0600 DEBUG START Null id null_id : b'435400040001'
2023-04-18T16:40:37.820320+0600 DEBUG Raw ID animal_id: b'43540028004501c38d13091e0102011b0101e20000174007010117406415e2003412013dfc000ad7a65ec532'
2023-04-18T16:40:37.822625+0600 DEBUG New ID animal_id_new: fc000ad7a65e
2023-04-18T16:40:37.824445+0600 DEBUG Null id null_id : b'435400040001'
2023-04-18T16:40:37.826762+0600 DEBUG Success step 2 RFID. animal id new: fc000ad7a65e
2023-04-18T16:40:38.777124+0600 DEBUG START RFID FUNCTION
2023-04-18T16:40:38.779249+0600 DEBUG START Animal ID animal_id: b'435400040001'
2023-04-18T16:40:38.781082+0600 DEBUG START Null id null_id : b'435400040001'
2023-04-18T16:40:39.170123+0600 DEBUG Raw ID animal_id: b'43540028004501c38d13091e0102011b0101e20000174007010117406415e2003412013dfc000ad7a65ec334'
2023-04-18T16:40:39.171467+0600 DEBUG New ID animal_id_new: fc000ad7a65e
2023-04-18T16:40:39.172225+0600 DEBUG Null id null_id : b'435400040001'
2023-04-18T16:40:39.173330+0600 DEBUG Success step 2 RFID. animal id new: fc000ad7a65e
2023-04-18T16:40:39.780865+0600 DEBUG START RFID FUNCTION
2023-04-18T16:40:39.782942+0600 DEBUG START Animal ID animal_id: b'435400040001'
2023-04-18T16:40:39.784682+0600 DEBUG START Null id null_id : b'435400040001'
2023-04-18T16:40:42.017236+0600 DEBUG Raw ID animal_id: b'43540028004501c38d13091e0102011b0101e20000174007010117406415e2003412013dfc000ad7a65ec334'
2023-04-18T16:40:42.019379+0600 DEBUG New ID animal_id_new: fc000ad7a65e
2023-04-18T16:40:42.020964+0600 DEBUG Null id null_id : b'435400040001'
2023-04-18T16:40:42.023150+0600 DEBUG Success step 2 RFID. animal id new: fc000ad7a65e
2023-04-18T16:40:44.795767+0600 ERROR Error, null weight list
2023-04-18T16:40:44.797324+0600 INFO main: weight_finall
2023-04-18T16:40:44.798893+0600 DEBUG START RFID FUNCTION
2023-04-18T16:40:44.800159+0600 DEBUG START Animal ID animal_id: b'435400040001'
2023-04-18T16:40:44.801305+0600 DEBUG START Null id null_id : b'435400040001'
2023-04-18T16:40:44.815863+0600 DEBUG Raw ID animal_id: b'43540028004501c38d13091e0102011b0101e20000174007010117406415e2003412013dfc000ad7a65ec235'
2023-04-18T16:40:44.817640+0600 DEBUG New ID animal_id_new: fc000ad7a65e
2023-04-18T16:40:44.818889+0600 DEBUG Null id null_id : b'435400040001'
2023-04-18T16:40:44.820094+0600 DEBUG Success step 2 RFID. animal id new: fc000ad7a65e
2023-04-18T16:40:45.802196+0600 DEBUG START RFID FUNCTION
2023-04-18T16:40:45.803584+0600 DEBUG START Animal ID animal_id: b'435400040001'
2023-04-18T16:40:45.804624+0600 DEBUG START Null id null_id : b'435400040001'
2023-04-18T16:40:46.166166+0600 DEBUG Raw ID animal_id: b'43540028004501c38d13091e0102011b0101e20000174007010117406415e2003412013dfc000ad7a65ec235'
2023-04-18T16:40:46.167569+0600 DEBUG New ID animal_id_new: fc000ad7a65e
2023-04-18T16:40:46.168533+0600 DEBUG Null id null_id : b'435400040001'
2023-04-18T16:40:46.169540+0600 DEBUG Success step 2 RFID. animal id new: fc000ad7a65e
2023-04-18T16:40:46.806081+0600 DEBUG START RFID FUNCTION
2023-04-18T16:40:46.807634+0600 DEBUG START Animal ID animal_id: b'435400040001'
2023-04-18T16:40:46.808881+0600 DEBUG START Null id null_id : b'435400040001'
2023-04-18T16:40:47.814390+0600 DEBUG Raw ID animal_id: b'43540028004501c38d13091e0102011b0101e20000174007010117406415e2003412013dfc000ad7a65ec136'
2023-04-18T16:40:47.816527+0600 DEBUG New ID animal_id_new: fc000ad7a65e
2023-04-18T16:40:47.818846+0600 DEBUG Null id null_id : b'435400040001'
2023-04-18T16:40:47.820895+0600 DEBUG Success step 2 RFID. animal id new: fc000ad7a65e
2023-04-18T16:40:48.811768+0600 DEBUG START RFID FUNCTION
2023-04-18T16:40:48.813914+0600 DEBUG START Animal ID animal_id: b'435400040001'
2023-04-18T16:40:48.815651+0600 DEBUG START Null id null_id : b'435400040001'
2023-04-18T16:40:49.017188+0600 DEBUG Raw ID animal_id: b'43540028004501c38d13091e0102011b0101e20000174007010117406415e2003412013dfc000ad7a65ec235'
2023-04-18T16:40:49.018458+0600 DEBUG New ID animal_id_new: fc000ad7a65e
2023-04-18T16:40:49.019444+0600 DEBUG Null id null_id : b'435400040001'
2023-04-18T16:40:49.020549+0600 DEBUG Success step 2 RFID. animal id new: fc000ad7a65e
2023-04-18T16:40:49.815682+0600 DEBUG START RFID FUNCTION
2023-04-18T16:40:49.817607+0600 DEBUG START Animal ID animal_id: b'435400040001'
2023-04-18T16:40:49.819229+0600 DEBUG START Null id null_id : b'435400040001'
2023-04-18T16:40:49.914902+0600 DEBUG Raw ID animal_id: b'43540028004501c38d13091e0102011b0101e20000174007010117406415e2003412013dfc000ad7a65ec235'
2023-04-18T16:40:49.919905+0600 DEBUG New ID animal_id_new: fc000ad7a65e
2023-04-18T16:40:49.925133+0600 DEBUG Null id null_id : b'435400040001'
2023-04-18T16:40:49.930272+0600 DEBUG Success step 2 RFID. animal id new: fc000ad7a65e
2023-04-18T16:40:50.822224+0600 DEBUG START RFID FUNCTION
2023-04-18T16:40:50.824375+0600 DEBUG START Animal ID animal_id: b'435400040001'
2023-04-18T16:40:50.826102+0600 DEBUG START Null id null_id : b'435400040001'
2023-04-18T16:40:51.164102+0600 DEBUG Raw ID animal_id: b'43540028004501c38d13091e0102011b0101e20000174007010117406415e2003412013dfc000ad7a65ec433'
2023-04-18T16:40:51.165498+0600 DEBUG New ID animal_id_new: fc000ad7a65e
2023-04-18T16:40:51.166500+0600 DEBUG Null id null_id : b'435400040001'
2023-04-18T16:40:51.167495+0600 DEBUG Success step 2 RFID. animal id new: fc000ad7a65e
2023-04-18T16:40:51.825292+0600 DEBUG START RFID FUNCTION
2023-04-18T16:40:51.827348+0600 DEBUG START Animal ID animal_id: b'435400040001'
2023-04-18T16:40:51.829060+0600 DEBUG START Null id null_id : b'435400040001'
2023-04-18T16:40:51.914112+0600 DEBUG Raw ID animal_id: b'43540028004501c38d13091e0102011b0101e20000174007010117406415e2003412013dfc000ad7a65ec433'
2023-04-18T16:40:51.919355+0600 DEBUG New ID animal_id_new: fc000ad7a65e
2023-04-18T16:40:51.924446+0600 DEBUG Null id null_id : b'435400040001'
2023-04-18T16:40:51.930180+0600 DEBUG Success step 2 RFID. animal id new: fc000ad7a65e
2023-04-18T16:40:52.829851+0600 DEBUG START RFID FUNCTION
2023-04-18T16:40:52.831770+0600 DEBUG START Animal ID animal_id: b'435400040001'
2023-04-18T16:40:52.836121+0600 DEBUG START Null id null_id : b'435400040001'
