2023-04-20T10:31:09.244515+0600 INFO Connect arduino /dev/ttyACM0
2023-04-20T10:31:09.246415+0600 INFO Configuration of serial, Serial<id=0x75d43280, open=True>(port='/dev/ttyACM0', baudrate=9600, bytesize=8, parity='N', stopbits=1, timeout=None, xonxoff=False, rtscts=False, dsrdtr=False)
2023-04-20T10:31:09.247483+0600 INFO Success: Arduino connected
2023-04-20T10:31:09.252366+0600 INFO ("[1] to calibrate
" "[2] to start measure
>")
2023-04-20T10:31:15.584821+0600 DEBUG START RFID FUNCTION
2023-04-20T10:31:15.586891+0600 DEBUG START Animal ID animal_id: b'435400040001'
2023-04-20T10:31:15.588586+0600 DEBUG START Null id null_id : b'435400040001'
2023-04-20T10:31:18.644271+0600 DEBUG Raw ID animal_id: b'43540028004501c38d13091e0102011b0101e20000174007010117406415e2003412013dfc000ad7a65ec730'
2023-04-20T10:31:18.646271+0600 DEBUG New ID animal_id_new: fc000ad7a65e
2023-04-20T10:31:18.647798+0600 DEBUG Null id null_id : b'435400040001'
2023-04-20T10:31:18.649524+0600 DEBUG Success step 2 RFID. animal id new: fc000ad7a65e
2023-04-20T10:31:19.041227+0600 DEBUG START RFID FUNCTION
2023-04-20T10:31:19.043272+0600 DEBUG START Animal ID animal_id: b'435400040001'
2023-04-20T10:31:19.045043+0600 DEBUG START Null id null_id : b'435400040001'
2023-04-20T10:31:19.095639+0600 DEBUG Raw ID animal_id: b'43540028004501c38d13091e0102011b0101e20000174007010117406415e2003412013dfc000ad7a65ec433'
2023-04-20T10:31:19.097836+0600 DEBUG New ID animal_id_new: fc000ad7a65e
2023-04-20T10:31:19.099714+0600 DEBUG Null id null_id : b'435400040001'
2023-04-20T10:31:19.102279+0600 DEBUG Success step 2 RFID. animal id new: fc000ad7a65e
2023-04-20T10:31:20.043572+0600 DEBUG START RFID FUNCTION
2023-04-20T10:31:20.045604+0600 DEBUG START Animal ID animal_id: b'435400040001'
2023-04-20T10:31:20.047300+0600 DEBUG START Null id null_id : b'435400040001'
2023-04-20T10:31:20.095725+0600 DEBUG Raw ID animal_id: b'43540028004501c38d13091e0102011b0101e20000174007010117406415e2003412013dfc000ad7a65ec334'
2023-04-20T10:31:20.097630+0600 DEBUG New ID animal_id_new: fc000ad7a65e
2023-04-20T10:31:20.099257+0600 DEBUG Null id null_id : b'435400040001'
2023-04-20T10:31:20.101175+0600 DEBUG Success step 2 RFID. animal id new: fc000ad7a65e
2023-04-20T10:31:21.048387+0600 INFO ARDUINOSerial<id=0x75b3a8c8, open=True>(port='/dev/ttyACM0', baudrate=9600, bytesize=8, parity='N', stopbits=1, timeout=1, xonxoff=False, rtscts=False, dsrdtr=False)
2023-04-20T10:31:22.058993+0600 ERROR Error, null weight list
2023-04-20T10:31:22.060888+0600 INFO main: weight_finall
2023-04-20T10:31:22.062973+0600 DEBUG START RFID FUNCTION
2023-04-20T10:31:22.064569+0600 DEBUG START Animal ID animal_id: b'435400040001'
2023-04-20T10:31:22.066024+0600 DEBUG START Null id null_id : b'435400040001'
2023-04-20T10:31:22.096038+0600 DEBUG Raw ID animal_id: b'43540028004501c38d13091e0102011b0101e20000174007010117406415e2003412013dfc000ad7a65ec631'
2023-04-20T10:31:22.098000+0600 DEBUG New ID animal_id_new: fc000ad7a65e
2023-04-20T10:31:22.099439+0600 DEBUG Null id null_id : b'435400040001'
2023-04-20T10:31:22.101249+0600 DEBUG Success step 2 RFID. animal id new: fc000ad7a65e
2023-04-20T10:31:23.055213+0600 DEBUG START RFID FUNCTION
2023-04-20T10:31:23.057142+0600 DEBUG START Animal ID animal_id: b'435400040001'
2023-04-20T10:31:23.058726+0600 DEBUG START Null id null_id : b'435400040001'
2023-04-20T10:31:23.096180+0600 DEBUG Raw ID animal_id: b'43540028004501c38d13091e0102011b0101e20000174007010117406415e2003412013dfc000ad7a65ec532'
2023-04-20T10:31:23.098171+0600 DEBUG New ID animal_id_new: fc000ad7a65e
2023-04-20T10:31:23.099654+0600 DEBUG Null id null_id : b'435400040001'
2023-04-20T10:31:23.101627+0600 DEBUG Success step 2 RFID. animal id new: fc000ad7a65e
2023-04-20T10:31:24.058549+0600 DEBUG START RFID FUNCTION
2023-04-20T10:31:24.060473+0600 DEBUG START Animal ID animal_id: b'435400040001'
2023-04-20T10:31:24.062194+0600 DEBUG START Null id null_id : b'435400040001'
