2023-04-24T09:12:31.141807+0600 INFO Connect arduino /dev/ttyACM1
2023-04-24T09:12:31.144040+0600 INFO Configuration of serial, Serial<id=0x75aa9e80, open=True>(port='/dev/ttyACM1', baudrate=9600, bytesize=8, parity='N', stopbits=1, timeout=None, xonxoff=False, rtscts=False, dsrdtr=False)
2023-04-24T09:12:31.145237+0600 INFO Success: Arduino connected
2023-04-24T09:12:31.151131+0600 INFO ("[1] to calibrate
" "[2] to start measure
>")
2023-04-24T09:12:37.594966+0600 DEBUG START RFID FUNCTION
2023-04-24T09:12:37.596935+0600 DEBUG START Animal ID animal_id: b'435400040001'
2023-04-24T09:12:37.598417+0600 DEBUG START Null id null_id : b'435400040001'
2023-04-24T09:12:42.497657+0600 DEBUG Raw ID animal_id: b'43540028004501c38d13091e0102011b0101e20000174007015316906afce20034120136fc000ad7ad45c9b9'
2023-04-24T09:12:42.499568+0600 DEBUG New ID animal_id_new: fc000ad7ad45
2023-04-24T09:12:42.501068+0600 DEBUG Null id null_id : b'435400040001'
2023-04-24T09:12:42.503363+0600 DEBUG Success step 2 RFID. animal id new: fc000ad7ad45
2023-04-24T09:12:42.505196+0600 INFO Animal_ID: fc000ad7ad45
2023-04-24T09:12:42.941470+0600 INFO Distance: 126.0
2023-04-24T09:12:42.942698+0600 DEBUG START RFID FUNCTION
2023-04-24T09:12:42.945204+0600 DEBUG START Animal ID animal_id: b'435400040001'
2023-04-24T09:12:42.946570+0600 DEBUG START Null id null_id : b'435400040001'
2023-04-24T09:12:43.797526+0600 DEBUG Raw ID animal_id: b'43540028004501c38d13091e0102011b0101e20000174007015316906afce20034120136fc000ad7ad45c6bc'
2023-04-24T09:12:43.799486+0600 DEBUG New ID animal_id_new: fc000ad7ad45
2023-04-24T09:12:43.801068+0600 DEBUG Null id null_id : b'435400040001'
2023-04-24T09:12:43.803203+0600 DEBUG Success step 2 RFID. animal id new: fc000ad7ad45
2023-04-24T09:12:43.804950+0600 INFO Animal_ID: fc000ad7ad45
2023-04-24T09:12:43.947333+0600 INFO Distance: 116.0
2023-04-24T09:12:43.948570+0600 DEBUG START RFID FUNCTION
2023-04-24T09:12:43.949445+0600 DEBUG START Animal ID animal_id: b'435400040001'
2023-04-24T09:12:43.950306+0600 DEBUG START Null id null_id : b'435400040001'
2023-04-24T09:12:43.997771+0600 DEBUG Raw ID animal_id: b'43540028004501c38d13091e0102011b0101e20000174007015316906afce20034120136fc000ad7ad45cdb5'
2023-04-24T09:12:43.999136+0600 DEBUG New ID animal_id_new: fc000ad7ad45
2023-04-24T09:12:44.000292+0600 DEBUG Null id null_id : b'435400040001'
2023-04-24T09:12:44.002367+0600 DEBUG Success step 2 RFID. animal id new: fc000ad7ad45
2023-04-24T09:12:44.003950+0600 INFO Animal_ID: fc000ad7ad45
2023-04-24T09:12:44.950969+0600 INFO Distance: 138.0
2023-04-24T09:12:44.953017+0600 DEBUG START RFID FUNCTION
2023-04-24T09:12:44.954681+0600 DEBUG START Animal ID animal_id: b'435400040001'
2023-04-24T09:12:44.956518+0600 DEBUG START Null id null_id : b'435400040001'
2023-04-24T09:12:44.997667+0600 DEBUG Raw ID animal_id: b'43540028004501c38d13091e0102011b0101e20000174007015316906afce20034120136fc000ad7ad45d0b2'
2023-04-24T09:12:45.000494+0600 DEBUG New ID animal_id_new: fc000ad7ad45
2023-04-24T09:12:45.003394+0600 DEBUG Null id null_id : b'435400040001'
2023-04-24T09:12:45.005715+0600 DEBUG Success step 2 RFID. animal id new: fc000ad7ad45
2023-04-24T09:12:45.007953+0600 INFO Animal_ID: fc000ad7ad45
2023-04-24T09:12:45.955123+0600 INFO Distance: 21.0
2023-04-24T09:12:45.960408+0600 INFO ARDUINOSerial<id=0x75abc970, open=True>(port='/dev/ttyACM0', baudrate=9600, bytesize=8, parity='N', stopbits=1, timeout=1, xonxoff=False, rtscts=False, dsrdtr=False)
2023-04-24T09:12:49.127385+0600 DEBUG Array weights: [63.63]
2023-04-24T09:12:50.315471+0600 DEBUG Array weights: [63.63, 64.56]
2023-04-24T09:12:51.507694+0600 DEBUG Array weights: [63.63, 64.56, 64.07]
2023-04-24T09:12:52.699325+0600 DEBUG Array weights: [63.63, 64.56, 64.07, 65.59]
2023-04-24T09:12:53.886952+0600 DEBUG Array weights: [63.63, 64.56, 64.07, 65.59, 63.11]
2023-04-24T09:12:55.079568+0600 DEBUG Array weights: [63.63, 64.56, 64.07, 65.59, 63.11, 67.93]
2023-04-24T09:12:56.267672+0600 DEBUG Array weights: [63.63, 64.56, 64.07, 65.59, 63.11, 67.93, 64.93]
2023-04-24T09:12:57.458960+0600 DEBUG Array weights: [63.63, 64.56, 64.07, 65.59, 63.11, 67.93, 64.93, 64.07]
2023-04-24T09:12:58.650468+0600 DEBUG Array weights: [63.63, 64.56, 64.07, 65.59, 63.11, 67.93, 64.93, 64.07, 64.74]
2023-04-24T09:12:59.838980+0600 DEBUG Array weights: [63.63, 64.56, 64.07, 65.59, 63.11, 67.93, 64.93, 64.07, 64.74, 63.67]
2023-04-24T09:13:01.030874+0600 DEBUG Array weights: [63.63, 64.56, 64.07, 65.59, 63.11, 67.93, 64.93, 64.07, 64.74, 63.67, 65.78]
2023-04-24T09:13:02.222537+0600 DEBUG Array weights: [63.63, 64.56, 64.07, 65.59, 63.11, 67.93, 64.93, 64.07, 64.74, 63.67, 65.78, 64.19]
2023-04-24T09:13:03.410087+0600 DEBUG Array weights: [63.63, 64.56, 64.07, 65.59, 63.11, 67.93, 64.93, 64.07, 64.74, 63.67, 65.78, 64.19, 65.48]
2023-04-24T09:13:04.603009+0600 DEBUG Array weights: [63.63, 64.56, 64.07, 65.59, 63.11, 67.93, 64.93, 64.07, 64.74, 63.67, 65.78, 64.19, 65.48, 64.26]
2023-04-24T09:13:05.791053+0600 DEBUG Array weights: [63.63, 64.56, 64.07, 65.59, 63.11, 67.93, 64.93, 64.07, 64.74, 63.67, 65.78, 64.19, 65.48, 64.26, 63.19]
2023-04-24T09:13:06.982365+0600 DEBUG Array weights: [63.63, 64.56, 64.07, 65.59, 63.11, 67.93, 64.93, 64.07, 64.74, 63.67, 65.78, 64.19, 65.48, 64.26, 63.19, 65.59]
2023-04-24T09:13:08.173947+0600 DEBUG Array weights: [63.63, 64.56, 64.07, 65.59, 63.11, 67.93, 64.93, 64.07, 64.74, 63.67, 65.78, 64.19, 65.48, 64.26, 63.19, 65.59, 100.22]
2023-04-24T09:13:08.530252+0600 INFO Start weight: 64.56
2023-04-24T09:13:08.531530+0600 INFO Start time: 5417.414855176
2023-04-24T09:13:08.532396+0600 INFO main: weight_finall
2023-04-24T09:13:08.533261+0600 INFO main: Send data to server
2023-04-24T09:13:08.534135+0600 DEBUG Post data function start
2023-04-24T09:13:09.379169+0600 DEBUG Answer from server: <Response [200]>
2023-04-24T09:13:09.383984+0600 DEBUG Content from main server: b'2200'
2023-04-24T09:13:09.386292+0600 DEBUG START SEND DATA TO SERVER:
2023-04-24T09:13:09.766444+0600 DEBUG Answer from server: <Response [200]>
2023-04-24T09:13:09.767853+0600 DEBUG Content from main server: b'147921'
2023-04-24T09:13:09.768817+0600 ERROR 4 step send data
2023-04-24T09:13:09.770572+0600 DEBUG START RFID FUNCTION
2023-04-24T09:13:09.771730+0600 DEBUG START Animal ID animal_id: b'435400040001'
2023-04-24T09:13:09.772696+0600 DEBUG START Null id null_id : b'435400040001'
2023-04-24T09:13:10.146781+0600 DEBUG Raw ID animal_id: b'43540028004501c38d13091e0102011b0101e20000174007015316906afce20034120136fc000ad7ad45ceb4'
2023-04-24T09:13:10.148161+0600 DEBUG New ID animal_id_new: fc000ad7ad45
2023-04-24T09:13:10.149045+0600 DEBUG Null id null_id : b'435400040001'
2023-04-24T09:13:10.150144+0600 DEBUG Success step 2 RFID. animal id new: fc000ad7ad45
2023-04-24T09:13:10.151422+0600 INFO Animal_ID: fc000ad7ad45
2023-04-24T09:13:11.060372+0600 INFO Distance: 126.0
2023-04-24T09:13:11.062401+0600 DEBUG START RFID FUNCTION
2023-04-24T09:13:11.067157+0600 DEBUG START Animal ID animal_id: b'435400040001'
2023-04-24T09:13:11.069318+0600 DEBUG START Null id null_id : b'435400040001'
