2023-04-20T14:51:18.858962+0600 INFO Connect arduino /dev/ttyACM1
2023-04-20T14:51:18.860929+0600 INFO Configuration of serial, Serial<id=0x75d55280, open=True>(port='/dev/ttyACM1', baudrate=9600, bytesize=8, parity='N', stopbits=1, timeout=None, xonxoff=False, rtscts=False, dsrdtr=False)
2023-04-20T14:51:18.862009+0600 INFO Success: Arduino connected
2023-04-20T14:51:18.866633+0600 INFO ("[1] to calibrate
" "[2] to start measure
>")
2023-04-20T14:51:26.031328+0600 DEBUG START RFID FUNCTION
2023-04-20T14:51:26.032859+0600 DEBUG START Animal ID animal_id: b'435400040001'
2023-04-20T14:51:26.034050+0600 DEBUG START Null id null_id : b'435400040001'
2023-04-20T14:51:27.792575+0600 DEBUG Raw ID animal_id: b'43540028004501c38d13091e0102011b0101e2806894000040103003d496e2806894200040103003d496c3d7'
2023-04-20T14:51:27.793907+0600 DEBUG New ID animal_id_new: 40103003d496
2023-04-20T14:51:27.794995+0600 DEBUG Null id null_id : b'435400040001'
2023-04-20T14:51:27.796255+0600 DEBUG Success step 2 RFID. animal id new: 40103003d496
2023-04-20T14:51:28.649120+0600 DEBUG START RFID FUNCTION
2023-04-20T14:51:28.651056+0600 DEBUG START Animal ID animal_id: b'435400040001'
2023-04-20T14:51:28.652800+0600 DEBUG START Null id null_id : b'435400040001'
2023-04-20T14:51:28.692744+0600 DEBUG Raw ID animal_id: b'43540028004501c38d13091e0102011b0101e2806894000040103003d496e2806894200040103003d496cecc'
2023-04-20T14:51:28.694527+0600 DEBUG New ID animal_id_new: 40103003d496
2023-04-20T14:51:28.696069+0600 DEBUG Null id null_id : b'435400040001'
2023-04-20T14:51:28.697821+0600 DEBUG Success step 2 RFID. animal id new: 40103003d496
2023-04-20T14:51:29.654101+0600 INFO ARDUINOSerial<id=0x75b4b778, open=True>(port='/dev/ttyACM0', baudrate=9600, bytesize=8, parity='N', stopbits=1, timeout=1, xonxoff=False, rtscts=False, dsrdtr=False)
2023-04-20T14:51:31.876154+0600 ERROR Error, null weight list
2023-04-20T14:51:31.878049+0600 INFO main: weight_finall
2023-04-20T14:51:31.880801+0600 DEBUG START RFID FUNCTION
2023-04-20T14:51:31.882639+0600 DEBUG START Animal ID animal_id: b'435400040001'
2023-04-20T14:51:31.884286+0600 DEBUG START Null id null_id : b'435400040001'
2023-04-20T14:51:31.892265+0600 DEBUG Raw ID animal_id: b'43540028004501c38d13091e0102011b0101e2806894000040103003d496e2806894200040103003d496cecc'
2023-04-20T14:51:31.894144+0600 DEBUG New ID animal_id_new: 40103003d496
2023-04-20T14:51:31.896060+0600 DEBUG Null id null_id : b'435400040001'
2023-04-20T14:51:31.898027+0600 DEBUG Success step 2 RFID. animal id new: 40103003d496
2023-04-20T14:51:32.667476+0600 INFO ARDUINOSerial<id=0x75b4b9b8, open=True>(port='/dev/ttyACM0', baudrate=9600, bytesize=8, parity='N', stopbits=1, timeout=1, xonxoff=False, rtscts=False, dsrdtr=False)
2023-04-20T14:51:34.881955+0600 ERROR Error, null weight list
2023-04-20T14:51:34.883997+0600 INFO main: weight_finall
2023-04-20T14:51:34.888929+0600 DEBUG START RFID FUNCTION
2023-04-20T14:51:34.890909+0600 DEBUG START Animal ID animal_id: b'435400040001'
2023-04-20T14:51:34.892563+0600 DEBUG START Null id null_id : b'435400040001'
2023-04-20T14:51:34.992848+0600 DEBUG Raw ID animal_id: b'43540028004501c38d13091e0102011b0101e2806894000040103003d496e2806894200040103003d496cecc'
2023-04-20T14:51:34.997882+0600 DEBUG New ID animal_id_new: 40103003d496
2023-04-20T14:51:35.002641+0600 DEBUG Null id null_id : b'435400040001'
2023-04-20T14:51:35.008289+0600 DEBUG Success step 2 RFID. animal id new: 40103003d496
2023-04-20T14:51:35.676677+0600 DEBUG START RFID FUNCTION
2023-04-20T14:51:35.677811+0600 DEBUG START Animal ID animal_id: b'435400040001'
2023-04-20T14:51:35.678699+0600 DEBUG START Null id null_id : b'435400040001'
2023-04-20T14:51:35.692252+0600 DEBUG Raw ID animal_id: b'43540028004501c38d13091e0102011b0101e2806894000040103003d496e2806894200040103003d496cecc'
2023-04-20T14:51:35.693435+0600 DEBUG New ID animal_id_new: 40103003d496
2023-04-20T14:51:35.694332+0600 DEBUG Null id null_id : b'435400040001'
2023-04-20T14:51:35.695524+0600 DEBUG Success step 2 RFID. animal id new: 40103003d496
2023-04-20T14:51:36.684691+0600 DEBUG START RFID FUNCTION
2023-04-20T14:51:36.686682+0600 DEBUG START Animal ID animal_id: b'435400040001'
2023-04-20T14:51:36.688258+0600 DEBUG START Null id null_id : b'435400040001'
2023-04-20T14:51:36.691837+0600 DEBUG Raw ID animal_id: b'43540028004501c38d13091e0102011b0101e2806894000040103003d496e2806894200040103003d496cdcd'
2023-04-20T14:51:36.693527+0600 DEBUG New ID animal_id_new: 40103003d496
2023-04-20T14:51:36.694990+0600 DEBUG Null id null_id : b'435400040001'
2023-04-20T14:51:36.696688+0600 DEBUG Success step 2 RFID. animal id new: 40103003d496
2023-04-20T14:51:37.687868+0600 DEBUG START RFID FUNCTION
2023-04-20T14:51:37.689748+0600 DEBUG START Animal ID animal_id: b'435400040001'
2023-04-20T14:51:37.691417+0600 DEBUG START Null id null_id : b'435400040001'
2023-04-20T14:51:37.792536+0600 DEBUG Raw ID animal_id: b'43540028004501c38d13091e0102011b0101e2806894000040103003d496e2806894200040103003d496cdcd'
2023-04-20T14:51:37.796905+0600 DEBUG New ID animal_id_new: 40103003d496
2023-04-20T14:51:37.801000+0600 DEBUG Null id null_id : b'435400040001'
2023-04-20T14:51:37.805731+0600 DEBUG Success step 2 RFID. animal id new: 40103003d496
2023-04-20T14:51:38.690898+0600 DEBUG START RFID FUNCTION
2023-04-20T14:51:38.692397+0600 DEBUG START Animal ID animal_id: b'435400040001'
2023-04-20T14:51:38.693511+0600 DEBUG START Null id null_id : b'435400040001'
2023-04-20T14:51:38.792330+0600 DEBUG Raw ID animal_id: b'43540028004501c38d13091e0102011b0101e2806894000040103003d496e2806894200040103003d496cdcd'
2023-04-20T14:51:38.796644+0600 DEBUG New ID animal_id_new: 40103003d496
2023-04-20T14:51:38.799486+0600 DEBUG Null id null_id : b'435400040001'
2023-04-20T14:51:38.803167+0600 DEBUG Success step 2 RFID. animal id new: 40103003d496
2023-04-20T14:51:39.695149+0600 DEBUG START RFID FUNCTION
2023-04-20T14:51:39.696671+0600 DEBUG START Animal ID animal_id: b'435400040001'
2023-04-20T14:51:39.697816+0600 DEBUG START Null id null_id : b'435400040001'
2023-04-20T14:51:39.792337+0600 DEBUG Raw ID animal_id: b'43540028004501c38d13091e0102011b0101e2806894000040103003d496e2806894200040103003d496cdcd'
2023-04-20T14:51:39.796309+0600 DEBUG New ID animal_id_new: 40103003d496
2023-04-20T14:51:39.800089+0600 DEBUG Null id null_id : b'435400040001'
2023-04-20T14:51:39.805021+0600 DEBUG Success step 2 RFID. animal id new: 40103003d496
2023-04-20T14:51:40.700017+0600 INFO ARDUINOSerial<id=0x75b4bb20, open=True>(port='/dev/ttyACM0', baudrate=9600, bytesize=8, parity='N', stopbits=1, timeout=1, xonxoff=False, rtscts=False, dsrdtr=False)
2023-04-20T14:51:42.922444+0600 ERROR Error, null weight list
2023-04-20T14:51:42.924460+0600 INFO main: weight_finall
2023-04-20T14:51:42.927013+0600 DEBUG START RFID FUNCTION
2023-04-20T14:51:42.928794+0600 DEBUG START Animal ID animal_id: b'435400040001'
2023-04-20T14:51:42.930404+0600 DEBUG START Null id null_id : b'435400040001'
2023-04-20T14:51:42.991407+0600 DEBUG Raw ID animal_id: b'43540028004501c38d13091e0102011b0101e2806894000040103003d496e2806894200040103003d496cdcd'
2023-04-20T14:51:42.993869+0600 DEBUG New ID animal_id_new: 40103003d496
2023-04-20T14:51:42.995918+0600 DEBUG Null id null_id : b'435400040001'
2023-04-20T14:51:42.998451+0600 DEBUG Success step 2 RFID. animal id new: 40103003d496
2023-04-20T14:51:43.709292+0600 INFO ARDUINOSerial<id=0x75b4bb50, open=True>(port='/dev/ttyACM0', baudrate=9600, bytesize=8, parity='N', stopbits=1, timeout=1, xonxoff=False, rtscts=False, dsrdtr=False)
2023-04-20T14:51:45.920993+0600 ERROR Error, null weight list
2023-04-20T14:51:45.922935+0600 INFO main: weight_finall
2023-04-20T14:51:45.927211+0600 DEBUG START RFID FUNCTION
2023-04-20T14:51:45.929019+0600 DEBUG START Animal ID animal_id: b'435400040001'
2023-04-20T14:51:45.930520+0600 DEBUG START Null id null_id : b'435400040001'
2023-04-20T14:51:46.341803+0600 DEBUG Raw ID animal_id: b'43540028004501c38d13091e0102011b0101e2806894000040103003d496e2806894200040103003d496c9d1'
2023-04-20T14:51:46.342930+0600 DEBUG New ID animal_id_new: 40103003d496
2023-04-20T14:51:46.343783+0600 DEBUG Null id null_id : b'435400040001'
2023-04-20T14:51:46.344861+0600 DEBUG Success step 2 RFID. animal id new: 40103003d496
2023-04-20T14:51:46.723661+0600 DEBUG START RFID FUNCTION
2023-04-20T14:51:46.725318+0600 DEBUG START Animal ID animal_id: b'435400040001'
2023-04-20T14:51:46.726547+0600 DEBUG START Null id null_id : b'435400040001'
