2023-04-18T11:48:21.122907+0600 INFO ("[1] to calibrate
" "[2] to start measure
>")
2023-04-18T11:48:27.441699+0600 DEBUG START RFID FUNCTION
2023-04-18T11:48:27.443716+0600 DEBUG START Animal ID animal_id: b'435400040001'
2023-04-18T11:48:27.445222+0600 DEBUG START Null id null_id : b'435400040001'
2023-04-18T11:48:27.748283+0600 DEBUG Raw ID animal_id: b'43540028004501c38d13091e0102011b0101e20000174007010117406415e2003412013dfc000ad7a65ec532'
2023-04-18T11:48:27.749558+0600 DEBUG New ID animal_id_new: fc000ad7a65e
2023-04-18T11:48:27.750466+0600 DEBUG Null id null_id : b'435400040001'
2023-04-18T11:48:27.751566+0600 DEBUG Success step 2 RFID. animal id new: fc000ad7a65e
2023-04-18T11:48:30.921286+0600 DEBUG Array weights: [18.19]
2023-04-18T11:48:32.109292+0600 DEBUG Array weights: [18.19, 20.22]
2023-04-18T11:48:33.301849+0600 DEBUG Array weights: [18.19, 20.22, 14.97]
2023-04-18T11:48:34.492973+0600 DEBUG Array weights: [18.19, 20.22, 14.97, 16.92]
2023-04-18T11:48:35.684936+0600 DEBUG Array weights: [18.19, 20.22, 14.97, 16.92, 15.1]
2023-04-18T11:48:36.876577+0600 DEBUG Array weights: [18.19, 20.22, 14.97, 16.92, 15.1, 18.56]
2023-04-18T11:48:38.069716+0600 DEBUG Array weights: [18.19, 20.22, 14.97, 16.92, 15.1, 18.56, 17.97]
2023-04-18T11:48:39.261464+0600 DEBUG Array weights: [18.19, 20.22, 14.97, 16.92, 15.1, 18.56, 17.97, 20.11]
2023-04-18T11:48:40.453251+0600 DEBUG Array weights: [18.19, 20.22, 14.97, 16.92, 15.1, 18.56, 17.97, 20.11, 22.21]
2023-04-18T11:48:41.645015+0600 DEBUG Array weights: [18.19, 20.22, 14.97, 16.92, 15.1, 18.56, 17.97, 20.11, 22.21, 19.86]
2023-04-18T11:48:42.836787+0600 DEBUG Array weights: [18.19, 20.22, 14.97, 16.92, 15.1, 18.56, 17.97, 20.11, 22.21, 19.86, 15.31]
2023-04-18T11:48:44.025476+0600 DEBUG Array weights: [18.19, 20.22, 14.97, 16.92, 15.1, 18.56, 17.97, 20.11, 22.21, 19.86, 15.31, 14.44]
2023-04-18T11:48:45.216426+0600 DEBUG Array weights: [18.19, 20.22, 14.97, 16.92, 15.1, 18.56, 17.97, 20.11, 22.21, 19.86, 15.31, 14.44, 16.96]
2023-04-18T11:48:46.408456+0600 DEBUG Array weights: [18.19, 20.22, 14.97, 16.92, 15.1, 18.56, 17.97, 20.11, 22.21, 19.86, 15.31, 14.44, 16.96, 15.61]
2023-04-18T11:48:47.601452+0600 DEBUG Array weights: [18.19, 20.22, 14.97, 16.92, 15.1, 18.56, 17.97, 20.11, 22.21, 19.86, 15.31, 14.44, 16.96, 15.61, 17.01]
2023-04-18T11:48:48.793239+0600 DEBUG Array weights: [18.19, 20.22, 14.97, 16.92, 15.1, 18.56, 17.97, 20.11, 22.21, 19.86, 15.31, 14.44, 16.96, 15.61, 17.01, 20.56]
2023-04-18T11:48:49.984826+0600 DEBUG Array weights: [18.19, 20.22, 14.97, 16.92, 15.1, 18.56, 17.97, 20.11, 22.21, 19.86, 15.31, 14.44, 16.96, 15.61, 17.01, 20.56, 22.36]
2023-04-18T11:48:51.176576+0600 DEBUG Array weights: [18.19, 20.22, 14.97, 16.92, 15.1, 18.56, 17.97, 20.11, 22.21, 19.86, 15.31, 14.44, 16.96, 15.61, 17.01, 20.56, 22.36, 22.86]
2023-04-18T11:48:52.368303+0600 DEBUG Array weights: [18.19, 20.22, 14.97, 16.92, 15.1, 18.56, 17.97, 20.11, 22.21, 19.86, 15.31, 14.44, 16.96, 15.61, 17.01, 20.56, 22.36, 22.86, 19.08]
2023-04-18T11:48:53.556372+0600 DEBUG Array weights: [18.19, 20.22, 14.97, 16.92, 15.1, 18.56, 17.97, 20.11, 22.21, 19.86, 15.31, 14.44, 16.96, 15.61, 17.01, 20.56, 22.36, 22.86, 19.08, 16.19]
2023-04-18T11:48:54.748355+0600 DEBUG Array weights: [18.19, 20.22, 14.97, 16.92, 15.1, 18.56, 17.97, 20.11, 22.21, 19.86, 15.31, 14.44, 16.96, 15.61, 17.01, 20.56, 22.36, 22.86, 19.08, 16.19, 24.54]
2023-04-18T11:48:55.940523+0600 DEBUG Array weights: [18.19, 20.22, 14.97, 16.92, 15.1, 18.56, 17.97, 20.11, 22.21, 19.86, 15.31, 14.44, 16.96, 15.61, 17.01, 20.56, 22.36, 22.86, 19.08, 16.19, 24.54, 22.78]
2023-04-18T11:48:57.132579+0600 DEBUG Array weights: [18.19, 20.22, 14.97, 16.92, 15.1, 18.56, 17.97, 20.11, 22.21, 19.86, 15.31, 14.44, 16.96, 15.61, 17.01, 20.56, 22.36, 22.86, 19.08, 16.19, 24.54, 22.78, 18.24]
2023-04-18T11:48:58.324630+0600 DEBUG Array weights: [18.19, 20.22, 14.97, 16.92, 15.1, 18.56, 17.97, 20.11, 22.21, 19.86, 15.31, 14.44, 16.96, 15.61, 17.01, 20.56, 22.36, 22.86, 19.08, 16.19, 24.54, 22.78, 18.24, 18.56]
2023-04-18T11:48:59.516538+0600 DEBUG Array weights: [18.19, 20.22, 14.97, 16.92, 15.1, 18.56, 17.97, 20.11, 22.21, 19.86, 15.31, 14.44, 16.96, 15.61, 17.01, 20.56, 22.36, 22.86, 19.08, 16.19, 24.54, 22.78, 18.24, 18.56, 18.47]
2023-04-18T11:49:00.708491+0600 DEBUG Array weights: [18.19, 20.22, 14.97, 16.92, 15.1, 18.56, 17.97, 20.11, 22.21, 19.86, 15.31, 14.44, 16.96, 15.61, 17.01, 20.56, 22.36, 22.86, 19.08, 16.19, 24.54, 22.78, 18.24, 18.56, 18.47, 14.14]
2023-04-18T11:49:01.900270+0600 DEBUG Array weights: [18.19, 20.22, 14.97, 16.92, 15.1, 18.56, 17.97, 20.11, 22.21, 19.86, 15.31, 14.44, 16.96, 15.61, 17.01, 20.56, 22.36, 22.86, 19.08, 16.19, 24.54, 22.78, 18.24, 18.56, 18.47, 14.14, 20.36]
2023-04-18T11:49:03.091930+0600 DEBUG Array weights: [18.19, 20.22, 14.97, 16.92, 15.1, 18.56, 17.97, 20.11, 22.21, 19.86, 15.31, 14.44, 16.96, 15.61, 17.01, 20.56, 22.36, 22.86, 19.08, 16.19, 24.54, 22.78, 18.24, 18.56, 18.47, 14.14, 20.36, 22.64]
2023-04-18T11:49:04.283712+0600 DEBUG Array weights: [18.19, 20.22, 14.97, 16.92, 15.1, 18.56, 17.97, 20.11, 22.21, 19.86, 15.31, 14.44, 16.96, 15.61, 17.01, 20.56, 22.36, 22.86, 19.08, 16.19, 24.54, 22.78, 18.24, 18.56, 18.47, 14.14, 20.36, 22.64, 21.97]
2023-04-18T11:49:05.475741+0600 DEBUG Array weights: [18.19, 20.22, 14.97, 16.92, 15.1, 18.56, 17.97, 20.11, 22.21, 19.86, 15.31, 14.44, 16.96, 15.61, 17.01, 20.56, 22.36, 22.86, 19.08, 16.19, 24.54, 22.78, 18.24, 18.56, 18.47, 14.14, 20.36, 22.64, 21.97, 20.56]
2023-04-18T11:49:06.667969+0600 DEBUG Array weights: [18.19, 20.22, 14.97, 16.92, 15.1, 18.56, 17.97, 20.11, 22.21, 19.86, 15.31, 14.44, 16.96, 15.61, 17.01, 20.56, 22.36, 22.86, 19.08, 16.19, 24.54, 22.78, 18.24, 18.56, 18.47, 14.14, 20.36, 22.64, 21.97, 20.56, 17.15]
2023-04-18T11:49:07.860039+0600 DEBUG Array weights: [18.19, 20.22, 14.97, 16.92, 15.1, 18.56, 17.97, 20.11, 22.21, 19.86, 15.31, 14.44, 16.96, 15.61, 17.01, 20.56, 22.36, 22.86, 19.08, 16.19, 24.54, 22.78, 18.24, 18.56, 18.47, 14.14, 20.36, 22.64, 21.97, 20.56, 17.15, 14.62]
2023-04-18T11:49:09.051882+0600 DEBUG Array weights: [18.19, 20.22, 14.97, 16.92, 15.1, 18.56, 17.97, 20.11, 22.21, 19.86, 15.31, 14.44, 16.96, 15.61, 17.01, 20.56, 22.36, 22.86, 19.08, 16.19, 24.54, 22.78, 18.24, 18.56, 18.47, 14.14, 20.36, 22.64, 21.97, 20.56, 17.15, 14.62, 24.69]
2023-04-18T11:49:10.239874+0600 DEBUG Array weights: [18.19, 20.22, 14.97, 16.92, 15.1, 18.56, 17.97, 20.11, 22.21, 19.86, 15.31, 14.44, 16.96, 15.61, 17.01, 20.56, 22.36, 22.86, 19.08, 16.19, 24.54, 22.78, 18.24, 18.56, 18.47, 14.14, 20.36, 22.64, 21.97, 20.56, 17.15, 14.62, 24.69, 17.54]
2023-04-18T11:49:11.431980+0600 DEBUG Array weights: [18.19, 20.22, 14.97, 16.92, 15.1, 18.56, 17.97, 20.11, 22.21, 19.86, 15.31, 14.44, 16.96, 15.61, 17.01, 20.56, 22.36, 22.86, 19.08, 16.19, 24.54, 22.78, 18.24, 18.56, 18.47, 14.14, 20.36, 22.64, 21.97, 20.56, 17.15, 14.62, 24.69, 17.54, 20.93]
2023-04-18T11:49:12.624320+0600 DEBUG Array weights: [18.19, 20.22, 14.97, 16.92, 15.1, 18.56, 17.97, 20.11, 22.21, 19.86, 15.31, 14.44, 16.96, 15.61, 17.01, 20.56, 22.36, 22.86, 19.08, 16.19, 24.54, 22.78, 18.24, 18.56, 18.47, 14.14, 20.36, 22.64, 21.97, 20.56, 17.15, 14.62, 24.69, 17.54, 20.93, 20.36]
2023-04-18T11:49:13.815309+0600 DEBUG Array weights: [18.19, 20.22, 14.97, 16.92, 15.1, 18.56, 17.97, 20.11, 22.21, 19.86, 15.31, 14.44, 16.96, 15.61, 17.01, 20.56, 22.36, 22.86, 19.08, 16.19, 24.54, 22.78, 18.24, 18.56, 18.47, 14.14, 20.36, 22.64, 21.97, 20.56, 17.15, 14.62, 24.69, 17.54, 20.93, 20.36, 18.56]
