2023-04-24T10:56:24.257752+0600 INFO Connect arduino /dev/ttyACM1
2023-04-24T10:56:24.260480+0600 INFO Configuration of serial, Serial<id=0x75b325e0, open=True>(port='/dev/ttyACM1', baudrate=9600, bytesize=8, parity='N', stopbits=1, timeout=None, xonxoff=False, rtscts=False, dsrdtr=False)
2023-04-24T10:56:24.262001+0600 INFO Success: Arduino connected
2023-04-24T10:56:24.268447+0600 INFO ("[1] to calibrate
" "[2] to start measure
>")
2023-04-24T10:56:30.612635+0600 DEBUG START RFID FUNCTION
2023-04-24T10:56:30.614421+0600 DEBUG START Animal ID animal_id: b'435400040001'
2023-04-24T10:56:30.615465+0600 DEBUG START Null id null_id : b'435400040001'
2023-04-24T10:56:30.727368+0600 DEBUG Raw ID animal_id: b'43540028004501c38d13091e0102011b0101e2806894000040103003d496e2806894200040103003d496c4d6'
2023-04-24T10:56:30.732010+0600 DEBUG New ID animal_id_new: 40103003d496
2023-04-24T10:56:30.735415+0600 DEBUG Null id null_id : b'435400040001'
2023-04-24T10:56:30.740619+0600 DEBUG Success step 2 RFID. animal id new: 40103003d496
2023-04-24T10:56:30.745533+0600 INFO Animal_ID: 40103003d496
2023-04-24T10:56:31.038326+0600 INFO Distance: 138.0
2023-04-24T10:56:31.041005+0600 INFO ARDUINOSerial<id=0x75b32b80, open=True>(port='/dev/ttyACM0', baudrate=9600, bytesize=8, parity='N', stopbits=1, timeout=1, xonxoff=False, rtscts=False, dsrdtr=False)
2023-04-24T10:56:34.203184+0600 DEBUG Array weights: [87.15]
2023-04-24T10:56:35.391729+0600 DEBUG Array weights: [87.15, 87.7]
2023-04-24T10:56:36.582955+0600 DEBUG Array weights: [87.15, 87.7, 85.41]
2023-04-24T10:56:37.774802+0600 DEBUG Array weights: [87.15, 87.7, 85.41, 88.19]
