2023-04-18T16:59:15.281486+0600 INFO Connect arduino /dev/ttyACM0
2023-04-18T16:59:15.283715+0600 INFO Configuration of serial, Serial<id=0x75d3c280, open=True>(port='/dev/ttyACM0', baudrate=9600, bytesize=8, parity='N', stopbits=1, timeout=None, xonxoff=False, rtscts=False, dsrdtr=False)
2023-04-18T16:59:15.284880+0600 INFO Success: Arduino connected
2023-04-18T16:59:15.289547+0600 INFO ("[1] to calibrate
" "[2] to start measure
>")
2023-04-18T16:59:23.048787+0600 DEBUG START RFID FUNCTION
2023-04-18T16:59:23.050844+0600 DEBUG START Animal ID animal_id: b'435400040001'
2023-04-18T16:59:23.052287+0600 DEBUG START Null id null_id : b'435400040001'
2023-04-18T16:59:23.495566+0600 DEBUG Raw ID animal_id: b'43540028004501c38d13091e0102011b0101e20000174007015316906afce20034120136fc000ad7ad45cdb5'
2023-04-18T16:59:23.496791+0600 DEBUG New ID animal_id_new: fc000ad7ad45
2023-04-18T16:59:23.497614+0600 DEBUG Null id null_id : b'435400040001'
2023-04-18T16:59:23.498625+0600 DEBUG Success step 2 RFID. animal id new: fc000ad7ad45
2023-04-18T16:59:24.070337+0600 DEBUG START RFID FUNCTION
2023-04-18T16:59:24.072184+0600 DEBUG START Animal ID animal_id: b'435400040001'
2023-04-18T16:59:24.073875+0600 DEBUG START Null id null_id : b'435400040001'
2023-04-18T16:59:27.244429+0600 DEBUG Raw ID animal_id: b'43540028004501c38d13091e0102011b0101e20000174007015316906afce20034120136fc000ad7ad45c4be'
2023-04-18T16:59:27.246404+0600 DEBUG New ID animal_id_new: fc000ad7ad45
2023-04-18T16:59:27.247842+0600 DEBUG Null id null_id : b'435400040001'
2023-04-18T16:59:27.249500+0600 DEBUG Success step 2 RFID. animal id new: fc000ad7ad45
2023-04-18T16:59:28.082867+0600 DEBUG START RFID FUNCTION
2023-04-18T16:59:28.084096+0600 DEBUG START Animal ID animal_id: b'435400040001'
2023-04-18T16:59:28.085000+0600 DEBUG START Null id null_id : b'435400040001'
2023-04-18T16:59:28.144706+0600 DEBUG Raw ID animal_id: b'43540028004501c38d13091e0102011b0101e20000174007015316906afce20034120136fc000ad7ad45cbb7'
2023-04-18T16:59:28.147118+0600 DEBUG New ID animal_id_new: fc000ad7ad45
2023-04-18T16:59:28.149053+0600 DEBUG Null id null_id : b'435400040001'
2023-04-18T16:59:28.151260+0600 DEBUG Success step 2 RFID. animal id new: fc000ad7ad45
2023-04-18T16:59:29.091338+0600 DEBUG START RFID FUNCTION
2023-04-18T16:59:29.093341+0600 DEBUG START Animal ID animal_id: b'435400040001'
2023-04-18T16:59:29.094889+0600 DEBUG START Null id null_id : b'435400040001'
2023-04-18T16:59:29.144686+0600 DEBUG Raw ID animal_id: b'43540028004501c38d13091e0102011b0101e20000174007015316906afce20034120136fc000ad7ad45ccb6'
2023-04-18T16:59:29.146396+0600 DEBUG New ID animal_id_new: fc000ad7ad45
2023-04-18T16:59:29.147844+0600 DEBUG Null id null_id : b'435400040001'
2023-04-18T16:59:29.149738+0600 DEBUG Success step 2 RFID. animal id new: fc000ad7ad45
2023-04-18T16:59:31.099969+0600 ERROR Error, null weight list
2023-04-18T16:59:31.101505+0600 INFO main: weight_finall
2023-04-18T16:59:31.103113+0600 DEBUG START RFID FUNCTION
2023-04-18T16:59:31.104434+0600 DEBUG START Animal ID animal_id: b'435400040001'
2023-04-18T16:59:31.105642+0600 DEBUG START Null id null_id : b'435400040001'
2023-04-18T16:59:31.144438+0600 DEBUG Raw ID animal_id: b'43540028004501c38d13091e0102011b0101e20000174007015316906afce20034120136fc000ad7ad45ccb6'
2023-04-18T16:59:31.146369+0600 DEBUG New ID animal_id_new: fc000ad7ad45
2023-04-18T16:59:31.148038+0600 DEBUG Null id null_id : b'435400040001'
2023-04-18T16:59:31.150252+0600 DEBUG Success step 2 RFID. animal id new: fc000ad7ad45
2023-04-18T16:59:32.101378+0600 DEBUG START RFID FUNCTION
2023-04-18T16:59:32.102920+0600 DEBUG START Animal ID animal_id: b'435400040001'
2023-04-18T16:59:32.104115+0600 DEBUG START Null id null_id : b'435400040001'
2023-04-18T16:59:32.144357+0600 DEBUG Raw ID animal_id: b'43540028004501c38d13091e0102011b0101e20000174007015316906afce20034120136fc000ad7ad45ccb6'
2023-04-18T16:59:32.145873+0600 DEBUG New ID animal_id_new: fc000ad7ad45
2023-04-18T16:59:32.146979+0600 DEBUG Null id null_id : b'435400040001'
2023-04-18T16:59:32.148157+0600 DEBUG Success step 2 RFID. animal id new: fc000ad7ad45
2023-04-18T16:59:33.105760+0600 DEBUG START RFID FUNCTION
2023-04-18T16:59:33.107281+0600 DEBUG START Animal ID animal_id: b'435400040001'
2023-04-18T16:59:33.108882+0600 DEBUG START Null id null_id : b'435400040001'
2023-04-18T16:59:33.144375+0600 DEBUG Raw ID animal_id: b'43540028004501c38d13091e0102011b0101e20000174007015316906afce20034120136fc000ad7ad45cbb7'
2023-04-18T16:59:33.145888+0600 DEBUG New ID animal_id_new: fc000ad7ad45
2023-04-18T16:59:33.146992+0600 DEBUG Null id null_id : b'435400040001'
2023-04-18T16:59:33.148168+0600 DEBUG Success step 2 RFID. animal id new: fc000ad7ad45
2023-04-18T16:59:34.109092+0600 DEBUG START RFID FUNCTION
2023-04-18T16:59:34.110985+0600 DEBUG START Animal ID animal_id: b'435400040001'
2023-04-18T16:59:34.112526+0600 DEBUG START Null id null_id : b'435400040001'
2023-04-18T16:59:34.144276+0600 DEBUG Raw ID animal_id: b'43540028004501c38d13091e0102011b0101e20000174007015316906afce20034120136fc000ad7ad45cbb7'
2023-04-18T16:59:34.146103+0600 DEBUG New ID animal_id_new: fc000ad7ad45
2023-04-18T16:59:34.147446+0600 DEBUG Null id null_id : b'435400040001'
2023-04-18T16:59:34.148925+0600 DEBUG Success step 2 RFID. animal id new: fc000ad7ad45
2023-04-18T16:59:36.121396+0600 ERROR Error, null weight list
2023-04-18T16:59:36.123381+0600 INFO main: weight_finall
2023-04-18T16:59:36.125386+0600 DEBUG START RFID FUNCTION
2023-04-18T16:59:36.126977+0600 DEBUG START Animal ID animal_id: b'435400040001'
2023-04-18T16:59:36.128444+0600 DEBUG START Null id null_id : b'435400040001'
2023-04-18T16:59:36.144116+0600 DEBUG Raw ID animal_id: b'43540028004501c38d13091e0102011b0101e20000174007015316906afce20034120136fc000ad7ad45cbb7'
2023-04-18T16:59:36.146088+0600 DEBUG New ID animal_id_new: fc000ad7ad45
2023-04-18T16:59:36.147765+0600 DEBUG Null id null_id : b'435400040001'
2023-04-18T16:59:36.149587+0600 DEBUG Success step 2 RFID. animal id new: fc000ad7ad45
2023-04-18T16:59:37.124028+0600 DEBUG START RFID FUNCTION
2023-04-18T16:59:37.125946+0600 DEBUG START Animal ID animal_id: b'435400040001'
2023-04-18T16:59:37.127492+0600 DEBUG START Null id null_id : b'435400040001'
2023-04-18T16:59:37.144207+0600 DEBUG Raw ID animal_id: b'43540028004501c38d13091e0102011b0101e20000174007015316906afce20034120136fc000ad7ad45ccb6'
2023-04-18T16:59:37.146180+0600 DEBUG New ID animal_id_new: fc000ad7ad45
2023-04-18T16:59:37.147669+0600 DEBUG Null id null_id : b'435400040001'
2023-04-18T16:59:37.149559+0600 DEBUG Success step 2 RFID. animal id new: fc000ad7ad45
2023-04-18T16:59:38.127113+0600 DEBUG START RFID FUNCTION
2023-04-18T16:59:38.129042+0600 DEBUG START Animal ID animal_id: b'435400040001'
2023-04-18T16:59:38.131213+0600 DEBUG START Null id null_id : b'435400040001'
2023-04-18T16:59:38.494891+0600 DEBUG Raw ID animal_id: b'43540028004501c38d13091e0102011b0101e20000174007015316906afce20034120136fc000ad7ad45cab8'
2023-04-18T16:59:38.496171+0600 DEBUG New ID animal_id_new: fc000ad7ad45
2023-04-18T16:59:38.497058+0600 DEBUG Null id null_id : b'435400040001'
2023-04-18T16:59:38.497984+0600 DEBUG Success step 2 RFID. animal id new: fc000ad7ad45
2023-04-18T16:59:39.131311+0600 DEBUG START RFID FUNCTION
2023-04-18T16:59:39.133362+0600 DEBUG START Animal ID animal_id: b'435400040001'
2023-04-18T16:59:39.134969+0600 DEBUG START Null id null_id : b'435400040001'
2023-04-18T17:00:36.441377+0600 DEBUG Raw ID animal_id: b'43540028004501c38d13091e0102011b0101e2000017160900161150a24ee20034120133fd000a17d65fc55d'
2023-04-18T17:00:36.443266+0600 DEBUG New ID animal_id_new: fd000a17d65f
2023-04-18T17:00:36.444468+0600 DEBUG Null id null_id : b'435400040001'
2023-04-18T17:00:36.445766+0600 DEBUG Success step 2 RFID. animal id new: fd000a17d65f
2023-04-18T17:00:37.377630+0600 DEBUG START RFID FUNCTION
2023-04-18T17:00:37.379787+0600 DEBUG START Animal ID animal_id: b'435400040001'
2023-04-18T17:00:37.381154+0600 DEBUG START Null id null_id : b'435400040001'
2023-04-18T17:00:37.441683+0600 DEBUG Raw ID animal_id: b'43540028004501c38d13091e0102011b0101e2000017160900161150a24ee20034120133fd000a17d65fc55d'
2023-04-18T17:00:37.443986+0600 DEBUG New ID animal_id_new: fd000a17d65f
2023-04-18T17:00:37.446075+0600 DEBUG Null id null_id : b'435400040001'
2023-04-18T17:00:37.448240+0600 DEBUG Success step 2 RFID. animal id new: fd000a17d65f
2023-04-18T17:00:38.381859+0600 DEBUG START RFID FUNCTION
2023-04-18T17:00:38.383907+0600 DEBUG START Animal ID animal_id: b'435400040001'
2023-04-18T17:00:38.385624+0600 DEBUG START Null id null_id : b'435400040001'
2023-04-18T17:00:38.493494+0600 DEBUG Raw ID animal_id: b'43540028004501c38d13091e0102011b0101e2000017160900161150a24ee20034120133fd000a17d65fc35f'
2023-04-18T17:00:38.498955+0600 DEBUG New ID animal_id_new: fd000a17d65f
2023-04-18T17:00:38.502430+0600 DEBUG Null id null_id : b'435400040001'
2023-04-18T17:00:38.507522+0600 DEBUG Success step 2 RFID. animal id new: fd000a17d65f
2023-04-18T17:00:40.396929+0600 ERROR Error, null weight list
2023-04-18T17:00:40.398970+0600 INFO main: weight_finall
2023-04-18T17:00:40.401080+0600 DEBUG START RFID FUNCTION
2023-04-18T17:00:40.403771+0600 DEBUG START Animal ID animal_id: b'435400040001'
2023-04-18T17:00:40.405758+0600 DEBUG START Null id null_id : b'435400040001'
2023-04-18T17:00:40.493453+0600 DEBUG Raw ID animal_id: b'43540028004501c38d13091e0102011b0101e2000017160900161150a24ee20034120133fd000a17d65fc45e'
2023-04-18T17:00:40.499325+0600 DEBUG New ID animal_id_new: fd000a17d65f
2023-04-18T17:00:40.506666+0600 DEBUG Null id null_id : b'435400040001'
2023-04-18T17:00:40.514547+0600 DEBUG Success step 2 RFID. animal id new: fd000a17d65f
2023-04-18T17:00:42.402491+0600 ERROR Error, null weight list
2023-04-18T17:00:42.404710+0600 INFO main: weight_finall
2023-04-18T17:00:42.406994+0600 DEBUG START RFID FUNCTION
2023-04-18T17:00:42.408784+0600 DEBUG START Animal ID animal_id: b'435400040001'
2023-04-18T17:00:42.410531+0600 DEBUG START Null id null_id : b'435400040001'
2023-04-18T17:00:42.492680+0600 DEBUG Raw ID animal_id: b'43540028004501c38d13091e0102011b0101e2000017160900161150a24ee20034120133fd000a17d65fc35f'
2023-04-18T17:00:42.498780+0600 DEBUG New ID animal_id_new: fd000a17d65f
2023-04-18T17:00:42.504194+0600 DEBUG Null id null_id : b'435400040001'
2023-04-18T17:00:42.510962+0600 DEBUG Success step 2 RFID. animal id new: fd000a17d65f
2023-04-18T17:00:44.410186+0600 ERROR Error, null weight list
2023-04-18T17:00:44.412236+0600 INFO main: weight_finall
2023-04-18T17:00:44.414465+0600 DEBUG START RFID FUNCTION
2023-04-18T17:00:44.416033+0600 DEBUG START Animal ID animal_id: b'435400040001'
2023-04-18T17:00:44.417620+0600 DEBUG START Null id null_id : b'435400040001'
2023-04-18T17:00:44.441187+0600 DEBUG Raw ID animal_id: b'43540028004501c38d13091e0102011b0101e2000017160900161150a24ee20034120133fd000a17d65fbf63'
2023-04-18T17:00:44.443436+0600 DEBUG New ID animal_id_new: fd000a17d65f
2023-04-18T17:00:44.445117+0600 DEBUG Null id null_id : b'435400040001'
2023-04-18T17:00:44.447185+0600 DEBUG Success step 2 RFID. animal id new: fd000a17d65f
2023-04-18T17:00:45.410154+0600 DEBUG START RFID FUNCTION
2023-04-18T17:00:45.412122+0600 DEBUG START Animal ID animal_id: b'435400040001'
2023-04-18T17:00:45.414042+0600 DEBUG START Null id null_id : b'435400040001'
2023-04-18T17:00:45.441092+0600 DEBUG Raw ID animal_id: b'43540028004501c38d13091e0102011b0101e2000017160900161150a24ee20034120133fd000a17d65fc65c'
2023-04-18T17:00:45.443275+0600 DEBUG New ID animal_id_new: fd000a17d65f
2023-04-18T17:00:45.444949+0600 DEBUG Null id null_id : b'435400040001'
2023-04-18T17:00:45.447035+0600 DEBUG Success step 2 RFID. animal id new: fd000a17d65f
2023-04-18T17:00:46.414497+0600 DEBUG START RFID FUNCTION
2023-04-18T17:00:46.416306+0600 DEBUG START Animal ID animal_id: b'435400040001'
2023-04-18T17:00:46.417910+0600 DEBUG START Null id null_id : b'435400040001'
