2023-04-20T11:14:01.214395+0600 INFO Connect arduino /dev/ttyACM0
2023-04-20T11:14:01.216537+0600 INFO Configuration of serial, Serial<id=0x75d7d298, open=True>(port='/dev/ttyACM0', baudrate=9600, bytesize=8, parity='N', stopbits=1, timeout=None, xonxoff=False, rtscts=False, dsrdtr=False)
2023-04-20T11:14:01.217678+0600 INFO Success: Arduino connected
2023-04-20T11:14:01.222497+0600 INFO ("[1] to calibrate
" "[2] to start measure
>")
2023-04-20T11:14:08.044631+0600 DEBUG START RFID FUNCTION
2023-04-20T11:14:08.046624+0600 DEBUG START Animal ID animal_id: b'435400040001'
2023-04-20T11:14:08.048302+0600 DEBUG START Null id null_id : b'435400040001'
2023-04-20T11:14:10.165682+0600 DEBUG Raw ID animal_id: b'43540028004501c38d13091e0102011b0101e20000174007010117406415e2003412013dfc000ad7a65ec730'
2023-04-20T11:14:10.167316+0600 DEBUG New ID animal_id_new: fc000ad7a65e
2023-04-20T11:14:10.168572+0600 DEBUG Null id null_id : b'435400040001'
2023-04-20T11:14:10.169851+0600 DEBUG Success step 2 RFID. animal id new: fc000ad7a65e
2023-04-20T11:14:11.006453+0600 DEBUG START RFID FUNCTION
2023-04-20T11:14:11.008071+0600 DEBUG START Animal ID animal_id: b'435400040001'
2023-04-20T11:14:11.009267+0600 DEBUG START Null id null_id : b'435400040001'
2023-04-20T11:14:11.565721+0600 DEBUG Raw ID animal_id: b'43540028004501c38d13091e0102011b0101e20000174007010117406415e2003412013dfc000ad7a65ec532'
2023-04-20T11:14:11.566987+0600 DEBUG New ID animal_id_new: fc000ad7a65e
2023-04-20T11:14:11.567750+0600 DEBUG Null id null_id : b'435400040001'
2023-04-20T11:14:11.568786+0600 DEBUG Success step 2 RFID. animal id new: fc000ad7a65e
2023-04-20T11:14:12.008572+0600 DEBUG START RFID FUNCTION
2023-04-20T11:14:12.010360+0600 DEBUG START Animal ID animal_id: b'435400040001'
2023-04-20T11:14:12.011994+0600 DEBUG START Null id null_id : b'435400040001'
2023-04-20T11:14:12.416750+0600 DEBUG Raw ID animal_id: b'43540028004501c38d13091e0102011b0101e20000174007010117406415e2003412013dfc000ad7a65ec631'
2023-04-20T11:14:12.418702+0600 DEBUG New ID animal_id_new: fc000ad7a65e
2023-04-20T11:14:12.420256+0600 DEBUG Null id null_id : b'435400040001'
2023-04-20T11:14:12.422081+0600 DEBUG Success step 2 RFID. animal id new: fc000ad7a65e
2023-04-20T11:14:13.014220+0600 INFO ARDUINOSerial<id=0x75b728c8, open=True>(port='/dev/ttyACM0', baudrate=9600, bytesize=8, parity='N', stopbits=1, timeout=1, xonxoff=False, rtscts=False, dsrdtr=False)
2023-04-20T11:14:14.024302+0600 ERROR Error, null weight list
2023-04-20T11:14:14.026148+0600 INFO main: weight_finall
2023-04-20T11:14:14.027958+0600 DEBUG START RFID FUNCTION
2023-04-20T11:14:14.029558+0600 DEBUG START Animal ID animal_id: b'435400040001'
2023-04-20T11:14:14.031083+0600 DEBUG START Null id null_id : b'435400040001'
2023-04-20T11:14:14.066334+0600 DEBUG Raw ID animal_id: b'43540028004501c38d13091e0102011b0101e20000174007010117406415e2003412013dfc000ad7a65ecc2b'
2023-04-20T11:14:14.068284+0600 DEBUG New ID animal_id_new: fc000ad7a65e
2023-04-20T11:14:14.069857+0600 DEBUG Null id null_id : b'435400040001'
2023-04-20T11:14:14.071724+0600 DEBUG Success step 2 RFID. animal id new: fc000ad7a65e
2023-04-20T11:14:15.024979+0600 INFO ARDUINOSerial<id=0x75b729e8, open=True>(port='/dev/ttyACM0', baudrate=9600, bytesize=8, parity='N', stopbits=1, timeout=1, xonxoff=False, rtscts=False, dsrdtr=False)
2023-04-20T11:14:16.035049+0600 ERROR Error, null weight list
2023-04-20T11:14:16.036927+0600 INFO main: weight_finall
2023-04-20T11:14:16.038824+0600 DEBUG START RFID FUNCTION
2023-04-20T11:14:16.040416+0600 DEBUG START Animal ID animal_id: b'435400040001'
2023-04-20T11:14:16.042187+0600 DEBUG START Null id null_id : b'435400040001'
2023-04-20T11:14:16.416453+0600 DEBUG Raw ID animal_id: b'43540028004501c38d13091e0102011b0101e20000174007010117406415e2003412013dfc000ad7a65ec82f'
2023-04-20T11:14:16.417742+0600 DEBUG New ID animal_id_new: fc000ad7a65e
2023-04-20T11:14:16.418661+0600 DEBUG Null id null_id : b'435400040001'
2023-04-20T11:14:16.419694+0600 DEBUG Success step 2 RFID. animal id new: fc000ad7a65e
2023-04-20T11:14:17.031087+0600 DEBUG START RFID FUNCTION
2023-04-20T11:14:17.033158+0600 DEBUG START Animal ID animal_id: b'435400040001'
2023-04-20T11:14:17.034766+0600 DEBUG START Null id null_id : b'435400040001'
