2023-04-21T14:45:39.885408+0600 INFO Connect arduino /dev/ttyACM1
2023-04-21T14:45:39.887492+0600 INFO Configuration of serial, Serial<id=0x75b51e08, open=True>(port='/dev/ttyACM1', baudrate=9600, bytesize=8, parity='N', stopbits=1, timeout=None, xonxoff=False, rtscts=False, dsrdtr=False)
2023-04-21T14:45:39.888570+0600 INFO Success: Arduino connected
2023-04-21T14:45:39.893347+0600 INFO ("[1] to calibrate
" "[2] to start measure
>")
2023-04-21T14:45:47.632935+0600 DEBUG START RFID FUNCTION
2023-04-21T14:45:47.634922+0600 DEBUG START Animal ID animal_id: b'435400040001'
2023-04-21T14:45:47.636699+0600 DEBUG START Null id null_id : b'435400040001'
2023-04-21T14:45:49.386222+0600 DEBUG Raw ID animal_id: b'43540028004501c38d13091e0102011b0101e2806894000040103003d496e2806894200040103003d496c5d5'
2023-04-21T14:45:49.388234+0600 DEBUG New ID animal_id_new: 40103003d496
2023-04-21T14:45:49.389862+0600 DEBUG Null id null_id : b'435400040001'
2023-04-21T14:45:49.391648+0600 DEBUG Success step 2 RFID. animal id new: 40103003d496
2023-04-21T14:45:49.676826+0600 DEBUG START RFID FUNCTION
2023-04-21T14:45:49.678017+0600 DEBUG START Animal ID animal_id: b'435400040001'
2023-04-21T14:45:49.678954+0600 DEBUG START Null id null_id : b'435400040001'
2023-04-21T14:45:49.685808+0600 DEBUG Raw ID animal_id: b'43540028004501c38d13091e0102011b0101e2806894000040103003d496e2806894200040103003d496ccce'
2023-04-21T14:45:49.686984+0600 DEBUG New ID animal_id_new: 40103003d496
2023-04-21T14:45:49.687943+0600 DEBUG Null id null_id : b'435400040001'
2023-04-21T14:45:49.689019+0600 DEBUG Success step 2 RFID. animal id new: 40103003d496
2023-04-21T14:45:50.679116+0600 DEBUG START RFID FUNCTION
2023-04-21T14:45:50.681053+0600 DEBUG START Animal ID animal_id: b'435400040001'
2023-04-21T14:45:50.682622+0600 DEBUG START Null id null_id : b'435400040001'
2023-04-21T14:45:50.685613+0600 DEBUG Raw ID animal_id: b'43540028004501c38d13091e0102011b0101e2806894000040103003d496e2806894200040103003d496c4d6'
2023-04-21T14:45:50.687408+0600 DEBUG New ID animal_id_new: 40103003d496
2023-04-21T14:45:50.688976+0600 DEBUG Null id null_id : b'435400040001'
2023-04-21T14:45:50.690718+0600 DEBUG Success step 2 RFID. animal id new: 40103003d496
2023-04-21T14:45:51.682298+0600 DEBUG START RFID FUNCTION
2023-04-21T14:45:51.684158+0600 DEBUG START Animal ID animal_id: b'435400040001'
2023-04-21T14:45:51.685767+0600 DEBUG START Null id null_id : b'435400040001'
2023-04-21T14:45:51.786805+0600 DEBUG Raw ID animal_id: b'43540028004501c38d13091e0102011b0101e2806894000040103003d496e2806894200040103003d496c6d4'
2023-04-21T14:45:51.790971+0600 DEBUG New ID animal_id_new: 40103003d496
2023-04-21T14:45:51.795146+0600 DEBUG Null id null_id : b'435400040001'
2023-04-21T14:45:51.799703+0600 DEBUG Success step 2 RFID. animal id new: 40103003d496
2023-04-21T14:45:52.687270+0600 INFO ARDUINOSerial<id=0x75b63820, open=True>(port='/dev/ttyACM0', baudrate=9600, bytesize=8, parity='N', stopbits=1, timeout=1, xonxoff=False, rtscts=False, dsrdtr=False)
2023-04-21T14:45:54.910742+0600 ERROR Error, null weight list
2023-04-21T14:45:54.912306+0600 INFO Start weight: 0
2023-04-21T14:45:54.913555+0600 INFO main: weight_finall
2023-04-21T14:45:54.915591+0600 DEBUG START RFID FUNCTION
2023-04-21T14:45:54.916820+0600 DEBUG START Animal ID animal_id: b'435400040001'
2023-04-21T14:45:54.917989+0600 DEBUG START Null id null_id : b'435400040001'
2023-04-21T14:45:54.985316+0600 DEBUG Raw ID animal_id: b'43540028004501c38d13091e0102011b0101e2806894000040103003d496e2806894200040103003d496c6d4'
2023-04-21T14:45:54.987467+0600 DEBUG New ID animal_id_new: 40103003d496
2023-04-21T14:45:54.989204+0600 DEBUG Null id null_id : b'435400040001'
2023-04-21T14:45:54.992468+0600 DEBUG Success step 2 RFID. animal id new: 40103003d496
2023-04-21T14:45:55.697925+0600 INFO ARDUINOSerial<id=0x75b63958, open=True>(port='/dev/ttyACM0', baudrate=9600, bytesize=8, parity='N', stopbits=1, timeout=1, xonxoff=False, rtscts=False, dsrdtr=False)
2023-04-21T14:45:57.916713+0600 ERROR Error, null weight list
2023-04-21T14:45:57.918817+0600 INFO Start weight: 0
2023-04-21T14:45:57.922649+0600 INFO main: weight_finall
2023-04-21T14:45:57.926019+0600 DEBUG START RFID FUNCTION
2023-04-21T14:45:57.927901+0600 DEBUG START Animal ID animal_id: b'435400040001'
2023-04-21T14:45:57.929599+0600 DEBUG START Null id null_id : b'435400040001'
2023-04-21T14:45:58.335503+0600 DEBUG Raw ID animal_id: b'43540028004501c38d13091e0102011b0101e2806894000040103003d496e2806894200040103003d496c4d6'
2023-04-21T14:45:58.336857+0600 DEBUG New ID animal_id_new: 40103003d496
2023-04-21T14:45:58.337855+0600 DEBUG Null id null_id : b'435400040001'
2023-04-21T14:45:58.338981+0600 DEBUG Success step 2 RFID. animal id new: 40103003d496
2023-04-21T14:45:58.710540+0600 DEBUG START RFID FUNCTION
2023-04-21T14:45:58.711822+0600 DEBUG START Animal ID animal_id: b'435400040001'
2023-04-21T14:45:58.712794+0600 DEBUG START Null id null_id : b'435400040001'
2023-04-21T14:45:59.784266+0600 DEBUG Raw ID animal_id: b'43540028004501c38d13091e0102011b0101e2806894000040103003d496e2806894200040103003d496c4d6'
2023-04-21T14:45:59.786368+0600 DEBUG New ID animal_id_new: 40103003d496
2023-04-21T14:45:59.788006+0600 DEBUG Null id null_id : b'435400040001'
2023-04-21T14:45:59.789891+0600 DEBUG Success step 2 RFID. animal id new: 40103003d496
2023-04-21T14:46:00.719512+0600 INFO ARDUINOSerial<id=0x75b63820, open=True>(port='/dev/ttyACM0', baudrate=9600, bytesize=8, parity='N', stopbits=1, timeout=1, xonxoff=False, rtscts=False, dsrdtr=False)
2023-04-21T14:46:02.937765+0600 ERROR Error, null weight list
2023-04-21T14:46:02.940068+0600 INFO Start weight: 0
2023-04-21T14:46:02.943584+0600 INFO main: weight_finall
2023-04-21T14:46:02.946936+0600 DEBUG START RFID FUNCTION
2023-04-21T14:46:02.948662+0600 DEBUG START Animal ID animal_id: b'435400040001'
2023-04-21T14:46:02.950207+0600 DEBUG START Null id null_id : b'435400040001'
2023-04-21T14:46:02.983876+0600 DEBUG Raw ID animal_id: b'43540028004501c38d13091e0102011b0101e2806894000040103003d496e2806894200040103003d496c9d1'
2023-04-21T14:46:02.986160+0600 DEBUG New ID animal_id_new: 40103003d496
2023-04-21T14:46:02.987843+0600 DEBUG Null id null_id : b'435400040001'
2023-04-21T14:46:02.989993+0600 DEBUG Success step 2 RFID. animal id new: 40103003d496
2023-04-21T14:46:03.731312+0600 DEBUG START RFID FUNCTION
2023-04-21T14:46:03.732457+0600 DEBUG START Animal ID animal_id: b'435400040001'
2023-04-21T14:46:03.733580+0600 DEBUG START Null id null_id : b'435400040001'
2023-04-21T14:46:03.783918+0600 DEBUG Raw ID animal_id: b'43540028004501c38d13091e0102011b0101e2806894000040103003d496e2806894200040103003d496c6d4'
2023-04-21T14:46:03.786216+0600 DEBUG New ID animal_id_new: 40103003d496
2023-04-21T14:46:03.788668+0600 DEBUG Null id null_id : b'435400040001'
2023-04-21T14:46:03.791098+0600 DEBUG Success step 2 RFID. animal id new: 40103003d496
2023-04-21T14:46:04.735948+0600 DEBUG START RFID FUNCTION
2023-04-21T14:46:04.737961+0600 DEBUG START Animal ID animal_id: b'435400040001'
2023-04-21T14:46:04.739695+0600 DEBUG START Null id null_id : b'435400040001'
2023-04-21T14:46:07.782885+0600 DEBUG Raw ID animal_id: b'43540028004501c38d13091e0102011b0101e2806894000040103003d496e2806894200040103003d496c4d6'
2023-04-21T14:46:07.784548+0600 DEBUG New ID animal_id_new: 40103003d496
2023-04-21T14:46:07.785762+0600 DEBUG Null id null_id : b'435400040001'
2023-04-21T14:46:07.787176+0600 DEBUG Success step 2 RFID. animal id new: 40103003d496
2023-04-21T14:46:08.750739+0600 INFO ARDUINOSerial<id=0x75b637d8, open=True>(port='/dev/ttyACM0', baudrate=9600, bytesize=8, parity='N', stopbits=1, timeout=1, xonxoff=False, rtscts=False, dsrdtr=False)
2023-04-21T14:46:10.973637+0600 ERROR Error, null weight list
2023-04-21T14:46:10.975822+0600 INFO Start weight: 0
2023-04-21T14:46:10.977574+0600 INFO main: weight_finall
2023-04-21T14:46:10.980290+0600 DEBUG START RFID FUNCTION
2023-04-21T14:46:10.982006+0600 DEBUG START Animal ID animal_id: b'435400040001'
2023-04-21T14:46:10.983767+0600 DEBUG START Null id null_id : b'435400040001'
2023-04-21T14:46:11.084021+0600 DEBUG Raw ID animal_id: b'43540028004501c38d13091e0102011b0101e2806894000040103003d496e2806894200040103003d496c8d2'
2023-04-21T14:46:11.089864+0600 DEBUG New ID animal_id_new: 40103003d496
2023-04-21T14:46:11.095471+0600 DEBUG Null id null_id : b'435400040001'
2023-04-21T14:46:11.102040+0600 DEBUG Success step 2 RFID. animal id new: 40103003d496
2023-04-21T14:46:11.761213+0600 INFO ARDUINOSerial<id=0x75b63838, open=True>(port='/dev/ttyACM0', baudrate=9600, bytesize=8, parity='N', stopbits=1, timeout=1, xonxoff=False, rtscts=False, dsrdtr=False)
2023-04-21T14:46:13.979451+0600 ERROR Error, null weight list
2023-04-21T14:46:13.981415+0600 INFO Start weight: 0
2023-04-21T14:46:13.983983+0600 INFO main: weight_finall
2023-04-21T14:46:13.987274+0600 DEBUG START RFID FUNCTION
2023-04-21T14:46:13.989131+0600 DEBUG START Animal ID animal_id: b'435400040001'
2023-04-21T14:46:13.990750+0600 DEBUG START Null id null_id : b'435400040001'
2023-04-21T14:46:14.182695+0600 DEBUG Raw ID animal_id: b'43540028004501c38d13091e0102011b0101e2806894000040103003d496e2806894200040103003d496c0da'
2023-04-21T14:46:14.188116+0600 DEBUG New ID animal_id_new: 40103003d496
2023-04-21T14:46:14.193055+0600 DEBUG Null id null_id : b'435400040001'
2023-04-21T14:46:14.199395+0600 DEBUG Success step 2 RFID. animal id new: 40103003d496
2023-04-21T14:46:14.773379+0600 DEBUG START RFID FUNCTION
2023-04-21T14:46:14.774709+0600 DEBUG START Animal ID animal_id: b'435400040001'
2023-04-21T14:46:14.775798+0600 DEBUG START Null id null_id : b'435400040001'
2023-04-21T14:46:15.881561+0600 DEBUG Raw ID animal_id: b'43540028004501c38d13091e0102011b0101e2806894000040103003d496e2806894200040103003d496c4d6'
2023-04-21T14:46:15.884909+0600 DEBUG New ID animal_id_new: 40103003d496
2023-04-21T14:46:15.886749+0600 DEBUG Null id null_id : b'435400040001'
2023-04-21T14:46:15.889031+0600 DEBUG Success step 2 RFID. animal id new: 40103003d496
2023-04-21T14:46:16.782580+0600 INFO ARDUINOSerial<id=0x75b637d8, open=True>(port='/dev/ttyACM0', baudrate=9600, bytesize=8, parity='N', stopbits=1, timeout=1, xonxoff=False, rtscts=False, dsrdtr=False)
2023-04-21T14:46:19.000714+0600 ERROR Error, null weight list
2023-04-21T14:46:19.002383+0600 INFO Start weight: 0
2023-04-21T14:46:19.005573+0600 INFO main: weight_finall
2023-04-21T14:46:19.008434+0600 DEBUG START RFID FUNCTION
2023-04-21T14:46:19.010208+0600 DEBUG START Animal ID animal_id: b'435400040001'
2023-04-21T14:46:19.011830+0600 DEBUG START Null id null_id : b'435400040001'
2023-04-21T14:46:19.083384+0600 DEBUG Raw ID animal_id: b'43540028004501c38d13091e0102011b0101e2806894000040103003d496e2806894200040103003d496c9d1'
2023-04-21T14:46:19.088489+0600 DEBUG New ID animal_id_new: 40103003d496
2023-04-21T14:46:19.090886+0600 DEBUG Null id null_id : b'435400040001'
2023-04-21T14:46:19.093096+0600 DEBUG Success step 2 RFID. animal id new: 40103003d496
2023-04-21T14:46:19.792346+0600 INFO ARDUINOSerial<id=0x75b63fb8, open=True>(port='/dev/ttyACM0', baudrate=9600, bytesize=8, parity='N', stopbits=1, timeout=1, xonxoff=False, rtscts=False, dsrdtr=False)
2023-04-21T14:46:22.003693+0600 ERROR Error, null weight list
2023-04-21T14:46:22.005848+0600 INFO Start weight: 0
2023-04-21T14:46:22.007625+0600 INFO main: weight_finall
2023-04-21T14:46:22.010288+0600 DEBUG START RFID FUNCTION
2023-04-21T14:46:22.012054+0600 DEBUG START Animal ID animal_id: b'435400040001'
2023-04-21T14:46:22.013675+0600 DEBUG START Null id null_id : b'435400040001'
2023-04-21T14:46:22.080417+0600 DEBUG Raw ID animal_id: b'43540028004501c38d13091e0102011b0101e2806894000040103003d496e2806894200040103003d496c5d5'
2023-04-21T14:46:22.082441+0600 DEBUG New ID animal_id_new: 40103003d496
2023-04-21T14:46:22.086844+0600 DEBUG Null id null_id : b'435400040001'
2023-04-21T14:46:22.093927+0600 DEBUG Success step 2 RFID. animal id new: 40103003d496
2023-04-21T14:46:22.805001+0600 DEBUG START RFID FUNCTION
2023-04-21T14:46:22.806212+0600 DEBUG START Animal ID animal_id: b'435400040001'
2023-04-21T14:46:22.807122+0600 DEBUG START Null id null_id : b'435400040001'
2023-04-21T14:46:22.831486+0600 DEBUG Raw ID animal_id: b'43540028004501c38d13091e0102011b0101e2806894000040103003d496e2806894200040103003d496c3d7'
2023-04-21T14:46:22.832880+0600 DEBUG New ID animal_id_new: 40103003d496
2023-04-21T14:46:22.833947+0600 DEBUG Null id null_id : b'435400040001'
2023-04-21T14:46:22.835020+0600 DEBUG Success step 2 RFID. animal id new: 40103003d496
2023-04-21T14:46:23.811260+0600 INFO ARDUINOSerial<id=0x75b637d8, open=True>(port='/dev/ttyACM0', baudrate=9600, bytesize=8, parity='N', stopbits=1, timeout=1, xonxoff=False, rtscts=False, dsrdtr=False)
2023-04-21T14:46:26.024835+0600 ERROR Error, null weight list
2023-04-21T14:46:26.026757+0600 INFO Start weight: 0
2023-04-21T14:46:26.028149+0600 INFO main: weight_finall
2023-04-21T14:46:26.031017+0600 DEBUG START RFID FUNCTION
2023-04-21T14:46:26.032845+0600 DEBUG START Animal ID animal_id: b'435400040001'
2023-04-21T14:46:26.034623+0600 DEBUG START Null id null_id : b'435400040001'
2023-04-21T14:46:26.080075+0600 DEBUG Raw ID animal_id: b'43540028004501c38d13091e0102011b0101e2806894000040103003d496e2806894200040103003d496c8d2'
2023-04-21T14:46:26.082024+0600 DEBUG New ID animal_id_new: 40103003d496
2023-04-21T14:46:26.083691+0600 DEBUG Null id null_id : b'435400040001'
2023-04-21T14:46:26.085778+0600 DEBUG Success step 2 RFID. animal id new: 40103003d496
2023-04-21T14:46:26.820974+0600 INFO ARDUINOSerial<id=0x75b63fd0, open=True>(port='/dev/ttyACM0', baudrate=9600, bytesize=8, parity='N', stopbits=1, timeout=1, xonxoff=False, rtscts=False, dsrdtr=False)
2023-04-21T14:46:29.039909+0600 ERROR Error, null weight list
2023-04-21T14:46:29.041939+0600 INFO Start weight: 0
2023-04-21T14:46:29.043699+0600 INFO main: weight_finall
2023-04-21T14:46:29.047718+0600 DEBUG START RFID FUNCTION
2023-04-21T14:46:29.049485+0600 DEBUG START Animal ID animal_id: b'435400040001'
2023-04-21T14:46:29.051064+0600 DEBUG START Null id null_id : b'435400040001'
2023-04-21T14:46:29.330491+0600 DEBUG Raw ID animal_id: b'43540028004501c38d13091e0102011b0101e2806894000040103003d496e2806894200040103003d496c3d7'
2023-04-21T14:46:29.331845+0600 DEBUG New ID animal_id_new: 40103003d496
2023-04-21T14:46:29.332836+0600 DEBUG Null id null_id : b'435400040001'
2023-04-21T14:46:29.334028+0600 DEBUG Success step 2 RFID. animal id new: 40103003d496
2023-04-21T14:46:29.834051+0600 DEBUG START RFID FUNCTION
2023-04-21T14:46:29.835325+0600 DEBUG START Animal ID animal_id: b'435400040001'
2023-04-21T14:46:29.836312+0600 DEBUG START Null id null_id : b'435400040001'
2023-04-21T14:46:30.330335+0600 DEBUG Raw ID animal_id: b'43540028004501c38d13091e0102011b0101e2806894000040103003d496e2806894200040103003d496c2d8'
2023-04-21T14:46:30.331614+0600 DEBUG New ID animal_id_new: 40103003d496
2023-04-21T14:46:30.332549+0600 DEBUG Null id null_id : b'435400040001'
2023-04-21T14:46:30.333658+0600 DEBUG Success step 2 RFID. animal id new: 40103003d496
2023-04-21T14:46:30.840700+0600 DEBUG START RFID FUNCTION
2023-04-21T14:46:30.842569+0600 DEBUG START Animal ID animal_id: b'435400040001'
2023-04-21T14:46:30.844226+0600 DEBUG START Null id null_id : b'435400040001'
2023-04-21T14:46:30.879412+0600 DEBUG Raw ID animal_id: b'43540028004501c38d13091e0102011b0101e2806894000040103003d496e2806894200040103003d496c8d2'
2023-04-21T14:46:30.881613+0600 DEBUG New ID animal_id_new: 40103003d496
2023-04-21T14:46:30.883545+0600 DEBUG Null id null_id : b'435400040001'
2023-04-21T14:46:30.885429+0600 DEBUG Success step 2 RFID. animal id new: 40103003d496
2023-04-21T14:46:31.842855+0600 INFO ARDUINOSerial<id=0x75b63730, open=True>(port='/dev/ttyACM0', baudrate=9600, bytesize=8, parity='N', stopbits=1, timeout=1, xonxoff=False, rtscts=False, dsrdtr=False)
2023-04-21T14:46:34.061045+0600 ERROR Error, null weight list
2023-04-21T14:46:34.062787+0600 INFO Start weight: 0
2023-04-21T14:46:34.064518+0600 INFO main: weight_finall
2023-04-21T14:46:34.067054+0600 DEBUG START RFID FUNCTION
2023-04-21T14:46:34.068749+0600 DEBUG START Animal ID animal_id: b'435400040001'
2023-04-21T14:46:34.070252+0600 DEBUG START Null id null_id : b'435400040001'
2023-04-21T14:46:34.078758+0600 DEBUG Raw ID animal_id: b'43540028004501c38d13091e0102011b0101e2806894000040103003d496e2806894200040103003d496c9d1'
2023-04-21T14:46:34.080854+0600 DEBUG New ID animal_id_new: 40103003d496
2023-04-21T14:46:34.082653+0600 DEBUG Null id null_id : b'435400040001'
2023-04-21T14:46:34.084605+0600 DEBUG Success step 2 RFID. animal id new: 40103003d496
2023-04-21T14:46:34.855978+0600 INFO ARDUINOSerial<id=0x75b639a0, open=True>(port='/dev/ttyACM0', baudrate=9600, bytesize=8, parity='N', stopbits=1, timeout=1, xonxoff=False, rtscts=False, dsrdtr=False)
2023-04-21T14:46:37.067452+0600 ERROR Error, null weight list
2023-04-21T14:46:37.069403+0600 INFO Start weight: 0
2023-04-21T14:46:37.071623+0600 INFO main: weight_finall
2023-04-21T14:46:37.074595+0600 DEBUG START RFID FUNCTION
2023-04-21T14:46:37.076395+0600 DEBUG START Animal ID animal_id: b'435400040001'
2023-04-21T14:46:37.077878+0600 DEBUG START Null id null_id : b'435400040001'
2023-04-21T14:46:37.329369+0600 DEBUG Raw ID animal_id: b'43540028004501c38d13091e0102011b0101e2806894000040103003d496e2806894200040103003d496c7d3'
2023-04-21T14:46:37.330654+0600 DEBUG New ID animal_id_new: 40103003d496
2023-04-21T14:46:37.331608+0600 DEBUG Null id null_id : b'435400040001'
2023-04-21T14:46:37.332650+0600 DEBUG Success step 2 RFID. animal id new: 40103003d496
2023-04-21T14:46:37.869824+0600 DEBUG START RFID FUNCTION
2023-04-21T14:46:37.871022+0600 DEBUG START Animal ID animal_id: b'435400040001'
2023-04-21T14:46:37.871843+0600 DEBUG START Null id null_id : b'435400040001'
2023-04-21T14:53:02.866302+0600 DEBUG Raw ID animal_id: b'43540028004501c38d13091e0102011b0101e2806894000040103003d496e2806894200040103003d496bddd'
2023-04-21T14:53:02.868327+0600 DEBUG New ID animal_id_new: 40103003d496
2023-04-21T14:53:02.869882+0600 DEBUG Null id null_id : b'435400040001'
2023-04-21T14:53:02.871592+0600 DEBUG Success step 2 RFID. animal id new: 40103003d496
2023-04-21T14:53:03.494347+0600 DEBUG START RFID FUNCTION
2023-04-21T14:53:03.495557+0600 DEBUG START Animal ID animal_id: b'435400040001'
2023-04-21T14:53:03.496454+0600 DEBUG START Null id null_id : b'435400040001'
2023-04-21T14:53:03.666029+0600 DEBUG Raw ID animal_id: b'43540028004501c38d13091e0102011b0101e2806894000040103003d496e2806894200040103003d496bddd'
2023-04-21T14:53:03.667309+0600 DEBUG New ID animal_id_new: 40103003d496
2023-04-21T14:53:03.668208+0600 DEBUG Null id null_id : b'435400040001'
2023-04-21T14:53:03.669215+0600 DEBUG Success step 2 RFID. animal id new: 40103003d496
2023-04-21T14:53:04.502403+0600 DEBUG START RFID FUNCTION
2023-04-21T14:53:04.503704+0600 DEBUG START Animal ID animal_id: b'435400040001'
2023-04-21T14:53:04.504623+0600 DEBUG START Null id null_id : b'435400040001'
2023-04-21T14:53:04.666596+0600 DEBUG Raw ID animal_id: b'43540028004501c38d13091e0102011b0101e2806894000040103003d496e2806894200040103003d496bedc'
2023-04-21T14:53:04.669253+0600 DEBUG New ID animal_id_new: 40103003d496
2023-04-21T14:53:04.670873+0600 DEBUG Null id null_id : b'435400040001'
2023-04-21T14:53:04.672643+0600 DEBUG Success step 2 RFID. animal id new: 40103003d496
2023-04-21T14:53:05.503803+0600 INFO ARDUINOSerial<id=0x75b63a18, open=True>(port='/dev/ttyACM0', baudrate=9600, bytesize=8, parity='N', stopbits=1, timeout=1, xonxoff=False, rtscts=False, dsrdtr=False)
2023-04-21T14:53:07.716363+0600 ERROR Error, null weight list
2023-04-21T14:53:07.718286+0600 INFO Start weight: 0
2023-04-21T14:53:07.719846+0600 INFO main: weight_finall
2023-04-21T14:53:07.723894+0600 DEBUG START RFID FUNCTION
2023-04-21T14:53:07.725638+0600 DEBUG START Animal ID animal_id: b'435400040001'
2023-04-21T14:53:07.727203+0600 DEBUG START Null id null_id : b'435400040001'
2023-04-21T14:53:07.766193+0600 DEBUG Raw ID animal_id: b'43540028004501c38d13091e0102011b0101e2806894000040103003d496e2806894200040103003d496c0da'
2023-04-21T14:53:07.767971+0600 DEBUG New ID animal_id_new: 40103003d496
2023-04-21T14:53:07.769383+0600 DEBUG Null id null_id : b'435400040001'
2023-04-21T14:53:07.772128+0600 DEBUG Success step 2 RFID. animal id new: 40103003d496
2023-04-21T14:53:08.517865+0600 INFO ARDUINOSerial<id=0x75b639a0, open=True>(port='/dev/ttyACM0', baudrate=9600, bytesize=8, parity='N', stopbits=1, timeout=1, xonxoff=False, rtscts=False, dsrdtr=False)
2023-04-21T14:53:10.735552+0600 ERROR Error, null weight list
2023-04-21T14:53:10.737496+0600 INFO Start weight: 0
2023-04-21T14:53:10.739065+0600 INFO main: weight_finall
2023-04-21T14:53:10.741375+0600 DEBUG START RFID FUNCTION
2023-04-21T14:53:10.743067+0600 DEBUG START Animal ID animal_id: b'435400040001'
2023-04-21T14:53:10.744754+0600 DEBUG START Null id null_id : b'435400040001'
2023-04-21T14:53:10.817489+0600 DEBUG Raw ID animal_id: b'43540028004501c38d13091e0102011b0101e2806894000040103003d496e2806894200040103003d496c3d7'
2023-04-21T14:53:10.819352+0600 DEBUG New ID animal_id_new: 40103003d496
2023-04-21T14:53:10.821902+0600 DEBUG Null id null_id : b'435400040001'
2023-04-21T14:53:10.825544+0600 DEBUG Success step 2 RFID. animal id new: 40103003d496
2023-04-21T14:53:11.529068+0600 INFO ARDUINOSerial<id=0x75b63a18, open=True>(port='/dev/ttyACM0', baudrate=9600, bytesize=8, parity='N', stopbits=1, timeout=1, xonxoff=False, rtscts=False, dsrdtr=False)
2023-04-21T14:53:13.738275+0600 ERROR Error, null weight list
2023-04-21T14:53:13.740189+0600 INFO Start weight: 0
2023-04-21T14:53:13.742912+0600 INFO main: weight_finall
2023-04-21T14:53:13.747329+0600 DEBUG START RFID FUNCTION
2023-04-21T14:53:13.749102+0600 DEBUG START Animal ID animal_id: b'435400040001'
2023-04-21T14:53:13.750671+0600 DEBUG START Null id null_id : b'435400040001'
2023-04-21T14:53:13.766338+0600 DEBUG Raw ID animal_id: b'43540028004501c38d13091e0102011b0101e2806894000040103003d496e2806894200040103003d496bfdb'
2023-04-21T14:53:13.768305+0600 DEBUG New ID animal_id_new: 40103003d496
2023-04-21T14:53:13.769822+0600 DEBUG Null id null_id : b'435400040001'
2023-04-21T14:53:13.771508+0600 DEBUG Success step 2 RFID. animal id new: 40103003d496
2023-04-21T14:53:14.539399+0600 INFO ARDUINOSerial<id=0x75b63c88, open=True>(port='/dev/ttyACM0', baudrate=9600, bytesize=8, parity='N', stopbits=1, timeout=1, xonxoff=False, rtscts=False, dsrdtr=False)
2023-04-21T14:53:16.756451+0600 ERROR Error, null weight list
2023-04-21T14:53:16.758221+0600 INFO Start weight: 0
2023-04-21T14:53:16.759761+0600 INFO main: weight_finall
2023-04-21T14:53:16.762206+0600 DEBUG START RFID FUNCTION
2023-04-21T14:53:16.764030+0600 DEBUG START Animal ID animal_id: b'435400040001'
2023-04-21T14:53:16.765552+0600 DEBUG START Null id null_id : b'435400040001'
2023-04-21T14:53:16.817550+0600 DEBUG Raw ID animal_id: b'43540028004501c38d13091e0102011b0101e2806894000040103003d496e2806894200040103003d496bedc'
2023-04-21T14:53:16.819549+0600 DEBUG New ID animal_id_new: 40103003d496
2023-04-21T14:53:16.821446+0600 DEBUG Null id null_id : b'435400040001'
2023-04-21T14:53:16.823182+0600 DEBUG Success step 2 RFID. animal id new: 40103003d496
2023-04-21T14:53:17.552563+0600 DEBUG START RFID FUNCTION
2023-04-21T14:53:17.553841+0600 DEBUG START Animal ID animal_id: b'435400040001'
2023-04-21T14:53:17.554780+0600 DEBUG START Null id null_id : b'435400040001'
2023-04-21T14:53:17.565997+0600 DEBUG Raw ID animal_id: b'43540028004501c38d13091e0102011b0101e2806894000040103003d496e2806894200040103003d496bddd'
2023-04-21T14:53:17.567307+0600 DEBUG New ID animal_id_new: 40103003d496
2023-04-21T14:53:17.568352+0600 DEBUG Null id null_id : b'435400040001'
2023-04-21T14:53:17.569683+0600 DEBUG Success step 2 RFID. animal id new: 40103003d496
2023-04-21T14:53:18.560606+0600 DEBUG START RFID FUNCTION
2023-04-21T14:53:18.562485+0600 DEBUG START Animal ID animal_id: b'435400040001'
2023-04-21T14:53:18.564175+0600 DEBUG START Null id null_id : b'435400040001'
2023-04-21T14:53:18.817324+0600 DEBUG Raw ID animal_id: b'43540028004501c38d13091e0102011b0101e2806894000040103003d496e2806894200040103003d496bddd'
2023-04-21T14:53:18.818611+0600 DEBUG New ID animal_id_new: 40103003d496
2023-04-21T14:53:18.820442+0600 DEBUG Null id null_id : b'435400040001'
2023-04-21T14:53:18.821675+0600 DEBUG Success step 2 RFID. animal id new: 40103003d496
2023-04-21T14:53:19.563772+0600 DEBUG START RFID FUNCTION
2023-04-21T14:53:19.565760+0600 DEBUG START Animal ID animal_id: b'435400040001'
2023-04-21T14:53:19.567317+0600 DEBUG START Null id null_id : b'435400040001'
2023-04-21T14:53:19.667171+0600 DEBUG Raw ID animal_id: b'43540028004501c38d13091e0102011b0101e2806894000040103003d496e2806894200040103003d496bddd'
2023-04-21T14:53:19.671545+0600 DEBUG New ID animal_id_new: 40103003d496
2023-04-21T14:53:19.675527+0600 DEBUG Null id null_id : b'435400040001'
2023-04-21T14:53:19.679721+0600 DEBUG Success step 2 RFID. animal id new: 40103003d496
2023-04-21T14:53:20.569491+0600 INFO ARDUINOSerial<id=0x75b63bb0, open=True>(port='/dev/ttyACM0', baudrate=9600, bytesize=8, parity='N', stopbits=1, timeout=1, xonxoff=False, rtscts=False, dsrdtr=False)
2023-04-21T14:53:22.790951+0600 ERROR Error, null weight list
2023-04-21T14:53:22.792409+0600 INFO Start weight: 0
2023-04-21T14:53:22.793800+0600 INFO main: weight_finall
2023-04-21T14:53:22.797294+0600 DEBUG START RFID FUNCTION
2023-04-21T14:53:22.798658+0600 DEBUG START Animal ID animal_id: b'435400040001'
2023-04-21T14:53:22.799844+0600 DEBUG START Null id null_id : b'435400040001'
2023-04-21T14:53:22.823510+0600 DEBUG Raw ID animal_id: b'43540028004501c38d13091e0102011b0101e2806894000040103003d496e2806894200040103003d496bddd'
2023-04-21T14:53:22.825266+0600 DEBUG New ID animal_id_new: 40103003d496
2023-04-21T14:53:22.826783+0600 DEBUG Null id null_id : b'435400040001'
2023-04-21T14:53:22.828250+0600 DEBUG Success step 2 RFID. animal id new: 40103003d496
2023-04-21T14:53:23.580108+0600 INFO ARDUINOSerial<id=0x75b63c88, open=True>(port='/dev/ttyACM0', baudrate=9600, bytesize=8, parity='N', stopbits=1, timeout=1, xonxoff=False, rtscts=False, dsrdtr=False)
2023-04-21T14:53:25.796904+0600 ERROR Error, null weight list
2023-04-21T14:53:25.799626+0600 INFO Start weight: 0
2023-04-21T14:53:25.801260+0600 INFO main: weight_finall
2023-04-21T14:53:25.805241+0600 DEBUG START RFID FUNCTION
2023-04-21T14:53:25.806968+0600 DEBUG START Animal ID animal_id: b'435400040001'
2023-04-21T14:53:25.808392+0600 DEBUG START Null id null_id : b'435400040001'
2023-04-21T14:53:25.817608+0600 DEBUG Raw ID animal_id: b'43540028004501c38d13091e0102011b0101e2806894000040103003d496e2806894200040103003d496c5d5'
2023-04-21T14:53:25.819629+0600 DEBUG New ID animal_id_new: 40103003d496
2023-04-21T14:53:25.821237+0600 DEBUG Null id null_id : b'435400040001'
2023-04-21T14:53:25.823031+0600 DEBUG Success step 2 RFID. animal id new: 40103003d496
2023-04-21T14:53:26.592967+0600 DEBUG START RFID FUNCTION
2023-04-21T14:53:26.594225+0600 DEBUG START Animal ID animal_id: b'435400040001'
2023-04-21T14:53:26.595166+0600 DEBUG START Null id null_id : b'435400040001'
