2023-04-21T14:40:57.398154+0600 INFO Connect arduino /dev/ttyACM1
2023-04-21T14:40:57.400206+0600 INFO Configuration of serial, Serial<id=0x75b10df0, open=True>(port='/dev/ttyACM1', baudrate=9600, bytesize=8, parity='N', stopbits=1, timeout=None, xonxoff=False, rtscts=False, dsrdtr=False)
2023-04-21T14:40:57.401252+0600 INFO Success: Arduino connected
2023-04-21T14:40:57.405875+0600 INFO ("[1] to calibrate
" "[2] to start measure
>")
2023-04-21T14:41:03.673507+0600 INFO Start calibrate function
2023-04-21T14:41:03.679822+0600 INFO ARDUINOSerial<id=0x75b22a00, open=True>(port='/dev/ttyACM0', baudrate=9600, bytesize=8, parity='N', stopbits=1, timeout=1, xonxoff=False, rtscts=False, dsrdtr=False)
2023-04-21T14:41:03.681790+0600 INFO Remove any items from scale. Press any key when ready.
2023-04-21T14:41:15.628938+0600 INFO Value at zero (offset): 61868
2023-04-21T14:41:15.630887+0600 INFO Please place an item of known weight on the scale.
2023-04-21T14:41:21.239911+0600 INFO Please enter the item's weight in kg.
>
2023-04-21T14:43:53.170936+0600 INFO Scale adjusted for kilograms: -13.0
2023-04-21T14:43:53.173062+0600 INFO Offset: 61868, set_scale(scale): -13.0
2023-04-21T14:43:53.198956+0600 DEBUG START RFID FUNCTION
2023-04-21T14:43:53.200961+0600 DEBUG START Animal ID animal_id: b'435400040001'
2023-04-21T14:43:53.202643+0600 DEBUG START Null id null_id : b'435400040001'
2023-04-21T14:43:56.997455+0600 DEBUG Raw ID animal_id: b'43540028004501c38d13091e0102011b0101e2806894000040103003d496e2806894200040103003d496bfdb'
2023-04-21T14:43:56.999504+0600 DEBUG New ID animal_id_new: 40103003d496
2023-04-21T14:43:57.001103+0600 DEBUG Null id null_id : b'435400040001'
2023-04-21T14:43:57.002870+0600 DEBUG Success step 2 RFID. animal id new: 40103003d496
2023-04-21T14:43:57.920128+0600 DEBUG START RFID FUNCTION
2023-04-21T14:43:57.921493+0600 DEBUG START Animal ID animal_id: b'435400040001'
2023-04-21T14:43:57.922718+0600 DEBUG START Null id null_id : b'435400040001'
2023-04-21T14:43:57.997597+0600 DEBUG Raw ID animal_id: b'43540028004501c38d13091e0102011b0101e2806894000040103003d496e2806894200040103003d496bcde'
2023-04-21T14:43:57.999580+0600 DEBUG New ID animal_id_new: 40103003d496
2023-04-21T14:43:58.001873+0600 DEBUG Null id null_id : b'435400040001'
2023-04-21T14:43:58.005646+0600 DEBUG Success step 2 RFID. animal id new: 40103003d496
2023-04-21T14:43:58.918845+0600 DEBUG START RFID FUNCTION
2023-04-21T14:43:58.920378+0600 DEBUG START Animal ID animal_id: b'435400040001'
2023-04-21T14:43:58.921500+0600 DEBUG START Null id null_id : b'435400040001'
2023-04-21T14:43:58.998080+0600 DEBUG Raw ID animal_id: b'43540028004501c38d13091e0102011b0101e2806894000040103003d496e2806894200040103003d496cfcb'
2023-04-21T14:43:59.001888+0600 DEBUG New ID animal_id_new: 40103003d496
2023-04-21T14:43:59.005700+0600 DEBUG Null id null_id : b'435400040001'
2023-04-21T14:43:59.009900+0600 DEBUG Success step 2 RFID. animal id new: 40103003d496
2023-04-21T14:43:59.927213+0600 INFO ARDUINOSerial<id=0x75b229d0, open=True>(port='/dev/ttyACM0', baudrate=9600, bytesize=8, parity='N', stopbits=1, timeout=1, xonxoff=False, rtscts=False, dsrdtr=False)
2023-04-21T14:44:02.147750+0600 ERROR Error, null weight list
2023-04-21T14:44:02.149682+0600 INFO Start weight: 0
2023-04-21T14:44:02.151273+0600 INFO main: weight_finall
2023-04-21T14:44:02.153837+0600 DEBUG START RFID FUNCTION
2023-04-21T14:44:02.155418+0600 DEBUG START Animal ID animal_id: b'435400040001'
2023-04-21T14:44:02.156909+0600 DEBUG START Null id null_id : b'435400040001'
2023-04-21T14:44:02.197810+0600 DEBUG Raw ID animal_id: b'43540028004501c38d13091e0102011b0101e2806894000040103003d496e2806894200040103003d496cfcb'
2023-04-21T14:44:02.199795+0600 DEBUG New ID animal_id_new: 40103003d496
2023-04-21T14:44:02.201383+0600 DEBUG Null id null_id : b'435400040001'
2023-04-21T14:44:02.203165+0600 DEBUG Success step 2 RFID. animal id new: 40103003d496
2023-04-21T14:44:02.939153+0600 INFO ARDUINOSerial<id=0x75b22790, open=True>(port='/dev/ttyACM0', baudrate=9600, bytesize=8, parity='N', stopbits=1, timeout=1, xonxoff=False, rtscts=False, dsrdtr=False)
2023-04-21T14:44:05.150599+0600 ERROR Error, null weight list
2023-04-21T14:44:05.152562+0600 INFO Start weight: 0
2023-04-21T14:44:05.154277+0600 INFO main: weight_finall
2023-04-21T14:44:05.156911+0600 DEBUG START RFID FUNCTION
2023-04-21T14:44:05.158633+0600 DEBUG START Animal ID animal_id: b'435400040001'
2023-04-21T14:44:05.160156+0600 DEBUG START Null id null_id : b'435400040001'
2023-04-21T14:44:05.197965+0600 DEBUG Raw ID animal_id: b'43540028004501c38d13091e0102011b0101e2806894000040103003d496e2806894200040103003d496d0ca'
2023-04-21T14:44:05.199719+0600 DEBUG New ID animal_id_new: 40103003d496
2023-04-21T14:44:05.201129+0600 DEBUG Null id null_id : b'435400040001'
2023-04-21T14:44:05.202797+0600 DEBUG Success step 2 RFID. animal id new: 40103003d496
2023-04-21T14:44:05.951664+0600 DEBUG START RFID FUNCTION
2023-04-21T14:44:05.952882+0600 DEBUG START Animal ID animal_id: b'435400040001'
2023-04-21T14:44:05.953932+0600 DEBUG START Null id null_id : b'435400040001'
2023-04-21T14:44:05.998022+0600 DEBUG Raw ID animal_id: b'43540028004501c38d13091e0102011b0101e2806894000040103003d496e2806894200040103003d496cfcb'
2023-04-21T14:44:05.999783+0600 DEBUG New ID animal_id_new: 40103003d496
2023-04-21T14:44:06.001194+0600 DEBUG Null id null_id : b'435400040001'
2023-04-21T14:44:06.002771+0600 DEBUG Success step 2 RFID. animal id new: 40103003d496
2023-04-21T14:44:06.956212+0600 DEBUG START RFID FUNCTION
2023-04-21T14:44:06.958096+0600 DEBUG START Animal ID animal_id: b'435400040001'
2023-04-21T14:44:06.959663+0600 DEBUG START Null id null_id : b'435400040001'
2023-04-21T14:44:07.348990+0600 DEBUG Raw ID animal_id: b'43540028004501c38d13091e0102011b0101e2806894000040103003d496e2806894200040103003d496c7d3'
2023-04-21T14:44:07.350271+0600 DEBUG New ID animal_id_new: 40103003d496
2023-04-21T14:44:07.351215+0600 DEBUG Null id null_id : b'435400040001'
2023-04-21T14:44:07.352267+0600 DEBUG Success step 2 RFID. animal id new: 40103003d496
2023-04-21T14:44:07.959432+0600 DEBUG START RFID FUNCTION
2023-04-21T14:44:07.961322+0600 DEBUG START Animal ID animal_id: b'435400040001'
2023-04-21T14:44:07.962901+0600 DEBUG START Null id null_id : b'435400040001'
2023-04-21T14:44:08.098425+0600 DEBUG Raw ID animal_id: b'43540028004501c38d13091e0102011b0101e2806894000040103003d496e2806894200040103003d496bfdb'
2023-04-21T14:44:08.100917+0600 DEBUG New ID animal_id_new: 40103003d496
2023-04-21T14:44:08.101886+0600 DEBUG Null id null_id : b'435400040001'
2023-04-21T14:44:08.102938+0600 DEBUG Success step 2 RFID. animal id new: 40103003d496
2023-04-21T14:44:08.963787+0600 DEBUG START RFID FUNCTION
2023-04-21T14:44:08.965681+0600 DEBUG START Animal ID animal_id: b'435400040001'
2023-04-21T14:44:08.967253+0600 DEBUG START Null id null_id : b'435400040001'
2023-04-21T14:44:09.298082+0600 DEBUG Raw ID animal_id: b'43540028004501c38d13091e0102011b0101e2806894000040103003d496e2806894200040103003d496c6d4'
2023-04-21T14:44:09.299367+0600 DEBUG New ID animal_id_new: 40103003d496
2023-04-21T14:44:09.300302+0600 DEBUG Null id null_id : b'435400040001'
2023-04-21T14:44:09.301318+0600 DEBUG Success step 2 RFID. animal id new: 40103003d496
2023-04-21T14:44:09.968726+0600 INFO ARDUINOSerial<id=0x75b22d78, open=True>(port='/dev/ttyACM0', baudrate=9600, bytesize=8, parity='N', stopbits=1, timeout=1, xonxoff=False, rtscts=False, dsrdtr=False)
2023-04-21T14:44:12.188901+0600 ERROR Error, null weight list
2023-04-21T14:44:12.190377+0600 INFO Start weight: 0
2023-04-21T14:44:12.191634+0600 INFO main: weight_finall
2023-04-21T14:44:12.193705+0600 DEBUG START RFID FUNCTION
2023-04-21T14:44:12.195144+0600 DEBUG START Animal ID animal_id: b'435400040001'
2023-04-21T14:44:12.196366+0600 DEBUG START Null id null_id : b'435400040001'
2023-04-21T14:44:12.298405+0600 DEBUG Raw ID animal_id: b'43540028004501c38d13091e0102011b0101e2806894000040103003d496e2806894200040103003d496c9d1'
2023-04-21T14:44:12.303125+0600 DEBUG New ID animal_id_new: 40103003d496
2023-04-21T14:44:12.306504+0600 DEBUG Null id null_id : b'435400040001'
2023-04-21T14:44:12.310776+0600 DEBUG Success step 2 RFID. animal id new: 40103003d496
2023-04-21T14:44:12.983533+0600 INFO ARDUINOSerial<id=0x75b22760, open=True>(port='/dev/ttyACM0', baudrate=9600, bytesize=8, parity='N', stopbits=1, timeout=1, xonxoff=False, rtscts=False, dsrdtr=False)
2023-04-21T14:44:15.203979+0600 ERROR Error, null weight list
2023-04-21T14:44:15.205867+0600 INFO Start weight: 0
2023-04-21T14:44:15.207340+0600 INFO main: weight_finall
2023-04-21T14:44:15.210045+0600 DEBUG START RFID FUNCTION
2023-04-21T14:44:15.211732+0600 DEBUG START Animal ID animal_id: b'435400040001'
2023-04-21T14:44:15.213345+0600 DEBUG START Null id null_id : b'435400040001'
2023-04-21T14:44:15.299321+0600 DEBUG Raw ID animal_id: b'43540028004501c38d13091e0102011b0101e2806894000040103003d496e2806894200040103003d496cad0'
2023-04-21T14:44:15.305356+0600 DEBUG New ID animal_id_new: 40103003d496
2023-04-21T14:44:15.309243+0600 DEBUG Null id null_id : b'435400040001'
2023-04-21T14:44:15.314314+0600 DEBUG Success step 2 RFID. animal id new: 40103003d496
2023-04-21T14:44:15.994226+0600 INFO ARDUINOSerial<id=0x75b22d78, open=True>(port='/dev/ttyACM0', baudrate=9600, bytesize=8, parity='N', stopbits=1, timeout=1, xonxoff=False, rtscts=False, dsrdtr=False)
2023-04-21T14:44:18.206841+0600 ERROR Error, null weight list
2023-04-21T14:44:18.208713+0600 INFO Start weight: 0
2023-04-21T14:44:18.210300+0600 INFO main: weight_finall
2023-04-21T14:44:18.212870+0600 DEBUG START RFID FUNCTION
2023-04-21T14:44:18.214769+0600 DEBUG START Animal ID animal_id: b'435400040001'
2023-04-21T14:44:18.216309+0600 DEBUG START Null id null_id : b'435400040001'
2023-04-21T14:44:18.299332+0600 DEBUG Raw ID animal_id: b'43540028004501c38d13091e0102011b0101e2806894000040103003d496e2806894200040103003d496cad0'
2023-04-21T14:44:18.304359+0600 DEBUG New ID animal_id_new: 40103003d496
2023-04-21T14:44:18.308956+0600 DEBUG Null id null_id : b'435400040001'
2023-04-21T14:44:18.314178+0600 DEBUG Success step 2 RFID. animal id new: 40103003d496
2023-04-21T14:44:19.005193+0600 INFO ARDUINOSerial<id=0x75b22790, open=True>(port='/dev/ttyACM0', baudrate=9600, bytesize=8, parity='N', stopbits=1, timeout=1, xonxoff=False, rtscts=False, dsrdtr=False)
2023-04-21T14:44:21.221584+0600 ERROR Error, null weight list
2023-04-21T14:44:21.223503+0600 INFO Start weight: 0
2023-04-21T14:44:21.225051+0600 INFO main: weight_finall
2023-04-21T14:44:21.227440+0600 DEBUG START RFID FUNCTION
2023-04-21T14:44:21.229117+0600 DEBUG START Animal ID animal_id: b'435400040001'
2023-04-21T14:44:21.230625+0600 DEBUG START Null id null_id : b'435400040001'
2023-04-21T14:44:21.350920+0600 DEBUG Raw ID animal_id: b'43540028004501c38d13091e0102011b0101e2806894000040103003d496e2806894200040103003d496c1d9'
2023-04-21T14:44:21.355584+0600 DEBUG New ID animal_id_new: 40103003d496
2023-04-21T14:44:21.359542+0600 DEBUG Null id null_id : b'435400040001'
2023-04-21T14:44:21.364594+0600 DEBUG Success step 2 RFID. animal id new: 40103003d496
2023-04-21T14:44:22.018180+0600 DEBUG START RFID FUNCTION
2023-04-21T14:44:22.019424+0600 DEBUG START Animal ID animal_id: b'435400040001'
2023-04-21T14:44:22.020439+0600 DEBUG START Null id null_id : b'435400040001'
2023-04-21T14:44:22.498695+0600 DEBUG Raw ID animal_id: b'43540028004501c38d13091e0102011b0101e2806894000040103003d496e2806894200040103003d496c2d8'
2023-04-21T14:44:22.499986+0600 DEBUG New ID animal_id_new: 40103003d496
2023-04-21T14:44:22.500920+0600 DEBUG Null id null_id : b'435400040001'
2023-04-21T14:44:22.501954+0600 DEBUG Success step 2 RFID. animal id new: 40103003d496
2023-04-21T14:44:23.022855+0600 DEBUG START RFID FUNCTION
2023-04-21T14:44:23.024646+0600 DEBUG START Animal ID animal_id: b'435400040001'
2023-04-21T14:44:23.026256+0600 DEBUG START Null id null_id : b'435400040001'
2023-04-21T14:44:23.098987+0600 DEBUG Raw ID animal_id: b'43540028004501c38d13091e0102011b0101e2806894000040103003d496e2806894200040103003d496ccce'
2023-04-21T14:44:23.102597+0600 DEBUG New ID animal_id_new: 40103003d496
2023-04-21T14:44:23.106394+0600 DEBUG Null id null_id : b'435400040001'
2023-04-21T14:44:23.111163+0600 DEBUG Success step 2 RFID. animal id new: 40103003d496
2023-04-21T14:44:24.027651+0600 INFO ARDUINOSerial<id=0x75b22df0, open=True>(port='/dev/ttyACM0', baudrate=9600, bytesize=8, parity='N', stopbits=1, timeout=1, xonxoff=False, rtscts=False, dsrdtr=False)
2023-04-21T14:44:26.248032+0600 ERROR Error, null weight list
2023-04-21T14:44:26.249985+0600 INFO Start weight: 0
2023-04-21T14:44:26.251540+0600 INFO main: weight_finall
2023-04-21T14:44:26.254138+0600 DEBUG START RFID FUNCTION
2023-04-21T14:44:26.255851+0600 DEBUG START Animal ID animal_id: b'435400040001'
2023-04-21T14:44:26.257295+0600 DEBUG START Null id null_id : b'435400040001'
2023-04-21T14:44:26.299562+0600 DEBUG Raw ID animal_id: b'43540028004501c38d13091e0102011b0101e2806894000040103003d496e2806894200040103003d496cfcb'
2023-04-21T14:44:26.301544+0600 DEBUG New ID animal_id_new: 40103003d496
2023-04-21T14:44:26.303139+0600 DEBUG Null id null_id : b'435400040001'
2023-04-21T14:44:26.305326+0600 DEBUG Success step 2 RFID. animal id new: 40103003d496
2023-04-21T14:44:27.042917+0600 INFO ARDUINOSerial<id=0x75b22760, open=True>(port='/dev/ttyACM0', baudrate=9600, bytesize=8, parity='N', stopbits=1, timeout=1, xonxoff=False, rtscts=False, dsrdtr=False)
2023-04-21T14:44:29.263121+0600 ERROR Error, null weight list
2023-04-21T14:44:29.265141+0600 INFO Start weight: 0
2023-04-21T14:44:29.269418+0600 INFO main: weight_finall
2023-04-21T14:44:29.272365+0600 DEBUG START RFID FUNCTION
2023-04-21T14:44:29.274220+0600 DEBUG START Animal ID animal_id: b'435400040001'
2023-04-21T14:44:29.275682+0600 DEBUG START Null id null_id : b'435400040001'
2023-04-21T14:44:29.299505+0600 DEBUG Raw ID animal_id: b'43540028004501c38d13091e0102011b0101e2806894000040103003d496e2806894200040103003d496cfcb'
2023-04-21T14:44:29.301448+0600 DEBUG New ID animal_id_new: 40103003d496
2023-04-21T14:44:29.303004+0600 DEBUG Null id null_id : b'435400040001'
2023-04-21T14:44:29.304694+0600 DEBUG Success step 2 RFID. animal id new: 40103003d496
2023-04-21T14:44:30.053181+0600 INFO ARDUINOSerial<id=0x75b22d78, open=True>(port='/dev/ttyACM0', baudrate=9600, bytesize=8, parity='N', stopbits=1, timeout=1, xonxoff=False, rtscts=False, dsrdtr=False)
2023-04-21T14:44:32.269719+0600 ERROR Error, null weight list
2023-04-21T14:44:32.271674+0600 INFO Start weight: 0
2023-04-21T14:44:32.273322+0600 INFO main: weight_finall
2023-04-21T14:44:32.277486+0600 DEBUG START RFID FUNCTION
2023-04-21T14:44:32.279184+0600 DEBUG START Animal ID animal_id: b'435400040001'
2023-04-21T14:44:32.280715+0600 DEBUG START Null id null_id : b'435400040001'
2023-04-21T14:44:32.351059+0600 DEBUG Raw ID animal_id: b'43540028004501c38d13091e0102011b0101e2806894000040103003d496e2806894200040103003d496c9d1'
2023-04-21T14:44:32.356325+0600 DEBUG New ID animal_id_new: 40103003d496
2023-04-21T14:44:32.360824+0600 DEBUG Null id null_id : b'435400040001'
2023-04-21T14:44:32.367399+0600 DEBUG Success step 2 RFID. animal id new: 40103003d496
2023-04-21T14:44:33.067624+0600 DEBUG START RFID FUNCTION
2023-04-21T14:44:33.068846+0600 DEBUG START Animal ID animal_id: b'435400040001'
2023-04-21T14:44:33.069769+0600 DEBUG START Null id null_id : b'435400040001'
2023-04-21T14:44:33.199717+0600 DEBUG Raw ID animal_id: b'43540028004501c38d13091e0102011b0101e2806894000040103003d496e2806894200040103003d496c0da'
2023-04-21T14:44:33.202384+0600 DEBUG New ID animal_id_new: 40103003d496
2023-04-21T14:44:33.204319+0600 DEBUG Null id null_id : b'435400040001'
2023-04-21T14:44:33.205793+0600 DEBUG Success step 2 RFID. animal id new: 40103003d496
2023-04-21T14:44:34.070901+0600 DEBUG START RFID FUNCTION
2023-04-21T14:44:34.072791+0600 DEBUG START Animal ID animal_id: b'435400040001'
2023-04-21T14:44:34.074489+0600 DEBUG START Null id null_id : b'435400040001'
2023-04-21T14:44:34.200519+0600 DEBUG Raw ID animal_id: b'43540028004501c38d13091e0102011b0101e2806894000040103003d496e2806894200040103003d496c2d8'
2023-04-21T14:44:34.204291+0600 DEBUG New ID animal_id_new: 40103003d496
2023-04-21T14:44:34.208557+0600 DEBUG Null id null_id : b'435400040001'
2023-04-21T14:44:34.214559+0600 DEBUG Success step 2 RFID. animal id new: 40103003d496
2023-04-21T14:44:35.075755+0600 INFO ARDUINOSerial<id=0x75b22760, open=True>(port='/dev/ttyACM0', baudrate=9600, bytesize=8, parity='N', stopbits=1, timeout=1, xonxoff=False, rtscts=False, dsrdtr=False)
2023-04-21T14:44:37.287444+0600 ERROR Error, null weight list
2023-04-21T14:44:37.289031+0600 INFO Start weight: 0
2023-04-21T14:44:37.290269+0600 INFO main: weight_finall
2023-04-21T14:44:37.292078+0600 DEBUG START RFID FUNCTION
2023-04-21T14:44:37.293391+0600 DEBUG START Animal ID animal_id: b'435400040001'
2023-04-21T14:44:37.294608+0600 DEBUG START Null id null_id : b'435400040001'
2023-04-21T14:44:37.299703+0600 DEBUG Raw ID animal_id: b'43540028004501c38d13091e0102011b0101e2806894000040103003d496e2806894200040103003d496c9d1'
2023-04-21T14:44:37.301329+0600 DEBUG New ID animal_id_new: 40103003d496
2023-04-21T14:44:37.302664+0600 DEBUG Null id null_id : b'435400040001'
2023-04-21T14:44:37.304275+0600 DEBUG Success step 2 RFID. animal id new: 40103003d496
2023-04-21T14:44:38.086089+0600 INFO ARDUINOSerial<id=0x75b22d78, open=True>(port='/dev/ttyACM0', baudrate=9600, bytesize=8, parity='N', stopbits=1, timeout=1, xonxoff=False, rtscts=False, dsrdtr=False)
2023-04-21T14:44:40.306360+0600 ERROR Error, null weight list
2023-04-21T14:44:40.308400+0600 INFO Start weight: 0
2023-04-21T14:44:40.309930+0600 INFO main: weight_finall
2023-04-21T14:44:40.314613+0600 DEBUG START RFID FUNCTION
2023-04-21T14:44:40.316446+0600 DEBUG START Animal ID animal_id: b'435400040001'
2023-04-21T14:44:40.318058+0600 DEBUG START Null id null_id : b'435400040001'
2023-04-21T14:44:40.350861+0600 DEBUG Raw ID animal_id: b'43540028004501c38d13091e0102011b0101e2806894000040103003d496e2806894200040103003d496c8d2'
2023-04-21T14:44:40.352946+0600 DEBUG New ID animal_id_new: 40103003d496
2023-04-21T14:44:40.354960+0600 DEBUG Null id null_id : b'435400040001'
2023-04-21T14:44:40.356858+0600 DEBUG Success step 2 RFID. animal id new: 40103003d496
2023-04-21T14:44:41.097813+0600 INFO ARDUINOSerial<id=0x75b228b0, open=True>(port='/dev/ttyACM0', baudrate=9600, bytesize=8, parity='N', stopbits=1, timeout=1, xonxoff=False, rtscts=False, dsrdtr=False)
2023-04-21T14:44:43.305080+0600 ERROR Error, null weight list
2023-04-21T14:44:43.307140+0600 INFO Start weight: 0
2023-04-21T14:44:43.308790+0600 INFO main: weight_finall
2023-04-21T14:44:43.311444+0600 DEBUG START RFID FUNCTION
2023-04-21T14:44:43.313224+0600 DEBUG START Animal ID animal_id: b'435400040001'
2023-04-21T14:44:43.314979+0600 DEBUG START Null id null_id : b'435400040001'
2023-04-21T14:44:43.350975+0600 DEBUG Raw ID animal_id: b'43540028004501c38d13091e0102011b0101e2806894000040103003d496e2806894200040103003d496c6d4'
2023-04-21T14:44:43.353051+0600 DEBUG New ID animal_id_new: 40103003d496
2023-04-21T14:44:43.354866+0600 DEBUG Null id null_id : b'435400040001'
2023-04-21T14:44:43.356743+0600 DEBUG Success step 2 RFID. animal id new: 40103003d496
2023-04-21T14:44:44.112124+0600 DEBUG START RFID FUNCTION
2023-04-21T14:44:44.113480+0600 DEBUG START Animal ID animal_id: b'435400040001'
2023-04-21T14:44:44.114507+0600 DEBUG START Null id null_id : b'435400040001'
2023-04-21T14:44:44.350904+0600 DEBUG Raw ID animal_id: b'43540028004501c38d13091e0102011b0101e2806894000040103003d496e2806894200040103003d496cad0'
2023-04-21T14:44:44.352255+0600 DEBUG New ID animal_id_new: 40103003d496
2023-04-21T14:44:44.353314+0600 DEBUG Null id null_id : b'435400040001'
2023-04-21T14:44:44.354458+0600 DEBUG Success step 2 RFID. animal id new: 40103003d496
2023-04-21T14:44:45.119192+0600 DEBUG START RFID FUNCTION
2023-04-21T14:44:45.121189+0600 DEBUG START Animal ID animal_id: b'435400040001'
2023-04-21T14:44:45.122851+0600 DEBUG START Null id null_id : b'435400040001'
2023-04-21T14:44:45.299798+0600 DEBUG Raw ID animal_id: b'43540028004501c38d13091e0102011b0101e2806894000040103003d496e2806894200040103003d496c4d6'
2023-04-21T14:44:45.301148+0600 DEBUG New ID animal_id_new: 40103003d496
2023-04-21T14:44:45.302132+0600 DEBUG Null id null_id : b'435400040001'
2023-04-21T14:44:45.303341+0600 DEBUG Success step 2 RFID. animal id new: 40103003d496
2023-04-21T14:44:46.120430+0600 INFO ARDUINOSerial<id=0x75b22898, open=True>(port='/dev/ttyACM0', baudrate=9600, bytesize=8, parity='N', stopbits=1, timeout=1, xonxoff=False, rtscts=False, dsrdtr=False)
2023-04-21T14:44:48.344453+0600 ERROR Error, null weight list
2023-04-21T14:44:48.346376+0600 INFO Start weight: 0
2023-04-21T14:44:48.349759+0600 INFO main: weight_finall
2023-04-21T14:44:48.352518+0600 DEBUG START RFID FUNCTION
2023-04-21T14:44:48.354391+0600 DEBUG START Animal ID animal_id: b'435400040001'
2023-04-21T14:44:48.355920+0600 DEBUG START Null id null_id : b'435400040001'
2023-04-21T14:44:48.400330+0600 DEBUG Raw ID animal_id: b'43540028004501c38d13091e0102011b0101e2806894000040103003d496e2806894200040103003d496c9d1'
2023-04-21T14:44:48.402435+0600 DEBUG New ID animal_id_new: 40103003d496
2023-04-21T14:44:48.404596+0600 DEBUG Null id null_id : b'435400040001'
2023-04-21T14:44:48.406891+0600 DEBUG Success step 2 RFID. animal id new: 40103003d496
2023-04-21T14:44:49.131226+0600 INFO ARDUINOSerial<id=0x75b22d18, open=True>(port='/dev/ttyACM0', baudrate=9600, bytesize=8, parity='N', stopbits=1, timeout=1, xonxoff=False, rtscts=False, dsrdtr=False)
2023-04-21T14:44:51.342756+0600 ERROR Error, null weight list
2023-04-21T14:44:51.344557+0600 INFO Start weight: 0
2023-04-21T14:44:51.346134+0600 INFO main: weight_finall
2023-04-21T14:44:51.350181+0600 DEBUG START RFID FUNCTION
2023-04-21T14:44:51.351873+0600 DEBUG START Animal ID animal_id: b'435400040001'
2023-04-21T14:44:51.353510+0600 DEBUG START Null id null_id : b'435400040001'
2023-04-21T14:44:51.400215+0600 DEBUG Raw ID animal_id: b'43540028004501c38d13091e0102011b0101e2806894000040103003d496e2806894200040103003d496c4d6'
2023-04-21T14:44:51.402516+0600 DEBUG New ID animal_id_new: 40103003d496
2023-04-21T14:44:51.404742+0600 DEBUG Null id null_id : b'435400040001'
2023-04-21T14:44:51.407420+0600 DEBUG Success step 2 RFID. animal id new: 40103003d496
2023-04-21T14:44:52.144409+0600 DEBUG START RFID FUNCTION
2023-04-21T14:44:52.146074+0600 DEBUG START Animal ID animal_id: b'435400040001'
2023-04-21T14:44:52.147451+0600 DEBUG START Null id null_id : b'435400040001'
2023-04-21T14:44:52.200444+0600 DEBUG Raw ID animal_id: b'43540028004501c38d13091e0102011b0101e2806894000040103003d496e2806894200040103003d496c4d6'
2023-04-21T14:44:52.202798+0600 DEBUG New ID animal_id_new: 40103003d496
2023-04-21T14:44:52.204952+0600 DEBUG Null id null_id : b'435400040001'
2023-04-21T14:44:52.206897+0600 DEBUG Success step 2 RFID. animal id new: 40103003d496
2023-04-21T14:44:53.152398+0600 DEBUG START RFID FUNCTION
2023-04-21T14:44:53.154388+0600 DEBUG START Animal ID animal_id: b'435400040001'
2023-04-21T14:44:53.155974+0600 DEBUG START Null id null_id : b'435400040001'
2023-04-21T14:44:53.351229+0600 DEBUG Raw ID animal_id: b'43540028004501c38d13091e0102011b0101e2806894000040103003d496e2806894200040103003d496c3d7'
2023-04-21T14:44:53.354728+0600 DEBUG New ID animal_id_new: 40103003d496
2023-04-21T14:44:53.355899+0600 DEBUG Null id null_id : b'435400040001'
2023-04-21T14:44:53.357042+0600 DEBUG Success step 2 RFID. animal id new: 40103003d496
2023-04-21T14:44:54.155363+0600 DEBUG START RFID FUNCTION
2023-04-21T14:44:54.157250+0600 DEBUG START Animal ID animal_id: b'435400040001'
2023-04-21T14:44:54.158802+0600 DEBUG START Null id null_id : b'435400040001'
2023-04-21T14:45:01.597601+0600 DEBUG Raw ID animal_id: b'43540028004501c38d13091e0102011b0101e2806894000040103003d496e2806894200040103003d496c2d8'
2023-04-21T14:45:01.599271+0600 DEBUG New ID animal_id_new: 40103003d496
2023-04-21T14:45:01.600554+0600 DEBUG Null id null_id : b'435400040001'
2023-04-21T14:45:01.601946+0600 DEBUG Success step 2 RFID. animal id new: 40103003d496
2023-04-21T14:45:02.186400+0600 DEBUG START RFID FUNCTION
2023-04-21T14:45:02.187628+0600 DEBUG START Animal ID animal_id: b'435400040001'
2023-04-21T14:45:02.188548+0600 DEBUG START Null id null_id : b'435400040001'
2023-04-21T14:45:02.197267+0600 DEBUG Raw ID animal_id: b'43540028004501c38d13091e0102011b0101e2806894000040103003d496e2806894200040103003d496c6d4'
2023-04-21T14:45:02.198596+0600 DEBUG New ID animal_id_new: 40103003d496
2023-04-21T14:45:02.199766+0600 DEBUG Null id null_id : b'435400040001'
2023-04-21T14:45:02.200974+0600 DEBUG Success step 2 RFID. animal id new: 40103003d496
2023-04-21T14:45:03.189415+0600 DEBUG START RFID FUNCTION
2023-04-21T14:45:03.190953+0600 DEBUG START Animal ID animal_id: b'435400040001'
2023-04-21T14:45:03.192056+0600 DEBUG START Null id null_id : b'435400040001'
2023-04-21T14:45:03.348228+0600 DEBUG Raw ID animal_id: b'43540028004501c38d13091e0102011b0101e2806894000040103003d496e2806894200040103003d496c4d6'
2023-04-21T14:45:03.349797+0600 DEBUG New ID animal_id_new: 40103003d496
2023-04-21T14:45:03.351021+0600 DEBUG Null id null_id : b'435400040001'
2023-04-21T14:45:03.352530+0600 DEBUG Success step 2 RFID. animal id new: 40103003d496
2023-04-21T14:45:04.193670+0600 DEBUG START RFID FUNCTION
2023-04-21T14:45:04.195726+0600 DEBUG START Animal ID animal_id: b'435400040001'
2023-04-21T14:45:04.197378+0600 DEBUG START Null id null_id : b'435400040001'
2023-04-21T14:45:17.593528+0600 DEBUG Raw ID animal_id: b'43540028004501c38d13091e0102011b0101e2806894000040103003d496e2806894200040103003d496c5d5'
2023-04-21T14:45:17.595655+0600 DEBUG New ID animal_id_new: 40103003d496
2023-04-21T14:45:17.597390+0600 DEBUG Null id null_id : b'435400040001'
2023-04-21T14:45:17.599517+0600 DEBUG Success step 2 RFID. animal id new: 40103003d496
2023-04-21T14:45:18.251112+0600 DEBUG START RFID FUNCTION
2023-04-21T14:45:18.252412+0600 DEBUG START Animal ID animal_id: b'435400040001'
2023-04-21T14:45:18.253476+0600 DEBUG START Null id null_id : b'435400040001'
2023-04-21T14:45:18.293030+0600 DEBUG Raw ID animal_id: b'43540028004501c38d13091e0102011b0101e2806894000040103003d496e2806894200040103003d496c7d3'
2023-04-21T14:45:18.294432+0600 DEBUG New ID animal_id_new: 40103003d496
2023-04-21T14:45:18.295652+0600 DEBUG Null id null_id : b'435400040001'
2023-04-21T14:45:18.296866+0600 DEBUG Success step 2 RFID. animal id new: 40103003d496
2023-04-21T14:45:19.255791+0600 DEBUG START RFID FUNCTION
2023-04-21T14:45:19.257750+0600 DEBUG START Animal ID animal_id: b'435400040001'
2023-04-21T14:45:19.259463+0600 DEBUG START Null id null_id : b'435400040001'
2023-04-21T14:45:19.293224+0600 DEBUG Raw ID animal_id: b'43540028004501c38d13091e0102011b0101e2806894000040103003d496e2806894200040103003d496c5d5'
2023-04-21T14:45:19.295578+0600 DEBUG New ID animal_id_new: 40103003d496
2023-04-21T14:45:19.297528+0600 DEBUG Null id null_id : b'435400040001'
2023-04-21T14:45:19.300193+0600 DEBUG Success step 2 RFID. animal id new: 40103003d496
2023-04-21T14:45:20.260518+0600 INFO ARDUINOSerial<id=0x75b22eb0, open=True>(port='/dev/ttyACM0', baudrate=9600, bytesize=8, parity='N', stopbits=1, timeout=1, xonxoff=False, rtscts=False, dsrdtr=False)
2023-04-21T14:45:22.482551+0600 ERROR Error, null weight list
2023-04-21T14:45:22.485230+0600 INFO Start weight: 0
2023-04-21T14:45:22.487282+0600 INFO main: weight_finall
2023-04-21T14:45:22.491159+0600 DEBUG START RFID FUNCTION
2023-04-21T14:45:22.493475+0600 DEBUG START Animal ID animal_id: b'435400040001'
2023-04-21T14:45:22.504099+0600 DEBUG START Null id null_id : b'435400040001'
2023-04-21T14:45:22.593371+0600 DEBUG Raw ID animal_id: b'43540028004501c38d13091e0102011b0101e2806894000040103003d496e2806894200040103003d496ccce'
2023-04-21T14:45:22.599053+0600 DEBUG New ID animal_id_new: 40103003d496
2023-04-21T14:45:22.604220+0600 DEBUG Null id null_id : b'435400040001'
2023-04-21T14:45:22.610307+0600 DEBUG Success step 2 RFID. animal id new: 40103003d496
2023-04-21T14:45:23.269135+0600 INFO ARDUINOSerial<id=0x75b22d18, open=True>(port='/dev/ttyACM0', baudrate=9600, bytesize=8, parity='N', stopbits=1, timeout=1, xonxoff=False, rtscts=False, dsrdtr=False)
2023-04-21T14:45:25.488934+0600 ERROR Error, null weight list
2023-04-21T14:45:25.493179+0600 INFO Start weight: 0
2023-04-21T14:45:25.495671+0600 INFO main: weight_finall
2023-04-21T14:45:25.498464+0600 DEBUG START RFID FUNCTION
2023-04-21T14:45:25.500379+0600 DEBUG START Animal ID animal_id: b'435400040001'
2023-04-21T14:45:25.502116+0600 DEBUG START Null id null_id : b'435400040001'
2023-04-21T14:45:25.593168+0600 DEBUG Raw ID animal_id: b'43540028004501c38d13091e0102011b0101e2806894000040103003d496e2806894200040103003d496c1d9'
2023-04-21T14:45:25.599567+0600 DEBUG New ID animal_id_new: 40103003d496
2023-04-21T14:45:25.605435+0600 DEBUG Null id null_id : b'435400040001'
2023-04-21T14:45:25.614693+0600 DEBUG Success step 2 RFID. animal id new: 40103003d496
2023-04-21T14:45:26.282311+0600 DEBUG START RFID FUNCTION
2023-04-21T14:45:26.283706+0600 DEBUG START Animal ID animal_id: b'435400040001'
2023-04-21T14:45:26.284730+0600 DEBUG START Null id null_id : b'435400040001'
2023-04-21T14:45:26.890953+0600 DEBUG Raw ID animal_id: b'43540028004501c38d13091e0102011b0101e2806894000040103003d496e2806894200040103003d496c3d7'
2023-04-21T14:45:26.892294+0600 DEBUG New ID animal_id_new: 40103003d496
2023-04-21T14:45:26.893325+0600 DEBUG Null id null_id : b'435400040001'
2023-04-21T14:45:26.894540+0600 DEBUG Success step 2 RFID. animal id new: 40103003d496
2023-04-21T14:45:27.286576+0600 DEBUG START RFID FUNCTION
2023-04-21T14:45:27.288098+0600 DEBUG START Animal ID animal_id: b'435400040001'
2023-04-21T14:45:27.289468+0600 DEBUG START Null id null_id : b'435400040001'
2023-04-21T14:45:27.342045+0600 DEBUG Raw ID animal_id: b'43540028004501c38d13091e0102011b0101e2806894000040103003d496e2806894200040103003d496c7d3'
2023-04-21T14:45:27.344035+0600 DEBUG New ID animal_id_new: 40103003d496
2023-04-21T14:45:27.345913+0600 DEBUG Null id null_id : b'435400040001'
2023-04-21T14:45:27.348491+0600 DEBUG Success step 2 RFID. animal id new: 40103003d496
2023-04-21T14:45:28.289743+0600 DEBUG START RFID FUNCTION
2023-04-21T14:45:28.291267+0600 DEBUG START Animal ID animal_id: b'435400040001'
2023-04-21T14:45:28.292374+0600 DEBUG START Null id null_id : b'435400040001'
2023-04-21T14:45:28.341942+0600 DEBUG Raw ID animal_id: b'43540028004501c38d13091e0102011b0101e2806894000040103003d496e2806894200040103003d496c9d1'
2023-04-21T14:45:28.343805+0600 DEBUG New ID animal_id_new: 40103003d496
2023-04-21T14:45:28.345824+0600 DEBUG Null id null_id : b'435400040001'
2023-04-21T14:45:28.347816+0600 DEBUG Success step 2 RFID. animal id new: 40103003d496
2023-04-21T14:45:29.292849+0600 DEBUG START RFID FUNCTION
2023-04-21T14:45:29.294443+0600 DEBUG START Animal ID animal_id: b'435400040001'
2023-04-21T14:45:29.295557+0600 DEBUG START Null id null_id : b'435400040001'
2023-04-21T14:45:29.341558+0600 DEBUG Raw ID animal_id: b'43540028004501c38d13091e0102011b0101e2806894000040103003d496e2806894200040103003d496c7d3'
2023-04-21T14:45:29.343174+0600 DEBUG New ID animal_id_new: 40103003d496
2023-04-21T14:45:29.344614+0600 DEBUG Null id null_id : b'435400040001'
2023-04-21T14:45:29.346051+0600 DEBUG Success step 2 RFID. animal id new: 40103003d496
2023-04-21T14:45:30.297546+0600 INFO ARDUINOSerial<id=0x75b22eb0, open=True>(port='/dev/ttyACM0', baudrate=9600, bytesize=8, parity='N', stopbits=1, timeout=1, xonxoff=False, rtscts=False, dsrdtr=False)
2023-04-21T14:45:32.520904+0600 ERROR Error, null weight list
2023-04-21T14:45:32.522895+0600 INFO Start weight: 0
2023-04-21T14:45:32.524777+0600 INFO main: weight_finall
2023-04-21T14:45:32.528806+0600 DEBUG START RFID FUNCTION
2023-04-21T14:45:32.530580+0600 DEBUG START Animal ID animal_id: b'435400040001'
2023-04-21T14:45:32.532128+0600 DEBUG START Null id null_id : b'435400040001'
2023-04-21T14:45:32.590067+0600 DEBUG Raw ID animal_id: b'43540028004501c38d13091e0102011b0101e2806894000040103003d496e2806894200040103003d496c8d2'
2023-04-21T14:45:32.592204+0600 DEBUG New ID animal_id_new: 40103003d496
2023-04-21T14:45:32.594457+0600 DEBUG Null id null_id : b'435400040001'
2023-04-21T14:45:32.597514+0600 DEBUG Success step 2 RFID. animal id new: 40103003d496
2023-04-21T14:45:33.306997+0600 INFO ARDUINOSerial<id=0x75b22e80, open=True>(port='/dev/ttyACM0', baudrate=9600, bytesize=8, parity='N', stopbits=1, timeout=1, xonxoff=False, rtscts=False, dsrdtr=False)
2023-04-21T14:45:35.526814+0600 ERROR Error, null weight list
2023-04-21T14:45:35.528811+0600 INFO Start weight: 0
2023-04-21T14:45:35.530417+0600 INFO main: weight_finall
2023-04-21T14:45:35.534456+0600 DEBUG START RFID FUNCTION
2023-04-21T14:45:35.536089+0600 DEBUG START Animal ID animal_id: b'435400040001'
2023-04-21T14:45:35.537657+0600 DEBUG START Null id null_id : b'435400040001'
2023-04-21T14:45:35.839997+0600 DEBUG Raw ID animal_id: b'43540028004501c38d13091e0102011b0101e2806894000040103003d496e2806894200040103003d496c3d7'
2023-04-21T14:45:35.841318+0600 DEBUG New ID animal_id_new: 40103003d496
2023-04-21T14:45:35.842260+0600 DEBUG Null id null_id : b'435400040001'
2023-04-21T14:45:35.843381+0600 DEBUG Success step 2 RFID. animal id new: 40103003d496
2023-04-21T14:45:36.320395+0600 DEBUG START RFID FUNCTION
2023-04-21T14:45:36.321630+0600 DEBUG START Animal ID animal_id: b'435400040001'
2023-04-21T14:45:36.322580+0600 DEBUG START Null id null_id : b'435400040001'
