2023-04-18T17:03:04.005926+0600 INFO Connect arduino /dev/ttyACM0
2023-04-18T17:03:04.007980+0600 INFO Configuration of serial, Serial<id=0x75cc0280, open=True>(port='/dev/ttyACM0', baudrate=9600, bytesize=8, parity='N', stopbits=1, timeout=None, xonxoff=False, rtscts=False, dsrdtr=False)
2023-04-18T17:03:04.009010+0600 INFO Success: Arduino connected
2023-04-18T17:03:04.013827+0600 INFO ("[1] to calibrate
" "[2] to start measure
>")
2023-04-18T17:03:11.262465+0600 DEBUG START RFID FUNCTION
2023-04-18T17:03:11.264578+0600 DEBUG START Animal ID animal_id: b'435400040001'
2023-04-18T17:03:11.266225+0600 DEBUG START Null id null_id : b'435400040001'
2023-04-18T17:03:15.434051+0600 DEBUG Raw ID animal_id: b'43540028004501c38d13091e0102011b0101e2000017160900161150a24ee20034120133fd000a17d65fc55d'
2023-04-18T17:03:15.435942+0600 DEBUG New ID animal_id_new: fd000a17d65f
2023-04-18T17:03:15.437516+0600 DEBUG Null id null_id : b'435400040001'
2023-04-18T17:03:15.439230+0600 DEBUG Success step 2 RFID. animal id new: fd000a17d65f
2023-04-18T17:03:15.804418+0600 DEBUG START RFID FUNCTION
2023-04-18T17:03:15.805607+0600 DEBUG START Animal ID animal_id: b'435400040001'
2023-04-18T17:03:15.806522+0600 DEBUG START Null id null_id : b'435400040001'
2023-04-18T17:03:16.033202+0600 DEBUG Raw ID animal_id: b'43540028004501c38d13091e0102011b0101e2000017160900161150a24ee20034120133fd000a17d65fc45e'
2023-04-18T17:03:16.034340+0600 DEBUG New ID animal_id_new: fd000a17d65f
2023-04-18T17:03:16.035239+0600 DEBUG Null id null_id : b'435400040001'
2023-04-18T17:03:16.036271+0600 DEBUG Success step 2 RFID. animal id new: fd000a17d65f
2023-04-18T17:03:16.808257+0600 DEBUG START RFID FUNCTION
2023-04-18T17:03:16.810202+0600 DEBUG START Animal ID animal_id: b'435400040001'
2023-04-18T17:03:16.812218+0600 DEBUG START Null id null_id : b'435400040001'
2023-04-18T17:03:16.833471+0600 DEBUG Raw ID animal_id: b'43540028004501c38d13091e0102011b0101e2000017160900161150a24ee20034120133fd000a17d65fc65c'
2023-04-18T17:03:16.835295+0600 DEBUG New ID animal_id_new: fd000a17d65f
2023-04-18T17:03:16.836784+0600 DEBUG Null id null_id : b'435400040001'
2023-04-18T17:03:16.838464+0600 DEBUG Success step 2 RFID. animal id new: fd000a17d65f
2023-04-18T17:03:18.821242+0600 ERROR Error, null weight list
2023-04-18T17:03:18.823477+0600 INFO main: weight_finall
2023-04-18T17:03:18.825442+0600 DEBUG START RFID FUNCTION
2023-04-18T17:03:18.827039+0600 DEBUG START Animal ID animal_id: b'435400040001'
2023-04-18T17:03:18.828555+0600 DEBUG START Null id null_id : b'435400040001'
2023-04-18T17:03:18.833096+0600 DEBUG Raw ID animal_id: b'43540028004501c38d13091e0102011b0101e2000017160900161150a24ee20034120133fd000a17d65fc65c'
2023-04-18T17:03:18.834846+0600 DEBUG New ID animal_id_new: fd000a17d65f
2023-04-18T17:03:18.836585+0600 DEBUG Null id null_id : b'435400040001'
2023-04-18T17:03:18.838406+0600 DEBUG Success step 2 RFID. animal id new: fd000a17d65f
2023-04-18T17:03:20.831558+0600 ERROR Error, null weight list
2023-04-18T17:03:20.833604+0600 INFO main: weight_finall
2023-04-18T17:03:20.835650+0600 DEBUG START RFID FUNCTION
2023-04-18T17:03:20.837254+0600 DEBUG START Animal ID animal_id: b'435400040001'
2023-04-18T17:03:20.838751+0600 DEBUG START Null id null_id : b'435400040001'
2023-04-18T17:03:20.984565+0600 DEBUG Raw ID animal_id: b'43540028004501c38d13091e0102011b0101e2000017160900161150a24ee20034120133fd000a17d65fc45e'
2023-04-18T17:03:20.987208+0600 DEBUG New ID animal_id_new: fd000a17d65f
2023-04-18T17:03:20.988766+0600 DEBUG Null id null_id : b'435400040001'
2023-04-18T17:03:20.990616+0600 DEBUG Success step 2 RFID. animal id new: fd000a17d65f
2023-04-18T17:03:22.838060+0600 ERROR Error, null weight list
2023-04-18T17:03:22.839521+0600 INFO main: weight_finall
2023-04-18T17:03:22.840927+0600 DEBUG START RFID FUNCTION
2023-04-18T17:03:22.842069+0600 DEBUG START Animal ID animal_id: b'435400040001'
2023-04-18T17:03:22.843293+0600 DEBUG START Null id null_id : b'435400040001'
2023-04-18T17:03:22.934100+0600 DEBUG Raw ID animal_id: b'43540028004501c38d13091e0102011b0101e2000017160900161150a24ee20034120133fd000a17d65fc65c'
2023-04-18T17:03:22.938739+0600 DEBUG New ID animal_id_new: fd000a17d65f
2023-04-18T17:03:22.943711+0600 DEBUG Null id null_id : b'435400040001'
2023-04-18T17:03:22.948710+0600 DEBUG Success step 2 RFID. animal id new: fd000a17d65f
2023-04-18T17:03:24.845117+0600 ERROR Error, null weight list
2023-04-18T17:03:24.846996+0600 INFO main: weight_finall
2023-04-18T17:03:24.848877+0600 DEBUG START RFID FUNCTION
2023-04-18T17:03:24.850393+0600 DEBUG START Animal ID animal_id: b'435400040001'
2023-04-18T17:03:24.851815+0600 DEBUG START Null id null_id : b'435400040001'
2023-04-18T17:03:24.933225+0600 DEBUG Raw ID animal_id: b'43540028004501c38d13091e0102011b0101e2000017160900161150a24ee20034120133fd000a17d65fc85a'
2023-04-18T17:03:24.935369+0600 DEBUG New ID animal_id_new: fd000a17d65f
2023-04-18T17:03:24.937932+0600 DEBUG Null id null_id : b'435400040001'
2023-04-18T17:03:24.942527+0600 DEBUG Success step 2 RFID. animal id new: fd000a17d65f
2023-04-18T17:03:26.853054+0600 ERROR Error, null weight list
2023-04-18T17:03:26.854942+0600 INFO main: weight_finall
2023-04-18T17:03:26.856954+0600 DEBUG START RFID FUNCTION
2023-04-18T17:03:26.858572+0600 DEBUG START Animal ID animal_id: b'435400040001'
2023-04-18T17:03:26.860060+0600 DEBUG START Null id null_id : b'435400040001'
2023-04-18T17:03:26.983217+0600 DEBUG Raw ID animal_id: b'43540028004501c38d13091e0102011b0101e2000017160900161150a24ee20034120133fd000a17d65fc959'
2023-04-18T17:03:26.987313+0600 DEBUG New ID animal_id_new: fd000a17d65f
2023-04-18T17:03:26.990945+0600 DEBUG Null id null_id : b'435400040001'
2023-04-18T17:03:26.995569+0600 DEBUG Success step 2 RFID. animal id new: fd000a17d65f
2023-04-18T17:03:27.854556+0600 DEBUG START RFID FUNCTION
2023-04-18T17:03:27.856515+0600 DEBUG START Animal ID animal_id: b'435400040001'
2023-04-18T17:03:27.859030+0600 DEBUG START Null id null_id : b'435400040001'
2023-04-18T17:15:00.396515+0600 DEBUG Raw ID animal_id: b'43540028004501c38d13091e0102011b0101e20000174007015316906afce20034120136fc000ad7ad45c9b9'
2023-04-18T17:15:00.399958+0600 DEBUG New ID animal_id_new: fc000ad7ad45
2023-04-18T17:15:00.401738+0600 DEBUG Null id null_id : b'435400040001'
2023-04-18T17:15:00.403642+0600 DEBUG Success step 2 RFID. animal id new: fc000ad7ad45
2023-04-18T17:15:00.769958+0600 DEBUG START RFID FUNCTION
2023-04-18T17:15:00.771243+0600 DEBUG START Animal ID animal_id: b'435400040001'
2023-04-18T17:15:00.772185+0600 DEBUG START Null id null_id : b'435400040001'
2023-04-18T17:15:00.796752+0600 DEBUG Raw ID animal_id: b'43540028004501c38d13091e0102011b0101e20000174007015316906afce20034120136fc000ad7ad45c9b9'
2023-04-18T17:15:00.798291+0600 DEBUG New ID animal_id_new: fc000ad7ad45
2023-04-18T17:15:00.799391+0600 DEBUG Null id null_id : b'435400040001'
2023-04-18T17:15:00.800468+0600 DEBUG Success step 2 RFID. animal id new: fc000ad7ad45
2023-04-18T17:15:02.783026+0600 ERROR Error, null weight list
2023-04-18T17:15:02.784952+0600 INFO main: weight_finall
2023-04-18T17:15:02.786867+0600 DEBUG START RFID FUNCTION
2023-04-18T17:15:02.788442+0600 DEBUG START Animal ID animal_id: b'435400040001'
2023-04-18T17:15:02.789880+0600 DEBUG START Null id null_id : b'435400040001'
2023-04-18T17:15:02.796393+0600 DEBUG Raw ID animal_id: b'43540028004501c38d13091e0102011b0101e20000174007015316906afce20034120136fc000ad7ad45c8ba'
2023-04-18T17:15:02.798216+0600 DEBUG New ID animal_id_new: fc000ad7ad45
2023-04-18T17:15:02.799652+0600 DEBUG Null id null_id : b'435400040001'
2023-04-18T17:15:02.801218+0600 DEBUG Success step 2 RFID. animal id new: fc000ad7ad45
2023-04-18T17:15:04.790156+0600 ERROR Error, null weight list
2023-04-18T17:15:04.791952+0600 INFO main: weight_finall
2023-04-18T17:15:04.793967+0600 DEBUG START RFID FUNCTION
2023-04-18T17:15:04.795596+0600 DEBUG START Animal ID animal_id: b'435400040001'
2023-04-18T17:15:04.797098+0600 DEBUG START Null id null_id : b'435400040001'
2023-04-18T17:15:04.897811+0600 DEBUG Raw ID animal_id: b'43540028004501c38d13091e0102011b0101e20000174007015316906afce20034120136fc000ad7ad45c8ba'
2023-04-18T17:15:04.902601+0600 DEBUG New ID animal_id_new: fc000ad7ad45
2023-04-18T17:15:04.907965+0600 DEBUG Null id null_id : b'435400040001'
2023-04-18T17:15:04.913679+0600 DEBUG Success step 2 RFID. animal id new: fc000ad7ad45
2023-04-18T17:15:06.795969+0600 ERROR Error, null weight list
2023-04-18T17:15:06.797544+0600 INFO main: weight_finall
2023-04-18T17:15:06.799153+0600 DEBUG START RFID FUNCTION
2023-04-18T17:15:06.800419+0600 DEBUG START Animal ID animal_id: b'435400040001'
2023-04-18T17:15:06.801593+0600 DEBUG START Null id null_id : b'435400040001'
2023-04-18T17:15:06.947102+0600 DEBUG Raw ID animal_id: b'43540028004501c38d13091e0102011b0101e20000174007015316906afce20034120136fc000ad7ad45c7bb'
2023-04-18T17:15:06.948385+0600 DEBUG New ID animal_id_new: fc000ad7ad45
2023-04-18T17:15:06.949295+0600 DEBUG Null id null_id : b'435400040001'
2023-04-18T17:15:06.950305+0600 DEBUG Success step 2 RFID. animal id new: fc000ad7ad45
2023-04-18T17:15:07.799017+0600 DEBUG START RFID FUNCTION
2023-04-18T17:15:07.800563+0600 DEBUG START Animal ID animal_id: b'435400040001'
2023-04-18T17:15:07.801808+0600 DEBUG START Null id null_id : b'435400040001'
2023-04-18T17:19:45.481488+0600 DEBUG Raw ID animal_id: b'43540028004501c38d13091e0102011b0101e2806894000040103003d496e2806894200040103003d496c7d3'
2023-04-18T17:19:45.483618+0600 DEBUG New ID animal_id_new: 40103003d496
2023-04-18T17:19:45.485246+0600 DEBUG Null id null_id : b'435400040001'
2023-04-18T17:19:45.486998+0600 DEBUG Success step 2 RFID. animal id new: 40103003d496
2023-04-18T17:19:45.970390+0600 DEBUG START RFID FUNCTION
2023-04-18T17:19:45.971625+0600 DEBUG START Animal ID animal_id: b'435400040001'
2023-04-18T17:19:45.972556+0600 DEBUG START Null id null_id : b'435400040001'
2023-04-18T17:19:45.981114+0600 DEBUG Raw ID animal_id: b'43540028004501c38d13091e0102011b0101e2806894000040103003d496e2806894200040103003d496d2c8'
2023-04-18T17:19:45.982280+0600 DEBUG New ID animal_id_new: 40103003d496
2023-04-18T17:19:45.983433+0600 DEBUG Null id null_id : b'435400040001'
2023-04-18T17:19:45.984632+0600 DEBUG Success step 2 RFID. animal id new: 40103003d496
2023-04-18T17:19:46.973923+0600 DEBUG START RFID FUNCTION
2023-04-18T17:19:46.975442+0600 DEBUG START Animal ID animal_id: b'435400040001'
2023-04-18T17:19:46.976565+0600 DEBUG START Null id null_id : b'435400040001'
2023-04-18T17:19:46.981059+0600 DEBUG Raw ID animal_id: b'43540028004501c38d13091e0102011b0101e2806894000040103003d496e2806894200040103003d496cdcd'
2023-04-18T17:19:46.982527+0600 DEBUG New ID animal_id_new: 40103003d496
2023-04-18T17:19:46.983866+0600 DEBUG Null id null_id : b'435400040001'
2023-04-18T17:19:46.985242+0600 DEBUG Success step 2 RFID. animal id new: 40103003d496
2023-04-18T17:19:48.985347+0600 ERROR Error, null weight list
2023-04-18T17:19:48.986899+0600 INFO main: weight_finall
2023-04-18T17:19:48.988499+0600 DEBUG START RFID FUNCTION
2023-04-18T17:19:48.989760+0600 DEBUG START Animal ID animal_id: b'435400040001'
2023-04-18T17:19:48.990933+0600 DEBUG START Null id null_id : b'435400040001'
2023-04-18T17:19:49.082394+0600 DEBUG Raw ID animal_id: b'43540028004501c38d13091e0102011b0101e2806894000040103003d496e2806894200040103003d496cdcd'
2023-04-18T17:19:49.087124+0600 DEBUG New ID animal_id_new: 40103003d496
2023-04-18T17:19:49.091588+0600 DEBUG Null id null_id : b'435400040001'
2023-04-18T17:19:49.096330+0600 DEBUG Success step 2 RFID. animal id new: 40103003d496
2023-04-18T17:19:50.993863+0600 ERROR Error, null weight list
2023-04-18T17:19:50.995769+0600 INFO main: weight_finall
2023-04-18T17:19:50.999602+0600 DEBUG START RFID FUNCTION
2023-04-18T17:19:51.001374+0600 DEBUG START Animal ID animal_id: b'435400040001'
2023-04-18T17:19:51.003129+0600 DEBUG START Null id null_id : b'435400040001'
2023-04-18T17:19:51.081924+0600 DEBUG Raw ID animal_id: b'43540028004501c38d13091e0102011b0101e2806894000040103003d496e2806894200040103003d496cad0'
2023-04-18T17:19:51.087050+0600 DEBUG New ID animal_id_new: 40103003d496
2023-04-18T17:19:51.091833+0600 DEBUG Null id null_id : b'435400040001'
2023-04-18T17:19:51.096936+0600 DEBUG Success step 2 RFID. animal id new: 40103003d496
2023-04-18T17:19:51.995074+0600 DEBUG START RFID FUNCTION
2023-04-18T17:19:51.996975+0600 DEBUG START Animal ID animal_id: b'435400040001'
2023-04-18T17:19:51.998571+0600 DEBUG START Null id null_id : b'435400040001'
2023-04-18T17:19:52.432041+0600 DEBUG Raw ID animal_id: b'43540028004501c38d13091e0102011b0101e2806894000040103003d496e2806894200040103003d496c9d1'
2023-04-18T17:19:52.433461+0600 DEBUG New ID animal_id_new: 40103003d496
2023-04-18T17:19:52.434429+0600 DEBUG Null id null_id : b'435400040001'
2023-04-18T17:19:52.435473+0600 DEBUG Success step 2 RFID. animal id new: 40103003d496
2023-04-18T17:19:52.999429+0600 DEBUG START RFID FUNCTION
2023-04-18T17:19:53.001316+0600 DEBUG START Animal ID animal_id: b'435400040001'
2023-04-18T17:19:53.003014+0600 DEBUG START Null id null_id : b'435400040001'
2023-04-18T17:19:53.081472+0600 DEBUG Raw ID animal_id: b'43540028004501c38d13091e0102011b0101e2806894000040103003d496e2806894200040103003d496c0da'
2023-04-18T17:19:53.085542+0600 DEBUG New ID animal_id_new: 40103003d496
2023-04-18T17:19:53.089008+0600 DEBUG Null id null_id : b'435400040001'
2023-04-18T17:19:53.093297+0600 DEBUG Success step 2 RFID. animal id new: 40103003d496
2023-04-18T17:19:54.002975+0600 DEBUG START RFID FUNCTION
2023-04-18T17:19:54.004885+0600 DEBUG START Animal ID animal_id: b'435400040001'
2023-04-18T17:19:54.006442+0600 DEBUG START Null id null_id : b'435400040001'
2023-04-18T17:19:58.380524+0600 DEBUG Raw ID animal_id: b'43540028004501c38d13091e0102011b0101e2806894000040103003d496e2806894200040103003d496bcde'
2023-04-18T17:19:58.382545+0600 DEBUG New ID animal_id_new: 40103003d496
2023-04-18T17:19:58.384225+0600 DEBUG Null id null_id : b'435400040001'
2023-04-18T17:19:58.385959+0600 DEBUG Success step 2 RFID. animal id new: 40103003d496
2023-04-18T17:19:59.024173+0600 DEBUG START RFID FUNCTION
2023-04-18T17:19:59.025383+0600 DEBUG START Animal ID animal_id: b'435400040001'
2023-04-18T17:19:59.026221+0600 DEBUG START Null id null_id : b'435400040001'
