2023-04-21T16:16:06.211123+0600 INFO Connect arduino /dev/ttyACM1
2023-04-21T16:16:06.213243+0600 INFO Configuration of serial, Serial<id=0x75b3fda8, open=True>(port='/dev/ttyACM1', baudrate=9600, bytesize=8, parity='N', stopbits=1, timeout=None, xonxoff=False, rtscts=False, dsrdtr=False)
2023-04-21T16:16:06.214287+0600 INFO Success: Arduino connected
2023-04-21T16:16:06.219878+0600 INFO ("[1] to calibrate
" "[2] to start measure
>")
2023-04-21T16:16:12.570976+0600 INFO Start calibrate function
2023-04-21T16:16:12.578272+0600 INFO ARDUINOSerial<id=0x75b529d0, open=True>(port='/dev/ttyACM0', baudrate=9600, bytesize=8, parity='N', stopbits=1, timeout=1, xonxoff=False, rtscts=False, dsrdtr=False)
2023-04-21T16:16:12.580112+0600 INFO Remove any items from scale. Press any key when ready.
2023-04-21T16:16:18.192365+0600 INFO Value at zero (offset): 16687868
2023-04-21T16:16:18.198196+0600 INFO Please place an item of known weight on the scale.
2023-04-21T16:16:22.366349+0600 INFO Please enter the item's weight in kg.
>
2023-04-21T16:16:25.619685+0600 INFO Scale adjusted for kilograms: 33.0
2023-04-21T16:16:25.621858+0600 INFO Offset: 16687868, set_scale(scale): 33.0
2023-04-21T16:16:25.647042+0600 DEBUG START RFID FUNCTION
2023-04-21T16:16:25.649441+0600 DEBUG START Animal ID animal_id: b'435400040001'
2023-04-21T16:16:25.651482+0600 DEBUG START Null id null_id : b'435400040001'
2023-04-21T16:16:32.810571+0600 DEBUG Raw ID animal_id: b'43540028004501c38d13091e0102011b0101e2000017160900161150a24ee20034120133fd000a17d65fc959'
2023-04-21T16:16:32.812916+0600 DEBUG New ID animal_id_new: fd000a17d65f
2023-04-21T16:16:32.814645+0600 DEBUG Null id null_id : b'435400040001'
2023-04-21T16:16:32.816707+0600 DEBUG Success step 2 RFID. animal id new: fd000a17d65f
2023-04-21T16:16:33.077067+0600 DEBUG START RFID FUNCTION
2023-04-21T16:16:33.078294+0600 DEBUG START Animal ID animal_id: b'435400040001'
2023-04-21T16:16:33.079285+0600 DEBUG START Null id null_id : b'435400040001'
2023-04-21T16:16:33.110239+0600 DEBUG Raw ID animal_id: b'43540028004501c38d13091e0102011b0101e2000017160900161150a24ee20034120133fd000a17d65fca58'
2023-04-21T16:16:33.112000+0600 DEBUG New ID animal_id_new: fd000a17d65f
2023-04-21T16:16:33.114191+0600 DEBUG Null id null_id : b'435400040001'
2023-04-21T16:16:33.115845+0600 DEBUG Success step 2 RFID. animal id new: fd000a17d65f
2023-04-21T16:16:34.079907+0600 DEBUG START RFID FUNCTION
2023-04-21T16:16:34.082101+0600 DEBUG START Animal ID animal_id: b'435400040001'
2023-04-21T16:16:34.083802+0600 DEBUG START Null id null_id : b'435400040001'
2023-04-21T16:16:34.110331+0600 DEBUG Raw ID animal_id: b'43540028004501c38d13091e0102011b0101e2000017160900161150a24ee20034120133fd000a17d65fca58'
2023-04-21T16:16:34.112423+0600 DEBUG New ID animal_id_new: fd000a17d65f
2023-04-21T16:16:34.114171+0600 DEBUG Null id null_id : b'435400040001'
2023-04-21T16:16:34.116485+0600 DEBUG Success step 2 RFID. animal id new: fd000a17d65f
2023-04-21T16:16:35.086254+0600 INFO ARDUINOSerial<id=0x75b529a0, open=True>(port='/dev/ttyACM0', baudrate=9600, bytesize=8, parity='N', stopbits=1, timeout=1, xonxoff=False, rtscts=False, dsrdtr=False)
2023-04-21T16:16:37.098155+0600 ERROR Error, null weight list
2023-04-21T16:16:37.100223+0600 INFO Start weight: 0
2023-04-21T16:16:37.102084+0600 INFO main: weight_finall
2023-04-21T16:16:37.104707+0600 DEBUG START RFID FUNCTION
2023-04-21T16:16:37.106312+0600 DEBUG START Animal ID animal_id: b'435400040001'
2023-04-21T16:16:37.107935+0600 DEBUG START Null id null_id : b'435400040001'
2023-04-21T16:16:37.211574+0600 DEBUG Raw ID animal_id: b'43540028004501c38d13091e0102011b0101e2000017160900161150a24ee20034120133fd000a17d65fc959'
2023-04-21T16:16:37.216071+0600 DEBUG New ID animal_id_new: fd000a17d65f
2023-04-21T16:16:37.220314+0600 DEBUG Null id null_id : b'435400040001'
2023-04-21T16:16:37.226285+0600 DEBUG Success step 2 RFID. animal id new: fd000a17d65f
2023-04-21T16:16:38.097010+0600 INFO ARDUINOSerial<id=0x75b52760, open=True>(port='/dev/ttyACM0', baudrate=9600, bytesize=8, parity='N', stopbits=1, timeout=1, xonxoff=False, rtscts=False, dsrdtr=False)
2023-04-21T16:16:40.110655+0600 ERROR Error, null weight list
2023-04-21T16:16:40.112275+0600 INFO Start weight: 0
2023-04-21T16:16:40.113400+0600 INFO main: weight_finall
2023-04-21T16:16:40.117825+0600 DEBUG START RFID FUNCTION
2023-04-21T16:16:40.119391+0600 DEBUG START Animal ID animal_id: b'435400040001'
2023-04-21T16:16:40.120766+0600 DEBUG START Null id null_id : b'435400040001'
2023-04-21T16:16:40.211647+0600 DEBUG Raw ID animal_id: b'43540028004501c38d13091e0102011b0101e2000017160900161150a24ee20034120133fd000a17d65fc959'
2023-04-21T16:16:40.216368+0600 DEBUG New ID animal_id_new: fd000a17d65f
2023-04-21T16:16:40.220703+0600 DEBUG Null id null_id : b'435400040001'
2023-04-21T16:16:40.226388+0600 DEBUG Success step 2 RFID. animal id new: fd000a17d65f
2023-04-21T16:16:41.111861+0600 INFO ARDUINOSerial<id=0x75b529a0, open=True>(port='/dev/ttyACM0', baudrate=9600, bytesize=8, parity='N', stopbits=1, timeout=1, xonxoff=False, rtscts=False, dsrdtr=False)
2023-04-21T16:16:43.121364+0600 ERROR Error, null weight list
2023-04-21T16:16:43.125704+0600 INFO Start weight: 0
2023-04-21T16:16:43.127741+0600 INFO main: weight_finall
2023-04-21T16:16:43.133120+0600 DEBUG START RFID FUNCTION
2023-04-21T16:16:43.135011+0600 DEBUG START Animal ID animal_id: b'435400040001'
2023-04-21T16:16:43.136909+0600 DEBUG START Null id null_id : b'435400040001'
2023-04-21T16:16:43.310977+0600 DEBUG Raw ID animal_id: b'43540028004501c38d13091e0102011b0101e2000017160900161150a24ee20034120133fd000a17d65fc55d'
2023-04-21T16:16:43.312930+0600 DEBUG New ID animal_id_new: fd000a17d65f
2023-04-21T16:16:43.314657+0600 DEBUG Null id null_id : b'435400040001'
2023-04-21T16:16:43.316435+0600 DEBUG Success step 2 RFID. animal id new: fd000a17d65f
2023-04-21T16:16:44.120669+0600 DEBUG START RFID FUNCTION
2023-04-21T16:16:44.122729+0600 DEBUG START Animal ID animal_id: b'435400040001'
2023-04-21T16:16:44.124319+0600 DEBUG START Null id null_id : b'435400040001'
2023-04-21T16:16:46.711202+0600 DEBUG Raw ID animal_id: b'43540028004501c38d13091e0102011b0101e2000017160900161150a24ee20034120133fd000a17d65fc65c'
2023-04-21T16:16:46.713329+0600 DEBUG New ID animal_id_new: fd000a17d65f
2023-04-21T16:16:46.715044+0600 DEBUG Null id null_id : b'435400040001'
2023-04-21T16:16:46.716921+0600 DEBUG Success step 2 RFID. animal id new: fd000a17d65f
2023-04-21T16:16:47.135942+0600 DEBUG START RFID FUNCTION
2023-04-21T16:16:47.137238+0600 DEBUG START Animal ID animal_id: b'435400040001'
2023-04-21T16:16:47.138237+0600 DEBUG START Null id null_id : b'435400040001'
2023-04-21T16:16:47.212269+0600 DEBUG Raw ID animal_id: b'43540028004501c38d13091e0102011b0101e2000017160900161150a24ee20034120133fd000a17d65fcd55'
2023-04-21T16:16:47.216593+0600 DEBUG New ID animal_id_new: fd000a17d65f
2023-04-21T16:16:47.220504+0600 DEBUG Null id null_id : b'435400040001'
2023-04-21T16:16:47.225494+0600 DEBUG Success step 2 RFID. animal id new: fd000a17d65f
2023-04-21T16:16:48.141059+0600 INFO ARDUINOSerial<id=0x75b52f70, open=True>(port='/dev/ttyACM0', baudrate=9600, bytesize=8, parity='N', stopbits=1, timeout=1, xonxoff=False, rtscts=False, dsrdtr=False)
2023-04-21T16:16:50.152882+0600 ERROR Error, null weight list
2023-04-21T16:16:50.155016+0600 INFO Start weight: 0
2023-04-21T16:16:50.156723+0600 INFO main: weight_finall
2023-04-21T16:16:50.159233+0600 DEBUG START RFID FUNCTION
2023-04-21T16:16:50.161053+0600 DEBUG START Animal ID animal_id: b'435400040001'
2023-04-21T16:16:50.162883+0600 DEBUG START Null id null_id : b'435400040001'
2023-04-21T16:16:50.211764+0600 DEBUG Raw ID animal_id: b'43540028004501c38d13091e0102011b0101e2000017160900161150a24ee20034120133fd000a17d65fce54'
2023-04-21T16:16:50.213923+0600 DEBUG New ID animal_id_new: fd000a17d65f
2023-04-21T16:16:50.215660+0600 DEBUG Null id null_id : b'435400040001'
2023-04-21T16:16:50.217818+0600 DEBUG Success step 2 RFID. animal id new: fd000a17d65f
2023-04-21T16:16:51.152286+0600 INFO ARDUINOSerial<id=0x75b529a0, open=True>(port='/dev/ttyACM0', baudrate=9600, bytesize=8, parity='N', stopbits=1, timeout=1, xonxoff=False, rtscts=False, dsrdtr=False)
2023-04-21T16:16:53.164757+0600 ERROR Error, null weight list
2023-04-21T16:16:53.166347+0600 INFO Start weight: 0
2023-04-21T16:16:53.167444+0600 INFO main: weight_finall
2023-04-21T16:16:53.171503+0600 DEBUG START RFID FUNCTION
2023-04-21T16:16:53.173111+0600 DEBUG START Animal ID animal_id: b'435400040001'
2023-04-21T16:16:53.174363+0600 DEBUG START Null id null_id : b'435400040001'
2023-04-21T16:16:53.211969+0600 DEBUG Raw ID animal_id: b'43540028004501c38d13091e0102011b0101e2000017160900161150a24ee20034120133fd000a17d65fcf53'
2023-04-21T16:16:53.213849+0600 DEBUG New ID animal_id_new: fd000a17d65f
2023-04-21T16:16:53.215761+0600 DEBUG Null id null_id : b'435400040001'
2023-04-21T16:16:53.217968+0600 DEBUG Success step 2 RFID. animal id new: fd000a17d65f
2023-04-21T16:16:54.167386+0600 INFO ARDUINOSerial<id=0x75b52f70, open=True>(port='/dev/ttyACM0', baudrate=9600, bytesize=8, parity='N', stopbits=1, timeout=1, xonxoff=False, rtscts=False, dsrdtr=False)
2023-04-21T16:16:56.177034+0600 ERROR Error, null weight list
2023-04-21T16:16:56.179017+0600 INFO Start weight: 0
2023-04-21T16:16:56.180612+0600 INFO main: weight_finall
2023-04-21T16:16:56.185848+0600 DEBUG START RFID FUNCTION
2023-04-21T16:16:56.187576+0600 DEBUG START Animal ID animal_id: b'435400040001'
2023-04-21T16:16:56.189115+0600 DEBUG START Null id null_id : b'435400040001'
2023-04-21T16:16:56.362787+0600 DEBUG Raw ID animal_id: b'43540028004501c38d13091e0102011b0101e2000017160900161150a24ee20034120133fd000a17d65fc85a'
2023-04-21T16:16:56.364073+0600 DEBUG New ID animal_id_new: fd000a17d65f
2023-04-21T16:16:56.364866+0600 DEBUG Null id null_id : b'435400040001'
2023-04-21T16:16:56.365751+0600 DEBUG Success step 2 RFID. animal id new: fd000a17d65f
2023-04-21T16:16:57.176804+0600 DEBUG START RFID FUNCTION
2023-04-21T16:16:57.178697+0600 DEBUG START Animal ID animal_id: b'435400040001'
2023-04-21T16:16:57.180116+0600 DEBUG START Null id null_id : b'435400040001'
2023-04-21T16:17:01.812166+0600 DEBUG Raw ID animal_id: b'43540028004501c38d13091e0102011b0101e2000017160900161150a24ee20034120133fd000a17d65fba68'
2023-04-21T16:17:01.814450+0600 DEBUG New ID animal_id_new: fd000a17d65f
2023-04-21T16:17:01.816498+0600 DEBUG Null id null_id : b'435400040001'
2023-04-21T16:17:01.818510+0600 DEBUG Success step 2 RFID. animal id new: fd000a17d65f
2023-04-21T16:17:02.199607+0600 DEBUG START RFID FUNCTION
2023-04-21T16:17:02.200852+0600 DEBUG START Animal ID animal_id: b'435400040001'
2023-04-21T16:17:02.201899+0600 DEBUG START Null id null_id : b'435400040001'
2023-04-21T16:17:02.211752+0600 DEBUG Raw ID animal_id: b'43540028004501c38d13091e0102011b0101e2000017160900161150a24ee20034120133fd000a17d65fc062'
2023-04-21T16:17:02.213111+0600 DEBUG New ID animal_id_new: fd000a17d65f
2023-04-21T16:17:02.214100+0600 DEBUG Null id null_id : b'435400040001'
2023-04-21T16:17:02.215485+0600 DEBUG Success step 2 RFID. animal id new: fd000a17d65f
2023-04-21T16:17:03.204751+0600 INFO ARDUINOSerial<id=0x75b52dd8, open=True>(port='/dev/ttyACM0', baudrate=9600, bytesize=8, parity='N', stopbits=1, timeout=1, xonxoff=False, rtscts=False, dsrdtr=False)
2023-04-21T16:17:05.215962+0600 ERROR Error, null weight list
2023-04-21T16:17:05.217741+0600 INFO Start weight: 0
2023-04-21T16:17:05.219147+0600 INFO main: weight_finall
2023-04-21T16:17:05.221448+0600 DEBUG START RFID FUNCTION
2023-04-21T16:17:05.223024+0600 DEBUG START Animal ID animal_id: b'435400040001'
2023-04-21T16:17:05.224379+0600 DEBUG START Null id null_id : b'435400040001'
2023-04-21T16:17:05.313077+0600 DEBUG Raw ID animal_id: b'43540028004501c38d13091e0102011b0101e2000017160900161150a24ee20034120133fd000a17d65fc062'
2023-04-21T16:17:05.318166+0600 DEBUG New ID animal_id_new: fd000a17d65f
2023-04-21T16:17:05.322690+0600 DEBUG Null id null_id : b'435400040001'
2023-04-21T16:17:05.327818+0600 DEBUG Success step 2 RFID. animal id new: fd000a17d65f
2023-04-21T16:17:06.219839+0600 INFO ARDUINOSerial<id=0x75b52f70, open=True>(port='/dev/ttyACM0', baudrate=9600, bytesize=8, parity='N', stopbits=1, timeout=1, xonxoff=False, rtscts=False, dsrdtr=False)
2023-04-21T16:17:08.229314+0600 ERROR Error, null weight list
2023-04-21T16:17:08.231439+0600 INFO Start weight: 0
2023-04-21T16:17:08.233337+0600 INFO main: weight_finall
2023-04-21T16:17:08.237636+0600 DEBUG START RFID FUNCTION
2023-04-21T16:17:08.239520+0600 DEBUG START Animal ID animal_id: b'435400040001'
2023-04-21T16:17:08.241102+0600 DEBUG START Null id null_id : b'435400040001'
2023-04-21T16:17:08.313961+0600 DEBUG Raw ID animal_id: b'43540028004501c38d13091e0102011b0101e2000017160900161150a24ee20034120133fd000a17d65fbe64'
2023-04-21T16:17:08.318998+0600 DEBUG New ID animal_id_new: fd000a17d65f
2023-04-21T16:17:08.324232+0600 DEBUG Null id null_id : b'435400040001'
2023-04-21T16:17:08.330583+0600 DEBUG Success step 2 RFID. animal id new: fd000a17d65f
2023-04-21T16:17:09.231416+0600 INFO ARDUINOSerial<id=0x75b52dd8, open=True>(port='/dev/ttyACM0', baudrate=9600, bytesize=8, parity='N', stopbits=1, timeout=1, xonxoff=False, rtscts=False, dsrdtr=False)
2023-04-21T16:17:11.242692+0600 ERROR Error, null weight list
2023-04-21T16:17:11.244525+0600 INFO Start weight: 0
2023-04-21T16:17:11.246151+0600 INFO main: weight_finall
2023-04-21T16:17:11.248697+0600 DEBUG START RFID FUNCTION
2023-04-21T16:17:11.250439+0600 DEBUG START Animal ID animal_id: b'435400040001'
2023-04-21T16:17:11.252202+0600 DEBUG START Null id null_id : b'435400040001'
2023-04-21T16:17:11.312760+0600 DEBUG Raw ID animal_id: b'43540028004501c38d13091e0102011b0101e2000017160900161150a24ee20034120133fd000a17d65fbe64'
2023-04-21T16:17:11.315504+0600 DEBUG New ID animal_id_new: fd000a17d65f
2023-04-21T16:17:11.318083+0600 DEBUG Null id null_id : b'435400040001'
2023-04-21T16:17:11.320479+0600 DEBUG Success step 2 RFID. animal id new: fd000a17d65f
2023-04-21T16:17:12.243811+0600 DEBUG START RFID FUNCTION
2023-04-21T16:17:12.245690+0600 DEBUG START Animal ID animal_id: b'435400040001'
2023-04-21T16:17:12.247275+0600 DEBUG START Null id null_id : b'435400040001'
2023-04-21T16:17:12.364837+0600 DEBUG Raw ID animal_id: b'43540028004501c38d13091e0102011b0101e2000017160900161150a24ee20034120133fd000a17d65fbe64'
2023-04-21T16:17:12.369233+0600 DEBUG New ID animal_id_new: fd000a17d65f
2023-04-21T16:17:12.374189+0600 DEBUG Null id null_id : b'435400040001'
2023-04-21T16:17:12.378684+0600 DEBUG Success step 2 RFID. animal id new: fd000a17d65f
2023-04-21T16:17:13.247542+0600 DEBUG START RFID FUNCTION
2023-04-21T16:17:13.249496+0600 DEBUG START Animal ID animal_id: b'435400040001'
2023-04-21T16:17:13.251939+0600 DEBUG START Null id null_id : b'435400040001'
2023-04-21T16:17:14.312983+0600 DEBUG Raw ID animal_id: b'43540028004501c38d13091e0102011b0101e2000017160900161150a24ee20034120133fd000a17d65fc45e'
2023-04-21T16:17:14.315016+0600 DEBUG New ID animal_id_new: fd000a17d65f
2023-04-21T16:17:14.316629+0600 DEBUG Null id null_id : b'435400040001'
2023-04-21T16:17:14.318378+0600 DEBUG Success step 2 RFID. animal id new: fd000a17d65f
2023-04-21T16:17:15.256798+0600 INFO ARDUINOSerial<id=0x75b529d0, open=True>(port='/dev/ttyACM0', baudrate=9600, bytesize=8, parity='N', stopbits=1, timeout=1, xonxoff=False, rtscts=False, dsrdtr=False)
2023-04-21T16:17:17.268016+0600 ERROR Error, null weight list
2023-04-21T16:17:17.269984+0600 INFO Start weight: 0
2023-04-21T16:17:17.271712+0600 INFO main: weight_finall
2023-04-21T16:17:17.276803+0600 DEBUG START RFID FUNCTION
2023-04-21T16:17:17.278412+0600 DEBUG START Animal ID animal_id: b'435400040001'
2023-04-21T16:17:17.279961+0600 DEBUG START Null id null_id : b'435400040001'
2023-04-21T16:17:17.312896+0600 DEBUG Raw ID animal_id: b'43540028004501c38d13091e0102011b0101e2000017160900161150a24ee20034120133fd000a17d65fc85a'
2023-04-21T16:17:17.314714+0600 DEBUG New ID animal_id_new: fd000a17d65f
2023-04-21T16:17:17.316122+0600 DEBUG Null id null_id : b'435400040001'
2023-04-21T16:17:17.317718+0600 DEBUG Success step 2 RFID. animal id new: fd000a17d65f
2023-04-21T16:17:18.268366+0600 INFO ARDUINOSerial<id=0x75b52dd8, open=True>(port='/dev/ttyACM0', baudrate=9600, bytesize=8, parity='N', stopbits=1, timeout=1, xonxoff=False, rtscts=False, dsrdtr=False)
2023-04-21T16:17:20.281015+0600 ERROR Error, null weight list
2023-04-21T16:17:20.282700+0600 INFO Start weight: 0
2023-04-21T16:17:20.283977+0600 INFO main: weight_finall
2023-04-21T16:17:20.285983+0600 DEBUG START RFID FUNCTION
2023-04-21T16:17:20.287382+0600 DEBUG START Animal ID animal_id: b'435400040001'
2023-04-21T16:17:20.288595+0600 DEBUG START Null id null_id : b'435400040001'
2023-04-21T16:17:20.313409+0600 DEBUG Raw ID animal_id: b'43540028004501c38d13091e0102011b0101e2000017160900161150a24ee20034120133fd000a17d65fc75b'
2023-04-21T16:17:20.315266+0600 DEBUG New ID animal_id_new: fd000a17d65f
2023-04-21T16:17:20.316632+0600 DEBUG Null id null_id : b'435400040001'
2023-04-21T16:17:20.318044+0600 DEBUG Success step 2 RFID. animal id new: fd000a17d65f
2023-04-21T16:17:21.283038+0600 INFO ARDUINOSerial<id=0x75b529d0, open=True>(port='/dev/ttyACM0', baudrate=9600, bytesize=8, parity='N', stopbits=1, timeout=1, xonxoff=False, rtscts=False, dsrdtr=False)
2023-04-21T16:17:23.294060+0600 ERROR Error, null weight list
2023-04-21T16:17:23.295892+0600 INFO Start weight: 0
2023-04-21T16:17:23.299908+0600 INFO main: weight_finall
2023-04-21T16:17:23.302810+0600 DEBUG START RFID FUNCTION
2023-04-21T16:17:23.304591+0600 DEBUG START Animal ID animal_id: b'435400040001'
2023-04-21T16:17:23.306152+0600 DEBUG START Null id null_id : b'435400040001'
2023-04-21T16:17:23.364370+0600 DEBUG Raw ID animal_id: b'43540028004501c38d13091e0102011b0101e2000017160900161150a24ee20034120133fd000a17d65fc65c'
2023-04-21T16:17:23.366713+0600 DEBUG New ID animal_id_new: fd000a17d65f
2023-04-21T16:17:23.367955+0600 DEBUG Null id null_id : b'435400040001'
2023-04-21T16:17:23.369068+0600 DEBUG Success step 2 RFID. animal id new: fd000a17d65f
2023-04-21T16:17:24.295718+0600 DEBUG START RFID FUNCTION
2023-04-21T16:17:24.297634+0600 DEBUG START Animal ID animal_id: b'435400040001'
2023-04-21T16:17:24.299170+0600 DEBUG START Null id null_id : b'435400040001'
2023-04-21T16:17:26.213283+0600 DEBUG Raw ID animal_id: b'43540028004501c38d13091e0102011b0101e2000017160900161150a24ee20034120133fd000a17d65fc260'
2023-04-21T16:17:26.215295+0600 DEBUG New ID animal_id_new: fd000a17d65f
2023-04-21T16:17:26.216887+0600 DEBUG Null id null_id : b'435400040001'
2023-04-21T16:17:26.218643+0600 DEBUG Success step 2 RFID. animal id new: fd000a17d65f
2023-04-21T16:17:26.303956+0600 DEBUG START RFID FUNCTION
2023-04-21T16:17:26.308505+0600 DEBUG START Animal ID animal_id: b'435400040001'
2023-04-21T16:17:26.313347+0600 DEBUG START Null id null_id : b'435400040001'
2023-04-21T16:17:26.365643+0600 DEBUG Raw ID animal_id: b'43540028004501c38d13091e0102011b0101e2000017160900161150a24ee20034120133fd000a17d65fc45e'
2023-04-21T16:17:26.372763+0600 DEBUG New ID animal_id_new: fd000a17d65f
2023-04-21T16:17:26.376639+0600 DEBUG Null id null_id : b'435400040001'
2023-04-21T16:17:26.383287+0600 DEBUG Success step 2 RFID. animal id new: fd000a17d65f
2023-04-21T16:17:27.308813+0600 INFO ARDUINOSerial<id=0x75b527a8, open=True>(port='/dev/ttyACM0', baudrate=9600, bytesize=8, parity='N', stopbits=1, timeout=1, xonxoff=False, rtscts=False, dsrdtr=False)
2023-04-21T16:17:29.319913+0600 ERROR Error, null weight list
2023-04-21T16:17:29.321990+0600 INFO Start weight: 0
2023-04-21T16:17:29.324681+0600 INFO main: weight_finall
2023-04-21T16:17:29.329547+0600 DEBUG START RFID FUNCTION
2023-04-21T16:17:29.331444+0600 DEBUG START Animal ID animal_id: b'435400040001'
2023-04-21T16:17:29.333096+0600 DEBUG START Null id null_id : b'435400040001'
2023-04-21T16:17:29.364776+0600 DEBUG Raw ID animal_id: b'43540028004501c38d13091e0102011b0101e2000017160900161150a24ee20034120133fd000a17d65fc35f'
2023-04-21T16:17:29.366792+0600 DEBUG New ID animal_id_new: fd000a17d65f
2023-04-21T16:17:29.368420+0600 DEBUG Null id null_id : b'435400040001'
2023-04-21T16:17:29.370213+0600 DEBUG Success step 2 RFID. animal id new: fd000a17d65f
2023-04-21T16:17:30.320159+0600 INFO ARDUINOSerial<id=0x75b529d0, open=True>(port='/dev/ttyACM0', baudrate=9600, bytesize=8, parity='N', stopbits=1, timeout=1, xonxoff=False, rtscts=False, dsrdtr=False)
2023-04-21T16:17:32.331292+0600 ERROR Error, null weight list
2023-04-21T16:17:32.332903+0600 INFO Start weight: 0
2023-04-21T16:17:32.334049+0600 INFO main: weight_finall
2023-04-21T16:17:32.336054+0600 DEBUG START RFID FUNCTION
2023-04-21T16:17:32.337781+0600 DEBUG START Animal ID animal_id: b'435400040001'
2023-04-21T16:17:32.339223+0600 DEBUG START Null id null_id : b'435400040001'
2023-04-21T16:17:32.365007+0600 DEBUG Raw ID animal_id: b'43540028004501c38d13091e0102011b0101e2000017160900161150a24ee20034120133fd000a17d65fc260'
2023-04-21T16:17:32.366550+0600 DEBUG New ID animal_id_new: fd000a17d65f
2023-04-21T16:17:32.367585+0600 DEBUG Null id null_id : b'435400040001'
2023-04-21T16:17:32.368751+0600 DEBUG Success step 2 RFID. animal id new: fd000a17d65f
2023-04-21T16:17:33.334162+0600 INFO ARDUINOSerial<id=0x75b527a8, open=True>(port='/dev/ttyACM0', baudrate=9600, bytesize=8, parity='N', stopbits=1, timeout=1, xonxoff=False, rtscts=False, dsrdtr=False)
2023-04-21T16:17:35.344481+0600 ERROR Error, null weight list
2023-04-21T16:17:35.346384+0600 INFO Start weight: 0
2023-04-21T16:17:35.348040+0600 INFO main: weight_finall
2023-04-21T16:17:35.350692+0600 DEBUG START RFID FUNCTION
2023-04-21T16:17:35.352586+0600 DEBUG START Animal ID animal_id: b'435400040001'
2023-04-21T16:17:35.354120+0600 DEBUG START Null id null_id : b'435400040001'
2023-04-21T16:17:35.365099+0600 DEBUG Raw ID animal_id: b'43540028004501c38d13091e0102011b0101e2000017160900161150a24ee20034120133fd000a17d65fbd65'
2023-04-21T16:17:35.367143+0600 DEBUG New ID animal_id_new: fd000a17d65f
2023-04-21T16:17:35.368725+0600 DEBUG Null id null_id : b'435400040001'
2023-04-21T16:17:35.370853+0600 DEBUG Success step 2 RFID. animal id new: fd000a17d65f
2023-04-21T16:17:36.343641+0600 DEBUG START RFID FUNCTION
2023-04-21T16:17:36.345530+0600 DEBUG START Animal ID animal_id: b'435400040001'
2023-04-21T16:17:36.347009+0600 DEBUG START Null id null_id : b'435400040001'
2023-04-21T16:17:46.114502+0600 DEBUG Raw ID animal_id: b'43540028004501c38d13091e0102011b0101e2000017160900161150a24ee20034120133fd000a17d65fc65c'
2023-04-21T16:17:46.116045+0600 DEBUG New ID animal_id_new: fd000a17d65f
2023-04-21T16:17:46.117345+0600 DEBUG Null id null_id : b'435400040001'
2023-04-21T16:17:46.119153+0600 DEBUG Success step 2 RFID. animal id new: fd000a17d65f
2023-04-21T16:17:46.388246+0600 DEBUG START RFID FUNCTION
2023-04-21T16:17:46.389494+0600 DEBUG START Animal ID animal_id: b'435400040001'
2023-04-21T16:17:46.390423+0600 DEBUG START Null id null_id : b'435400040001'
2023-04-21T16:17:46.414272+0600 DEBUG Raw ID animal_id: b'43540028004501c38d13091e0102011b0101e2000017160900161150a24ee20034120133fd000a17d65fcc56'
2023-04-21T16:17:46.415700+0600 DEBUG New ID animal_id_new: fd000a17d65f
2023-04-21T16:17:46.416760+0600 DEBUG Null id null_id : b'435400040001'
2023-04-21T16:17:46.417866+0600 DEBUG Success step 2 RFID. animal id new: fd000a17d65f
2023-04-21T16:17:47.394433+0600 INFO ARDUINOSerial<id=0x75b529d0, open=True>(port='/dev/ttyACM0', baudrate=9600, bytesize=8, parity='N', stopbits=1, timeout=1, xonxoff=False, rtscts=False, dsrdtr=False)
2023-04-21T16:17:49.405653+0600 ERROR Error, null weight list
2023-04-21T16:17:49.407630+0600 INFO Start weight: 0
2023-04-21T16:17:49.409230+0600 INFO main: weight_finall
2023-04-21T16:17:49.414061+0600 DEBUG START RFID FUNCTION
2023-04-21T16:17:49.415719+0600 DEBUG START Animal ID animal_id: b'435400040001'
2023-04-21T16:17:49.417271+0600 DEBUG START Null id null_id : b'435400040001'
2023-04-21T16:17:49.515810+0600 DEBUG Raw ID animal_id: b'43540028004501c38d13091e0102011b0101e2000017160900161150a24ee20034120133fd000a17d65fcf53'
2023-04-21T16:17:49.521819+0600 DEBUG New ID animal_id_new: fd000a17d65f
2023-04-21T16:17:49.526623+0600 DEBUG Null id null_id : b'435400040001'
2023-04-21T16:17:49.532567+0600 DEBUG Success step 2 RFID. animal id new: fd000a17d65f
2023-04-21T16:17:50.405570+0600 INFO ARDUINOSerial<id=0x75b527a8, open=True>(port='/dev/ttyACM0', baudrate=9600, bytesize=8, parity='N', stopbits=1, timeout=1, xonxoff=False, rtscts=False, dsrdtr=False)
2023-04-21T16:17:52.418101+0600 ERROR Error, null weight list
2023-04-21T16:17:52.420063+0600 INFO Start weight: 0
2023-04-21T16:17:52.421797+0600 INFO main: weight_finall
2023-04-21T16:17:52.424583+0600 DEBUG START RFID FUNCTION
2023-04-21T16:17:52.426322+0600 DEBUG START Animal ID animal_id: b'435400040001'
2023-04-21T16:17:52.427869+0600 DEBUG START Null id null_id : b'435400040001'
2023-04-21T16:17:52.515924+0600 DEBUG Raw ID animal_id: b'43540028004501c38d13091e0102011b0101e2000017160900161150a24ee20034120133fd000a17d65fd052'
2023-04-21T16:17:52.521060+0600 DEBUG New ID animal_id_new: fd000a17d65f
2023-04-21T16:17:52.526417+0600 DEBUG Null id null_id : b'435400040001'
2023-04-21T16:17:52.532284+0600 DEBUG Success step 2 RFID. animal id new: fd000a17d65f
2023-04-21T16:17:53.418674+0600 DEBUG START RFID FUNCTION
2023-04-21T16:17:53.420585+0600 DEBUG START Animal ID animal_id: b'435400040001'
2023-04-21T16:17:53.422312+0600 DEBUG START Null id null_id : b'435400040001'
2023-04-21T16:17:53.515671+0600 DEBUG Raw ID animal_id: b'43540028004501c38d13091e0102011b0101e2000017160900161150a24ee20034120133fd000a17d65fd052'
2023-04-21T16:17:53.520717+0600 DEBUG New ID animal_id_new: fd000a17d65f
2023-04-21T16:17:53.525762+0600 DEBUG Null id null_id : b'435400040001'
2023-04-21T16:17:53.530808+0600 DEBUG Success step 2 RFID. animal id new: fd000a17d65f
2023-04-21T16:17:54.422514+0600 DEBUG START RFID FUNCTION
2023-04-21T16:17:54.424566+0600 DEBUG START Animal ID animal_id: b'435400040001'
2023-04-21T16:17:54.426267+0600 DEBUG START Null id null_id : b'435400040001'
2023-04-21T16:17:54.515711+0600 DEBUG Raw ID animal_id: b'43540028004501c38d13091e0102011b0101e2000017160900161150a24ee20034120133fd000a17d65fcf53'
2023-04-21T16:17:54.520095+0600 DEBUG New ID animal_id_new: fd000a17d65f
2023-04-21T16:17:54.525161+0600 DEBUG Null id null_id : b'435400040001'
2023-04-21T16:17:54.530537+0600 DEBUG Success step 2 RFID. animal id new: fd000a17d65f
2023-04-21T16:17:55.425982+0600 DEBUG START RFID FUNCTION
2023-04-21T16:17:55.427995+0600 DEBUG START Animal ID animal_id: b'435400040001'
2023-04-21T16:17:55.429704+0600 DEBUG START Null id null_id : b'435400040001'
2023-04-21T16:17:55.865842+0600 DEBUG Raw ID animal_id: b'43540028004501c38d13091e0102011b0101e2000017160900161150a24ee20034120133fd000a17d65fca58'
2023-04-21T16:17:55.867216+0600 DEBUG New ID animal_id_new: fd000a17d65f
2023-04-21T16:17:55.868214+0600 DEBUG Null id null_id : b'435400040001'
2023-04-21T16:17:55.869337+0600 DEBUG Success step 2 RFID. animal id new: fd000a17d65f
2023-04-21T16:17:56.429060+0600 DEBUG START RFID FUNCTION
2023-04-21T16:17:56.433069+0600 DEBUG START Animal ID animal_id: b'435400040001'
2023-04-21T16:17:56.434919+0600 DEBUG START Null id null_id : b'435400040001'
2023-04-21T16:17:58.215159+0600 DEBUG Raw ID animal_id: b'43540028004501c38d13091e0102011b0101e2000017160900161150a24ee20034120133fd000a17d65fc45e'
2023-04-21T16:17:58.216617+0600 DEBUG New ID animal_id_new: fd000a17d65f
2023-04-21T16:17:58.217853+0600 DEBUG Null id null_id : b'435400040001'
2023-04-21T16:17:58.219231+0600 DEBUG Success step 2 RFID. animal id new: fd000a17d65f
2023-04-21T16:17:58.440041+0600 DEBUG START RFID FUNCTION
2023-04-21T16:17:58.441343+0600 DEBUG START Animal ID animal_id: b'435400040001'
2023-04-21T16:17:58.442365+0600 DEBUG START Null id null_id : b'435400040001'
2023-04-21T16:17:58.866043+0600 DEBUG Raw ID animal_id: b'43540028004501c38d13091e0102011b0101e2000017160900161150a24ee20034120133fd000a17d65fc65c'
2023-04-21T16:17:58.867366+0600 DEBUG New ID animal_id_new: fd000a17d65f
2023-04-21T16:17:58.868362+0600 DEBUG Null id null_id : b'435400040001'
2023-04-21T16:17:58.869515+0600 DEBUG Success step 2 RFID. animal id new: fd000a17d65f
2023-04-21T16:17:59.446564+0600 INFO ARDUINOSerial<id=0x75b52ec8, open=True>(port='/dev/ttyACM0', baudrate=9600, bytesize=8, parity='N', stopbits=1, timeout=1, xonxoff=False, rtscts=False, dsrdtr=False)
2023-04-21T16:18:01.458548+0600 ERROR Error, null weight list
2023-04-21T16:18:01.471712+0600 INFO Start weight: 0
2023-04-21T16:18:01.474018+0600 INFO main: weight_finall
2023-04-21T16:18:01.476703+0600 DEBUG START RFID FUNCTION
2023-04-21T16:18:01.478629+0600 DEBUG START Animal ID animal_id: b'435400040001'
2023-04-21T16:18:01.480148+0600 DEBUG START Null id null_id : b'435400040001'
2023-04-21T16:18:01.515692+0600 DEBUG Raw ID animal_id: b'43540028004501c38d13091e0102011b0101e2000017160900161150a24ee20034120133fd000a17d65fc75b'
2023-04-21T16:18:01.518149+0600 DEBUG New ID animal_id_new: fd000a17d65f
2023-04-21T16:18:01.520054+0600 DEBUG Null id null_id : b'435400040001'
2023-04-21T16:18:01.522814+0600 DEBUG Success step 2 RFID. animal id new: fd000a17d65f
2023-04-21T16:18:02.455557+0600 DEBUG START RFID FUNCTION
2023-04-21T16:18:02.457519+0600 DEBUG START Animal ID animal_id: b'435400040001'
2023-04-21T16:18:02.459227+0600 DEBUG START Null id null_id : b'435400040001'
2023-04-21T16:18:02.515367+0600 DEBUG Raw ID animal_id: b'43540028004501c38d13091e0102011b0101e2000017160900161150a24ee20034120133fd000a17d65fc55d'
2023-04-21T16:18:02.517371+0600 DEBUG New ID animal_id_new: fd000a17d65f
2023-04-21T16:18:02.519594+0600 DEBUG Null id null_id : b'435400040001'
2023-04-21T16:18:02.521876+0600 DEBUG Success step 2 RFID. animal id new: fd000a17d65f
2023-04-21T16:18:03.458764+0600 DEBUG START RFID FUNCTION
2023-04-21T16:18:03.460766+0600 DEBUG START Animal ID animal_id: b'435400040001'
2023-04-21T16:18:03.462588+0600 DEBUG START Null id null_id : b'435400040001'
2023-04-21T16:18:09.515601+0600 DEBUG Raw ID animal_id: b'43540028004501c38d13091e0102011b0101e2000017160900161150a24ee20034120133fd000a17d65fc65c'
2023-04-21T16:18:09.517131+0600 DEBUG New ID animal_id_new: fd000a17d65f
2023-04-21T16:18:09.518481+0600 DEBUG Null id null_id : b'435400040001'
2023-04-21T16:18:09.520086+0600 DEBUG Success step 2 RFID. animal id new: fd000a17d65f
2023-04-21T16:18:10.490523+0600 INFO ARDUINOSerial<id=0x75b52cb8, open=True>(port='/dev/ttyACM0', baudrate=9600, bytesize=8, parity='N', stopbits=1, timeout=1, xonxoff=False, rtscts=False, dsrdtr=False)
2023-04-21T16:18:12.500414+0600 ERROR Error, null weight list
2023-04-21T16:18:12.502582+0600 INFO Start weight: 0
2023-04-21T16:18:12.504422+0600 INFO main: weight_finall
2023-04-21T16:18:12.507267+0600 DEBUG START RFID FUNCTION
2023-04-21T16:18:12.509056+0600 DEBUG START Animal ID animal_id: b'435400040001'
2023-04-21T16:18:12.510628+0600 DEBUG START Null id null_id : b'435400040001'
2023-04-21T16:18:12.515679+0600 DEBUG Raw ID animal_id: b'43540028004501c38d13091e0102011b0101e2000017160900161150a24ee20034120133fd000a17d65fcd55'
2023-04-21T16:18:12.517575+0600 DEBUG New ID animal_id_new: fd000a17d65f
2023-04-21T16:18:12.519426+0600 DEBUG Null id null_id : b'435400040001'
2023-04-21T16:18:12.521991+0600 DEBUG Success step 2 RFID. animal id new: fd000a17d65f
2023-04-21T16:18:13.504928+0600 INFO ARDUINOSerial<id=0x75b52ec8, open=True>(port='/dev/ttyACM0', baudrate=9600, bytesize=8, parity='N', stopbits=1, timeout=1, xonxoff=False, rtscts=False, dsrdtr=False)
2023-04-21T16:18:15.516915+0600 ERROR Error, null weight list
2023-04-21T16:18:15.518891+0600 INFO Start weight: 0
2023-04-21T16:18:15.520691+0600 INFO main: weight_finall
2023-04-21T16:18:15.524545+0600 DEBUG START RFID FUNCTION
2023-04-21T16:18:15.526331+0600 DEBUG START Animal ID animal_id: b'435400040001'
2023-04-21T16:18:15.528008+0600 DEBUG START Null id null_id : b'435400040001'
2023-04-21T16:18:15.617244+0600 DEBUG Raw ID animal_id: b'43540028004501c38d13091e0102011b0101e2000017160900161150a24ee20034120133fd000a17d65fcd55'
2023-04-21T16:18:15.625098+0600 DEBUG New ID animal_id_new: fd000a17d65f
2023-04-21T16:18:15.630721+0600 DEBUG Null id null_id : b'435400040001'
2023-04-21T16:18:15.637914+0600 DEBUG Success step 2 RFID. animal id new: fd000a17d65f
2023-04-21T16:18:16.516775+0600 INFO ARDUINOSerial<id=0x75b52cb8, open=True>(port='/dev/ttyACM0', baudrate=9600, bytesize=8, parity='N', stopbits=1, timeout=1, xonxoff=False, rtscts=False, dsrdtr=False)
2023-04-21T16:18:18.528802+0600 ERROR Error, null weight list
2023-04-21T16:18:18.530994+0600 INFO Start weight: 0
2023-04-21T16:18:18.532919+0600 INFO main: weight_finall
2023-04-21T16:18:18.535493+0600 DEBUG START RFID FUNCTION
2023-04-21T16:18:18.537385+0600 DEBUG START Animal ID animal_id: b'435400040001'
2023-04-21T16:18:18.538984+0600 DEBUG START Null id null_id : b'435400040001'
2023-04-21T16:18:18.866902+0600 DEBUG Raw ID animal_id: b'43540028004501c38d13091e0102011b0101e2000017160900161150a24ee20034120133fd000a17d65fc959'
2023-04-21T16:18:18.868084+0600 DEBUG New ID animal_id_new: fd000a17d65f
2023-04-21T16:18:18.869037+0600 DEBUG Null id null_id : b'435400040001'
2023-04-21T16:18:18.870217+0600 DEBUG Success step 2 RFID. animal id new: fd000a17d65f
2023-04-21T16:18:19.529184+0600 DEBUG START RFID FUNCTION
2023-04-21T16:18:19.531133+0600 DEBUG START Animal ID animal_id: b'435400040001'
2023-04-21T16:18:19.532999+0600 DEBUG START Null id null_id : b'435400040001'
2023-04-21T16:18:21.116326+0600 DEBUG Raw ID animal_id: b'43540028004501c38d13091e0102011b0101e2000017160900161150a24ee20034120133fd000a17d65fc75b'
2023-04-21T16:18:21.118241+0600 DEBUG New ID animal_id_new: fd000a17d65f
2023-04-21T16:18:21.119877+0600 DEBUG Null id null_id : b'435400040001'
2023-04-21T16:18:21.122160+0600 DEBUG Success step 2 RFID. animal id new: fd000a17d65f
2023-04-21T16:18:21.538303+0600 INFO ARDUINOSerial<id=0x75b52ec8, open=True>(port='/dev/ttyACM0', baudrate=9600, bytesize=8, parity='N', stopbits=1, timeout=1, xonxoff=False, rtscts=False, dsrdtr=False)
2023-04-21T16:18:23.546933+0600 ERROR Error, null weight list
2023-04-21T16:18:23.548683+0600 INFO Start weight: 0
2023-04-21T16:18:23.550295+0600 INFO main: weight_finall
2023-04-21T16:18:23.553560+0600 DEBUG START RFID FUNCTION
2023-04-21T16:18:23.555072+0600 DEBUG START Animal ID animal_id: b'435400040001'
2023-04-21T16:18:23.556355+0600 DEBUG START Null id null_id : b'435400040001'
2023-04-21T16:18:23.617081+0600 DEBUG Raw ID animal_id: b'43540028004501c38d13091e0102011b0101e2000017160900161150a24ee20034120133fd000a17d65fc75b'
2023-04-21T16:18:23.622231+0600 DEBUG New ID animal_id_new: fd000a17d65f
2023-04-21T16:18:23.627617+0600 DEBUG Null id null_id : b'435400040001'
2023-04-21T16:18:23.636404+0600 DEBUG Success step 2 RFID. animal id new: fd000a17d65f
2023-04-21T16:18:24.549866+0600 INFO ARDUINOSerial<id=0x75b52cb8, open=True>(port='/dev/ttyACM0', baudrate=9600, bytesize=8, parity='N', stopbits=1, timeout=1, xonxoff=False, rtscts=False, dsrdtr=False)
2023-04-21T16:18:26.560290+0600 ERROR Error, null weight list
2023-04-21T16:18:26.562894+0600 INFO Start weight: 0
2023-04-21T16:18:26.564805+0600 INFO main: weight_finall
2023-04-21T16:18:26.567563+0600 DEBUG START RFID FUNCTION
2023-04-21T16:18:26.569359+0600 DEBUG START Animal ID animal_id: b'435400040001'
2023-04-21T16:18:26.571110+0600 DEBUG START Null id null_id : b'435400040001'
2023-04-21T16:18:26.616478+0600 DEBUG Raw ID animal_id: b'43540028004501c38d13091e0102011b0101e2000017160900161150a24ee20034120133fd000a17d65fc75b'
2023-04-21T16:18:26.618688+0600 DEBUG New ID animal_id_new: fd000a17d65f
2023-04-21T16:18:26.621098+0600 DEBUG Null id null_id : b'435400040001'
2023-04-21T16:18:26.623837+0600 DEBUG Success step 2 RFID. animal id new: fd000a17d65f
2023-04-21T16:18:27.564510+0600 INFO ARDUINOSerial<id=0x75b52ec8, open=True>(port='/dev/ttyACM0', baudrate=9600, bytesize=8, parity='N', stopbits=1, timeout=1, xonxoff=False, rtscts=False, dsrdtr=False)
2023-04-21T16:18:29.576689+0600 ERROR Error, null weight list
2023-04-21T16:18:29.579072+0600 INFO Start weight: 0
2023-04-21T16:18:29.580877+0600 INFO main: weight_finall
2023-04-21T16:18:29.584219+0600 DEBUG START RFID FUNCTION
2023-04-21T16:18:29.585985+0600 DEBUG START Animal ID animal_id: b'435400040001'
2023-04-21T16:18:29.587736+0600 DEBUG START Null id null_id : b'435400040001'
2023-04-21T16:18:29.867456+0600 DEBUG Raw ID animal_id: b'43540028004501c38d13091e0102011b0101e2000017160900161150a24ee20034120133fd000a17d65fcb57'
2023-04-21T16:18:29.868720+0600 DEBUG New ID animal_id_new: fd000a17d65f
2023-04-21T16:18:29.869784+0600 DEBUG Null id null_id : b'435400040001'
2023-04-21T16:18:29.871056+0600 DEBUG Success step 2 RFID. animal id new: fd000a17d65f
2023-04-21T16:18:30.573635+0600 DEBUG START RFID FUNCTION
2023-04-21T16:18:30.575747+0600 DEBUG START Animal ID animal_id: b'435400040001'
2023-04-21T16:18:30.577526+0600 DEBUG START Null id null_id : b'435400040001'
2023-04-21T16:18:33.116729+0600 DEBUG Raw ID animal_id: b'43540028004501c38d13091e0102011b0101e2000017160900161150a24ee20034120133fd000a17d65fc75b'
2023-04-21T16:18:33.118850+0600 DEBUG New ID animal_id_new: fd000a17d65f
2023-04-21T16:18:33.120592+0600 DEBUG Null id null_id : b'435400040001'
2023-04-21T16:18:33.123179+0600 DEBUG Success step 2 RFID. animal id new: fd000a17d65f
2023-04-21T16:18:33.590320+0600 INFO ARDUINOSerial<id=0x75b52a90, open=True>(port='/dev/ttyACM0', baudrate=9600, bytesize=8, parity='N', stopbits=1, timeout=1, xonxoff=False, rtscts=False, dsrdtr=False)
2023-04-21T16:18:35.598415+0600 ERROR Error, null weight list
2023-04-21T16:18:35.600261+0600 INFO Start weight: 0
2023-04-21T16:18:35.601805+0600 INFO main: weight_finall
2023-04-21T16:18:35.603912+0600 DEBUG START RFID FUNCTION
2023-04-21T16:18:35.605497+0600 DEBUG START Animal ID animal_id: b'435400040001'
2023-04-21T16:18:35.606896+0600 DEBUG START Null id null_id : b'435400040001'
2023-04-21T16:18:35.616651+0600 DEBUG Raw ID animal_id: b'43540028004501c38d13091e0102011b0101e2000017160900161150a24ee20034120133fd000a17d65fcb57'
2023-04-21T16:18:35.618505+0600 DEBUG New ID animal_id_new: fd000a17d65f
2023-04-21T16:18:35.619922+0600 DEBUG Null id null_id : b'435400040001'
2023-04-21T16:18:35.621936+0600 DEBUG Success step 2 RFID. animal id new: fd000a17d65f
2023-04-21T16:18:36.601591+0600 INFO ARDUINOSerial<id=0x75b52ec8, open=True>(port='/dev/ttyACM0', baudrate=9600, bytesize=8, parity='N', stopbits=1, timeout=1, xonxoff=False, rtscts=False, dsrdtr=False)
2023-04-21T16:18:38.611437+0600 ERROR Error, null weight list
2023-04-21T16:18:38.613527+0600 INFO Start weight: 0
2023-04-21T16:18:38.615051+0600 INFO main: weight_finall
2023-04-21T16:18:38.618424+0600 DEBUG START RFID FUNCTION
2023-04-21T16:18:38.620248+0600 DEBUG START Animal ID animal_id: b'435400040001'
2023-04-21T16:18:38.622253+0600 DEBUG START Null id null_id : b'435400040001'
2023-04-21T16:18:38.867830+0600 DEBUG Raw ID animal_id: b'43540028004501c38d13091e0102011b0101e2000017160900161150a24ee20034120133fd000a17d65fc959'
2023-04-21T16:18:38.869159+0600 DEBUG New ID animal_id_new: fd000a17d65f
2023-04-21T16:18:38.870144+0600 DEBUG Null id null_id : b'435400040001'
2023-04-21T16:18:38.871408+0600 DEBUG Success step 2 RFID. animal id new: fd000a17d65f
2023-04-21T16:18:39.614390+0600 DEBUG START RFID FUNCTION
2023-04-21T16:18:39.616473+0600 DEBUG START Animal ID animal_id: b'435400040001'
2023-04-21T16:18:39.618349+0600 DEBUG START Null id null_id : b'435400040001'
2023-04-21T16:18:43.017319+0600 DEBUG Raw ID animal_id: b'43540028004501c38d13091e0102011b0101e2000017160900161150a24ee20034120133fd000a17d65fca58'
2023-04-21T16:18:43.019522+0600 DEBUG New ID animal_id_new: fd000a17d65f
2023-04-21T16:18:43.021304+0600 DEBUG Null id null_id : b'435400040001'
2023-04-21T16:18:43.023644+0600 DEBUG Success step 2 RFID. animal id new: fd000a17d65f
2023-04-21T16:18:43.630878+0600 INFO ARDUINOSerial<id=0x75b52a90, open=True>(port='/dev/ttyACM0', baudrate=9600, bytesize=8, parity='N', stopbits=1, timeout=1, xonxoff=False, rtscts=False, dsrdtr=False)
2023-04-21T16:18:45.639031+0600 ERROR Error, null weight list
2023-04-21T16:18:45.641426+0600 INFO Start weight: 0
2023-04-21T16:18:45.643386+0600 INFO main: weight_finall
2023-04-21T16:18:45.646174+0600 DEBUG START RFID FUNCTION
2023-04-21T16:18:45.648120+0600 DEBUG START Animal ID animal_id: b'435400040001'
2023-04-21T16:18:45.649810+0600 DEBUG START Null id null_id : b'435400040001'
2023-04-21T16:18:45.717314+0600 DEBUG Raw ID animal_id: b'43540028004501c38d13091e0102011b0101e2000017160900161150a24ee20034120133fd000a17d65fcf53'
2023-04-21T16:18:45.720205+0600 DEBUG New ID animal_id_new: fd000a17d65f
2023-04-21T16:18:45.725054+0600 DEBUG Null id null_id : b'435400040001'
2023-04-21T16:18:45.732038+0600 DEBUG Success step 2 RFID. animal id new: fd000a17d65f
2023-04-21T16:18:46.645566+0600 INFO ARDUINOSerial<id=0x75b52ec8, open=True>(port='/dev/ttyACM0', baudrate=9600, bytesize=8, parity='N', stopbits=1, timeout=1, xonxoff=False, rtscts=False, dsrdtr=False)
2023-04-21T16:18:48.657778+0600 ERROR Error, null weight list
2023-04-21T16:18:48.659358+0600 INFO Start weight: 0
2023-04-21T16:18:48.662499+0600 INFO main: weight_finall
2023-04-21T16:18:48.666297+0600 DEBUG START RFID FUNCTION
2023-04-21T16:18:48.667724+0600 DEBUG START Animal ID animal_id: b'435400040001'
2023-04-21T16:18:48.668925+0600 DEBUG START Null id null_id : b'435400040001'
2023-04-21T16:18:48.868211+0600 DEBUG Raw ID animal_id: b'43540028004501c38d13091e0102011b0101e2000017160900161150a24ee20034120133fd000a17d65fcc56'
2023-04-21T16:18:48.869506+0600 DEBUG New ID animal_id_new: fd000a17d65f
2023-04-21T16:18:48.870339+0600 DEBUG Null id null_id : b'435400040001'
2023-04-21T16:18:48.871315+0600 DEBUG Success step 2 RFID. animal id new: fd000a17d65f
2023-04-21T16:18:49.654966+0600 DEBUG START RFID FUNCTION
2023-04-21T16:18:49.656661+0600 DEBUG START Animal ID animal_id: b'435400040001'
2023-04-21T16:18:49.658049+0600 DEBUG START Null id null_id : b'435400040001'
