2023-04-20T14:28:45.225687+0600 INFO Connect arduino /dev/ttyACM0
2023-04-20T14:28:45.227855+0600 INFO Configuration of serial, Serial<id=0x75d49268, open=True>(port='/dev/ttyACM0', baudrate=9600, bytesize=8, parity='N', stopbits=1, timeout=None, xonxoff=False, rtscts=False, dsrdtr=False)
2023-04-20T14:28:45.228962+0600 INFO Success: Arduino connected
2023-04-20T14:28:45.233794+0600 INFO ("[1] to calibrate
" "[2] to start measure
>")
2023-04-20T14:28:55.241162+0600 DEBUG START RFID FUNCTION
2023-04-20T14:28:55.243272+0600 DEBUG START Animal ID animal_id: b'435400040001'
2023-04-20T14:28:55.244956+0600 DEBUG START Null id null_id : b'435400040001'
2023-04-20T14:28:55.584815+0600 DEBUG Raw ID animal_id: b'43540028004501c38d13091e0102011b0101e20000174007010117406415e2003412013dfc000ad7a65ec92e'
2023-04-20T14:28:55.586100+0600 DEBUG New ID animal_id_new: fc000ad7a65e
2023-04-20T14:28:55.587061+0600 DEBUG Null id null_id : b'435400040001'
2023-04-20T14:28:55.588249+0600 DEBUG Success step 2 RFID. animal id new: fc000ad7a65e
2023-04-20T14:28:56.022207+0600 DEBUG START RFID FUNCTION
2023-04-20T14:28:56.023419+0600 DEBUG START Animal ID animal_id: b'435400040001'
2023-04-20T14:28:56.024420+0600 DEBUG START Null id null_id : b'435400040001'
2023-04-20T14:28:57.333738+0600 DEBUG Raw ID animal_id: b'43540028004501c38d13091e0102011b0101e20000174007010117406415e2003412013dfc000ad7a65ebf38'
2023-04-20T14:28:57.335654+0600 DEBUG New ID animal_id_new: fc000ad7a65e
2023-04-20T14:28:57.337343+0600 DEBUG Null id null_id : b'435400040001'
2023-04-20T14:28:57.339439+0600 DEBUG Success step 2 RFID. animal id new: fc000ad7a65e
2023-04-20T14:28:58.028883+0600 DEBUG START RFID FUNCTION
2023-04-20T14:28:58.030148+0600 DEBUG START Animal ID animal_id: b'435400040001'
2023-04-20T14:28:58.031150+0600 DEBUG START Null id null_id : b'435400040001'
2023-04-20T14:28:58.033414+0600 DEBUG Raw ID animal_id: b'43540028004501c38d13091e0102011b0101e20000174007010117406415e2003412013dfc000ad7a65ec730'
2023-04-20T14:28:58.034497+0600 DEBUG New ID animal_id_new: fc000ad7a65e
2023-04-20T14:28:58.035355+0600 DEBUG Null id null_id : b'435400040001'
2023-04-20T14:28:58.036513+0600 DEBUG Success step 2 RFID. animal id new: fc000ad7a65e
2023-04-20T14:28:59.033411+0600 DEBUG START RFID FUNCTION
2023-04-20T14:28:59.035185+0600 DEBUG START Animal ID animal_id: b'435400040001'
2023-04-20T14:28:59.036709+0600 DEBUG START Null id null_id : b'435400040001'
2023-04-20T14:28:59.084741+0600 DEBUG Raw ID animal_id: b'43540028004501c38d13091e0102011b0101e20000174007010117406415e2003412013dfc000ad7a65ec631'
2023-04-20T14:28:59.086406+0600 DEBUG New ID animal_id_new: fc000ad7a65e
2023-04-20T14:28:59.088237+0600 DEBUG Null id null_id : b'435400040001'
2023-04-20T14:28:59.090455+0600 DEBUG Success step 2 RFID. animal id new: fc000ad7a65e
2023-04-20T14:29:00.037850+0600 INFO ARDUINOSerial<id=0x75b3f8f8, open=True>(port='/dev/ttyACM0', baudrate=9600, bytesize=8, parity='N', stopbits=1, timeout=1, xonxoff=False, rtscts=False, dsrdtr=False)
2023-04-20T14:29:01.048491+0600 ERROR Error, null weight list
2023-04-20T14:29:01.050444+0600 INFO main: weight_finall
2023-04-20T14:29:01.052483+0600 DEBUG START RFID FUNCTION
2023-04-20T14:29:01.054223+0600 DEBUG START Animal ID animal_id: b'435400040001'
2023-04-20T14:29:01.055870+0600 DEBUG START Null id null_id : b'435400040001'
2023-04-20T14:29:01.084712+0600 DEBUG Raw ID animal_id: b'43540028004501c38d13091e0102011b0101e20000174007010117406415e2003412013dfc000ad7a65ec92e'
2023-04-20T14:29:01.086463+0600 DEBUG New ID animal_id_new: fc000ad7a65e
2023-04-20T14:29:01.088004+0600 DEBUG Null id null_id : b'435400040001'
2023-04-20T14:29:01.089689+0600 DEBUG Success step 2 RFID. animal id new: fc000ad7a65e
2023-04-20T14:29:02.045132+0600 INFO ARDUINOSerial<id=0x75b3f9b8, open=True>(port='/dev/ttyACM0', baudrate=9600, bytesize=8, parity='N', stopbits=1, timeout=1, xonxoff=False, rtscts=False, dsrdtr=False)
2023-04-20T14:29:03.053577+0600 ERROR Error, null weight list
2023-04-20T14:29:03.055184+0600 INFO main: weight_finall
2023-04-20T14:29:03.056790+0600 DEBUG START RFID FUNCTION
2023-04-20T14:29:03.058172+0600 DEBUG START Animal ID animal_id: b'435400040001'
2023-04-20T14:29:03.059487+0600 DEBUG START Null id null_id : b'435400040001'
2023-04-20T14:29:03.084375+0600 DEBUG Raw ID animal_id: b'43540028004501c38d13091e0102011b0101e20000174007010117406415e2003412013dfc000ad7a65ec92e'
2023-04-20T14:29:03.086088+0600 DEBUG New ID animal_id_new: fc000ad7a65e
2023-04-20T14:29:03.087850+0600 DEBUG Null id null_id : b'435400040001'
2023-04-20T14:29:03.089877+0600 DEBUG Success step 2 RFID. animal id new: fc000ad7a65e
2023-04-20T14:29:04.055702+0600 INFO ARDUINOSerial<id=0x75b3fb08, open=True>(port='/dev/ttyACM0', baudrate=9600, bytesize=8, parity='N', stopbits=1, timeout=1, xonxoff=False, rtscts=False, dsrdtr=False)
2023-04-20T14:29:05.067038+0600 ERROR Error, null weight list
2023-04-20T14:29:05.068878+0600 INFO main: weight_finall
2023-04-20T14:29:05.071500+0600 DEBUG START RFID FUNCTION
2023-04-20T14:29:05.073370+0600 DEBUG START Animal ID animal_id: b'435400040001'
2023-04-20T14:29:05.074980+0600 DEBUG START Null id null_id : b'435400040001'
2023-04-20T14:29:05.084244+0600 DEBUG Raw ID animal_id: b'43540028004501c38d13091e0102011b0101e20000174007010117406415e2003412013dfc000ad7a65ec532'
2023-04-20T14:29:05.086328+0600 DEBUG New ID animal_id_new: fc000ad7a65e
2023-04-20T14:29:05.088437+0600 DEBUG Null id null_id : b'435400040001'
2023-04-20T14:29:05.090826+0600 DEBUG Success step 2 RFID. animal id new: fc000ad7a65e
2023-04-20T14:29:06.061984+0600 DEBUG START RFID FUNCTION
2023-04-20T14:29:06.064031+0600 DEBUG START Animal ID animal_id: b'435400040001'
2023-04-20T14:29:06.065665+0600 DEBUG START Null id null_id : b'435400040001'
2023-04-20T14:29:06.084322+0600 DEBUG Raw ID animal_id: b'43540028004501c38d13091e0102011b0101e20000174007010117406415e2003412013dfc000ad7a65ec730'
2023-04-20T14:29:06.086403+0600 DEBUG New ID animal_id_new: fc000ad7a65e
2023-04-20T14:29:06.088369+0600 DEBUG Null id null_id : b'435400040001'
2023-04-20T14:29:06.090956+0600 DEBUG Success step 2 RFID. animal id new: fc000ad7a65e
2023-04-20T14:29:07.066239+0600 INFO ARDUINOSerial<id=0x75b3fb50, open=True>(port='/dev/ttyACM0', baudrate=9600, bytesize=8, parity='N', stopbits=1, timeout=1, xonxoff=False, rtscts=False, dsrdtr=False)
2023-04-20T14:29:09.072115+0600 ERROR Error, null weight list
2023-04-20T14:29:09.074122+0600 INFO main: weight_finall
2023-04-20T14:29:09.076235+0600 DEBUG START RFID FUNCTION
2023-04-20T14:29:09.077956+0600 DEBUG START Animal ID animal_id: b'435400040001'
2023-04-20T14:29:09.079557+0600 DEBUG START Null id null_id : b'435400040001'
2023-04-20T14:29:09.133101+0600 DEBUG Raw ID animal_id: b'43540028004501c38d13091e0102011b0101e20000174007010117406415e2003412013dfc000ad7a65ec82f'
2023-04-20T14:29:09.135029+0600 DEBUG New ID animal_id_new: fc000ad7a65e
2023-04-20T14:29:09.137119+0600 DEBUG Null id null_id : b'435400040001'
2023-04-20T14:29:09.140773+0600 DEBUG Success step 2 RFID. animal id new: fc000ad7a65e
2023-04-20T14:29:10.077820+0600 INFO ARDUINOSerial<id=0x75b3fb20, open=True>(port='/dev/ttyACM0', baudrate=9600, bytesize=8, parity='N', stopbits=1, timeout=1, xonxoff=False, rtscts=False, dsrdtr=False)
2023-04-20T14:29:11.091149+0600 ERROR Error, null weight list
2023-04-20T14:29:11.093160+0600 INFO main: weight_finall
2023-04-20T14:29:11.095296+0600 DEBUG START RFID FUNCTION
2023-04-20T14:29:11.097004+0600 DEBUG START Animal ID animal_id: b'435400040001'
2023-04-20T14:29:11.098593+0600 DEBUG START Null id null_id : b'435400040001'
2023-04-20T14:29:11.583715+0600 DEBUG Raw ID animal_id: b'43540028004501c38d13091e0102011b0101e20000174007010117406415e2003412013dfc000ad7a65ec631'
2023-04-20T14:29:11.584878+0600 DEBUG New ID animal_id_new: fc000ad7a65e
2023-04-20T14:29:11.585809+0600 DEBUG Null id null_id : b'435400040001'
2023-04-20T14:29:11.586941+0600 DEBUG Success step 2 RFID. animal id new: fc000ad7a65e
2023-04-20T14:29:12.087160+0600 DEBUG START RFID FUNCTION
2023-04-20T14:29:12.089166+0600 DEBUG START Animal ID animal_id: b'435400040001'
2023-04-20T14:29:12.090935+0600 DEBUG START Null id null_id : b'435400040001'
