2023-04-24T12:01:08.369092+0600 INFO Connect arduino /dev/ttyACM1
2023-04-24T12:01:08.372163+0600 INFO Configuration of serial, Serial<id=0x75b916a0, open=True>(port='/dev/ttyACM1', baudrate=9600, bytesize=8, parity='N', stopbits=1, timeout=None, xonxoff=False, rtscts=False, dsrdtr=False)
2023-04-24T12:01:08.374089+0600 INFO Success: Arduino connected
2023-04-24T12:01:08.387554+0600 INFO ("[1] to calibrate
" "[2] to start measure
>")
2023-04-24T12:01:14.885772+0600 INFO Animal_ID: 435400040001
2023-04-24T12:01:15.147721+0600 INFO Distance: 138.0
2023-04-24T12:01:15.148811+0600 DEBUG START RFID FUNCTION
2023-04-24T12:01:15.149737+0600 DEBUG START Animal ID animal_id: b'435400040001'
2023-04-24T12:01:15.150683+0600 DEBUG START Null id null_id : b'435400040001'
2023-04-24T12:01:15.433273+0600 DEBUG Raw ID animal_id: b'43540028004501c38d13091e0102011b0101e2806894000040103003d496e2806894200040103003d496c4d6'
2023-04-24T12:01:15.434601+0600 DEBUG New ID animal_id_new: 40103003d496
2023-04-24T12:01:15.435634+0600 DEBUG Null id null_id : b'435400040001'
2023-04-24T12:01:15.436811+0600 DEBUG Success step 2 RFID. animal id new: 40103003d496
2023-04-24T12:01:15.439302+0600 INFO ARDUINOSerial<id=0x75b91d60, open=True>(port='/dev/ttyACM0', baudrate=9600, bytesize=8, parity='N', stopbits=1, timeout=1, xonxoff=False, rtscts=False, dsrdtr=False)
2023-04-24T12:01:18.607320+0600 DEBUG Array weights: [22.81]
2023-04-24T12:01:19.799070+0600 DEBUG Array weights: [22.81, 22.7]
2023-04-24T12:01:20.990772+0600 DEBUG Array weights: [22.81, 22.7, 24.33]
2023-04-24T12:01:22.182424+0600 DEBUG Array weights: [22.81, 22.7, 24.33, 20.81]
2023-04-24T12:01:23.370817+0600 DEBUG Array weights: [22.81, 22.7, 24.33, 20.81, 22.81]
2023-04-24T12:01:24.562839+0600 DEBUG Array weights: [22.81, 22.7, 24.33, 20.81, 22.81, 20.78]
2023-04-24T12:01:25.754282+0600 DEBUG Array weights: [22.81, 22.7, 24.33, 20.81, 22.81, 20.78, 22.22]
2023-04-24T12:01:26.946113+0600 DEBUG Array weights: [22.81, 22.7, 24.33, 20.81, 22.81, 20.78, 22.22, 23.04]
2023-04-24T12:01:28.134552+0600 DEBUG Array weights: [22.81, 22.7, 24.33, 20.81, 22.81, 20.78, 22.22, 23.04, 23.22]
2023-04-24T12:01:29.326140+0600 DEBUG Array weights: [22.81, 22.7, 24.33, 20.81, 22.81, 20.78, 22.22, 23.04, 23.22, 23.78]
2023-04-24T12:01:30.517838+0600 DEBUG Array weights: [22.81, 22.7, 24.33, 20.81, 22.81, 20.78, 22.22, 23.04, 23.22, 23.78, 24.48]
2023-04-24T12:01:31.709911+0600 DEBUG Array weights: [22.81, 22.7, 24.33, 20.81, 22.81, 20.78, 22.22, 23.04, 23.22, 23.78, 24.48, 26.96]
2023-04-24T12:01:32.066447+0600 INFO Start weight: 22.924999999999997
2023-04-24T12:01:32.067838+0600 INFO Start time: 15520.951148615
2023-04-24T12:01:32.070020+0600 INFO Animal_ID: 435400040001
2023-04-24T12:01:32.218619+0600 INFO Distance: 19.0
2023-04-24T12:01:32.219902+0600 DEBUG START RFID FUNCTION
2023-04-24T12:01:32.220869+0600 DEBUG START Animal ID animal_id: b'435400040001'
2023-04-24T12:01:32.221764+0600 DEBUG START Null id null_id : b'435400040001'
2023-04-24T12:01:32.280821+0600 DEBUG Raw ID animal_id: b'43540028004501c38d13091e0102011b0101e2000017160900161150a24ee20034120133fd000a17d65fd250'
2023-04-24T12:01:32.282260+0600 DEBUG New ID animal_id_new: fd000a17d65f
2023-04-24T12:01:32.284003+0600 DEBUG Null id null_id : b'435400040001'
2023-04-24T12:01:32.285716+0600 DEBUG Success step 2 RFID. animal id new: fd000a17d65f
2023-04-24T12:01:32.289271+0600 INFO ARDUINOSerial<id=0x75b91d90, open=True>(port='/dev/ttyACM0', baudrate=9600, bytesize=8, parity='N', stopbits=1, timeout=1, xonxoff=False, rtscts=False, dsrdtr=False)
2023-04-24T12:01:33.377236+0600 ERROR Error, null weight list
2023-04-24T12:01:33.379020+0600 INFO Start weight: 0
2023-04-24T12:01:33.380283+0600 INFO Start time: 15522.263598118
2023-04-24T12:01:33.381464+0600 INFO End_time: 15522.264798672
2023-04-24T12:01:33.382523+0600 INFO End_weight: 0
2023-04-24T12:01:35.230340+0600 INFO Sensor_distance: 20
2023-04-24T12:01:35.231799+0600 INFO End_time: 15524.11512242
2023-04-24T12:01:35.232854+0600 INFO End_weight: 0
2023-04-24T12:01:37.237696+0600 INFO Sensor_distance: 22
2023-04-24T12:01:37.242013+0600 INFO End_time: 15526.125262772
2023-04-24T12:01:37.245287+0600 INFO End_weight: 0
2023-04-24T12:01:39.247474+0600 INFO Sensor_distance: 21
2023-04-24T12:01:39.249204+0600 INFO End_time: 15528.132504344
2023-04-24T12:01:39.250835+0600 INFO End_weight: 0
2023-04-24T12:01:41.254946+0600 INFO Sensor_distance: 20
2023-04-24T12:01:41.257506+0600 INFO End_time: 15530.140786502
2023-04-24T12:01:41.259317+0600 INFO End_weight: 0
2023-04-24T12:01:43.262945+0600 INFO Sensor_distance: 21
2023-04-24T12:01:43.265092+0600 INFO End_time: 15532.148388856
2023-04-24T12:01:43.268744+0600 INFO End_weight: 0
2023-04-24T12:01:45.273296+0600 INFO Sensor_distance: 126
2023-04-24T12:01:45.275748+0600 INFO Feed_time: 9.884790738000447
2023-04-24T12:01:45.278050+0600 INFO Feed_time_rounded: 9.88
2023-04-24T12:01:45.279996+0600 INFO Final_weight: 0
2023-04-24T12:01:45.281664+0600 INFO Final_weight: 0
2023-04-24T12:01:45.284304+0600 INFO Animal_ID: 435400040001
2023-04-24T12:01:46.276381+0600 INFO Distance: 138.0
2023-04-24T12:01:46.278272+0600 DEBUG START RFID FUNCTION
2023-04-24T12:01:46.279799+0600 DEBUG START Animal ID animal_id: b'435400040001'
2023-04-24T12:01:46.281161+0600 DEBUG START Null id null_id : b'435400040001'
2023-04-24T12:01:46.380653+0600 DEBUG Raw ID animal_id: b'43540028004501c38d13091e0102011b0101e2000017160900161150a24ee20034120133fd000a17d65fd250'
2023-04-24T12:01:46.386451+0600 DEBUG New ID animal_id_new: fd000a17d65f
2023-04-24T12:01:46.392702+0600 DEBUG Null id null_id : b'435400040001'
2023-04-24T12:01:46.400045+0600 DEBUG Success step 2 RFID. animal id new: fd000a17d65f
2023-04-24T12:01:46.414586+0600 INFO ARDUINOSerial<id=0x75b91fa0, open=True>(port='/dev/ttyACM0', baudrate=9600, bytesize=8, parity='N', stopbits=1, timeout=1, xonxoff=False, rtscts=False, dsrdtr=False)
2023-04-24T12:01:48.640531+0600 ERROR Error, null weight list
2023-04-24T12:01:48.645793+0600 INFO Start weight: 0
2023-04-24T12:01:48.651319+0600 INFO Start time: 15537.534581039
2023-04-24T12:01:48.656808+0600 INFO Animal_ID: 435400040001
2023-04-24T12:01:49.290933+0600 INFO Distance: 141.0
2023-04-24T12:01:49.292658+0600 DEBUG START RFID FUNCTION
2023-04-24T12:01:49.294159+0600 DEBUG START Animal ID animal_id: b'435400040001'
2023-04-24T12:01:49.295575+0600 DEBUG START Null id null_id : b'435400040001'
2023-04-24T12:01:49.380463+0600 DEBUG Raw ID animal_id: b'43540028004501c38d13091e0102011b0101e2000017160900161150a24ee20034120133fd000a17d65fd250'
2023-04-24T12:01:49.384757+0600 DEBUG New ID animal_id_new: fd000a17d65f
2023-04-24T12:01:49.389906+0600 DEBUG Null id null_id : b'435400040001'
2023-04-24T12:01:49.395364+0600 DEBUG Success step 2 RFID. animal id new: fd000a17d65f
2023-04-24T12:01:49.405414+0600 INFO ARDUINOSerial<id=0x75b91d00, open=True>(port='/dev/ttyACM0', baudrate=9600, bytesize=8, parity='N', stopbits=1, timeout=1, xonxoff=False, rtscts=False, dsrdtr=False)
2023-04-24T12:01:50.548040+0600 ERROR Error, null weight list
2023-04-24T12:01:50.549947+0600 INFO Start weight: 0
2023-04-24T12:01:50.551672+0600 INFO Start time: 15539.434971667
2023-04-24T12:01:50.553351+0600 INFO Animal_ID: 435400040001
2023-04-24T12:01:51.297702+0600 INFO Distance: 151.0
2023-04-24T12:01:51.298810+0600 DEBUG START RFID FUNCTION
2023-04-24T12:01:51.299822+0600 DEBUG START Animal ID animal_id: b'435400040001'
2023-04-24T12:01:51.300765+0600 DEBUG START Null id null_id : b'435400040001'
2023-04-24T12:01:51.379787+0600 DEBUG Raw ID animal_id: b'43540028004501c38d13091e0102011b0101e2000017160900161150a24ee20034120133fd000a17d65fd250'
2023-04-24T12:01:51.384956+0600 DEBUG New ID animal_id_new: fd000a17d65f
2023-04-24T12:01:51.389386+0600 DEBUG Null id null_id : b'435400040001'
2023-04-24T12:01:51.394006+0600 DEBUG Success step 2 RFID. animal id new: fd000a17d65f
2023-04-24T12:01:51.404474+0600 INFO ARDUINOSerial<id=0x75b91fe8, open=True>(port='/dev/ttyACM0', baudrate=9600, bytesize=8, parity='N', stopbits=1, timeout=1, xonxoff=False, rtscts=False, dsrdtr=False)
2023-04-24T12:01:52.452893+0600 ERROR Error, null weight list
2023-04-24T12:01:52.454881+0600 INFO Start weight: 0
2023-04-24T12:01:52.456818+0600 INFO Start time: 15541.340108289
2023-04-24T12:01:52.458590+0600 INFO Animal_ID: 435400040001
2023-04-24T12:01:53.305317+0600 INFO Distance: 126.0
2023-04-24T12:01:53.307360+0600 DEBUG START RFID FUNCTION
2023-04-24T12:01:53.309069+0600 DEBUG START Animal ID animal_id: b'435400040001'
2023-04-24T12:01:53.310654+0600 DEBUG START Null id null_id : b'435400040001'
2023-04-24T12:01:53.379544+0600 DEBUG Raw ID animal_id: b'43540028004501c38d13091e0102011b0101e2000017160900161150a24ee20034120133fd000a17d65fd250'
2023-04-24T12:01:53.381902+0600 DEBUG New ID animal_id_new: fd000a17d65f
2023-04-24T12:01:53.384178+0600 DEBUG Null id null_id : b'435400040001'
2023-04-24T12:01:53.388487+0600 DEBUG Success step 2 RFID. animal id new: fd000a17d65f
2023-04-24T12:01:53.397122+0600 INFO ARDUINOSerial<id=0x75b91d00, open=True>(port='/dev/ttyACM0', baudrate=9600, bytesize=8, parity='N', stopbits=1, timeout=1, xonxoff=False, rtscts=False, dsrdtr=False)
2023-04-24T12:01:54.475070+0600 ERROR Error, null weight list
2023-04-24T12:01:54.476340+0600 INFO Start weight: 0
2023-04-24T12:01:54.478871+0600 INFO Start time: 15543.362172872
2023-04-24T12:01:54.480105+0600 INFO Animal_ID: 435400040001
2023-04-24T12:01:55.312758+0600 INFO Distance: 17.0
2023-04-24T12:01:55.314621+0600 DEBUG START RFID FUNCTION
2023-04-24T12:01:55.316221+0600 DEBUG START Animal ID animal_id: b'435400040001'
2023-04-24T12:01:55.317966+0600 DEBUG START Null id null_id : b'435400040001'
2023-04-24T12:01:55.379508+0600 DEBUG Raw ID animal_id: b'43540028004501c38d13091e0102011b0101e2000017160900161150a24ee20034120133fd000a17d65fd151'
2023-04-24T12:01:55.381492+0600 DEBUG New ID animal_id_new: fd000a17d65f
2023-04-24T12:01:55.383431+0600 DEBUG Null id null_id : b'435400040001'
2023-04-24T12:01:55.386087+0600 DEBUG Success step 2 RFID. animal id new: fd000a17d65f
2023-04-24T12:01:55.395686+0600 INFO ARDUINOSerial<id=0x75b91fe8, open=True>(port='/dev/ttyACM0', baudrate=9600, bytesize=8, parity='N', stopbits=1, timeout=1, xonxoff=False, rtscts=False, dsrdtr=False)
2023-04-24T12:01:56.499507+0600 ERROR Error, null weight list
2023-04-24T12:01:56.501488+0600 INFO Start weight: 0
2023-04-24T12:01:56.503255+0600 INFO Start time: 15545.386549585
2023-04-24T12:01:56.505012+0600 INFO End_time: 15545.388315339
2023-04-24T12:01:56.506604+0600 INFO End_weight: 0
2023-04-24T12:01:58.326840+0600 INFO Sensor_distance: 12
2023-04-24T12:01:58.328879+0600 INFO End_time: 15547.212160219
2023-04-24T12:01:58.330599+0600 INFO End_weight: 0
2023-04-24T12:02:00.334861+0600 INFO Sensor_distance: 19
2023-04-24T12:02:00.336553+0600 INFO End_time: 15549.219847191
2023-04-24T12:02:00.338082+0600 INFO End_weight: 0
2023-04-24T12:02:02.341948+0600 INFO Sensor_distance: 19
2023-04-24T12:02:02.344061+0600 INFO End_time: 15551.227340444
2023-04-24T12:02:02.345795+0600 INFO End_weight: 0
2023-04-24T12:02:03.349623+0600 INFO Sensor_distance: 
2023-04-24T12:02:04.353200+0600 INFO Feed_time: 5.840790858999753
2023-04-24T12:02:04.355251+0600 INFO Feed_time_rounded: 5.84
2023-04-24T12:02:04.357155+0600 INFO Final_weight: 0
2023-04-24T12:02:04.358881+0600 INFO Final_weight: 0
2023-04-24T12:02:04.361569+0600 INFO Animal_ID: 435400040001
2023-04-24T12:02:05.356154+0600 INFO Distance: 138.0
2023-04-24T12:02:05.358295+0600 DEBUG START RFID FUNCTION
2023-04-24T12:02:05.361024+0600 DEBUG START Animal ID animal_id: b'435400040001'
2023-04-24T12:02:05.362883+0600 DEBUG START Null id null_id : b'435400040001'
2023-04-24T12:02:05.378588+0600 DEBUG Raw ID animal_id: b'43540028004501c38d13091e0102011b0101e2000017160900161150a24ee20034120133fd000a17d65fd250'
2023-04-24T12:02:05.380705+0600 DEBUG New ID animal_id_new: fd000a17d65f
2023-04-24T12:02:05.382365+0600 DEBUG Null id null_id : b'435400040001'
2023-04-24T12:02:05.384166+0600 DEBUG Success step 2 RFID. animal id new: fd000a17d65f
2023-04-24T12:02:05.387849+0600 INFO ARDUINOSerial<id=0x75b91d00, open=True>(port='/dev/ttyACM0', baudrate=9600, bytesize=8, parity='N', stopbits=1, timeout=1, xonxoff=False, rtscts=False, dsrdtr=False)
2023-04-24T12:02:07.611557+0600 ERROR Error, null weight list
2023-04-24T12:02:07.613604+0600 INFO Start weight: 0
2023-04-24T12:02:07.615233+0600 INFO Start time: 15556.498535063
2023-04-24T12:02:07.617085+0600 INFO Animal_ID: 435400040001
2023-04-24T12:02:08.370214+0600 INFO Distance: 141.0
2023-04-24T12:02:08.371497+0600 DEBUG START RFID FUNCTION
2023-04-24T12:02:08.372524+0600 DEBUG START Animal ID animal_id: b'435400040001'
2023-04-24T12:02:08.373456+0600 DEBUG START Null id null_id : b'435400040001'
2023-04-24T12:02:08.377837+0600 DEBUG Raw ID animal_id: b'43540028004501c38d13091e0102011b0101e2000017160900161150a24ee20034120133fd000a17d65fd151'
2023-04-24T12:02:08.379043+0600 DEBUG New ID animal_id_new: fd000a17d65f
2023-04-24T12:02:08.379990+0600 DEBUG Null id null_id : b'435400040001'
2023-04-24T12:02:08.381008+0600 DEBUG Success step 2 RFID. animal id new: fd000a17d65f
2023-04-24T12:02:08.383058+0600 INFO ARDUINOSerial<id=0x75b919d0, open=True>(port='/dev/ttyACM0', baudrate=9600, bytesize=8, parity='N', stopbits=1, timeout=1, xonxoff=False, rtscts=False, dsrdtr=False)
2023-04-24T12:02:09.516509+0600 ERROR Error, null weight list
2023-04-24T12:02:09.518572+0600 INFO Start weight: 0
2023-04-24T12:02:09.520378+0600 INFO Start time: 15558.403674516
2023-04-24T12:02:09.522042+0600 INFO Animal_ID: 435400040001
2023-04-24T12:02:10.378245+0600 INFO Distance: 138.0
2023-04-24T12:02:10.379824+0600 DEBUG START RFID FUNCTION
2023-04-24T12:02:10.381574+0600 DEBUG START Animal ID animal_id: b'435400040001'
2023-04-24T12:02:10.383356+0600 DEBUG START Null id null_id : b'435400040001'
2023-04-24T12:02:10.429105+0600 DEBUG Raw ID animal_id: b'43540028004501c38d13091e0102011b0101e2000017160900161150a24ee20034120133fd000a17d65fd250'
2023-04-24T12:02:10.431249+0600 DEBUG New ID animal_id_new: fd000a17d65f
2023-04-24T12:02:10.433188+0600 DEBUG Null id null_id : b'435400040001'
2023-04-24T12:02:10.435464+0600 DEBUG Success step 2 RFID. animal id new: fd000a17d65f
2023-04-24T12:02:10.439760+0600 INFO ARDUINOSerial<id=0x75b91d78, open=True>(port='/dev/ttyACM0', baudrate=9600, bytesize=8, parity='N', stopbits=1, timeout=1, xonxoff=False, rtscts=False, dsrdtr=False)
2023-04-24T12:02:12.731622+0600 DEBUG Array weights: [108.04]
2023-04-24T12:02:13.923576+0600 DEBUG Array weights: [108.04, 168.67]
2023-04-24T12:02:15.111807+0600 DEBUG Array weights: [108.04, 168.67, 166.52]
2023-04-24T12:02:16.303174+0600 DEBUG Array weights: [108.04, 168.67, 166.52, 167.59]
2023-04-24T12:02:17.494914+0600 DEBUG Array weights: [108.04, 168.67, 166.52, 167.59, 168.44]
2023-04-24T12:02:18.686924+0600 DEBUG Array weights: [108.04, 168.67, 166.52, 167.59, 168.44, 166.56]
2023-04-24T12:02:19.874851+0600 DEBUG Array weights: [108.04, 168.67, 166.52, 167.59, 168.44, 166.56, 166.89]
2023-04-24T12:02:21.067583+0600 DEBUG Array weights: [108.04, 168.67, 166.52, 167.59, 168.44, 166.56, 166.89, 165.33]
2023-04-24T12:02:22.259250+0600 DEBUG Array weights: [108.04, 168.67, 166.52, 167.59, 168.44, 166.56, 166.89, 165.33, 167.48]
2023-04-24T12:02:23.451067+0600 DEBUG Array weights: [108.04, 168.67, 166.52, 167.59, 168.44, 166.56, 166.89, 165.33, 167.48, 166.44]
2023-04-24T12:02:24.638773+0600 DEBUG Array weights: [108.04, 168.67, 166.52, 167.59, 168.44, 166.56, 166.89, 165.33, 167.48, 166.44, 167.48]
2023-04-24T12:02:25.830997+0600 DEBUG Array weights: [108.04, 168.67, 166.52, 167.59, 168.44, 166.56, 166.89, 165.33, 167.48, 166.44, 167.48, 166.85]
2023-04-24T12:02:27.022824+0600 DEBUG Array weights: [108.04, 168.67, 166.52, 167.59, 168.44, 166.56, 166.89, 165.33, 167.48, 166.44, 167.48, 166.85, 165.52]
2023-04-24T12:02:28.214808+0600 DEBUG Array weights: [108.04, 168.67, 166.52, 167.59, 168.44, 166.56, 166.89, 165.33, 167.48, 166.44, 167.48, 166.85, 165.52, 168.07]
2023-04-24T12:02:29.406086+0600 DEBUG Array weights: [108.04, 168.67, 166.52, 167.59, 168.44, 166.56, 166.89, 165.33, 167.48, 166.44, 167.48, 166.85, 165.52, 168.07, 45.07]
2023-04-24T12:02:29.526297+0600 INFO Start weight: 166.85
2023-04-24T12:02:29.532016+0600 INFO Start time: 15578.415157751
2023-04-24T12:02:29.537715+0600 INFO Animal_ID: 435400040001
2023-04-24T12:02:30.460879+0600 INFO Distance: 21.0
2023-04-24T12:02:30.462976+0600 DEBUG START RFID FUNCTION
2023-04-24T12:02:30.464653+0600 DEBUG START Animal ID animal_id: b'435400040001'
2023-04-24T12:02:30.466278+0600 DEBUG START Null id null_id : b'435400040001'
2023-04-24T12:02:30.476405+0600 DEBUG Raw ID animal_id: b'43540028004501c38d13091e0102011b0101e2000017160900161150a24ee20034120133fd000a17d65fd250'
2023-04-24T12:02:30.478628+0600 DEBUG New ID animal_id_new: fd000a17d65f
2023-04-24T12:02:30.480563+0600 DEBUG Null id null_id : b'435400040001'
2023-04-24T12:02:30.482915+0600 DEBUG Success step 2 RFID. animal id new: fd000a17d65f
2023-04-24T12:02:30.486387+0600 INFO ARDUINOSerial<id=0x75b91d18, open=True>(port='/dev/ttyACM0', baudrate=9600, bytesize=8, parity='N', stopbits=1, timeout=1, xonxoff=False, rtscts=False, dsrdtr=False)
2023-04-24T12:02:32.740104+0600 DEBUG Array weights: [141.74]
2023-04-24T12:02:33.928532+0600 DEBUG Array weights: [141.74, 141.93]
2023-04-24T12:02:35.120888+0600 DEBUG Array weights: [141.74, 141.93, 142.22]
2023-04-24T12:02:36.312330+0600 DEBUG Array weights: [141.74, 141.93, 142.22, 142.74]
2023-04-24T12:02:37.504400+0600 DEBUG Array weights: [141.74, 141.93, 142.22, 142.74, 143.07]
2023-04-24T12:02:38.216461+0600 INFO Start weight: 142.22
2023-04-24T12:02:38.218027+0600 INFO Start time: 15587.101342375
2023-04-24T12:02:38.219241+0600 INFO End_time: 15587.102566523
2023-04-24T12:02:38.220274+0600 INFO End_weight: 142.22
2023-04-24T12:02:39.499683+0600 INFO Sensor_distance: 155
2023-04-24T12:02:39.501671+0600 INFO Feed_time: 0.0012241480017110007
2023-04-24T12:02:39.503488+0600 INFO Feed_time_rounded: 0.0
2023-04-24T12:02:39.504969+0600 INFO Final_weight: 0.0
2023-04-24T12:02:39.506323+0600 INFO Final_weight: 0.0
2023-04-24T12:02:39.507816+0600 INFO main: Send data to server
2023-04-24T12:02:39.509125+0600 DEBUG Post data function start
2023-04-24T12:02:40.409815+0600 DEBUG Answer from server: <Response [200]>
2023-04-24T12:02:40.414005+0600 DEBUG Content from main server: b'2208'
2023-04-24T12:02:40.418197+0600 DEBUG START SEND DATA TO SERVER:
2023-04-24T12:02:40.718233+0600 DEBUG Answer from server: <Response [200]>
2023-04-24T12:02:40.719651+0600 DEBUG Content from main server: b'147929'
2023-04-24T12:02:40.720744+0600 ERROR 4 step send data
2023-04-24T12:02:40.723318+0600 INFO Animal_ID: 435400040001
2023-04-24T12:02:41.507323+0600 INFO Distance: 129.0
2023-04-24T12:02:41.509358+0600 DEBUG START RFID FUNCTION
2023-04-24T12:02:41.511144+0600 DEBUG START Animal ID animal_id: b'435400040001'
2023-04-24T12:02:41.512834+0600 DEBUG START Null id null_id : b'435400040001'
2023-04-24T12:02:41.575901+0600 DEBUG Raw ID animal_id: b'43540028004501c38d13091e0102011b0101e2000017160900161150a24ee20034120133fd000a17d65fd151'
2023-04-24T12:02:41.578791+0600 DEBUG New ID animal_id_new: fd000a17d65f
2023-04-24T12:02:41.580898+0600 DEBUG Null id null_id : b'435400040001'
2023-04-24T12:02:41.583581+0600 DEBUG Success step 2 RFID. animal id new: fd000a17d65f
2023-04-24T12:02:41.589919+0600 INFO ARDUINOSerial<id=0x75b91c70, open=True>(port='/dev/ttyACM0', baudrate=9600, bytesize=8, parity='N', stopbits=1, timeout=1, xonxoff=False, rtscts=False, dsrdtr=False)
2023-04-24T12:02:44.794620+0600 DEBUG Array weights: [162.41]
2023-04-24T12:02:45.982725+0600 DEBUG Array weights: [162.41, 163.19]
2023-04-24T12:02:47.175267+0600 DEBUG Array weights: [162.41, 163.19, 163.48]
2023-04-24T12:02:48.366675+0600 DEBUG Array weights: [162.41, 163.19, 163.48, 162.11]
2023-04-24T12:02:49.559313+0600 DEBUG Array weights: [162.41, 163.19, 163.48, 162.11, 163.48]
