2023-04-20T09:43:52.085609+0600 INFO Connect arduino /dev/ttyACM1
2023-04-20T09:43:52.087723+0600 INFO Configuration of serial, Serial<id=0x75d8d268, open=True>(port='/dev/ttyACM1', baudrate=9600, bytesize=8, parity='N', stopbits=1, timeout=None, xonxoff=False, rtscts=False, dsrdtr=False)
2023-04-20T09:43:52.088814+0600 INFO Success: Arduino connected
2023-04-20T09:43:52.093440+0600 INFO ("[1] to calibrate
" "[2] to start measure
>")
2023-04-20T09:43:59.239046+0600 DEBUG START RFID FUNCTION
2023-04-20T09:43:59.241042+0600 DEBUG START Animal ID animal_id: b'435400040001'
2023-04-20T09:43:59.242490+0600 DEBUG START Null id null_id : b'435400040001'
2023-04-20T09:43:59.247431+0600 DEBUG Raw ID animal_id: b'43540028004501c38d13091e0102011b0101e2000017160900161150a24ee20034120133fd000a17d65fcb57'
2023-04-20T09:43:59.249411+0600 DEBUG New ID animal_id_new: fd000a17d65f
2023-04-20T09:43:59.250942+0600 DEBUG Null id null_id : b'435400040001'
2023-04-20T09:43:59.253088+0600 DEBUG Success step 2 RFID. animal id new: fd000a17d65f
2023-04-20T09:43:59.869301+0600 DEBUG START RFID FUNCTION
2023-04-20T09:43:59.870462+0600 DEBUG START Animal ID animal_id: b'435400040001'
2023-04-20T09:43:59.871399+0600 DEBUG START Null id null_id : b'435400040001'
2023-04-20T09:44:02.096438+0600 DEBUG Raw ID animal_id: b'43540028004501c38d13091e0102011b0101e2000017160900161150a24ee20034120133fd000a17d65fc75b'
2023-04-20T09:44:02.098339+0600 DEBUG New ID animal_id_new: fd000a17d65f
2023-04-20T09:44:02.099786+0600 DEBUG Null id null_id : b'435400040001'
2023-04-20T09:44:02.101326+0600 DEBUG Success step 2 RFID. animal id new: fd000a17d65f
2023-04-20T09:44:02.882726+0600 DEBUG START RFID FUNCTION
2023-04-20T09:44:02.883961+0600 DEBUG START Animal ID animal_id: b'435400040001'
2023-04-20T09:44:02.884866+0600 DEBUG START Null id null_id : b'435400040001'
2023-04-20T09:44:03.596206+0600 DEBUG Raw ID animal_id: b'43540028004501c38d13091e0102011b0101e2000017160900161150a24ee20034120133fd000a17d65fc75b'
2023-04-20T09:44:03.597592+0600 DEBUG New ID animal_id_new: fd000a17d65f
2023-04-20T09:44:03.598563+0600 DEBUG Null id null_id : b'435400040001'
2023-04-20T09:44:03.599640+0600 DEBUG Success step 2 RFID. animal id new: fd000a17d65f
2023-04-20T09:44:03.887424+0600 DEBUG START RFID FUNCTION
2023-04-20T09:44:03.889371+0600 DEBUG START Animal ID animal_id: b'435400040001'
2023-04-20T09:44:03.891003+0600 DEBUG START Null id null_id : b'435400040001'
2023-04-20T09:44:03.896384+0600 DEBUG Raw ID animal_id: b'43540028004501c38d13091e0102011b0101e2000017160900161150a24ee20034120133fd000a17d65fcc56'
2023-04-20T09:44:03.898525+0600 DEBUG New ID animal_id_new: fd000a17d65f
2023-04-20T09:44:03.900125+0600 DEBUG Null id null_id : b'435400040001'
2023-04-20T09:44:03.902016+0600 DEBUG Success step 2 RFID. animal id new: fd000a17d65f
2023-04-20T09:44:06.902714+0600 ERROR Error, null weight list
2023-04-20T09:44:06.904637+0600 INFO main: weight_finall
2023-04-20T09:44:06.907335+0600 DEBUG START RFID FUNCTION
2023-04-20T09:44:06.909124+0600 DEBUG START Animal ID animal_id: b'435400040001'
2023-04-20T09:44:06.910711+0600 DEBUG START Null id null_id : b'435400040001'
2023-04-20T09:44:06.997610+0600 DEBUG Raw ID animal_id: b'43540028004501c38d13091e0102011b0101e2000017160900161150a24ee20034120133fd000a17d65fcf53'
2023-04-20T09:44:07.003806+0600 DEBUG New ID animal_id_new: fd000a17d65f
2023-04-20T09:44:07.009651+0600 DEBUG Null id null_id : b'435400040001'
2023-04-20T09:44:07.023237+0600 DEBUG Success step 2 RFID. animal id new: fd000a17d65f
2023-04-20T09:44:09.912234+0600 ERROR Error, null weight list
2023-04-20T09:44:09.913702+0600 INFO main: weight_finall
2023-04-20T09:44:09.917475+0600 DEBUG START RFID FUNCTION
2023-04-20T09:44:09.918705+0600 DEBUG START Animal ID animal_id: b'435400040001'
2023-04-20T09:44:09.919714+0600 DEBUG START Null id null_id : b'435400040001'
2023-04-20T09:44:09.997338+0600 DEBUG Raw ID animal_id: b'43540028004501c38d13091e0102011b0101e2000017160900161150a24ee20034120133fd000a17d65fcf53'
2023-04-20T09:44:10.006715+0600 DEBUG New ID animal_id_new: fd000a17d65f
2023-04-20T09:44:10.014200+0600 DEBUG Null id null_id : b'435400040001'
2023-04-20T09:44:10.028889+0600 DEBUG Success step 2 RFID. animal id new: fd000a17d65f
2023-04-20T09:44:12.925352+0600 ERROR Error, null weight list
2023-04-20T09:44:12.927226+0600 INFO main: weight_finall
2023-04-20T09:44:12.929905+0600 DEBUG START RFID FUNCTION
2023-04-20T09:44:12.931597+0600 DEBUG START Animal ID animal_id: b'435400040001'
2023-04-20T09:44:12.933104+0600 DEBUG START Null id null_id : b'435400040001'
2023-04-20T09:44:13.247294+0600 DEBUG Raw ID animal_id: b'43540028004501c38d13091e0102011b0101e2000017160900161150a24ee20034120133fd000a17d65fcc56'
2023-04-20T09:44:13.248563+0600 DEBUG New ID animal_id_new: fd000a17d65f
2023-04-20T09:44:13.249349+0600 DEBUG Null id null_id : b'435400040001'
2023-04-20T09:44:13.250233+0600 DEBUG Success step 2 RFID. animal id new: fd000a17d65f
2023-04-20T09:44:13.927559+0600 DEBUG START RFID FUNCTION
2023-04-20T09:44:13.929552+0600 DEBUG START Animal ID animal_id: b'435400040001'
2023-04-20T09:44:13.931222+0600 DEBUG START Null id null_id : b'435400040001'
2023-04-20T09:44:17.596332+0600 DEBUG Raw ID animal_id: b'43540028004501c38d13091e0102011b0101e2000017160900161150a24ee20034120133fd000a17d65fc959'
2023-04-20T09:44:17.598393+0600 DEBUG New ID animal_id_new: fd000a17d65f
2023-04-20T09:44:17.599795+0600 DEBUG Null id null_id : b'435400040001'
2023-04-20T09:44:17.601334+0600 DEBUG Success step 2 RFID. animal id new: fd000a17d65f
2023-04-20T09:44:19.952212+0600 ERROR Error, null weight list
2023-04-20T09:44:19.953970+0600 INFO main: weight_finall
2023-04-20T09:44:19.956411+0600 DEBUG START RFID FUNCTION
2023-04-20T09:44:19.958544+0600 DEBUG START Animal ID animal_id: b'435400040001'
2023-04-20T09:44:19.960198+0600 DEBUG START Null id null_id : b'435400040001'
2023-04-20T09:44:19.996330+0600 DEBUG Raw ID animal_id: b'43540028004501c38d13091e0102011b0101e2000017160900161150a24ee20034120133fd000a17d65fd151'
2023-04-20T09:44:19.998475+0600 DEBUG New ID animal_id_new: fd000a17d65f
2023-04-20T09:44:20.000092+0600 DEBUG Null id null_id : b'435400040001'
2023-04-20T09:44:20.008462+0600 DEBUG Success step 2 RFID. animal id new: fd000a17d65f
2023-04-20T09:44:22.967414+0600 ERROR Error, null weight list
2023-04-20T09:44:22.969023+0600 INFO main: weight_finall
2023-04-20T09:44:22.973119+0600 DEBUG START RFID FUNCTION
2023-04-20T09:44:22.974532+0600 DEBUG START Animal ID animal_id: b'435400040001'
2023-04-20T09:44:22.975761+0600 DEBUG START Null id null_id : b'435400040001'
2023-04-20T09:44:23.247207+0600 DEBUG Raw ID animal_id: b'43540028004501c38d13091e0102011b0101e2000017160900161150a24ee20034120133fd000a17d65fcc56'
2023-04-20T09:44:23.248536+0600 DEBUG New ID animal_id_new: fd000a17d65f
2023-04-20T09:44:23.249477+0600 DEBUG Null id null_id : b'435400040001'
2023-04-20T09:44:23.250544+0600 DEBUG Success step 2 RFID. animal id new: fd000a17d65f
2023-04-20T09:44:23.971618+0600 DEBUG START RFID FUNCTION
2023-04-20T09:44:23.973336+0600 DEBUG START Animal ID animal_id: b'435400040001'
2023-04-20T09:44:23.974729+0600 DEBUG START Null id null_id : b'435400040001'
2023-04-20T09:44:24.996068+0600 DEBUG Raw ID animal_id: b'43540028004501c38d13091e0102011b0101e2000017160900161150a24ee20034120133fd000a17d65fc45e'
2023-04-20T09:44:24.998171+0600 DEBUG New ID animal_id_new: fd000a17d65f
2023-04-20T09:44:25.001241+0600 DEBUG Null id null_id : b'435400040001'
2023-04-20T09:44:25.003490+0600 DEBUG Success step 2 RFID. animal id new: fd000a17d65f
2023-04-20T09:44:25.978005+0600 DEBUG START RFID FUNCTION
2023-04-20T09:44:25.979937+0600 DEBUG START Animal ID animal_id: b'435400040001'
2023-04-20T09:44:25.981563+0600 DEBUG START Null id null_id : b'435400040001'
