2023-04-20T11:04:10.353881+0600 INFO Connect arduino /dev/ttyACM0
2023-04-20T11:04:10.355969+0600 INFO Configuration of serial, Serial<id=0x75d25268, open=True>(port='/dev/ttyACM0', baudrate=9600, bytesize=8, parity='N', stopbits=1, timeout=None, xonxoff=False, rtscts=False, dsrdtr=False)
2023-04-20T11:04:10.357031+0600 INFO Success: Arduino connected
2023-04-20T11:04:10.361554+0600 INFO ("[1] to calibrate
" "[2] to start measure
>")
2023-04-20T11:04:16.884064+0600 DEBUG START RFID FUNCTION
2023-04-20T11:04:16.886116+0600 DEBUG START Animal ID animal_id: b'435400040001'
2023-04-20T11:04:16.887730+0600 DEBUG START Null id null_id : b'435400040001'
2023-04-20T11:04:16.934685+0600 DEBUG Raw ID animal_id: b'43540028004501c38d13091e0102011b0101e20000174007010117406415e2003412013dfc000ad7a65eca2d'
2023-04-20T11:04:16.936957+0600 DEBUG New ID animal_id_new: fc000ad7a65e
2023-04-20T11:04:16.938849+0600 DEBUG Null id null_id : b'435400040001'
2023-04-20T11:04:16.940972+0600 DEBUG Success step 2 RFID. animal id new: fc000ad7a65e
2023-04-20T11:04:17.133750+0600 DEBUG START RFID FUNCTION
2023-04-20T11:04:17.134924+0600 DEBUG START Animal ID animal_id: b'435400040001'
2023-04-20T11:04:17.135841+0600 DEBUG START Null id null_id : b'435400040001'
2023-04-20T11:04:19.483346+0600 DEBUG Raw ID animal_id: b'43540028004501c38d13091e0102011b0101e20000174007010117406415e2003412013dfc000ad7a65ec82f'
2023-04-20T11:04:19.485314+0600 DEBUG New ID animal_id_new: fc000ad7a65e
2023-04-20T11:04:19.486870+0600 DEBUG Null id null_id : b'435400040001'
2023-04-20T11:04:19.488573+0600 DEBUG Success step 2 RFID. animal id new: fc000ad7a65e
2023-04-20T11:04:20.143636+0600 DEBUG START RFID FUNCTION
2023-04-20T11:04:20.144868+0600 DEBUG START Animal ID animal_id: b'435400040001'
2023-04-20T11:04:20.145790+0600 DEBUG START Null id null_id : b'435400040001'
2023-04-20T11:04:20.183446+0600 DEBUG Raw ID animal_id: b'43540028004501c38d13091e0102011b0101e20000174007010117406415e2003412013dfc000ad7a65ecb2c'
2023-04-20T11:04:20.184735+0600 DEBUG New ID animal_id_new: fc000ad7a65e
2023-04-20T11:04:20.185819+0600 DEBUG Null id null_id : b'435400040001'
2023-04-20T11:04:20.186881+0600 DEBUG Success step 2 RFID. animal id new: fc000ad7a65e
2023-04-20T11:04:21.149293+0600 INFO ARDUINOSerial<id=0x75b1a898, open=True>(port='/dev/ttyACM0', baudrate=9600, bytesize=8, parity='N', stopbits=1, timeout=1, xonxoff=False, rtscts=False, dsrdtr=False)
2023-04-20T11:04:22.157781+0600 ERROR Error, null weight list
2023-04-20T11:04:22.159166+0600 INFO main: weight_finall
2023-04-20T11:04:22.160718+0600 DEBUG START RFID FUNCTION
2023-04-20T11:04:22.162180+0600 DEBUG START Animal ID animal_id: b'435400040001'
2023-04-20T11:04:22.163409+0600 DEBUG START Null id null_id : b'435400040001'
2023-04-20T11:04:22.183527+0600 DEBUG Raw ID animal_id: b'43540028004501c38d13091e0102011b0101e20000174007010117406415e2003412013dfc000ad7a65ecd2a'
2023-04-20T11:04:22.185162+0600 DEBUG New ID animal_id_new: fc000ad7a65e
2023-04-20T11:04:22.186466+0600 DEBUG Null id null_id : b'435400040001'
2023-04-20T11:04:22.188202+0600 DEBUG Success step 2 RFID. animal id new: fc000ad7a65e
2023-04-20T11:04:23.159971+0600 INFO ARDUINOSerial<id=0x75b1a9b8, open=True>(port='/dev/ttyACM0', baudrate=9600, bytesize=8, parity='N', stopbits=1, timeout=1, xonxoff=False, rtscts=False, dsrdtr=False)
2023-04-20T11:04:25.162113+0600 ERROR Error, null weight list
2023-04-20T11:04:25.164008+0600 INFO main: weight_finall
2023-04-20T11:04:25.165902+0600 DEBUG START RFID FUNCTION
2023-04-20T11:04:25.167502+0600 DEBUG START Animal ID animal_id: b'435400040001'
2023-04-20T11:04:25.169022+0600 DEBUG START Null id null_id : b'435400040001'
2023-04-20T11:04:25.183530+0600 DEBUG Raw ID animal_id: b'43540028004501c38d13091e0102011b0101e20000174007010117406415e2003412013dfc000ad7a65ec730'
2023-04-20T11:04:25.185326+0600 DEBUG New ID animal_id_new: fc000ad7a65e
2023-04-20T11:04:25.187017+0600 DEBUG Null id null_id : b'435400040001'
2023-04-20T11:04:25.188602+0600 DEBUG Success step 2 RFID. animal id new: fc000ad7a65e
2023-04-20T11:04:26.169284+0600 DEBUG START RFID FUNCTION
2023-04-20T11:04:26.171277+0600 DEBUG START Animal ID animal_id: b'435400040001'
2023-04-20T11:04:26.173038+0600 DEBUG START Null id null_id : b'435400040001'
2023-04-20T11:04:26.434318+0600 DEBUG Raw ID animal_id: b'43540028004501c38d13091e0102011b0101e20000174007010117406415e2003412013dfc000ad7a65ec532'
2023-04-20T11:04:26.435601+0600 DEBUG New ID animal_id_new: fc000ad7a65e
2023-04-20T11:04:26.436533+0600 DEBUG Null id null_id : b'435400040001'
2023-04-20T11:04:26.437596+0600 DEBUG Success step 2 RFID. animal id new: fc000ad7a65e
2023-04-20T11:04:27.177169+0600 DEBUG START RFID FUNCTION
2023-04-20T11:04:27.179089+0600 DEBUG START Animal ID animal_id: b'435400040001'
2023-04-20T11:04:27.181647+0600 DEBUG START Null id null_id : b'435400040001'
