2023-04-20T10:44:45.686054+0600 INFO Connect arduino /dev/ttyACM1
2023-04-20T10:44:45.688144+0600 INFO Configuration of serial, Serial<id=0x75cbd250, open=True>(port='/dev/ttyACM1', baudrate=9600, bytesize=8, parity='N', stopbits=1, timeout=None, xonxoff=False, rtscts=False, dsrdtr=False)
2023-04-20T10:44:45.689217+0600 INFO Success: Arduino connected
2023-04-20T10:44:45.694127+0600 INFO ("[1] to calibrate
" "[2] to start measure
>")
2023-04-20T10:44:52.953863+0600 DEBUG START RFID FUNCTION
2023-04-20T10:44:52.956000+0600 DEBUG START Animal ID animal_id: b'435400040001'
2023-04-20T10:44:52.957766+0600 DEBUG START Null id null_id : b'435400040001'
2023-04-20T10:44:53.030327+0600 DEBUG Raw ID animal_id: b'43540028004501c38d13091e0102011b0101e20000174007010117406415e2003412013dfc000ad7a65eca2d'
2023-04-20T10:44:53.034835+0600 DEBUG New ID animal_id_new: fc000ad7a65e
2023-04-20T10:44:53.039610+0600 DEBUG Null id null_id : b'435400040001'
2023-04-20T10:44:53.045646+0600 DEBUG Success step 2 RFID. animal id new: fc000ad7a65e
2023-04-20T10:44:53.468107+0600 DEBUG START RFID FUNCTION
2023-04-20T10:44:53.469379+0600 DEBUG START Animal ID animal_id: b'435400040001'
2023-04-20T10:44:53.470374+0600 DEBUG START Null id null_id : b'435400040001'
2023-04-20T10:44:57.378417+0600 DEBUG Raw ID animal_id: b'43540028004501c38d13091e0102011b0101e20000174007010117406415e2003412013dfc000ad7a65ec730'
2023-04-20T10:44:57.380008+0600 DEBUG New ID animal_id_new: fc000ad7a65e
2023-04-20T10:44:57.381096+0600 DEBUG Null id null_id : b'435400040001'
2023-04-20T10:44:57.382462+0600 DEBUG Success step 2 RFID. animal id new: fc000ad7a65e
2023-04-20T10:44:57.486941+0600 DEBUG START RFID FUNCTION
2023-04-20T10:44:57.490069+0600 DEBUG START Animal ID animal_id: b'435400040001'
2023-04-20T10:44:57.492175+0600 DEBUG START Null id null_id : b'435400040001'
2023-04-20T10:44:57.529477+0600 DEBUG Raw ID animal_id: b'43540028004501c38d13091e0102011b0101e20000174007010117406415e2003412013dfc000ad7a65ec730'
2023-04-20T10:44:57.530869+0600 DEBUG New ID animal_id_new: fc000ad7a65e
2023-04-20T10:44:57.531927+0600 DEBUG Null id null_id : b'435400040001'
2023-04-20T10:44:57.532957+0600 DEBUG Success step 2 RFID. animal id new: fc000ad7a65e
2023-04-20T10:44:58.490399+0600 DEBUG START RFID FUNCTION
2023-04-20T10:44:58.492400+0600 DEBUG START Animal ID animal_id: b'435400040001'
2023-04-20T10:44:58.493991+0600 DEBUG START Null id null_id : b'435400040001'
2023-04-20T10:44:58.529572+0600 DEBUG Raw ID animal_id: b'43540028004501c38d13091e0102011b0101e20000174007010117406415e2003412013dfc000ad7a65ecb2c'
2023-04-20T10:44:58.531336+0600 DEBUG New ID animal_id_new: fc000ad7a65e
2023-04-20T10:44:58.532756+0600 DEBUG Null id null_id : b'435400040001'
2023-04-20T10:44:58.534307+0600 DEBUG Success step 2 RFID. animal id new: fc000ad7a65e
2023-04-20T10:44:59.495530+0600 INFO ARDUINOSerial<id=0x75ab3688, open=True>(port='/dev/ttyACM0', baudrate=9600, bytesize=8, parity='N', stopbits=1, timeout=1, xonxoff=False, rtscts=False, dsrdtr=False)
2023-04-20T10:45:01.713083+0600 ERROR Error, null weight list
2023-04-20T10:45:01.715004+0600 INFO main: weight_finall
2023-04-20T10:45:01.718834+0600 DEBUG START RFID FUNCTION
2023-04-20T10:45:01.720541+0600 DEBUG START Animal ID animal_id: b'435400040001'
2023-04-20T10:45:01.722316+0600 DEBUG START Null id null_id : b'435400040001'
2023-04-20T10:45:01.778476+0600 DEBUG Raw ID animal_id: b'43540028004501c38d13091e0102011b0101e20000174007010117406415e2003412013dfc000ad7a65ec730'
2023-04-20T10:45:01.780939+0600 DEBUG New ID animal_id_new: fc000ad7a65e
2023-04-20T10:45:01.783858+0600 DEBUG Null id null_id : b'435400040001'
2023-04-20T10:45:01.786225+0600 DEBUG Success step 2 RFID. animal id new: fc000ad7a65e
2023-04-20T10:45:02.505635+0600 INFO ARDUINOSerial<id=0x75ab39a0, open=True>(port='/dev/ttyACM0', baudrate=9600, bytesize=8, parity='N', stopbits=1, timeout=1, xonxoff=False, rtscts=False, dsrdtr=False)
2023-04-20T10:45:04.723320+0600 ERROR Error, null weight list
2023-04-20T10:45:04.725296+0600 INFO main: weight_finall
2023-04-20T10:45:04.729446+0600 DEBUG START RFID FUNCTION
2023-04-20T10:45:04.731278+0600 DEBUG START Animal ID animal_id: b'435400040001'
2023-04-20T10:45:04.732960+0600 DEBUG START Null id null_id : b'435400040001'
2023-04-20T10:45:05.029263+0600 DEBUG Raw ID animal_id: b'43540028004501c38d13091e0102011b0101e20000174007010117406415e2003412013dfc000ad7a65ec631'
2023-04-20T10:45:05.030637+0600 DEBUG New ID animal_id_new: fc000ad7a65e
2023-04-20T10:45:05.031640+0600 DEBUG Null id null_id : b'435400040001'
2023-04-20T10:45:05.032629+0600 DEBUG Success step 2 RFID. animal id new: fc000ad7a65e
2023-04-20T10:45:05.519273+0600 DEBUG START RFID FUNCTION
2023-04-20T10:45:05.520495+0600 DEBUG START Animal ID animal_id: b'435400040001'
2023-04-20T10:45:05.521429+0600 DEBUG START Null id null_id : b'435400040001'
2023-04-20T10:45:15.377931+0600 DEBUG Raw ID animal_id: b'43540028004501c38d13091e0102011b0101e20000174007010117406415e2003412013dfc000ad7a65ec82f'
2023-04-20T10:45:15.379910+0600 DEBUG New ID animal_id_new: fc000ad7a65e
2023-04-20T10:45:15.381308+0600 DEBUG Null id null_id : b'435400040001'
2023-04-20T10:45:15.383112+0600 DEBUG Success step 2 RFID. animal id new: fc000ad7a65e
2023-04-20T10:45:15.562543+0600 DEBUG START RFID FUNCTION
2023-04-20T10:45:15.563785+0600 DEBUG START Animal ID animal_id: b'435400040001'
2023-04-20T10:45:15.564715+0600 DEBUG START Null id null_id : b'435400040001'
2023-04-20T10:45:15.578401+0600 DEBUG Raw ID animal_id: b'43540028004501c38d13091e0102011b0101e20000174007010117406415e2003412013dfc000ad7a65ecc2b'
2023-04-20T10:45:15.579814+0600 DEBUG New ID animal_id_new: fc000ad7a65e
2023-04-20T10:45:15.580846+0600 DEBUG Null id null_id : b'435400040001'
2023-04-20T10:45:15.582257+0600 DEBUG Success step 2 RFID. animal id new: fc000ad7a65e
2023-04-20T10:45:16.567625+0600 INFO ARDUINOSerial<id=0x75ab3b08, open=True>(port='/dev/ttyACM0', baudrate=9600, bytesize=8, parity='N', stopbits=1, timeout=1, xonxoff=False, rtscts=False, dsrdtr=False)
2023-04-20T10:45:18.786074+0600 ERROR Error, null weight list
2023-04-20T10:45:18.788045+0600 INFO main: weight_finall
2023-04-20T10:45:18.790567+0600 DEBUG START RFID FUNCTION
2023-04-20T10:45:18.792451+0600 DEBUG START Animal ID animal_id: b'435400040001'
2023-04-20T10:45:18.793958+0600 DEBUG START Null id null_id : b'435400040001'
2023-04-20T10:45:19.028849+0600 DEBUG Raw ID animal_id: b'43540028004501c38d13091e0102011b0101e20000174007010117406415e2003412013dfc000ad7a65eca2d'
2023-04-20T10:45:19.030147+0600 DEBUG New ID animal_id_new: fc000ad7a65e
2023-04-20T10:45:19.031065+0600 DEBUG Null id null_id : b'435400040001'
2023-04-20T10:45:19.032171+0600 DEBUG Success step 2 RFID. animal id new: fc000ad7a65e
2023-04-20T10:45:19.581201+0600 DEBUG START RFID FUNCTION
2023-04-20T10:45:19.582869+0600 DEBUG START Animal ID animal_id: b'435400040001'
2023-04-20T10:45:19.584153+0600 DEBUG START Null id null_id : b'435400040001'
