2023-04-24T10:19:40.119705+0600 INFO Connect arduino /dev/ttyACM1
2023-04-24T10:19:40.122395+0600 INFO Configuration of serial, Serial<id=0x75bcdfd0, open=True>(port='/dev/ttyACM1', baudrate=9600, bytesize=8, parity='N', stopbits=1, timeout=None, xonxoff=False, rtscts=False, dsrdtr=False)
2023-04-24T10:19:40.123958+0600 INFO Success: Arduino connected
2023-04-24T10:19:40.131486+0600 INFO ("[1] to calibrate
" "[2] to start measure
>")
2023-04-24T10:19:46.898267+0600 DEBUG START RFID FUNCTION
2023-04-24T10:19:46.900393+0600 DEBUG START Animal ID animal_id: b'435400040001'
2023-04-24T10:19:46.902234+0600 DEBUG START Null id null_id : b'435400040001'
2023-04-24T10:19:58.889504+0600 DEBUG Raw ID animal_id: b'43540028004501c38d13091e0102011b0101e2806894000040103003d496e2806894200040103003d496c0da'
2023-04-24T10:19:58.891540+0600 DEBUG New ID animal_id_new: 40103003d496
2023-04-24T10:19:58.893252+0600 DEBUG Null id null_id : b'435400040001'
2023-04-24T10:19:58.895652+0600 DEBUG Success step 2 RFID. animal id new: 40103003d496
2023-04-24T10:19:58.897991+0600 INFO Animal_ID: 40103003d496
2023-04-24T10:19:58.951575+0600 INFO Distance: 135.0
2023-04-24T10:19:58.956151+0600 INFO ARDUINOSerial<id=0x75b5aac0, open=True>(port='/dev/ttyACM0', baudrate=9600, bytesize=8, parity='N', stopbits=1, timeout=1, xonxoff=False, rtscts=False, dsrdtr=False)
2023-04-24T10:20:02.130025+0600 DEBUG Array weights: [91.37]
2023-04-24T10:20:03.323050+0600 DEBUG Array weights: [91.37, 89.15]
2023-04-24T10:20:04.513895+0600 DEBUG Array weights: [91.37, 89.15, 90.19]
2023-04-24T10:20:05.702628+0600 DEBUG Array weights: [91.37, 89.15, 90.19, 90.41]
2023-04-24T10:20:06.894586+0600 DEBUG Array weights: [91.37, 89.15, 90.19, 90.41, 90.22]
2023-04-24T10:20:08.086463+0600 DEBUG Array weights: [91.37, 89.15, 90.19, 90.41, 90.22, 90.63]
2023-04-24T10:20:09.273715+0600 DEBUG Array weights: [91.37, 89.15, 90.19, 90.41, 90.22, 90.63, 89.74]
2023-04-24T10:20:10.465923+0600 DEBUG Array weights: [91.37, 89.15, 90.19, 90.41, 90.22, 90.63, 89.74, 90.04]
2023-04-24T10:20:11.657930+0600 DEBUG Array weights: [91.37, 89.15, 90.19, 90.41, 90.22, 90.63, 89.74, 90.04, 88.33]
2023-04-24T10:20:12.849682+0600 DEBUG Array weights: [91.37, 89.15, 90.19, 90.41, 90.22, 90.63, 89.74, 90.04, 88.33, 89.81]
2023-04-24T10:20:14.043648+0600 DEBUG Array weights: [91.37, 89.15, 90.19, 90.41, 90.22, 90.63, 89.74, 90.04, 88.33, 89.81, 91.0]
2023-04-24T10:20:15.229632+0600 DEBUG Array weights: [91.37, 89.15, 90.19, 90.41, 90.22, 90.63, 89.74, 90.04, 88.33, 89.81, 91.0, 88.37]
2023-04-24T10:20:16.420852+0600 DEBUG Array weights: [91.37, 89.15, 90.19, 90.41, 90.22, 90.63, 89.74, 90.04, 88.33, 89.81, 91.0, 88.37, 91.41]
2023-04-24T10:20:17.612899+0600 DEBUG Array weights: [91.37, 89.15, 90.19, 90.41, 90.22, 90.63, 89.74, 90.04, 88.33, 89.81, 91.0, 88.37, 91.41, 91.33]
2023-04-24T10:20:18.088322+0600 INFO Start weight: 90.205
2023-04-24T10:20:18.089788+0600 INFO Start time: 9446.97310337
2023-04-24T10:20:18.090848+0600 INFO main: weight_finall
2023-04-24T10:20:18.091801+0600 DEBUG START RFID FUNCTION
2023-04-24T10:20:18.092622+0600 DEBUG START Animal ID animal_id: b'435400040001'
2023-04-24T10:20:18.093474+0600 DEBUG START Null id null_id : b'435400040001'
2023-04-24T10:20:18.338335+0600 DEBUG Raw ID animal_id: b'43540028004501c38d13091e0102011b0101e2806894000040103003d496e2806894200040103003d496c2d8'
2023-04-24T10:20:18.339812+0600 DEBUG New ID animal_id_new: 40103003d496
2023-04-24T10:20:18.340877+0600 DEBUG Null id null_id : b'435400040001'
2023-04-24T10:20:18.341899+0600 DEBUG Success step 2 RFID. animal id new: 40103003d496
2023-04-24T10:20:18.342836+0600 INFO Animal_ID: 40103003d496
2023-04-24T10:20:19.033065+0600 INFO Distance: 138.0
2023-04-24T10:20:19.037663+0600 INFO ARDUINOSerial<id=0x75b5aaf0, open=True>(port='/dev/ttyACM0', baudrate=9600, bytesize=8, parity='N', stopbits=1, timeout=1, xonxoff=False, rtscts=False, dsrdtr=False)
2023-04-24T10:20:21.304387+0600 DEBUG Array weights: [47.22]
2023-04-24T10:20:22.495609+0600 DEBUG Array weights: [47.22, 46.81]
2023-04-24T10:20:23.687358+0600 DEBUG Array weights: [47.22, 46.81, 46.11]
2023-04-24T10:20:24.879376+0600 DEBUG Array weights: [47.22, 46.81, 46.11, 46.52]
2023-04-24T10:20:26.071030+0600 DEBUG Array weights: [47.22, 46.81, 46.11, 46.52, 45.7]
2023-04-24T10:20:27.259344+0600 DEBUG Array weights: [47.22, 46.81, 46.11, 46.52, 45.7, 47.07]
2023-04-24T10:20:28.451797+0600 DEBUG Array weights: [47.22, 46.81, 46.11, 46.52, 45.7, 47.07, 45.74]
2023-04-24T10:20:29.643846+0600 DEBUG Array weights: [47.22, 46.81, 46.11, 46.52, 45.7, 47.07, 45.74, 48.93]
2023-04-24T10:20:30.835569+0600 DEBUG Array weights: [47.22, 46.81, 46.11, 46.52, 45.7, 47.07, 45.74, 48.93, 47.93]
2023-04-24T10:20:32.027383+0600 DEBUG Array weights: [47.22, 46.81, 46.11, 46.52, 45.7, 47.07, 45.74, 48.93, 47.93, 45.15]
2023-04-24T10:20:33.214666+0600 DEBUG Array weights: [47.22, 46.81, 46.11, 46.52, 45.7, 47.07, 45.74, 48.93, 47.93, 45.15, 48.0]
2023-04-24T10:20:34.407000+0600 DEBUG Array weights: [47.22, 46.81, 46.11, 46.52, 45.7, 47.07, 45.74, 48.93, 47.93, 45.15, 48.0, 47.11]
2023-04-24T10:20:35.598886+0600 DEBUG Array weights: [47.22, 46.81, 46.11, 46.52, 45.7, 47.07, 45.74, 48.93, 47.93, 45.15, 48.0, 47.11, 47.26]
2023-04-24T10:20:36.790583+0600 DEBUG Array weights: [47.22, 46.81, 46.11, 46.52, 45.7, 47.07, 45.74, 48.93, 47.93, 45.15, 48.0, 47.11, 47.26, 46.37]
2023-04-24T10:20:37.978761+0600 DEBUG Array weights: [47.22, 46.81, 46.11, 46.52, 45.7, 47.07, 45.74, 48.93, 47.93, 45.15, 48.0, 47.11, 47.26, 46.37, 46.15]
2023-04-24T10:20:39.171697+0600 DEBUG Array weights: [47.22, 46.81, 46.11, 46.52, 45.7, 47.07, 45.74, 48.93, 47.93, 45.15, 48.0, 47.11, 47.26, 46.37, 46.15, 44.07]
2023-04-24T10:20:40.362159+0600 DEBUG Array weights: [47.22, 46.81, 46.11, 46.52, 45.7, 47.07, 45.74, 48.93, 47.93, 45.15, 48.0, 47.11, 47.26, 46.37, 46.15, 44.07, 43.26]
2023-04-24T10:20:41.553947+0600 DEBUG Array weights: [47.22, 46.81, 46.11, 46.52, 45.7, 47.07, 45.74, 48.93, 47.93, 45.15, 48.0, 47.11, 47.26, 46.37, 46.15, 44.07, 43.26, 44.67]
2023-04-24T10:20:42.746960+0600 DEBUG Array weights: [47.22, 46.81, 46.11, 46.52, 45.7, 47.07, 45.74, 48.93, 47.93, 45.15, 48.0, 47.11, 47.26, 46.37, 46.15, 44.07, 43.26, 44.67, 46.04]
2023-04-24T10:20:43.933900+0600 DEBUG Array weights: [47.22, 46.81, 46.11, 46.52, 45.7, 47.07, 45.74, 48.93, 47.93, 45.15, 48.0, 47.11, 47.26, 46.37, 46.15, 44.07, 43.26, 44.67, 46.04, 44.74]
2023-04-24T10:20:45.126250+0600 DEBUG Array weights: [47.22, 46.81, 46.11, 46.52, 45.7, 47.07, 45.74, 48.93, 47.93, 45.15, 48.0, 47.11, 47.26, 46.37, 46.15, 44.07, 43.26, 44.67, 46.04, 44.74, 44.59]
2023-04-24T10:20:46.318103+0600 DEBUG Array weights: [47.22, 46.81, 46.11, 46.52, 45.7, 47.07, 45.74, 48.93, 47.93, 45.15, 48.0, 47.11, 47.26, 46.37, 46.15, 44.07, 43.26, 44.67, 46.04, 44.74, 44.59, 45.15]
2023-04-24T10:20:47.509825+0600 DEBUG Array weights: [47.22, 46.81, 46.11, 46.52, 45.7, 47.07, 45.74, 48.93, 47.93, 45.15, 48.0, 47.11, 47.26, 46.37, 46.15, 44.07, 43.26, 44.67, 46.04, 44.74, 44.59, 45.15, 44.63]
2023-04-24T10:20:48.701612+0600 DEBUG Array weights: [47.22, 46.81, 46.11, 46.52, 45.7, 47.07, 45.74, 48.93, 47.93, 45.15, 48.0, 47.11, 47.26, 46.37, 46.15, 44.07, 43.26, 44.67, 46.04, 44.74, 44.59, 45.15, 44.63, 43.3]
2023-04-24T10:20:49.890016+0600 DEBUG Array weights: [47.22, 46.81, 46.11, 46.52, 45.7, 47.07, 45.74, 48.93, 47.93, 45.15, 48.0, 47.11, 47.26, 46.37, 46.15, 44.07, 43.26, 44.67, 46.04, 44.74, 44.59, 45.15, 44.63, 43.3, 44.96]
2023-04-24T10:20:50.369193+0600 INFO Start weight: 46.04
2023-04-24T10:20:50.370571+0600 INFO Start time: 9479.253884428
2023-04-24T10:20:50.371690+0600 INFO main: weight_finall
2023-04-24T10:20:50.372765+0600 DEBUG START RFID FUNCTION
2023-04-24T10:20:50.373764+0600 DEBUG START Animal ID animal_id: b'435400040001'
2023-04-24T10:20:50.374687+0600 DEBUG START Null id null_id : b'435400040001'
2023-04-24T10:27:09.967059+0600 DEBUG Raw ID animal_id: b'43540028004501c38d13091e0102011b0101e2806894000040103003d496e2806894200040103003d496c0da'
2023-04-24T10:27:09.969350+0600 DEBUG New ID animal_id_new: 40103003d496
2023-04-24T10:27:09.971424+0600 DEBUG Null id null_id : b'435400040001'
2023-04-24T10:27:09.974143+0600 DEBUG Success step 2 RFID. animal id new: 40103003d496
2023-04-24T10:27:09.976432+0600 INFO Animal_ID: 40103003d496
2023-04-24T10:27:10.782989+0600 INFO Distance: 151.0
2023-04-24T10:27:10.785927+0600 INFO ARDUINOSerial<id=0x75b5ae68, open=True>(port='/dev/ttyACM0', baudrate=9600, bytesize=8, parity='N', stopbits=1, timeout=1, xonxoff=False, rtscts=False, dsrdtr=False)
2023-04-24T10:27:11.844454+0600 ERROR Error, null weight list
2023-04-24T10:27:11.846393+0600 INFO Start weight: 0
2023-04-24T10:27:11.848190+0600 INFO Start time: 9860.731479176
2023-04-24T10:27:11.849826+0600 INFO main: weight_finall
2023-04-24T10:27:11.851456+0600 DEBUG START RFID FUNCTION
2023-04-24T10:27:11.852997+0600 DEBUG START Animal ID animal_id: b'435400040001'
2023-04-24T10:27:11.854525+0600 DEBUG START Null id null_id : b'435400040001'
2023-04-24T10:27:11.866840+0600 DEBUG Raw ID animal_id: b'43540028004501c38d13091e0102011b0101e2806894000040103003d496e2806894200040103003d496cfcb'
2023-04-24T10:27:11.868899+0600 DEBUG New ID animal_id_new: 40103003d496
2023-04-24T10:27:11.870532+0600 DEBUG Null id null_id : b'435400040001'
2023-04-24T10:27:11.872657+0600 DEBUG Success step 2 RFID. animal id new: 40103003d496
2023-04-24T10:27:11.874514+0600 INFO Animal_ID: 40103003d496
2023-04-24T10:27:12.794694+0600 INFO Distance: 151.0
2023-04-24T10:27:12.797595+0600 INFO ARDUINOSerial<id=0x75b5a9e8, open=True>(port='/dev/ttyACM0', baudrate=9600, bytesize=8, parity='N', stopbits=1, timeout=1, xonxoff=False, rtscts=False, dsrdtr=False)
2023-04-24T10:27:13.867539+0600 ERROR Error, null weight list
2023-04-24T10:27:13.869496+0600 INFO Start weight: 0
2023-04-24T10:27:13.871239+0600 INFO Start time: 9862.7545316
2023-04-24T10:27:13.872801+0600 INFO main: weight_finall
2023-04-24T10:27:13.874406+0600 DEBUG START RFID FUNCTION
2023-04-24T10:27:13.875899+0600 DEBUG START Animal ID animal_id: b'435400040001'
2023-04-24T10:27:13.877535+0600 DEBUG START Null id null_id : b'435400040001'
2023-04-24T10:27:13.967307+0600 DEBUG Raw ID animal_id: b'43540028004501c38d13091e0102011b0101e2806894000040103003d496e2806894200040103003d496cecc'
2023-04-24T10:27:13.972555+0600 DEBUG New ID animal_id_new: 40103003d496
2023-04-24T10:27:13.977103+0600 DEBUG Null id null_id : b'435400040001'
2023-04-24T10:27:13.981352+0600 DEBUG Success step 2 RFID. animal id new: 40103003d496
2023-04-24T10:27:13.988357+0600 INFO Animal_ID: 40103003d496
2023-04-24T10:27:14.802335+0600 INFO Distance: 14.0
2023-04-24T10:27:14.805709+0600 INFO ARDUINOSerial<id=0x75b5a898, open=True>(port='/dev/ttyACM0', baudrate=9600, bytesize=8, parity='N', stopbits=1, timeout=1, xonxoff=False, rtscts=False, dsrdtr=False)
2023-04-24T10:27:15.895284+0600 ERROR Error, null weight list
2023-04-24T10:27:15.897025+0600 INFO Start weight: 0
2023-04-24T10:27:15.898498+0600 INFO Start time: 9864.78180695
2023-04-24T10:27:15.899790+0600 INFO main: weight_finall
2023-04-24T10:27:17.816983+0600 INFO Final_weight: 0
2023-04-24T10:27:17.818665+0600 INFO Feed_time: 0.0
2023-04-24T10:27:17.820706+0600 DEBUG START RFID FUNCTION
2023-04-24T10:27:17.822054+0600 DEBUG START Animal ID animal_id: b'435400040001'
2023-04-24T10:27:17.823193+0600 DEBUG START Null id null_id : b'435400040001'
2023-04-24T10:27:18.317180+0600 DEBUG Raw ID animal_id: b'43540028004501c38d13091e0102011b0101e2806894000040103003d496e2806894200040103003d496c8d2'
2023-04-24T10:27:18.318688+0600 DEBUG New ID animal_id_new: 40103003d496
2023-04-24T10:27:18.319778+0600 DEBUG Null id null_id : b'435400040001'
2023-04-24T10:27:18.320912+0600 DEBUG Success step 2 RFID. animal id new: 40103003d496
2023-04-24T10:27:18.322016+0600 INFO Animal_ID: 40103003d496
2023-04-24T10:27:18.820140+0600 INFO Distance: 155.0
2023-04-24T10:27:18.824185+0600 INFO ARDUINOSerial<id=0x75b5af58, open=True>(port='/dev/ttyACM0', baudrate=9600, bytesize=8, parity='N', stopbits=1, timeout=1, xonxoff=False, rtscts=False, dsrdtr=False)
