2023-04-21T14:57:38.918139+0600 INFO Connect arduino /dev/ttyACM1
2023-04-21T14:57:38.920220+0600 INFO Configuration of serial, Serial<id=0x75b0bdf0, open=True>(port='/dev/ttyACM1', baudrate=9600, bytesize=8, parity='N', stopbits=1, timeout=None, xonxoff=False, rtscts=False, dsrdtr=False)
2023-04-21T14:57:38.921267+0600 INFO Success: Arduino connected
2023-04-21T14:57:38.925948+0600 INFO ("[1] to calibrate
" "[2] to start measure
>")
2023-04-21T14:57:46.441782+0600 INFO Start calibrate function
2023-04-21T14:57:46.448884+0600 INFO ARDUINOSerial<id=0x75b1da00, open=True>(port='/dev/ttyACM0', baudrate=9600, bytesize=8, parity='N', stopbits=1, timeout=1, xonxoff=False, rtscts=False, dsrdtr=False)
2023-04-21T14:57:46.450718+0600 INFO Remove any items from scale. Press any key when ready.
2023-04-21T14:57:52.425341+0600 INFO Value at zero (offset): 61877
2023-04-21T14:57:52.427249+0600 INFO Please place an item of known weight on the scale.
2023-04-21T14:57:56.480477+0600 INFO Please enter the item's weight in kg.
>
2023-04-21T14:57:58.909411+0600 INFO Scale adjusted for kilograms: -7.0
2023-04-21T14:57:58.911479+0600 INFO Offset: 61877, set_scale(scale): -7.0
2023-04-21T14:57:58.934747+0600 DEBUG START RFID FUNCTION
2023-04-21T14:57:58.936669+0600 DEBUG START Animal ID animal_id: b'435400040001'
2023-04-21T14:57:58.938251+0600 DEBUG START Null id null_id : b'435400040001'
2023-04-21T14:58:02.569724+0600 DEBUG Raw ID animal_id: b'43540028004501c38d13091e0102011b0101e2806894000040103003d496e2806894200040103003d496c2d8'
2023-04-21T14:58:02.571620+0600 DEBUG New ID animal_id_new: 40103003d496
2023-04-21T14:58:02.572864+0600 DEBUG Null id null_id : b'435400040001'
2023-04-21T14:58:02.574389+0600 DEBUG Success step 2 RFID. animal id new: 40103003d496
2023-04-21T14:58:02.767700+0600 DEBUG START RFID FUNCTION
2023-04-21T14:58:02.768903+0600 DEBUG START Animal ID animal_id: b'435400040001'
2023-04-21T14:58:02.769850+0600 DEBUG START Null id null_id : b'435400040001'
2023-04-21T14:58:02.820708+0600 DEBUG Raw ID animal_id: b'43540028004501c38d13091e0102011b0101e2806894000040103003d496e2806894200040103003d496c5d5'
2023-04-21T14:58:02.822222+0600 DEBUG New ID animal_id_new: 40103003d496
2023-04-21T14:58:02.823460+0600 DEBUG Null id null_id : b'435400040001'
2023-04-21T14:58:02.824863+0600 DEBUG Success step 2 RFID. animal id new: 40103003d496
2023-04-21T14:58:03.772747+0600 INFO ARDUINOSerial<id=0x75b1d958, open=True>(port='/dev/ttyACM0', baudrate=9600, bytesize=8, parity='N', stopbits=1, timeout=1, xonxoff=False, rtscts=False, dsrdtr=False)
2023-04-21T14:58:05.983456+0600 ERROR Error, null weight list
2023-04-21T14:58:05.985409+0600 INFO Start weight: 0
2023-04-21T14:58:05.986995+0600 INFO main: weight_finall
2023-04-21T14:58:05.989532+0600 DEBUG START RFID FUNCTION
2023-04-21T14:58:05.991233+0600 DEBUG START Animal ID animal_id: b'435400040001'
2023-04-21T14:58:05.992750+0600 DEBUG START Null id null_id : b'435400040001'
2023-04-21T14:58:06.070293+0600 DEBUG Raw ID animal_id: b'43540028004501c38d13091e0102011b0101e2806894000040103003d496e2806894200040103003d496c1d9'
2023-04-21T14:58:06.076000+0600 DEBUG New ID animal_id_new: 40103003d496
2023-04-21T14:58:06.079806+0600 DEBUG Null id null_id : b'435400040001'
2023-04-21T14:58:06.085238+0600 DEBUG Success step 2 RFID. animal id new: 40103003d496
2023-04-21T14:58:06.786714+0600 INFO ARDUINOSerial<id=0x75b1d790, open=True>(port='/dev/ttyACM0', baudrate=9600, bytesize=8, parity='N', stopbits=1, timeout=1, xonxoff=False, rtscts=False, dsrdtr=False)
2023-04-21T14:58:09.003622+0600 ERROR Error, null weight list
2023-04-21T14:58:09.005632+0600 INFO Start weight: 0
2023-04-21T14:58:09.007203+0600 INFO main: weight_finall
2023-04-21T14:58:09.011090+0600 DEBUG START RFID FUNCTION
2023-04-21T14:58:09.012692+0600 DEBUG START Animal ID animal_id: b'435400040001'
2023-04-21T14:58:09.014396+0600 DEBUG START Null id null_id : b'435400040001'
2023-04-21T14:58:09.320638+0600 DEBUG Raw ID animal_id: b'43540028004501c38d13091e0102011b0101e2806894000040103003d496e2806894200040103003d496c1d9'
2023-04-21T14:58:09.321970+0600 DEBUG New ID animal_id_new: 40103003d496
2023-04-21T14:58:09.325143+0600 DEBUG Null id null_id : b'435400040001'
2023-04-21T14:58:09.326513+0600 DEBUG Success step 2 RFID. animal id new: 40103003d496
2023-04-21T14:58:09.796616+0600 DEBUG START RFID FUNCTION
2023-04-21T14:58:09.797850+0600 DEBUG START Animal ID animal_id: b'435400040001'
2023-04-21T14:58:09.798824+0600 DEBUG START Null id null_id : b'435400040001'
