2023-04-18T15:20:25.412445+0600 INFO ("[1] to calibrate
" "[2] to start measure
>")
2023-04-18T15:20:32.489926+0600 DEBUG START RFID FUNCTION
2023-04-18T15:20:32.492205+0600 DEBUG START Animal ID animal_id: b'435400040001'
2023-04-18T15:20:32.493865+0600 DEBUG START Null id null_id : b'435400040001'
2023-04-18T15:20:32.909939+0600 DEBUG Raw ID animal_id: b'43540028004501c38d13091e0102011b0101e2806894000040103003d496e2806894200040103003d496c4d6'
2023-04-18T15:20:32.911215+0600 DEBUG New ID animal_id_new: 40103003d496
2023-04-18T15:20:32.912244+0600 DEBUG Null id null_id : b'435400040001'
2023-04-18T15:20:32.913330+0600 DEBUG Success step 2 RFID. animal id new: 40103003d496
2023-04-18T15:20:32.914461+0600 ERROR An error has been caught in function '<module>', process 'MainProcess' (16152), thread 'MainThread' (1995504000):
Traceback (most recent call last):

  File "/home/pi/Downloads/max/main_pcf.py", line 34, in main
    sensor_distance=pcf.connect_arduino_to_get_dist(s)
                    │   └ <function connect_arduino_to_get_dist at 0x75aabbb0>
                    └ <module 'lib_test' from '/home/pi/Downloads/max/lib_test.py'>

NameError: name 's' is not defined


During handling of the above exception, another exception occurred:


Traceback (most recent call last):

> File "/home/pi/Downloads/max/main_pcf.py", line 56, in <module>
    main()
    └ <function main at 0x75aabcd0>

  File "/home/pi/Downloads/max/main_pcf.py", line 52, in main
    arduino.disconnect()

UnboundLocalError: local variable 'arduino' referenced before assignment
