2023-04-20T10:28:10.417259+0600 INFO Connect arduino /dev/ttyACM0
2023-04-20T10:28:10.419341+0600 INFO Configuration of serial, Serial<id=0x75c9e268, open=True>(port='/dev/ttyACM0', baudrate=9600, bytesize=8, parity='N', stopbits=1, timeout=None, xonxoff=False, rtscts=False, dsrdtr=False)
2023-04-20T10:28:10.420413+0600 INFO Success: Arduino connected
2023-04-20T10:28:10.425131+0600 INFO ("[1] to calibrate
" "[2] to start measure
>")
2023-04-20T10:28:17.015183+0600 DEBUG START RFID FUNCTION
2023-04-20T10:28:17.016806+0600 DEBUG START Animal ID animal_id: b'435400040001'
2023-04-20T10:28:17.017969+0600 DEBUG START Null id null_id : b'435400040001'
2023-04-20T10:28:17.068154+0600 DEBUG Raw ID animal_id: b'43540028004501c38d13091e0102011b0101e20000174007010117406415e2003412013dfc000ad7a65ec631'
2023-04-20T10:28:17.069764+0600 DEBUG New ID animal_id_new: fc000ad7a65e
2023-04-20T10:28:17.071275+0600 DEBUG Null id null_id : b'435400040001'
2023-04-20T10:28:17.073295+0600 DEBUG Success step 2 RFID. animal id new: fc000ad7a65e
2023-04-20T10:28:17.200296+0600 DEBUG START RFID FUNCTION
2023-04-20T10:28:17.204304+0600 DEBUG START Animal ID animal_id: b'435400040001'
2023-04-20T10:28:17.207369+0600 DEBUG START Null id null_id : b'435400040001'
2023-04-20T10:28:19.216950+0600 DEBUG Raw ID animal_id: b'43540028004501c38d13091e0102011b0101e20000174007010117406415e2003412013dfc000ad7a65ec631'
2023-04-20T10:28:19.218950+0600 DEBUG New ID animal_id_new: fc000ad7a65e
2023-04-20T10:28:19.220551+0600 DEBUG Null id null_id : b'435400040001'
2023-04-20T10:28:19.222451+0600 DEBUG Success step 2 RFID. animal id new: fc000ad7a65e
2023-04-20T10:28:20.207661+0600 DEBUG START RFID FUNCTION
2023-04-20T10:28:20.209487+0600 DEBUG START Animal ID animal_id: b'435400040001'
2023-04-20T10:28:20.210997+0600 DEBUG START Null id null_id : b'435400040001'
2023-04-20T10:28:20.416918+0600 DEBUG Raw ID animal_id: b'43540028004501c38d13091e0102011b0101e20000174007010117406415e2003412013dfc000ad7a65ec82f'
2023-04-20T10:28:20.418568+0600 DEBUG New ID animal_id_new: fc000ad7a65e
2023-04-20T10:28:20.419836+0600 DEBUG Null id null_id : b'435400040001'
2023-04-20T10:28:20.421276+0600 DEBUG Success step 2 RFID. animal id new: fc000ad7a65e
2023-04-20T10:28:22.217415+0600 ERROR Error, null weight list
2023-04-20T10:28:22.219348+0600 INFO main: weight_finall
2023-04-20T10:28:22.222412+0600 DEBUG START RFID FUNCTION
2023-04-20T10:28:22.224248+0600 DEBUG START Animal ID animal_id: b'435400040001'
2023-04-20T10:28:22.225819+0600 DEBUG START Null id null_id : b'435400040001'
2023-04-20T10:28:22.317586+0600 DEBUG Raw ID animal_id: b'43540028004501c38d13091e0102011b0101e20000174007010117406415e2003412013dfc000ad7a65ecc2b'
2023-04-20T10:28:22.322350+0600 DEBUG New ID animal_id_new: fc000ad7a65e
2023-04-20T10:28:22.326741+0600 DEBUG Null id null_id : b'435400040001'
2023-04-20T10:28:22.331650+0600 DEBUG Success step 2 RFID. animal id new: fc000ad7a65e
2023-04-20T10:28:24.228404+0600 ERROR Error, null weight list
2023-04-20T10:28:24.230334+0600 INFO main: weight_finall
2023-04-20T10:28:24.232377+0600 DEBUG START RFID FUNCTION
2023-04-20T10:28:24.234016+0600 DEBUG START Animal ID animal_id: b'435400040001'
2023-04-20T10:28:24.235534+0600 DEBUG START Null id null_id : b'435400040001'
2023-04-20T10:28:24.317449+0600 DEBUG Raw ID animal_id: b'43540028004501c38d13091e0102011b0101e20000174007010117406415e2003412013dfc000ad7a65ecd2a'
2023-04-20T10:28:24.323397+0600 DEBUG New ID animal_id_new: fc000ad7a65e
2023-04-20T10:28:24.328016+0600 DEBUG Null id null_id : b'435400040001'
2023-04-20T10:28:24.333563+0600 DEBUG Success step 2 RFID. animal id new: fc000ad7a65e
2023-04-20T10:28:26.239277+0600 ERROR Error, null weight list
2023-04-20T10:28:26.241194+0600 INFO main: weight_finall
2023-04-20T10:28:26.243113+0600 DEBUG START RFID FUNCTION
2023-04-20T10:28:26.244817+0600 DEBUG START Animal ID animal_id: b'435400040001'
2023-04-20T10:28:26.246374+0600 DEBUG START Null id null_id : b'435400040001'
2023-04-20T10:28:26.317265+0600 DEBUG Raw ID animal_id: b'43540028004501c38d13091e0102011b0101e20000174007010117406415e2003412013dfc000ad7a65ecd2a'
2023-04-20T10:28:26.323817+0600 DEBUG New ID animal_id_new: fc000ad7a65e
2023-04-20T10:28:26.329531+0600 DEBUG Null id null_id : b'435400040001'
2023-04-20T10:28:26.337243+0600 DEBUG Success step 2 RFID. animal id new: fc000ad7a65e
2023-04-20T10:28:27.236633+0600 DEBUG START RFID FUNCTION
2023-04-20T10:28:27.238542+0600 DEBUG START Animal ID animal_id: b'435400040001'
2023-04-20T10:28:27.241395+0600 DEBUG START Null id null_id : b'435400040001'
2023-04-20T10:28:27.567325+0600 DEBUG Raw ID animal_id: b'43540028004501c38d13091e0102011b0101e20000174007010117406415e2003412013dfc000ad7a65ec82f'
2023-04-20T10:28:27.568619+0600 DEBUG New ID animal_id_new: fc000ad7a65e
2023-04-20T10:28:27.569546+0600 DEBUG Null id null_id : b'435400040001'
2023-04-20T10:28:27.570579+0600 DEBUG Success step 2 RFID. animal id new: fc000ad7a65e
2023-04-20T10:28:28.239644+0600 DEBUG START RFID FUNCTION
2023-04-20T10:28:28.241655+0600 DEBUG START Animal ID animal_id: b'435400040001'
2023-04-20T10:28:28.243148+0600 DEBUG START Null id null_id : b'435400040001'
2023-04-20T10:28:30.016218+0600 DEBUG Raw ID animal_id: b'43540028004501c38d13091e0102011b0101e20000174007010117406415e2003412013dfc000ad7a65ec532'
2023-04-20T10:28:30.017846+0600 DEBUG New ID animal_id_new: fc000ad7a65e
2023-04-20T10:28:30.019112+0600 DEBUG Null id null_id : b'435400040001'
2023-04-20T10:28:30.020484+0600 DEBUG Success step 2 RFID. animal id new: fc000ad7a65e
2023-04-20T10:28:30.250382+0600 DEBUG START RFID FUNCTION
2023-04-20T10:28:30.251699+0600 DEBUG START Animal ID animal_id: b'435400040001'
2023-04-20T10:28:30.252700+0600 DEBUG START Null id null_id : b'435400040001'
2023-04-20T10:28:30.316258+0600 DEBUG Raw ID animal_id: b'43540028004501c38d13091e0102011b0101e20000174007010117406415e2003412013dfc000ad7a65ece29'
2023-04-20T10:28:30.317853+0600 DEBUG New ID animal_id_new: fc000ad7a65e
2023-04-20T10:28:30.319645+0600 DEBUG Null id null_id : b'435400040001'
2023-04-20T10:28:30.321692+0600 DEBUG Success step 2 RFID. animal id new: fc000ad7a65e
2023-04-20T10:28:33.258281+0600 ERROR Error, null weight list
2023-04-20T10:28:33.260190+0600 INFO main: weight_finall
2023-04-20T10:28:33.265038+0600 DEBUG START RFID FUNCTION
2023-04-20T10:28:33.266932+0600 DEBUG START Animal ID animal_id: b'435400040001'
2023-04-20T10:28:33.268622+0600 DEBUG START Null id null_id : b'435400040001'
2023-04-20T10:28:33.316440+0600 DEBUG Raw ID animal_id: b'43540028004501c38d13091e0102011b0101e20000174007010117406415e2003412013dfc000ad7a65ed027'
2023-04-20T10:28:33.318601+0600 DEBUG New ID animal_id_new: fc000ad7a65e
2023-04-20T10:28:33.320696+0600 DEBUG Null id null_id : b'435400040001'
2023-04-20T10:28:33.323054+0600 DEBUG Success step 2 RFID. animal id new: fc000ad7a65e
2023-04-20T10:28:35.274724+0600 ERROR Error, null weight list
2023-04-20T10:28:35.276604+0600 INFO main: weight_finall
2023-04-20T10:28:35.278532+0600 DEBUG START RFID FUNCTION
2023-04-20T10:28:35.280206+0600 DEBUG START Animal ID animal_id: b'435400040001'
2023-04-20T10:28:35.282001+0600 DEBUG START Null id null_id : b'435400040001'
2023-04-20T10:28:35.316128+0600 DEBUG Raw ID animal_id: b'43540028004501c38d13091e0102011b0101e20000174007010117406415e2003412013dfc000ad7a65eca2d'
2023-04-20T10:28:35.318307+0600 DEBUG New ID animal_id_new: fc000ad7a65e
2023-04-20T10:28:35.320308+0600 DEBUG Null id null_id : b'435400040001'
2023-04-20T10:28:35.322431+0600 DEBUG Success step 2 RFID. animal id new: fc000ad7a65e
2023-04-20T10:28:36.276440+0600 DEBUG START RFID FUNCTION
2023-04-20T10:28:36.278323+0600 DEBUG START Animal ID animal_id: b'435400040001'
2023-04-20T10:28:36.279960+0600 DEBUG START Null id null_id : b'435400040001'
2023-04-20T10:28:39.215873+0600 DEBUG Raw ID animal_id: b'43540028004501c38d13091e0102011b0101e20000174007010117406415e2003412013dfc000ad7a65ec532'
2023-04-20T10:28:39.217999+0600 DEBUG New ID animal_id_new: fc000ad7a65e
2023-04-20T10:28:39.220684+0600 DEBUG Null id null_id : b'435400040001'
2023-04-20T10:28:39.222847+0600 DEBUG Success step 2 RFID. animal id new: fc000ad7a65e
2023-04-20T10:28:39.287178+0600 DEBUG START RFID FUNCTION
2023-04-20T10:28:39.289502+0600 DEBUG START Animal ID animal_id: b'435400040001'
2023-04-20T10:28:39.291671+0600 DEBUG START Null id null_id : b'435400040001'
2023-04-20T10:28:39.317517+0600 DEBUG Raw ID animal_id: b'43540028004501c38d13091e0102011b0101e20000174007010117406415e2003412013dfc000ad7a65ec532'
2023-04-20T10:28:39.323284+0600 DEBUG New ID animal_id_new: fc000ad7a65e
2023-04-20T10:28:39.328278+0600 DEBUG Null id null_id : b'435400040001'
2023-04-20T10:28:39.335204+0600 DEBUG Success step 2 RFID. animal id new: fc000ad7a65e
2023-04-20T10:28:42.297794+0600 ERROR Error, null weight list
2023-04-20T10:28:42.299342+0600 INFO main: weight_finall
2023-04-20T10:28:42.300803+0600 DEBUG START RFID FUNCTION
2023-04-20T10:28:42.302166+0600 DEBUG START Animal ID animal_id: b'435400040001'
2023-04-20T10:28:42.303566+0600 DEBUG START Null id null_id : b'435400040001'
2023-04-20T10:28:42.315993+0600 DEBUG Raw ID animal_id: b'43540028004501c38d13091e0102011b0101e20000174007010117406415e2003412013dfc000ad7a65ecf28'
2023-04-20T10:28:42.317670+0600 DEBUG New ID animal_id_new: fc000ad7a65e
2023-04-20T10:28:42.319011+0600 DEBUG Null id null_id : b'435400040001'
2023-04-20T10:28:42.320731+0600 DEBUG Success step 2 RFID. animal id new: fc000ad7a65e
2023-04-20T10:28:43.305943+0600 DEBUG START RFID FUNCTION
2023-04-20T10:28:43.307562+0600 DEBUG START Animal ID animal_id: b'435400040001'
2023-04-20T10:28:43.308880+0600 DEBUG START Null id null_id : b'435400040001'
2023-04-20T10:28:43.566939+0600 DEBUG Raw ID animal_id: b'43540028004501c38d13091e0102011b0101e20000174007010117406415e2003412013dfc000ad7a65eca2d'
2023-04-20T10:28:43.568291+0600 DEBUG New ID animal_id_new: fc000ad7a65e
2023-04-20T10:28:43.569286+0600 DEBUG Null id null_id : b'435400040001'
2023-04-20T10:28:43.570396+0600 DEBUG Success step 2 RFID. animal id new: fc000ad7a65e
2023-04-20T10:28:44.308978+0600 DEBUG START RFID FUNCTION
2023-04-20T10:28:44.310468+0600 DEBUG START Animal ID animal_id: b'435400040001'
2023-04-20T10:28:44.313393+0600 DEBUG START Null id null_id : b'435400040001'
