2023-04-21T16:26:10.751137+0600 INFO Connect arduino /dev/ttyACM1
2023-04-21T16:26:10.753335+0600 INFO Configuration of serial, Serial<id=0x75ab6da8, open=True>(port='/dev/ttyACM1', baudrate=9600, bytesize=8, parity='N', stopbits=1, timeout=None, xonxoff=False, rtscts=False, dsrdtr=False)
2023-04-21T16:26:10.754527+0600 INFO Success: Arduino connected
2023-04-21T16:26:10.759204+0600 INFO ("[1] to calibrate
" "[2] to start measure
>")
2023-04-21T16:26:18.189073+0600 DEBUG START RFID FUNCTION
2023-04-21T16:26:18.190932+0600 DEBUG START Animal ID animal_id: b'435400040001'
2023-04-21T16:26:18.192522+0600 DEBUG START Null id null_id : b'435400040001'
2023-04-21T16:26:18.295807+0600 DEBUG Raw ID animal_id: b'43540028004501c38d13091e0102011b0101e20000174007010117406415e2003412013dfc000ad7a65ec334'
2023-04-21T16:26:18.302572+0600 DEBUG New ID animal_id_new: fc000ad7a65e
2023-04-21T16:26:18.307574+0600 DEBUG Null id null_id : b'435400040001'
2023-04-21T16:26:18.312249+0600 DEBUG Success step 2 RFID. animal id new: fc000ad7a65e
2023-04-21T16:26:18.532717+0600 DEBUG START RFID FUNCTION
2023-04-21T16:26:18.533897+0600 DEBUG START Animal ID animal_id: b'435400040001'
2023-04-21T16:26:18.534784+0600 DEBUG START Null id null_id : b'435400040001'
2023-04-21T16:26:18.545639+0600 DEBUG Raw ID animal_id: b'43540028004501c38d13091e0102011b0101e20000174007010117406415e2003412013dfc000ad7a65ec235'
2023-04-21T16:26:18.546980+0600 DEBUG New ID animal_id_new: fc000ad7a65e
2023-04-21T16:26:18.548011+0600 DEBUG Null id null_id : b'435400040001'
2023-04-21T16:26:18.549166+0600 DEBUG Success step 2 RFID. animal id new: fc000ad7a65e
2023-04-21T16:26:19.539296+0600 DEBUG START RFID FUNCTION
2023-04-21T16:26:19.541241+0600 DEBUG START Animal ID animal_id: b'435400040001'
2023-04-21T16:26:19.542830+0600 DEBUG START Null id null_id : b'435400040001'
2023-04-21T16:26:19.594816+0600 DEBUG Raw ID animal_id: b'43540028004501c38d13091e0102011b0101e20000174007010117406415e2003412013dfc000ad7a65ec631'
2023-04-21T16:26:19.596811+0600 DEBUG New ID animal_id_new: fc000ad7a65e
2023-04-21T16:26:19.598421+0600 DEBUG Null id null_id : b'435400040001'
2023-04-21T16:26:19.600435+0600 DEBUG Success step 2 RFID. animal id new: fc000ad7a65e
2023-04-21T16:26:20.543811+0600 DEBUG START RFID FUNCTION
2023-04-21T16:26:20.545507+0600 DEBUG START Animal ID animal_id: b'435400040001'
2023-04-21T16:26:20.546855+0600 DEBUG START Null id null_id : b'435400040001'
2023-04-21T16:26:20.594858+0600 DEBUG Raw ID animal_id: b'43540028004501c38d13091e0102011b0101e20000174007010117406415e2003412013dfc000ad7a65ec631'
2023-04-21T16:26:20.596915+0600 DEBUG New ID animal_id_new: fc000ad7a65e
2023-04-21T16:26:20.598665+0600 DEBUG Null id null_id : b'435400040001'
2023-04-21T16:26:20.600497+0600 DEBUG Success step 2 RFID. animal id new: fc000ad7a65e
2023-04-21T16:26:21.549057+0600 INFO ARDUINOSerial<id=0x75ac97c0, open=True>(port='/dev/ttyACM0', baudrate=9600, bytesize=8, parity='N', stopbits=1, timeout=1, xonxoff=False, rtscts=False, dsrdtr=False)
2023-04-21T16:26:23.560381+0600 ERROR Error, null weight list
2023-04-21T16:26:23.562411+0600 INFO Start weight: 0
2023-04-21T16:26:23.563952+0600 INFO main: weight_finall
2023-04-21T16:26:23.566354+0600 DEBUG START RFID FUNCTION
2023-04-21T16:26:23.568149+0600 DEBUG START Animal ID animal_id: b'435400040001'
2023-04-21T16:26:23.569681+0600 DEBUG START Null id null_id : b'435400040001'
2023-04-21T16:26:23.594988+0600 DEBUG Raw ID animal_id: b'43540028004501c38d13091e0102011b0101e20000174007010117406415e2003412013dfc000ad7a65ec433'
2023-04-21T16:26:23.597034+0600 DEBUG New ID animal_id_new: fc000ad7a65e
2023-04-21T16:26:23.598872+0600 DEBUG Null id null_id : b'435400040001'
2023-04-21T16:26:23.600824+0600 DEBUG Success step 2 RFID. animal id new: fc000ad7a65e
2023-04-21T16:26:24.560051+0600 INFO ARDUINOSerial<id=0x75ac98c8, open=True>(port='/dev/ttyACM0', baudrate=9600, bytesize=8, parity='N', stopbits=1, timeout=1, xonxoff=False, rtscts=False, dsrdtr=False)
2023-04-21T16:26:26.572001+0600 ERROR Error, null weight list
2023-04-21T16:26:26.574051+0600 INFO Start weight: 0
2023-04-21T16:26:26.575938+0600 INFO main: weight_finall
2023-04-21T16:26:26.578569+0600 DEBUG START RFID FUNCTION
2023-04-21T16:26:26.580991+0600 DEBUG START Animal ID animal_id: b'435400040001'
2023-04-21T16:26:26.582772+0600 DEBUG START Null id null_id : b'435400040001'
2023-04-21T16:26:26.595037+0600 DEBUG Raw ID animal_id: b'43540028004501c38d13091e0102011b0101e20000174007010117406415e2003412013dfc000ad7a65ec037'
2023-04-21T16:26:26.597342+0600 DEBUG New ID animal_id_new: fc000ad7a65e
2023-04-21T16:26:26.599036+0600 DEBUG Null id null_id : b'435400040001'
2023-04-21T16:26:26.600723+0600 DEBUG Success step 2 RFID. animal id new: fc000ad7a65e
2023-04-21T16:26:27.570210+0600 INFO ARDUINOSerial<id=0x75ac9bf8, open=True>(port='/dev/ttyACM0', baudrate=9600, bytesize=8, parity='N', stopbits=1, timeout=1, xonxoff=False, rtscts=False, dsrdtr=False)
2023-04-21T16:26:29.580456+0600 ERROR Error, null weight list
2023-04-21T16:26:29.582127+0600 INFO Start weight: 0
2023-04-21T16:26:29.583262+0600 INFO main: weight_finall
2023-04-21T16:26:29.586553+0600 DEBUG START RFID FUNCTION
2023-04-21T16:26:29.588008+0600 DEBUG START Animal ID animal_id: b'435400040001'
2023-04-21T16:26:29.589195+0600 DEBUG START Null id null_id : b'435400040001'
2023-04-21T16:26:29.696256+0600 DEBUG Raw ID animal_id: b'43540028004501c38d13091e0102011b0101e20000174007010117406415e2003412013dfc000ad7a65ec136'
2023-04-21T16:26:29.700334+0600 DEBUG New ID animal_id_new: fc000ad7a65e
2023-04-21T16:26:29.704100+0600 DEBUG Null id null_id : b'435400040001'
2023-04-21T16:26:29.708666+0600 DEBUG Success step 2 RFID. animal id new: fc000ad7a65e
2023-04-21T16:26:30.584467+0600 INFO ARDUINOSerial<id=0x75ac99d0, open=True>(port='/dev/ttyACM0', baudrate=9600, bytesize=8, parity='N', stopbits=1, timeout=1, xonxoff=False, rtscts=False, dsrdtr=False)
2023-04-21T16:26:32.593849+0600 ERROR Error, null weight list
2023-04-21T16:26:32.595776+0600 INFO Start weight: 0
2023-04-21T16:26:32.597343+0600 INFO main: weight_finall
2023-04-21T16:26:32.601602+0600 DEBUG START RFID FUNCTION
2023-04-21T16:26:32.603324+0600 DEBUG START Animal ID animal_id: b'435400040001'
2023-04-21T16:26:32.604827+0600 DEBUG START Null id null_id : b'435400040001'
2023-04-21T16:26:33.046311+0600 DEBUG Raw ID animal_id: b'43540028004501c38d13091e0102011b0101e20000174007010117406415e2003412013dfc000ad7a65ec433'
2023-04-21T16:26:33.047587+0600 DEBUG New ID animal_id_new: fc000ad7a65e
2023-04-21T16:26:33.048419+0600 DEBUG Null id null_id : b'435400040001'
2023-04-21T16:26:33.049467+0600 DEBUG Success step 2 RFID. animal id new: fc000ad7a65e
2023-04-21T16:26:33.598308+0600 DEBUG START RFID FUNCTION
2023-04-21T16:26:33.600090+0600 DEBUG START Animal ID animal_id: b'435400040001'
2023-04-21T16:26:33.601713+0600 DEBUG START Null id null_id : b'435400040001'
2023-04-21T16:26:36.995282+0600 DEBUG Raw ID animal_id: b'43540028004501c38d13091e0102011b0101e20000174007010117406415e2003412013dfc000ad7a65ec334'
2023-04-21T16:26:36.997275+0600 DEBUG New ID animal_id_new: fc000ad7a65e
2023-04-21T16:26:36.998866+0600 DEBUG Null id null_id : b'435400040001'
2023-04-21T16:26:37.000481+0600 DEBUG Success step 2 RFID. animal id new: fc000ad7a65e
2023-04-21T16:26:37.613359+0600 DEBUG START RFID FUNCTION
2023-04-21T16:26:37.614562+0600 DEBUG START Animal ID animal_id: b'435400040001'
2023-04-21T16:26:37.615470+0600 DEBUG START Null id null_id : b'435400040001'
2023-04-21T16:26:37.696596+0600 DEBUG Raw ID animal_id: b'43540028004501c38d13091e0102011b0101e20000174007010117406415e2003412013dfc000ad7a65ec433'
2023-04-21T16:26:37.700371+0600 DEBUG New ID animal_id_new: fc000ad7a65e
2023-04-21T16:26:37.704157+0600 DEBUG Null id null_id : b'435400040001'
2023-04-21T16:26:37.708578+0600 DEBUG Success step 2 RFID. animal id new: fc000ad7a65e
2023-04-21T16:26:38.618358+0600 INFO ARDUINOSerial<id=0x75ac9298, open=True>(port='/dev/ttyACM0', baudrate=9600, bytesize=8, parity='N', stopbits=1, timeout=1, xonxoff=False, rtscts=False, dsrdtr=False)
2023-04-21T16:26:40.629405+0600 ERROR Error, null weight list
2023-04-21T16:26:40.631498+0600 INFO Start weight: 0
2023-04-21T16:26:40.633294+0600 INFO main: weight_finall
2023-04-21T16:26:40.635734+0600 DEBUG START RFID FUNCTION
2023-04-21T16:26:40.637386+0600 DEBUG START Animal ID animal_id: b'435400040001'
2023-04-21T16:26:40.638864+0600 DEBUG START Null id null_id : b'435400040001'
2023-04-21T16:26:40.695641+0600 DEBUG Raw ID animal_id: b'43540028004501c38d13091e0102011b0101e20000174007010117406415e2003412013dfc000ad7a65ec235'
2023-04-21T16:26:40.698260+0600 DEBUG New ID animal_id_new: fc000ad7a65e
2023-04-21T16:26:40.700289+0600 DEBUG Null id null_id : b'435400040001'
2023-04-21T16:26:40.702712+0600 DEBUG Success step 2 RFID. animal id new: fc000ad7a65e
2023-04-21T16:26:41.633207+0600 INFO ARDUINOSerial<id=0x75ac99d0, open=True>(port='/dev/ttyACM0', baudrate=9600, bytesize=8, parity='N', stopbits=1, timeout=1, xonxoff=False, rtscts=False, dsrdtr=False)
2023-04-21T16:26:43.642100+0600 ERROR Error, null weight list
2023-04-21T16:26:43.643698+0600 INFO Start weight: 0
2023-04-21T16:26:43.644769+0600 INFO main: weight_finall
2023-04-21T16:26:43.648883+0600 DEBUG START RFID FUNCTION
2023-04-21T16:26:43.650390+0600 DEBUG START Animal ID animal_id: b'435400040001'
2023-04-21T16:26:43.651659+0600 DEBUG START Null id null_id : b'435400040001'
2023-04-21T16:26:43.696067+0600 DEBUG Raw ID animal_id: b'43540028004501c38d13091e0102011b0101e20000174007010117406415e2003412013dfc000ad7a65ec631'
2023-04-21T16:26:43.698482+0600 DEBUG New ID animal_id_new: fc000ad7a65e
2023-04-21T16:26:43.700257+0600 DEBUG Null id null_id : b'435400040001'
2023-04-21T16:26:43.702024+0600 DEBUG Success step 2 RFID. animal id new: fc000ad7a65e
2023-04-21T16:26:44.643080+0600 DEBUG START RFID FUNCTION
2023-04-21T16:26:44.645083+0600 DEBUG START Animal ID animal_id: b'435400040001'
2023-04-21T16:26:44.646747+0600 DEBUG START Null id null_id : b'435400040001'
2023-04-21T16:26:45.046724+0600 DEBUG Raw ID animal_id: b'43540028004501c38d13091e0102011b0101e20000174007010117406415e2003412013dfc000ad7a65ec334'
2023-04-21T16:26:45.048079+0600 DEBUG New ID animal_id_new: fc000ad7a65e
2023-04-21T16:26:45.049083+0600 DEBUG Null id null_id : b'435400040001'
2023-04-21T16:26:45.050185+0600 DEBUG Success step 2 RFID. animal id new: fc000ad7a65e
2023-04-21T16:26:45.650973+0600 DEBUG START RFID FUNCTION
2023-04-21T16:26:45.652894+0600 DEBUG START Animal ID animal_id: b'435400040001'
2023-04-21T16:26:45.654572+0600 DEBUG START Null id null_id : b'435400040001'
2023-04-21T16:26:49.095849+0600 DEBUG Raw ID animal_id: b'43540028004501c38d13091e0102011b0101e20000174007010117406415e2003412013dfc000ad7a65ec631'
2023-04-21T16:26:49.097968+0600 DEBUG New ID animal_id_new: fc000ad7a65e
2023-04-21T16:26:49.099649+0600 DEBUG Null id null_id : b'435400040001'
2023-04-21T16:26:49.101507+0600 DEBUG Success step 2 RFID. animal id new: fc000ad7a65e
2023-04-21T16:26:49.666352+0600 INFO ARDUINOSerial<id=0x75ac9f58, open=True>(port='/dev/ttyACM0', baudrate=9600, bytesize=8, parity='N', stopbits=1, timeout=1, xonxoff=False, rtscts=False, dsrdtr=False)
2023-04-21T16:26:51.673869+0600 ERROR Error, null weight list
2023-04-21T16:26:51.675935+0600 INFO Start weight: 0
2023-04-21T16:26:51.677595+0600 INFO main: weight_finall
2023-04-21T16:26:51.682239+0600 DEBUG START RFID FUNCTION
2023-04-21T16:26:51.684090+0600 DEBUG START Animal ID animal_id: b'435400040001'
2023-04-21T16:26:51.685614+0600 DEBUG START Null id null_id : b'435400040001'
2023-04-21T16:26:52.047033+0600 DEBUG Raw ID animal_id: b'43540028004501c38d13091e0102011b0101e20000174007010117406415e2003412013dfc000ad7a65ec82f'
2023-04-21T16:26:52.048383+0600 DEBUG New ID animal_id_new: fc000ad7a65e
2023-04-21T16:26:52.049367+0600 DEBUG Null id null_id : b'435400040001'
2023-04-21T16:26:52.050466+0600 DEBUG Success step 2 RFID. animal id new: fc000ad7a65e
2023-04-21T16:26:52.678206+0600 INFO ARDUINOSerial<id=0x75ac99d0, open=True>(port='/dev/ttyACM0', baudrate=9600, bytesize=8, parity='N', stopbits=1, timeout=1, xonxoff=False, rtscts=False, dsrdtr=False)
2023-04-21T16:26:54.690214+0600 ERROR Error, null weight list
2023-04-21T16:26:54.694013+0600 INFO Start weight: 0
2023-04-21T16:26:54.695535+0600 INFO main: weight_finall
2023-04-21T16:26:54.698990+0600 DEBUG START RFID FUNCTION
2023-04-21T16:26:54.700328+0600 DEBUG START Animal ID animal_id: b'435400040001'
2023-04-21T16:26:54.701572+0600 DEBUG START Null id null_id : b'435400040001'
2023-04-21T16:26:54.797215+0600 DEBUG Raw ID animal_id: b'43540028004501c38d13091e0102011b0101e20000174007010117406415e2003412013dfc000ad7a65ec82f'
2023-04-21T16:26:54.802017+0600 DEBUG New ID animal_id_new: fc000ad7a65e
2023-04-21T16:26:54.805816+0600 DEBUG Null id null_id : b'435400040001'
2023-04-21T16:26:54.810605+0600 DEBUG Success step 2 RFID. animal id new: fc000ad7a65e
2023-04-21T16:26:55.692853+0600 INFO ARDUINOSerial<id=0x75ac9f58, open=True>(port='/dev/ttyACM0', baudrate=9600, bytesize=8, parity='N', stopbits=1, timeout=1, xonxoff=False, rtscts=False, dsrdtr=False)
2023-04-21T16:26:57.702097+0600 ERROR Error, null weight list
2023-04-21T16:26:57.704021+0600 INFO Start weight: 0
2023-04-21T16:26:57.705662+0600 INFO main: weight_finall
2023-04-21T16:26:57.708284+0600 DEBUG START RFID FUNCTION
2023-04-21T16:26:57.710067+0600 DEBUG START Animal ID animal_id: b'435400040001'
2023-04-21T16:26:57.711868+0600 DEBUG START Null id null_id : b'435400040001'
2023-04-21T16:26:57.797420+0600 DEBUG Raw ID animal_id: b'43540028004501c38d13091e0102011b0101e20000174007010117406415e2003412013dfc000ad7a65ec82f'
2023-04-21T16:26:57.802633+0600 DEBUG New ID animal_id_new: fc000ad7a65e
2023-04-21T16:26:57.807231+0600 DEBUG Null id null_id : b'435400040001'
2023-04-21T16:26:57.812569+0600 DEBUG Success step 2 RFID. animal id new: fc000ad7a65e
2023-04-21T16:26:58.704300+0600 INFO ARDUINOSerial<id=0x75ac9dd8, open=True>(port='/dev/ttyACM0', baudrate=9600, bytesize=8, parity='N', stopbits=1, timeout=1, xonxoff=False, rtscts=False, dsrdtr=False)
2023-04-21T16:27:00.715385+0600 ERROR Error, null weight list
2023-04-21T16:27:00.717914+0600 INFO Start weight: 0
2023-04-21T16:27:00.719868+0600 INFO main: weight_finall
2023-04-21T16:27:00.723074+0600 DEBUG START RFID FUNCTION
2023-04-21T16:27:00.725359+0600 DEBUG START Animal ID animal_id: b'435400040001'
2023-04-21T16:27:00.727415+0600 DEBUG START Null id null_id : b'435400040001'
2023-04-21T16:27:01.047388+0600 DEBUG Raw ID animal_id: b'43540028004501c38d13091e0102011b0101e20000174007010117406415e2003412013dfc000ad7a65ec730'
2023-04-21T16:27:01.048690+0600 DEBUG New ID animal_id_new: fc000ad7a65e
2023-04-21T16:27:01.049637+0600 DEBUG Null id null_id : b'435400040001'
2023-04-21T16:27:01.050704+0600 DEBUG Success step 2 RFID. animal id new: fc000ad7a65e
2023-04-21T16:27:01.716912+0600 DEBUG START RFID FUNCTION
2023-04-21T16:27:01.718800+0600 DEBUG START Animal ID animal_id: b'435400040001'
2023-04-21T16:27:01.720253+0600 DEBUG START Null id null_id : b'435400040001'
