2023-04-24T14:40:45.635469+0600 INFO Connect arduino /dev/ttyACM1
2023-04-24T14:40:45.638228+0600 INFO Configuration of serial, Serial<id=0x75b7f6d0, open=True>(port='/dev/ttyACM1', baudrate=9600, bytesize=8, parity='N', stopbits=1, timeout=None, xonxoff=False, rtscts=False, dsrdtr=False)
2023-04-24T14:40:45.639701+0600 INFO Success: Arduino connected
2023-04-24T14:40:45.643599+0600 INFO Type_scales: pcf_model_12
2023-04-24T14:40:45.647375+0600 INFO Port: /dev/ttyACM0
2023-04-24T14:40:45.649090+0600 INFO ("[1] to calibrate
" "[2] to start measure
>")
2023-04-24T14:40:56.432703+0600 INFO Distance: 151.0
2023-04-24T14:40:56.434467+0600 DEBUG START RFID FUNCTION
2023-04-24T14:40:56.436141+0600 DEBUG START Animal ID animal_id: b'435400040001'
2023-04-24T14:40:56.438080+0600 DEBUG START Null id null_id : b'435400040001'
2023-04-24T14:40:56.843398+0600 DEBUG Raw ID animal_id: b'43540028004501c38d13091e0102011b0101e2000017160900161150a24ee20034120133fd000a17d65fbb67'
2023-04-24T14:40:56.844772+0600 DEBUG New ID animal_id_new: fd000a17d65f
2023-04-24T14:40:56.845854+0600 DEBUG Null id null_id : b'435400040001'
2023-04-24T14:40:56.847072+0600 DEBUG Success step 2 RFID. animal id new: fd000a17d65f
2023-04-24T14:40:56.849460+0600 INFO ARDUINOSerial<id=0x75b7fd78, open=True>(port='/dev/ttyACM0', baudrate=9600, bytesize=8, parity='N', stopbits=1, timeout=1, xonxoff=False, rtscts=False, dsrdtr=False)
2023-04-24T14:41:00.017513+0600 DEBUG Array weights: [159.7]
2023-04-24T14:41:01.209499+0600 DEBUG Array weights: [159.7, 159.37]
2023-04-24T14:41:02.401517+0600 DEBUG Array weights: [159.7, 159.37, 159.33]
2023-04-24T14:41:03.594577+0600 DEBUG Array weights: [159.7, 159.37, 159.33, 160.26]
2023-04-24T14:41:04.781536+0600 DEBUG Array weights: [159.7, 159.37, 159.33, 160.26, 157.89]
2023-04-24T14:41:05.973910+0600 DEBUG Array weights: [159.7, 159.37, 159.33, 160.26, 157.89, 158.52]
2023-04-24T14:41:07.166348+0600 DEBUG Array weights: [159.7, 159.37, 159.33, 160.26, 157.89, 158.52, 156.59]
