2023-04-24T11:29:55.469249+0600 INFO Connect arduino /dev/ttyACM1
2023-04-24T11:29:55.472669+0600 INFO Configuration of serial, Serial<id=0x75afb5c8, open=True>(port='/dev/ttyACM1', baudrate=9600, bytesize=8, parity='N', stopbits=1, timeout=None, xonxoff=False, rtscts=False, dsrdtr=False)
2023-04-24T11:29:55.474772+0600 INFO Success: Arduino connected
2023-04-24T11:29:55.487901+0600 INFO ("[1] to calibrate
" "[2] to start measure
>")
2023-04-24T11:30:01.992800+0600 INFO Animal_ID: 435400040001
2023-04-24T11:30:02.247957+0600 INFO Distance: 126.0
2023-04-24T11:30:02.249158+0600 DEBUG START RFID FUNCTION
2023-04-24T11:30:02.250182+0600 DEBUG START Animal ID animal_id: b'435400040001'
2023-04-24T11:30:02.251114+0600 DEBUG START Null id null_id : b'435400040001'
2023-04-24T11:30:02.272259+0600 DEBUG Raw ID animal_id: b'43540028004501c38d13091e0102011b0101e2000017160900161150a24ee20034120133fd000a17d65fd052'
2023-04-24T11:30:02.273770+0600 DEBUG New ID animal_id_new: fd000a17d65f
2023-04-24T11:30:02.275028+0600 DEBUG Null id null_id : b'435400040001'
2023-04-24T11:30:02.276264+0600 DEBUG Success step 2 RFID. animal id new: fd000a17d65f
2023-04-24T11:30:02.278708+0600 INFO ARDUINOSerial<id=0x75afbc88, open=True>(port='/dev/ttyACM0', baudrate=9600, bytesize=8, parity='N', stopbits=1, timeout=1, xonxoff=False, rtscts=False, dsrdtr=False)
2023-04-24T11:30:05.438857+0600 DEBUG Array weights: [57.15]
2023-04-24T11:30:06.631052+0600 DEBUG Array weights: [57.15, 58.74]
2023-04-24T11:30:07.822790+0600 DEBUG Array weights: [57.15, 58.74, 68.04]
2023-04-24T11:30:09.014720+0600 DEBUG Array weights: [57.15, 58.74, 68.04, 56.96]
2023-04-24T11:30:10.206493+0600 DEBUG Array weights: [57.15, 58.74, 68.04, 56.96, 58.19]
2023-04-24T11:30:11.394796+0600 DEBUG Array weights: [57.15, 58.74, 68.04, 56.96, 58.19, 80.59]
2023-04-24T11:30:12.230573+0600 INFO Start weight: 58.465
2023-04-24T11:30:12.232202+0600 INFO Start time: 13641.115506088
2023-04-24T11:30:12.233543+0600 INFO main: weight_finall
2023-04-24T11:30:12.234825+0600 INFO Animal_ID: 435400040001
2023-04-24T11:30:12.291205+0600 INFO Distance: 19.0
2023-04-24T11:30:12.295257+0600 DEBUG START RFID FUNCTION
2023-04-24T11:30:12.299826+0600 DEBUG START Animal ID animal_id: b'435400040001'
2023-04-24T11:30:12.304717+0600 DEBUG START Null id null_id : b'435400040001'
2023-04-24T11:30:12.372625+0600 DEBUG Raw ID animal_id: b'43540028004501c38d13091e0102011b0101e2000017160900161150a24ee20034120133fd000a17d65fd151'
2023-04-24T11:30:12.379975+0600 DEBUG New ID animal_id_new: fd000a17d65f
2023-04-24T11:30:12.383412+0600 DEBUG Null id null_id : b'435400040001'
2023-04-24T11:30:12.388635+0600 DEBUG Success step 2 RFID. animal id new: fd000a17d65f
2023-04-24T11:30:12.395877+0600 INFO ARDUINOSerial<id=0x75afba48, open=True>(port='/dev/ttyACM0', baudrate=9600, bytesize=8, parity='N', stopbits=1, timeout=1, xonxoff=False, rtscts=False, dsrdtr=False)
2023-04-24T11:30:13.421851+0600 ERROR Error, null weight list
2023-04-24T11:30:13.423298+0600 INFO Start weight: 0
2023-04-24T11:30:13.424584+0600 INFO Start time: 13642.30789732
2023-04-24T11:30:13.425711+0600 INFO main: weight_finall
2023-04-24T11:30:15.302038+0600 INFO Sensor_distance: 19
2023-04-24T11:30:17.309475+0600 INFO Sensor_distance: 17
2023-04-24T11:30:18.315891+0600 INFO Sensor_distance: 
2023-04-24T11:30:19.322754+0600 ERROR Main error: '<' not supported between instances of 'str' and 'int'
