2023-04-24T11:56:50.462566+0600 INFO Connect arduino /dev/ttyACM1
2023-04-24T11:56:50.465182+0600 INFO Configuration of serial, Serial<id=0x75a975f8, open=True>(port='/dev/ttyACM1', baudrate=9600, bytesize=8, parity='N', stopbits=1, timeout=None, xonxoff=False, rtscts=False, dsrdtr=False)
2023-04-24T11:56:50.466686+0600 INFO Success: Arduino connected
2023-04-24T11:56:50.472757+0600 INFO ("[1] to calibrate
" "[2] to start measure
>")
2023-04-24T11:56:57.742285+0600 INFO Animal_ID: 435400040001
2023-04-24T11:56:58.246167+0600 INFO Distance: 141.0
2023-04-24T11:56:58.247473+0600 DEBUG START RFID FUNCTION
2023-04-24T11:56:58.248592+0600 DEBUG START Animal ID animal_id: b'435400040001'
2023-04-24T11:56:58.249566+0600 DEBUG START Null id null_id : b'435400040001'
2023-04-24T11:56:58.302747+0600 DEBUG Raw ID animal_id: b'43540028004501c38d13091e0102011b0101e2806894000040103003d496e2806894200040103003d496d0ca'
2023-04-24T11:56:58.304355+0600 DEBUG New ID animal_id_new: 40103003d496
2023-04-24T11:56:58.305773+0600 DEBUG Null id null_id : b'435400040001'
2023-04-24T11:56:58.307282+0600 DEBUG Success step 2 RFID. animal id new: 40103003d496
2023-04-24T11:56:58.310130+0600 INFO ARDUINOSerial<id=0x75a97cb8, open=True>(port='/dev/ttyACM0', baudrate=9600, bytesize=8, parity='N', stopbits=1, timeout=1, xonxoff=False, rtscts=False, dsrdtr=False)
2023-04-24T11:57:01.481105+0600 DEBUG Array weights: [72.56]
2023-04-24T11:57:02.674018+0600 DEBUG Array weights: [72.56, 72.22]
2023-04-24T11:57:03.861033+0600 DEBUG Array weights: [72.56, 72.22, 73.3]
2023-04-24T11:57:05.053138+0600 DEBUG Array weights: [72.56, 72.22, 73.3, 73.22]
2023-04-24T11:57:06.245049+0600 DEBUG Array weights: [72.56, 72.22, 73.3, 73.22, 72.52]
2023-04-24T11:57:07.436822+0600 DEBUG Array weights: [72.56, 72.22, 73.3, 73.22, 72.52, 71.48]
2023-04-24T11:57:08.629043+0600 DEBUG Array weights: [72.56, 72.22, 73.3, 73.22, 72.52, 71.48, 70.56]
2023-04-24T11:57:09.817481+0600 DEBUG Array weights: [72.56, 72.22, 73.3, 73.22, 72.52, 71.48, 70.56, 72.44]
2023-04-24T11:57:11.008382+0600 DEBUG Array weights: [72.56, 72.22, 73.3, 73.22, 72.52, 71.48, 70.56, 72.44, 74.59]
2023-04-24T11:57:12.200272+0600 DEBUG Array weights: [72.56, 72.22, 73.3, 73.22, 72.52, 71.48, 70.56, 72.44, 74.59, 71.56]
2023-04-24T11:57:13.393183+0600 DEBUG Array weights: [72.56, 72.22, 73.3, 73.22, 72.52, 71.48, 70.56, 72.44, 74.59, 71.56, 75.3]
2023-04-24T11:57:14.585061+0600 DEBUG Array weights: [72.56, 72.22, 73.3, 73.22, 72.52, 71.48, 70.56, 72.44, 74.59, 71.56, 75.3, 75.67]
2023-04-24T11:57:15.777096+0600 DEBUG Array weights: [72.56, 72.22, 73.3, 73.22, 72.52, 71.48, 70.56, 72.44, 74.59, 71.56, 75.3, 75.67, 75.59]
2023-04-24T11:57:16.968719+0600 DEBUG Array weights: [72.56, 72.22, 73.3, 73.22, 72.52, 71.48, 70.56, 72.44, 74.59, 71.56, 75.3, 75.67, 75.59, 76.3]
2023-04-24T11:57:18.156914+0600 DEBUG Array weights: [72.56, 72.22, 73.3, 73.22, 72.52, 71.48, 70.56, 72.44, 74.59, 71.56, 75.3, 75.67, 75.59, 76.3, 72.89]
2023-04-24T11:57:19.348118+0600 DEBUG Array weights: [72.56, 72.22, 73.3, 73.22, 72.52, 71.48, 70.56, 72.44, 74.59, 71.56, 75.3, 75.67, 75.59, 76.3, 72.89, 75.59]
2023-04-24T11:57:20.539921+0600 DEBUG Array weights: [72.56, 72.22, 73.3, 73.22, 72.52, 71.48, 70.56, 72.44, 74.59, 71.56, 75.3, 75.67, 75.59, 76.3, 72.89, 75.59, 76.81]
2023-04-24T11:57:21.731868+0600 DEBUG Array weights: [72.56, 72.22, 73.3, 73.22, 72.52, 71.48, 70.56, 72.44, 74.59, 71.56, 75.3, 75.67, 75.59, 76.3, 72.89, 75.59, 76.81, 73.96]
2023-04-24T11:57:22.925296+0600 DEBUG Array weights: [72.56, 72.22, 73.3, 73.22, 72.52, 71.48, 70.56, 72.44, 74.59, 71.56, 75.3, 75.67, 75.59, 76.3, 72.89, 75.59, 76.81, 73.96, 74.74]
2023-04-24T11:57:24.112334+0600 DEBUG Array weights: [72.56, 72.22, 73.3, 73.22, 72.52, 71.48, 70.56, 72.44, 74.59, 71.56, 75.3, 75.67, 75.59, 76.3, 72.89, 75.59, 76.81, 73.96, 74.74, 75.37]
2023-04-24T11:57:25.303542+0600 DEBUG Array weights: [72.56, 72.22, 73.3, 73.22, 72.52, 71.48, 70.56, 72.44, 74.59, 71.56, 75.3, 75.67, 75.59, 76.3, 72.89, 75.59, 76.81, 73.96, 74.74, 75.37, 74.52]
2023-04-24T11:57:26.495409+0600 DEBUG Array weights: [72.56, 72.22, 73.3, 73.22, 72.52, 71.48, 70.56, 72.44, 74.59, 71.56, 75.3, 75.67, 75.59, 76.3, 72.89, 75.59, 76.81, 73.96, 74.74, 75.37, 74.52, 90.11]
2023-04-24T11:57:27.212886+0600 INFO Start weight: 74.24
2023-04-24T11:57:27.214743+0600 INFO Start time: 15276.098054765
2023-04-24T11:57:27.216459+0600 INFO Animal_ID: 435400040001
2023-04-24T11:57:27.368689+0600 INFO Distance: 15.0
2023-04-24T11:57:27.371056+0600 DEBUG START RFID FUNCTION
2023-04-24T11:57:27.372513+0600 DEBUG START Animal ID animal_id: b'435400040001'
2023-04-24T11:57:27.373425+0600 DEBUG START Null id null_id : b'435400040001'
2023-04-24T11:57:27.400423+0600 DEBUG Raw ID animal_id: b'43540028004501c38d13091e0102011b0101e2806894000040103003d496e2806894200040103003d496d0ca'
2023-04-24T11:57:27.401719+0600 DEBUG New ID animal_id_new: 40103003d496
2023-04-24T11:57:27.402572+0600 DEBUG Null id null_id : b'435400040001'
2023-04-24T11:57:27.403620+0600 DEBUG Success step 2 RFID. animal id new: 40103003d496
2023-04-24T11:57:27.406450+0600 INFO ARDUINOSerial<id=0x75a97bc8, open=True>(port='/dev/ttyACM0', baudrate=9600, bytesize=8, parity='N', stopbits=1, timeout=1, xonxoff=False, rtscts=False, dsrdtr=False)
2023-04-24T11:57:28.523285+0600 ERROR Error, null weight list
2023-04-24T11:57:28.524601+0600 INFO Start weight: 0
2023-04-24T11:57:28.525723+0600 INFO Start time: 15277.409033441
2023-04-24T11:57:30.378151+0600 INFO Sensor_distance: 17
2023-04-24T11:57:31.382421+0600 INFO Sensor_distance: 9
2023-04-24T11:57:33.389517+0600 INFO Sensor_distance: 17
2023-04-24T11:57:34.396068+0600 INFO Sensor_distance: 
2023-04-24T11:57:36.403364+0600 INFO Sensor_distance: 
2023-04-24T11:57:38.410591+0600 INFO Sensor_distance: 8
2023-04-24T11:57:39.414891+0600 INFO Sensor_distance: 18
2023-04-24T11:57:41.425392+0600 INFO Sensor_distance: 17
2023-04-24T11:57:43.432825+0600 INFO Sensor_distance: 138
2023-04-24T11:57:43.434174+0600 INFO Feed_time: 12.90185077500064
2023-04-24T11:57:43.435177+0600 INFO Feed_time_rounded: 12.9
2023-04-24T11:57:43.436048+0600 INFO Final_weight: 0
2023-04-24T11:57:43.437129+0600 INFO Final_weight: 0
2023-04-24T11:57:43.439895+0600 INFO Animal_ID: 435400040001
2023-04-24T11:57:44.436104+0600 INFO Distance: 138.0
2023-04-24T11:57:44.437680+0600 DEBUG START RFID FUNCTION
2023-04-24T11:57:44.439091+0600 DEBUG START Animal ID animal_id: b'435400040001'
2023-04-24T11:57:44.440405+0600 DEBUG START Null id null_id : b'435400040001'
2023-04-24T11:57:44.449887+0600 DEBUG Raw ID animal_id: b'43540028004501c38d13091e0102011b0101e2806894000040103003d496e2806894200040103003d496d0ca'
2023-04-24T11:57:44.451530+0600 DEBUG New ID animal_id_new: 40103003d496
2023-04-24T11:57:44.452714+0600 DEBUG Null id null_id : b'435400040001'
2023-04-24T11:57:44.454256+0600 DEBUG Success step 2 RFID. animal id new: 40103003d496
2023-04-24T11:57:44.457773+0600 INFO ARDUINOSerial<id=0x75a97f28, open=True>(port='/dev/ttyACM0', baudrate=9600, bytesize=8, parity='N', stopbits=1, timeout=1, xonxoff=False, rtscts=False, dsrdtr=False)
2023-04-24T11:57:47.626385+0600 DEBUG Array weights: [21.26]
2023-04-24T11:57:48.818170+0600 DEBUG Array weights: [21.26, 22.04]
2023-04-24T11:57:50.010776+0600 DEBUG Array weights: [21.26, 22.04, 23.19]
2023-04-24T11:57:51.202496+0600 DEBUG Array weights: [21.26, 22.04, 23.19, 23.37]
2023-04-24T11:57:52.391138+0600 DEBUG Array weights: [21.26, 22.04, 23.19, 23.37, 22.19]
2023-04-24T11:57:53.582601+0600 DEBUG Array weights: [21.26, 22.04, 23.19, 23.37, 22.19, 22.44]
