2023-04-24T10:57:52.339472+0600 INFO Connect arduino /dev/ttyACM1
2023-04-24T10:57:52.342462+0600 INFO Configuration of serial, Serial<id=0x75b085c8, open=True>(port='/dev/ttyACM1', baudrate=9600, bytesize=8, parity='N', stopbits=1, timeout=None, xonxoff=False, rtscts=False, dsrdtr=False)
2023-04-24T10:57:52.344062+0600 INFO Success: Arduino connected
2023-04-24T10:57:52.350316+0600 INFO ("[1] to calibrate
" "[2] to start measure
>")
2023-04-24T10:57:58.372924+0600 DEBUG START RFID FUNCTION
2023-04-24T10:57:58.375369+0600 DEBUG START Animal ID animal_id: b'435400040001'
2023-04-24T10:57:58.377820+0600 DEBUG START Null id null_id : b'435400040001'
2023-04-24T11:02:52.959129+0600 DEBUG Raw ID animal_id: b'43540028004501c38d13091e0102011b0101e2806894000040103003d496e2806894200040103003d496c4d6'
2023-04-24T11:02:52.960834+0600 DEBUG New ID animal_id_new: 40103003d496
2023-04-24T11:02:52.962133+0600 DEBUG Null id null_id : b'435400040001'
2023-04-24T11:02:52.963965+0600 DEBUG Success step 2 RFID. animal id new: 40103003d496
2023-04-24T11:02:52.965890+0600 INFO Animal_ID: 40103003d496
2023-04-24T11:02:53.374731+0600 INFO Distance: 138.0
2023-04-24T11:02:53.375948+0600 DEBUG START RFID FUNCTION
2023-04-24T11:02:53.377046+0600 DEBUG START Animal ID animal_id: b'435400040001'
2023-04-24T11:02:53.378007+0600 DEBUG START Null id null_id : b'435400040001'
2023-04-24T11:02:53.459984+0600 DEBUG Raw ID animal_id: b'43540028004501c38d13091e0102011b0101e2806894000040103003d496e2806894200040103003d496c3d7'
2023-04-24T11:02:53.464626+0600 DEBUG New ID animal_id_new: 40103003d496
2023-04-24T11:02:53.468809+0600 DEBUG Null id null_id : b'435400040001'
2023-04-24T11:02:53.472837+0600 DEBUG Success step 2 RFID. animal id new: 40103003d496
2023-04-24T11:02:53.475758+0600 INFO Animal_ID: 40103003d496
2023-04-24T11:02:54.377631+0600 INFO Distance: 151.0
2023-04-24T11:02:54.378959+0600 DEBUG START RFID FUNCTION
2023-04-24T11:02:54.379982+0600 DEBUG START Animal ID animal_id: b'435400040001'
2023-04-24T11:02:54.380905+0600 DEBUG START Null id null_id : b'435400040001'
2023-04-24T11:02:54.459969+0600 DEBUG Raw ID animal_id: b'43540028004501c38d13091e0102011b0101e2806894000040103003d496e2806894200040103003d496bedc'
2023-04-24T11:02:54.464423+0600 DEBUG New ID animal_id_new: 40103003d496
2023-04-24T11:02:54.468356+0600 DEBUG Null id null_id : b'435400040001'
2023-04-24T11:02:54.472919+0600 DEBUG Success step 2 RFID. animal id new: 40103003d496
2023-04-24T11:02:54.477753+0600 INFO Animal_ID: 40103003d496
2023-04-24T11:02:55.380934+0600 INFO Distance: 138.0
2023-04-24T11:02:55.382527+0600 DEBUG START RFID FUNCTION
2023-04-24T11:02:55.383866+0600 DEBUG START Animal ID animal_id: b'435400040001'
2023-04-24T11:02:55.385080+0600 DEBUG START Null id null_id : b'435400040001'
2023-04-24T11:02:55.459953+0600 DEBUG Raw ID animal_id: b'43540028004501c38d13091e0102011b0101e2806894000040103003d496e2806894200040103003d496c7d3'
2023-04-24T11:02:55.464778+0600 DEBUG New ID animal_id_new: 40103003d496
2023-04-24T11:02:55.469290+0600 DEBUG Null id null_id : b'435400040001'
2023-04-24T11:02:55.473878+0600 DEBUG Success step 2 RFID. animal id new: 40103003d496
2023-04-24T11:02:55.479482+0600 INFO Animal_ID: 40103003d496
2023-04-24T11:02:56.384470+0600 INFO Distance: 138.0
2023-04-24T11:02:56.386385+0600 DEBUG START RFID FUNCTION
2023-04-24T11:02:56.388174+0600 DEBUG START Animal ID animal_id: b'435400040001'
2023-04-24T11:02:56.389677+0600 DEBUG START Null id null_id : b'435400040001'
2023-04-24T11:02:56.459065+0600 DEBUG Raw ID animal_id: b'43540028004501c38d13091e0102011b0101e2806894000040103003d496e2806894200040103003d496c8d2'
2023-04-24T11:02:56.463054+0600 DEBUG New ID animal_id_new: 40103003d496
2023-04-24T11:02:56.467560+0600 DEBUG Null id null_id : b'435400040001'
2023-04-24T11:02:56.472414+0600 DEBUG Success step 2 RFID. animal id new: 40103003d496
2023-04-24T11:02:56.477940+0600 INFO Animal_ID: 40103003d496
2023-04-24T11:02:57.392477+0600 INFO Distance: 141.0
2023-04-24T11:02:57.394399+0600 DEBUG START RFID FUNCTION
2023-04-24T11:02:57.396091+0600 DEBUG START Animal ID animal_id: b'435400040001'
2023-04-24T11:02:57.397957+0600 DEBUG START Null id null_id : b'435400040001'
2023-04-24T11:02:57.459025+0600 DEBUG Raw ID animal_id: b'43540028004501c38d13091e0102011b0101e2806894000040103003d496e2806894200040103003d496c7d3'
2023-04-24T11:02:57.461061+0600 DEBUG New ID animal_id_new: 40103003d496
2023-04-24T11:02:57.462915+0600 DEBUG Null id null_id : b'435400040001'
2023-04-24T11:02:57.465304+0600 DEBUG Success step 2 RFID. animal id new: 40103003d496
2023-04-24T11:02:57.467508+0600 INFO Animal_ID: 40103003d496
2023-04-24T11:02:58.395966+0600 INFO Distance: 138.0
2023-04-24T11:02:58.398000+0600 DEBUG START RFID FUNCTION
2023-04-24T11:02:58.400465+0600 DEBUG START Animal ID animal_id: b'435400040001'
2023-04-24T11:02:58.402275+0600 DEBUG START Null id null_id : b'435400040001'
2023-04-24T11:02:58.458776+0600 DEBUG Raw ID animal_id: b'43540028004501c38d13091e0102011b0101e2806894000040103003d496e2806894200040103003d496c5d5'
2023-04-24T11:02:58.461114+0600 DEBUG New ID animal_id_new: 40103003d496
2023-04-24T11:02:58.463428+0600 DEBUG Null id null_id : b'435400040001'
2023-04-24T11:02:58.465706+0600 DEBUG Success step 2 RFID. animal id new: 40103003d496
2023-04-24T11:02:58.468726+0600 INFO Animal_ID: 40103003d496
2023-04-24T11:02:59.399114+0600 INFO Distance: 151.0
2023-04-24T11:02:59.401040+0600 DEBUG START RFID FUNCTION
2023-04-24T11:02:59.402698+0600 DEBUG START Animal ID animal_id: b'435400040001'
2023-04-24T11:02:59.404226+0600 DEBUG START Null id null_id : b'435400040001'
2023-04-24T11:02:59.658488+0600 DEBUG Raw ID animal_id: b'43540028004501c38d13091e0102011b0101e2806894000040103003d496e2806894200040103003d496c2d8'
2023-04-24T11:02:59.659801+0600 DEBUG New ID animal_id_new: 40103003d496
2023-04-24T11:02:59.660820+0600 DEBUG Null id null_id : b'435400040001'
2023-04-24T11:02:59.661897+0600 DEBUG Success step 2 RFID. animal id new: 40103003d496
2023-04-24T11:02:59.662962+0600 INFO Animal_ID: 40103003d496
2023-04-24T11:03:00.403475+0600 INFO Distance: 168.0
2023-04-24T11:03:00.405381+0600 DEBUG START RFID FUNCTION
2023-04-24T11:03:00.407040+0600 DEBUG START Animal ID animal_id: b'435400040001'
2023-04-24T11:03:00.408562+0600 DEBUG START Null id null_id : b'435400040001'
2023-04-24T11:03:00.459048+0600 DEBUG Raw ID animal_id: b'43540028004501c38d13091e0102011b0101e2806894000040103003d496e2806894200040103003d496cbcf'
2023-04-24T11:03:00.461188+0600 DEBUG New ID animal_id_new: 40103003d496
2023-04-24T11:03:00.463167+0600 DEBUG Null id null_id : b'435400040001'
2023-04-24T11:03:00.465593+0600 DEBUG Success step 2 RFID. animal id new: 40103003d496
2023-04-24T11:03:00.467777+0600 INFO Animal_ID: 40103003d496
2023-04-24T11:03:01.406865+0600 INFO Distance: 138.0
2023-04-24T11:03:01.408693+0600 DEBUG START RFID FUNCTION
2023-04-24T11:03:01.410345+0600 DEBUG START Animal ID animal_id: b'435400040001'
2023-04-24T11:03:01.411887+0600 DEBUG START Null id null_id : b'435400040001'
2023-04-24T11:03:01.458818+0600 DEBUG Raw ID animal_id: b'43540028004501c38d13091e0102011b0101e2806894000040103003d496e2806894200040103003d496c9d1'
2023-04-24T11:03:01.460668+0600 DEBUG New ID animal_id_new: 40103003d496
2023-04-24T11:03:01.462109+0600 DEBUG Null id null_id : b'435400040001'
2023-04-24T11:03:01.463678+0600 DEBUG Success step 2 RFID. animal id new: 40103003d496
2023-04-24T11:03:01.465246+0600 INFO Animal_ID: 40103003d496
2023-04-24T11:03:02.413594+0600 INFO Distance: 126.0
2023-04-24T11:03:02.415520+0600 DEBUG START RFID FUNCTION
2023-04-24T11:03:02.417318+0600 DEBUG START Animal ID animal_id: b'435400040001'
2023-04-24T11:03:02.418909+0600 DEBUG START Null id null_id : b'435400040001'
2023-04-24T11:03:02.458629+0600 DEBUG Raw ID animal_id: b'43540028004501c38d13091e0102011b0101e2806894000040103003d496e2806894200040103003d496c5d5'
2023-04-24T11:03:02.460254+0600 DEBUG New ID animal_id_new: 40103003d496
2023-04-24T11:03:02.461536+0600 DEBUG Null id null_id : b'435400040001'
2023-04-24T11:03:02.462966+0600 DEBUG Success step 2 RFID. animal id new: 40103003d496
2023-04-24T11:03:02.464399+0600 INFO Animal_ID: 40103003d496
2023-04-24T11:03:03.418135+0600 INFO Distance: 138.0
2023-04-24T11:03:03.420087+0600 DEBUG START RFID FUNCTION
2023-04-24T11:03:03.422633+0600 DEBUG START Animal ID animal_id: b'435400040001'
2023-04-24T11:03:03.424263+0600 DEBUG START Null id null_id : b'435400040001'
2023-04-24T11:03:03.458733+0600 DEBUG Raw ID animal_id: b'43540028004501c38d13091e0102011b0101e2806894000040103003d496e2806894200040103003d496cbcf'
2023-04-24T11:03:03.460821+0600 DEBUG New ID animal_id_new: 40103003d496
2023-04-24T11:03:03.462389+0600 DEBUG Null id null_id : b'435400040001'
2023-04-24T11:03:03.464123+0600 DEBUG Success step 2 RFID. animal id new: 40103003d496
2023-04-24T11:03:03.465908+0600 INFO Animal_ID: 40103003d496
2023-04-24T11:03:04.421500+0600 INFO Distance: 138.0
2023-04-24T11:03:04.423334+0600 DEBUG START RFID FUNCTION
2023-04-24T11:03:04.424915+0600 DEBUG START Animal ID animal_id: b'435400040001'
2023-04-24T11:03:04.426472+0600 DEBUG START Null id null_id : b'435400040001'
2023-04-24T11:03:04.458932+0600 DEBUG Raw ID animal_id: b'43540028004501c38d13091e0102011b0101e2806894000040103003d496e2806894200040103003d496c2d8'
2023-04-24T11:03:04.461071+0600 DEBUG New ID animal_id_new: 40103003d496
2023-04-24T11:03:04.463026+0600 DEBUG Null id null_id : b'435400040001'
2023-04-24T11:03:04.465056+0600 DEBUG Success step 2 RFID. animal id new: 40103003d496
2023-04-24T11:03:04.466868+0600 INFO Animal_ID: 40103003d496
2023-04-24T11:03:05.424734+0600 INFO Distance: 138.0
2023-04-24T11:03:05.426741+0600 DEBUG START RFID FUNCTION
2023-04-24T11:03:05.428468+0600 DEBUG START Animal ID animal_id: b'435400040001'
2023-04-24T11:03:05.430044+0600 DEBUG START Null id null_id : b'435400040001'
2023-04-24T11:03:05.458898+0600 DEBUG Raw ID animal_id: b'43540028004501c38d13091e0102011b0101e2806894000040103003d496e2806894200040103003d496d9c1'
2023-04-24T11:03:05.460943+0600 DEBUG New ID animal_id_new: 40103003d496
2023-04-24T11:03:05.462558+0600 DEBUG Null id null_id : b'435400040001'
2023-04-24T11:03:05.464691+0600 DEBUG Success step 2 RFID. animal id new: 40103003d496
2023-04-24T11:03:05.466778+0600 INFO Animal_ID: 40103003d496
2023-04-24T11:03:06.429034+0600 INFO Distance: 135.0
2023-04-24T11:03:06.430822+0600 DEBUG START RFID FUNCTION
2023-04-24T11:03:06.432226+0600 DEBUG START Animal ID animal_id: b'435400040001'
2023-04-24T11:03:06.433494+0600 DEBUG START Null id null_id : b'435400040001'
2023-04-24T11:03:06.458573+0600 DEBUG Raw ID animal_id: b'43540028004501c38d13091e0102011b0101e2806894000040103003d496e2806894200040103003d496d7c3'
2023-04-24T11:03:06.460274+0600 DEBUG New ID animal_id_new: 40103003d496
2023-04-24T11:03:06.461576+0600 DEBUG Null id null_id : b'435400040001'
2023-04-24T11:03:06.463419+0600 DEBUG Success step 2 RFID. animal id new: 40103003d496
2023-04-24T11:03:06.465051+0600 INFO Animal_ID: 40103003d496
2023-04-24T11:03:07.432258+0600 INFO Distance: 138.0
2023-04-24T11:03:07.434033+0600 DEBUG START RFID FUNCTION
2023-04-24T11:03:07.435416+0600 DEBUG START Animal ID animal_id: b'435400040001'
2023-04-24T11:03:07.436728+0600 DEBUG START Null id null_id : b'435400040001'
2023-04-24T11:03:07.458582+0600 DEBUG Raw ID animal_id: b'43540028004501c38d13091e0102011b0101e2806894000040103003d496e2806894200040103003d496d7c3'
2023-04-24T11:03:07.460232+0600 DEBUG New ID animal_id_new: 40103003d496
2023-04-24T11:03:07.461442+0600 DEBUG Null id null_id : b'435400040001'
2023-04-24T11:03:07.462909+0600 DEBUG Success step 2 RFID. animal id new: 40103003d496
2023-04-24T11:03:07.464343+0600 INFO Animal_ID: 40103003d496
2023-04-24T11:03:08.439966+0600 INFO Distance: 138.0
2023-04-24T11:03:08.441642+0600 DEBUG START RFID FUNCTION
2023-04-24T11:03:08.443417+0600 DEBUG START Animal ID animal_id: b'435400040001'
2023-04-24T11:03:08.445053+0600 DEBUG START Null id null_id : b'435400040001'
2023-04-24T11:03:08.458457+0600 DEBUG Raw ID animal_id: b'43540028004501c38d13091e0102011b0101e2806894000040103003d496e2806894200040103003d496d5c5'
2023-04-24T11:03:08.460270+0600 DEBUG New ID animal_id_new: 40103003d496
2023-04-24T11:03:08.461650+0600 DEBUG Null id null_id : b'435400040001'
2023-04-24T11:03:08.463605+0600 DEBUG Success step 2 RFID. animal id new: 40103003d496
2023-04-24T11:03:08.465162+0600 INFO Animal_ID: 40103003d496
2023-04-24T11:03:09.443255+0600 INFO Distance: 138.0
2023-04-24T11:03:09.445169+0600 DEBUG START RFID FUNCTION
2023-04-24T11:03:09.446968+0600 DEBUG START Animal ID animal_id: b'435400040001'
2023-04-24T11:03:09.448552+0600 DEBUG START Null id null_id : b'435400040001'
2023-04-24T11:03:09.458597+0600 DEBUG Raw ID animal_id: b'43540028004501c38d13091e0102011b0101e2806894000040103003d496e2806894200040103003d496d5c5'
2023-04-24T11:03:09.460646+0600 DEBUG New ID animal_id_new: 40103003d496
2023-04-24T11:03:09.462265+0600 DEBUG Null id null_id : b'435400040001'
2023-04-24T11:03:09.464197+0600 DEBUG Success step 2 RFID. animal id new: 40103003d496
2023-04-24T11:03:09.465950+0600 INFO Animal_ID: 40103003d496
2023-04-24T11:03:10.446409+0600 INFO Distance: 126.0
2023-04-24T11:03:10.448434+0600 DEBUG START RFID FUNCTION
2023-04-24T11:03:10.450123+0600 DEBUG START Animal ID animal_id: b'435400040001'
2023-04-24T11:03:10.451705+0600 DEBUG START Null id null_id : b'435400040001'
2023-04-24T11:03:10.458254+0600 DEBUG Raw ID animal_id: b'43540028004501c38d13091e0102011b0101e2806894000040103003d496e2806894200040103003d496d6c4'
2023-04-24T11:03:10.460142+0600 DEBUG New ID animal_id_new: 40103003d496
2023-04-24T11:03:10.461861+0600 DEBUG Null id null_id : b'435400040001'
2023-04-24T11:03:10.463651+0600 DEBUG Success step 2 RFID. animal id new: 40103003d496
2023-04-24T11:03:10.465354+0600 INFO Animal_ID: 40103003d496
2023-04-24T11:03:11.450773+0600 INFO Distance: 138.0
2023-04-24T11:03:11.452719+0600 DEBUG START RFID FUNCTION
2023-04-24T11:03:11.454403+0600 DEBUG START Animal ID animal_id: b'435400040001'
2023-04-24T11:03:11.455941+0600 DEBUG START Null id null_id : b'435400040001'
2023-04-24T11:03:11.559488+0600 DEBUG Raw ID animal_id: b'43540028004501c38d13091e0102011b0101e2806894000040103003d496e2806894200040103003d496d5c5'
2023-04-24T11:03:11.563569+0600 DEBUG New ID animal_id_new: 40103003d496
2023-04-24T11:03:11.568082+0600 DEBUG Null id null_id : b'435400040001'
2023-04-24T11:03:11.572624+0600 DEBUG Success step 2 RFID. animal id new: 40103003d496
2023-04-24T11:03:11.577790+0600 INFO Animal_ID: 40103003d496
2023-04-24T11:03:12.454028+0600 INFO Distance: 138.0
2023-04-24T11:03:12.456185+0600 DEBUG START RFID FUNCTION
2023-04-24T11:03:12.457856+0600 DEBUG START Animal ID animal_id: b'435400040001'
2023-04-24T11:03:12.459426+0600 DEBUG START Null id null_id : b'435400040001'
2023-04-24T11:03:12.559547+0600 DEBUG Raw ID animal_id: b'43540028004501c38d13091e0102011b0101e2806894000040103003d496e2806894200040103003d496d6c4'
2023-04-24T11:03:12.564461+0600 DEBUG New ID animal_id_new: 40103003d496
2023-04-24T11:03:12.568986+0600 DEBUG Null id null_id : b'435400040001'
2023-04-24T11:03:12.573843+0600 DEBUG Success step 2 RFID. animal id new: 40103003d496
2023-04-24T11:03:12.579698+0600 INFO Animal_ID: 40103003d496
2023-04-24T11:03:13.461148+0600 INFO Distance: 135.0
2023-04-24T11:03:13.462901+0600 DEBUG START RFID FUNCTION
2023-04-24T11:03:13.465938+0600 DEBUG START Animal ID animal_id: b'435400040001'
2023-04-24T11:03:13.467865+0600 DEBUG START Null id null_id : b'435400040001'
2023-04-24T11:03:13.559696+0600 DEBUG Raw ID animal_id: b'43540028004501c38d13091e0102011b0101e2806894000040103003d496e2806894200040103003d496d6c4'
2023-04-24T11:03:13.565176+0600 DEBUG New ID animal_id_new: 40103003d496
2023-04-24T11:03:13.570376+0600 DEBUG Null id null_id : b'435400040001'
2023-04-24T11:03:13.576903+0600 DEBUG Success step 2 RFID. animal id new: 40103003d496
2023-04-24T11:03:13.585056+0600 INFO Animal_ID: 40103003d496
2023-04-24T11:03:14.465073+0600 INFO Distance: 155.0
2023-04-24T11:03:14.467139+0600 DEBUG START RFID FUNCTION
2023-04-24T11:03:14.468843+0600 DEBUG START Animal ID animal_id: b'435400040001'
2023-04-24T11:03:14.470740+0600 DEBUG START Null id null_id : b'435400040001'
2023-04-24T11:03:14.559091+0600 DEBUG Raw ID animal_id: b'43540028004501c38d13091e0102011b0101e2806894000040103003d496e2806894200040103003d496d6c4'
2023-04-24T11:03:14.564752+0600 DEBUG New ID animal_id_new: 40103003d496
2023-04-24T11:03:14.569901+0600 DEBUG Null id null_id : b'435400040001'
2023-04-24T11:03:14.575046+0600 DEBUG Success step 2 RFID. animal id new: 40103003d496
2023-04-24T11:03:14.579904+0600 INFO Animal_ID: 40103003d496
2023-04-24T11:03:15.469337+0600 INFO Distance: 138.0
2023-04-24T11:03:15.471502+0600 DEBUG START RFID FUNCTION
2023-04-24T11:03:15.473385+0600 DEBUG START Animal ID animal_id: b'435400040001'
2023-04-24T11:03:15.475068+0600 DEBUG START Null id null_id : b'435400040001'
2023-04-24T11:03:15.559161+0600 DEBUG Raw ID animal_id: b'43540028004501c38d13091e0102011b0101e2806894000040103003d496e2806894200040103003d496d5c5'
2023-04-24T11:03:15.563784+0600 DEBUG New ID animal_id_new: 40103003d496
2023-04-24T11:03:15.568350+0600 DEBUG Null id null_id : b'435400040001'
2023-04-24T11:03:15.573153+0600 DEBUG Success step 2 RFID. animal id new: 40103003d496
2023-04-24T11:03:15.577991+0600 INFO Animal_ID: 40103003d496
2023-04-24T11:03:16.472585+0600 INFO Distance: 151.0
2023-04-24T11:03:16.474404+0600 DEBUG START RFID FUNCTION
2023-04-24T11:03:16.476027+0600 DEBUG START Animal ID animal_id: b'435400040001'
2023-04-24T11:03:16.477708+0600 DEBUG START Null id null_id : b'435400040001'
2023-04-24T11:03:16.558331+0600 DEBUG Raw ID animal_id: b'43540028004501c38d13091e0102011b0101e2806894000040103003d496e2806894200040103003d496d6c4'
2023-04-24T11:03:16.560145+0600 DEBUG New ID animal_id_new: 40103003d496
2023-04-24T11:03:16.561644+0600 DEBUG Null id null_id : b'435400040001'
2023-04-24T11:03:16.563421+0600 DEBUG Success step 2 RFID. animal id new: 40103003d496
2023-04-24T11:03:16.564996+0600 INFO Animal_ID: 40103003d496
2023-04-24T11:03:17.475800+0600 INFO Distance: 138.0
2023-04-24T11:03:17.477833+0600 DEBUG START RFID FUNCTION
2023-04-24T11:03:17.479492+0600 DEBUG START Animal ID animal_id: b'435400040001'
2023-04-24T11:03:17.481028+0600 DEBUG START Null id null_id : b'435400040001'
2023-04-24T11:03:17.558457+0600 DEBUG Raw ID animal_id: b'43540028004501c38d13091e0102011b0101e2806894000040103003d496e2806894200040103003d496d6c4'
2023-04-24T11:03:17.560975+0600 DEBUG New ID animal_id_new: 40103003d496
2023-04-24T11:03:17.563228+0600 DEBUG Null id null_id : b'435400040001'
2023-04-24T11:03:17.565904+0600 DEBUG Success step 2 RFID. animal id new: 40103003d496
2023-04-24T11:03:17.568392+0600 INFO Animal_ID: 40103003d496
2023-04-24T11:03:18.479366+0600 INFO Distance: 138.0
2023-04-24T11:03:18.481329+0600 DEBUG START RFID FUNCTION
2023-04-24T11:03:18.483242+0600 DEBUG START Animal ID animal_id: b'435400040001'
2023-04-24T11:03:18.485041+0600 DEBUG START Null id null_id : b'435400040001'
2023-04-24T11:03:18.558297+0600 DEBUG Raw ID animal_id: b'43540028004501c38d13091e0102011b0101e2806894000040103003d496e2806894200040103003d496d5c5'
2023-04-24T11:03:18.560296+0600 DEBUG New ID animal_id_new: 40103003d496
2023-04-24T11:03:18.562189+0600 DEBUG Null id null_id : b'435400040001'
2023-04-24T11:03:18.564442+0600 DEBUG Success step 2 RFID. animal id new: 40103003d496
2023-04-24T11:03:18.566584+0600 INFO Animal_ID: 40103003d496
2023-04-24T11:03:19.487000+0600 INFO Distance: 135.0
2023-04-24T11:03:19.488584+0600 DEBUG START RFID FUNCTION
2023-04-24T11:03:19.489913+0600 DEBUG START Animal ID animal_id: b'435400040001'
2023-04-24T11:03:19.491060+0600 DEBUG START Null id null_id : b'435400040001'
2023-04-24T11:03:19.558126+0600 DEBUG Raw ID animal_id: b'43540028004501c38d13091e0102011b0101e2806894000040103003d496e2806894200040103003d496d6c4'
2023-04-24T11:03:19.559993+0600 DEBUG New ID animal_id_new: 40103003d496
2023-04-24T11:03:19.561774+0600 DEBUG Null id null_id : b'435400040001'
2023-04-24T11:03:19.563635+0600 DEBUG Success step 2 RFID. animal id new: 40103003d496
2023-04-24T11:03:19.565627+0600 INFO Animal_ID: 40103003d496
2023-04-24T11:03:20.490739+0600 INFO Distance: 141.0
2023-04-24T11:03:20.492236+0600 DEBUG START RFID FUNCTION
2023-04-24T11:03:20.493637+0600 DEBUG START Animal ID animal_id: b'435400040001'
2023-04-24T11:03:20.495061+0600 DEBUG START Null id null_id : b'435400040001'
2023-04-24T11:03:20.558189+0600 DEBUG Raw ID animal_id: b'43540028004501c38d13091e0102011b0101e2806894000040103003d496e2806894200040103003d496d5c5'
2023-04-24T11:03:20.559761+0600 DEBUG New ID animal_id_new: 40103003d496
2023-04-24T11:03:20.561153+0600 DEBUG Null id null_id : b'435400040001'
2023-04-24T11:03:20.562946+0600 DEBUG Success step 2 RFID. animal id new: 40103003d496
2023-04-24T11:03:20.564800+0600 INFO Animal_ID: 40103003d496
2023-04-24T11:03:21.494017+0600 INFO Distance: 138.0
2023-04-24T11:03:21.495736+0600 DEBUG START RFID FUNCTION
2023-04-24T11:03:21.497325+0600 DEBUG START Animal ID animal_id: b'435400040001'
2023-04-24T11:03:21.499085+0600 DEBUG START Null id null_id : b'435400040001'
2023-04-24T11:03:21.558209+0600 DEBUG Raw ID animal_id: b'43540028004501c38d13091e0102011b0101e2806894000040103003d496e2806894200040103003d496d6c4'
2023-04-24T11:03:21.560365+0600 DEBUG New ID animal_id_new: 40103003d496
2023-04-24T11:03:21.562237+0600 DEBUG Null id null_id : b'435400040001'
2023-04-24T11:03:21.564437+0600 DEBUG Success step 2 RFID. animal id new: 40103003d496
2023-04-24T11:03:21.566276+0600 INFO Animal_ID: 40103003d496
2023-04-24T11:03:22.497571+0600 INFO Distance: 135.0
2023-04-24T11:03:22.499512+0600 DEBUG START RFID FUNCTION
2023-04-24T11:03:22.501167+0600 DEBUG START Animal ID animal_id: b'435400040001'
2023-04-24T11:03:22.502698+0600 DEBUG START Null id null_id : b'435400040001'
2023-04-24T11:03:22.558088+0600 DEBUG Raw ID animal_id: b'43540028004501c38d13091e0102011b0101e2806894000040103003d496e2806894200040103003d496d6c4'
2023-04-24T11:03:22.560207+0600 DEBUG New ID animal_id_new: 40103003d496
2023-04-24T11:03:22.562399+0600 DEBUG Null id null_id : b'435400040001'
2023-04-24T11:03:22.564440+0600 DEBUG Success step 2 RFID. animal id new: 40103003d496
2023-04-24T11:03:22.566988+0600 INFO Animal_ID: 40103003d496
2023-04-24T11:03:23.501921+0600 INFO Distance: 138.0
2023-04-24T11:03:23.503941+0600 DEBUG START RFID FUNCTION
2023-04-24T11:03:23.507289+0600 DEBUG START Animal ID animal_id: b'435400040001'
2023-04-24T11:03:23.509563+0600 DEBUG START Null id null_id : b'435400040001'
2023-04-24T11:03:23.558130+0600 DEBUG Raw ID animal_id: b'43540028004501c38d13091e0102011b0101e2806894000040103003d496e2806894200040103003d496d6c4'
2023-04-24T11:03:23.559949+0600 DEBUG New ID animal_id_new: 40103003d496
2023-04-24T11:03:23.561389+0600 DEBUG Null id null_id : b'435400040001'
2023-04-24T11:03:23.562948+0600 DEBUG Success step 2 RFID. animal id new: 40103003d496
2023-04-24T11:03:23.564553+0600 INFO Animal_ID: 40103003d496
2023-04-24T11:03:24.504939+0600 INFO Distance: 151.0
2023-04-24T11:03:24.507005+0600 DEBUG START RFID FUNCTION
2023-04-24T11:03:24.508694+0600 DEBUG START Animal ID animal_id: b'435400040001'
2023-04-24T11:03:24.510360+0600 DEBUG START Null id null_id : b'435400040001'
2023-04-24T11:03:24.558029+0600 DEBUG Raw ID animal_id: b'43540028004501c38d13091e0102011b0101e2806894000040103003d496e2806894200040103003d496d6c4'
2023-04-24T11:03:24.560422+0600 DEBUG New ID animal_id_new: 40103003d496
2023-04-24T11:03:24.562930+0600 DEBUG Null id null_id : b'435400040001'
2023-04-24T11:03:24.565019+0600 DEBUG Success step 2 RFID. animal id new: 40103003d496
2023-04-24T11:03:24.567029+0600 INFO Animal_ID: 40103003d496
2023-04-24T11:03:25.512821+0600 INFO Distance: 138.0
2023-04-24T11:03:25.514846+0600 DEBUG START RFID FUNCTION
2023-04-24T11:03:25.516712+0600 DEBUG START Animal ID animal_id: b'435400040001'
2023-04-24T11:03:25.518426+0600 DEBUG START Null id null_id : b'435400040001'
2023-04-24T11:03:25.558014+0600 DEBUG Raw ID animal_id: b'43540028004501c38d13091e0102011b0101e2806894000040103003d496e2806894200040103003d496d6c4'
2023-04-24T11:03:25.559876+0600 DEBUG New ID animal_id_new: 40103003d496
2023-04-24T11:03:25.561853+0600 DEBUG Null id null_id : b'435400040001'
2023-04-24T11:03:25.564292+0600 DEBUG Success step 2 RFID. animal id new: 40103003d496
2023-04-24T11:03:25.566414+0600 INFO Animal_ID: 40103003d496
2023-04-24T11:03:26.516840+0600 INFO Distance: 124.0
2023-04-24T11:03:26.519151+0600 DEBUG START RFID FUNCTION
2023-04-24T11:03:26.521937+0600 DEBUG START Animal ID animal_id: b'435400040001'
2023-04-24T11:03:26.523662+0600 DEBUG START Null id null_id : b'435400040001'
2023-04-24T11:03:26.558127+0600 DEBUG Raw ID animal_id: b'43540028004501c38d13091e0102011b0101e2806894000040103003d496e2806894200040103003d496d6c4'
2023-04-24T11:03:26.559774+0600 DEBUG New ID animal_id_new: 40103003d496
2023-04-24T11:03:26.561002+0600 DEBUG Null id null_id : b'435400040001'
2023-04-24T11:03:26.562196+0600 DEBUG Success step 2 RFID. animal id new: 40103003d496
2023-04-24T11:03:26.563375+0600 INFO Animal_ID: 40103003d496
2023-04-24T11:03:27.519714+0600 INFO Distance: 155.0
2023-04-24T11:03:27.521633+0600 DEBUG START RFID FUNCTION
2023-04-24T11:03:27.523302+0600 DEBUG START Animal ID animal_id: b'435400040001'
2023-04-24T11:03:27.524730+0600 DEBUG START Null id null_id : b'435400040001'
2023-04-24T11:03:27.558048+0600 DEBUG Raw ID animal_id: b'43540028004501c38d13091e0102011b0101e2806894000040103003d496e2806894200040103003d496d6c4'
2023-04-24T11:03:27.559998+0600 DEBUG New ID animal_id_new: 40103003d496
2023-04-24T11:03:27.561530+0600 DEBUG Null id null_id : b'435400040001'
2023-04-24T11:03:27.563280+0600 DEBUG Success step 2 RFID. animal id new: 40103003d496
2023-04-24T11:03:27.564992+0600 INFO Animal_ID: 40103003d496
2023-04-24T11:03:28.522844+0600 INFO Distance: 138.0
2023-04-24T11:03:28.524326+0600 DEBUG START RFID FUNCTION
2023-04-24T11:03:28.527584+0600 DEBUG START Animal ID animal_id: b'435400040001'
2023-04-24T11:03:28.529113+0600 DEBUG START Null id null_id : b'435400040001'
2023-04-24T11:03:28.557879+0600 DEBUG Raw ID animal_id: b'43540028004501c38d13091e0102011b0101e2806894000040103003d496e2806894200040103003d496d6c4'
2023-04-24T11:03:28.559607+0600 DEBUG New ID animal_id_new: 40103003d496
2023-04-24T11:03:28.560994+0600 DEBUG Null id null_id : b'435400040001'
2023-04-24T11:03:28.562514+0600 DEBUG Success step 2 RFID. animal id new: 40103003d496
2023-04-24T11:03:28.564036+0600 INFO Animal_ID: 40103003d496
2023-04-24T11:03:29.527329+0600 INFO Distance: 138.0
2023-04-24T11:03:29.529276+0600 DEBUG START RFID FUNCTION
2023-04-24T11:03:29.530937+0600 DEBUG START Animal ID animal_id: b'435400040001'
2023-04-24T11:03:29.532490+0600 DEBUG START Null id null_id : b'435400040001'
2023-04-24T11:03:29.557768+0600 DEBUG Raw ID animal_id: b'43540028004501c38d13091e0102011b0101e2806894000040103003d496e2806894200040103003d496d6c4'
2023-04-24T11:03:29.559675+0600 DEBUG New ID animal_id_new: 40103003d496
2023-04-24T11:03:29.561224+0600 DEBUG Null id null_id : b'435400040001'
2023-04-24T11:03:29.562910+0600 DEBUG Success step 2 RFID. animal id new: 40103003d496
2023-04-24T11:03:29.564582+0600 INFO Animal_ID: 40103003d496
2023-04-24T11:03:30.534199+0600 INFO Distance: 138.0
2023-04-24T11:03:30.536106+0600 DEBUG START RFID FUNCTION
2023-04-24T11:03:30.537905+0600 DEBUG START Animal ID animal_id: b'435400040001'
2023-04-24T11:03:30.539474+0600 DEBUG START Null id null_id : b'435400040001'
2023-04-24T11:03:30.557768+0600 DEBUG Raw ID animal_id: b'43540028004501c38d13091e0102011b0101e2806894000040103003d496e2806894200040103003d496d6c4'
2023-04-24T11:03:30.559745+0600 DEBUG New ID animal_id_new: 40103003d496
2023-04-24T11:03:30.561689+0600 DEBUG Null id null_id : b'435400040001'
2023-04-24T11:03:30.563864+0600 DEBUG Success step 2 RFID. animal id new: 40103003d496
2023-04-24T11:03:30.565584+0600 INFO Animal_ID: 40103003d496
2023-04-24T11:03:31.537282+0600 INFO Distance: 138.0
2023-04-24T11:03:31.538853+0600 DEBUG START RFID FUNCTION
2023-04-24T11:03:31.540089+0600 DEBUG START Animal ID animal_id: b'435400040001'
2023-04-24T11:03:31.541116+0600 DEBUG START Null id null_id : b'435400040001'
2023-04-24T11:03:31.566911+0600 DEBUG Raw ID animal_id: b'43540028004501c38d13091e0102011b0101e2806894000040103003d496e2806894200040103003d496d6c4'
2023-04-24T11:03:31.568542+0600 DEBUG New ID animal_id_new: 40103003d496
2023-04-24T11:03:31.569688+0600 DEBUG Null id null_id : b'435400040001'
2023-04-24T11:03:31.571024+0600 DEBUG Success step 2 RFID. animal id new: 40103003d496
2023-04-24T11:03:31.572347+0600 INFO Animal_ID: 40103003d496
2023-04-24T11:03:32.541718+0600 INFO Distance: 147.0
2023-04-24T11:03:32.543301+0600 DEBUG START RFID FUNCTION
2023-04-24T11:03:32.544646+0600 DEBUG START Animal ID animal_id: b'435400040001'
2023-04-24T11:03:32.545869+0600 DEBUG START Null id null_id : b'435400040001'
2023-04-24T11:03:32.557569+0600 DEBUG Raw ID animal_id: b'43540028004501c38d13091e0102011b0101e2806894000040103003d496e2806894200040103003d496d5c5'
2023-04-24T11:03:32.559263+0600 DEBUG New ID animal_id_new: 40103003d496
2023-04-24T11:03:32.560746+0600 DEBUG Null id null_id : b'435400040001'
2023-04-24T11:03:32.562235+0600 DEBUG Success step 2 RFID. animal id new: 40103003d496
2023-04-24T11:03:32.563649+0600 INFO Animal_ID: 40103003d496
2023-04-24T11:03:33.545372+0600 INFO Distance: 138.0
2023-04-24T11:03:33.546755+0600 DEBUG START RFID FUNCTION
2023-04-24T11:03:33.550052+0600 DEBUG START Animal ID animal_id: b'435400040001'
2023-04-24T11:03:33.551227+0600 DEBUG START Null id null_id : b'435400040001'
2023-04-24T11:03:33.557547+0600 DEBUG Raw ID animal_id: b'43540028004501c38d13091e0102011b0101e2806894000040103003d496e2806894200040103003d496d5c5'
2023-04-24T11:03:33.558755+0600 DEBUG New ID animal_id_new: 40103003d496
2023-04-24T11:03:33.559743+0600 DEBUG Null id null_id : b'435400040001'
2023-04-24T11:03:33.560869+0600 DEBUG Success step 2 RFID. animal id new: 40103003d496
2023-04-24T11:03:33.562194+0600 INFO Animal_ID: 40103003d496
2023-04-24T11:03:34.549231+0600 INFO Distance: 151.0
2023-04-24T11:03:34.551186+0600 DEBUG START RFID FUNCTION
2023-04-24T11:03:34.552857+0600 DEBUG START Animal ID animal_id: b'435400040001'
2023-04-24T11:03:34.554410+0600 DEBUG START Null id null_id : b'435400040001'
2023-04-24T11:03:34.557594+0600 DEBUG Raw ID animal_id: b'43540028004501c38d13091e0102011b0101e2806894000040103003d496e2806894200040103003d496d6c4'
2023-04-24T11:03:34.559355+0600 DEBUG New ID animal_id_new: 40103003d496
2023-04-24T11:03:34.560914+0600 DEBUG Null id null_id : b'435400040001'
2023-04-24T11:03:34.562684+0600 DEBUG Success step 2 RFID. animal id new: 40103003d496
2023-04-24T11:03:34.564529+0600 INFO Animal_ID: 40103003d496
2023-04-24T11:03:35.552348+0600 INFO Distance: 151.0
2023-04-24T11:03:35.554279+0600 DEBUG START RFID FUNCTION
2023-04-24T11:03:35.555947+0600 DEBUG START Animal ID animal_id: b'435400040001'
2023-04-24T11:03:35.557569+0600 DEBUG START Null id null_id : b'435400040001'
2023-04-24T11:03:35.658200+0600 DEBUG Raw ID animal_id: b'43540028004501c38d13091e0102011b0101e2806894000040103003d496e2806894200040103003d496d5c5'
2023-04-24T11:03:35.662981+0600 DEBUG New ID animal_id_new: 40103003d496
2023-04-24T11:03:35.667097+0600 DEBUG Null id null_id : b'435400040001'
2023-04-24T11:03:35.672245+0600 DEBUG Success step 2 RFID. animal id new: 40103003d496
2023-04-24T11:03:35.676538+0600 INFO Animal_ID: 40103003d496
2023-04-24T11:03:36.559735+0600 INFO Distance: 138.0
2023-04-24T11:03:36.561577+0600 DEBUG START RFID FUNCTION
2023-04-24T11:03:36.563030+0600 DEBUG START Animal ID animal_id: b'435400040001'
2023-04-24T11:03:36.564386+0600 DEBUG START Null id null_id : b'435400040001'
2023-04-24T11:03:36.657750+0600 DEBUG Raw ID animal_id: b'43540028004501c38d13091e0102011b0101e2806894000040103003d496e2806894200040103003d496d5c5'
2023-04-24T11:03:36.659431+0600 DEBUG New ID animal_id_new: 40103003d496
2023-04-24T11:03:36.661383+0600 DEBUG Null id null_id : b'435400040001'
2023-04-24T11:03:36.663186+0600 DEBUG Success step 2 RFID. animal id new: 40103003d496
2023-04-24T11:03:36.664733+0600 INFO Animal_ID: 40103003d496
2023-04-24T11:03:37.564375+0600 INFO Distance: 132.0
2023-04-24T11:03:37.569451+0600 DEBUG START RFID FUNCTION
2023-04-24T11:03:37.574501+0600 DEBUG START Animal ID animal_id: b'435400040001'
2023-04-24T11:03:37.580973+0600 DEBUG START Null id null_id : b'435400040001'
2023-04-24T11:03:37.657312+0600 DEBUG Raw ID animal_id: b'43540028004501c38d13091e0102011b0101e2806894000040103003d496e2806894200040103003d496d6c4'
2023-04-24T11:03:37.658539+0600 DEBUG New ID animal_id_new: 40103003d496
2023-04-24T11:03:37.659507+0600 DEBUG Null id null_id : b'435400040001'
2023-04-24T11:03:37.660558+0600 DEBUG Success step 2 RFID. animal id new: 40103003d496
2023-04-24T11:03:37.661590+0600 INFO Animal_ID: 40103003d496
2023-04-24T11:03:38.572343+0600 INFO Distance: 124.0
2023-04-24T11:03:38.576439+0600 DEBUG START RFID FUNCTION
2023-04-24T11:03:38.580063+0600 DEBUG START Animal ID animal_id: b'435400040001'
2023-04-24T11:03:38.582170+0600 DEBUG START Null id null_id : b'435400040001'
2023-04-24T11:03:38.657602+0600 DEBUG Raw ID animal_id: b'43540028004501c38d13091e0102011b0101e2806894000040103003d496e2806894200040103003d496d6c4'
2023-04-24T11:03:38.659272+0600 DEBUG New ID animal_id_new: 40103003d496
2023-04-24T11:03:38.660908+0600 DEBUG Null id null_id : b'435400040001'
2023-04-24T11:03:38.662672+0600 DEBUG Success step 2 RFID. animal id new: 40103003d496
2023-04-24T11:03:38.665871+0600 INFO Animal_ID: 40103003d496
2023-04-24T11:03:39.571063+0600 INFO Distance: 138.0
2023-04-24T11:03:39.572803+0600 DEBUG START RFID FUNCTION
2023-04-24T11:03:39.574200+0600 DEBUG START Animal ID animal_id: b'435400040001'
2023-04-24T11:03:39.575455+0600 DEBUG START Null id null_id : b'435400040001'
2023-04-24T11:03:39.657731+0600 DEBUG Raw ID animal_id: b'43540028004501c38d13091e0102011b0101e2806894000040103003d496e2806894200040103003d496d6c4'
2023-04-24T11:03:39.662174+0600 DEBUG New ID animal_id_new: 40103003d496
2023-04-24T11:03:39.666206+0600 DEBUG Null id null_id : b'435400040001'
2023-04-24T11:03:39.672228+0600 DEBUG Success step 2 RFID. animal id new: 40103003d496
2023-04-24T11:03:39.678103+0600 INFO Animal_ID: 40103003d496
2023-04-24T11:03:40.574282+0600 INFO Distance: 14.0
2023-04-24T11:03:40.576113+0600 DEBUG START RFID FUNCTION
2023-04-24T11:03:40.577875+0600 DEBUG START Animal ID animal_id: b'435400040001'
2023-04-24T11:03:40.579411+0600 DEBUG START Null id null_id : b'435400040001'
2023-04-24T11:03:40.657628+0600 DEBUG Raw ID animal_id: b'43540028004501c38d13091e0102011b0101e2806894000040103003d496e2806894200040103003d496d5c5'
2023-04-24T11:03:40.659867+0600 DEBUG New ID animal_id_new: 40103003d496
2023-04-24T11:03:40.662290+0600 DEBUG Null id null_id : b'435400040001'
2023-04-24T11:03:40.665101+0600 DEBUG Success step 2 RFID. animal id new: 40103003d496
2023-04-24T11:03:40.668460+0600 INFO Animal_ID: 40103003d496
2023-04-24T11:03:41.577777+0600 INFO Distance: 14.0
2023-04-24T11:03:41.579691+0600 DEBUG START RFID FUNCTION
2023-04-24T11:03:41.581317+0600 DEBUG START Animal ID animal_id: b'435400040001'
2023-04-24T11:03:41.582825+0600 DEBUG START Null id null_id : b'435400040001'
2023-04-24T11:03:41.657376+0600 DEBUG Raw ID animal_id: b'43540028004501c38d13091e0102011b0101e2806894000040103003d496e2806894200040103003d496d5c5'
2023-04-24T11:03:41.659464+0600 DEBUG New ID animal_id_new: 40103003d496
2023-04-24T11:03:41.661410+0600 DEBUG Null id null_id : b'435400040001'
2023-04-24T11:03:41.663519+0600 DEBUG Success step 2 RFID. animal id new: 40103003d496
2023-04-24T11:03:41.667092+0600 INFO Animal_ID: 40103003d496
2023-04-24T11:03:42.581615+0600 INFO Distance: 13.0
2023-04-24T11:03:42.583535+0600 DEBUG START RFID FUNCTION
2023-04-24T11:03:42.585182+0600 DEBUG START Animal ID animal_id: b'435400040001'
2023-04-24T11:03:42.586784+0600 DEBUG START Null id null_id : b'435400040001'
2023-04-24T11:03:42.657516+0600 DEBUG Raw ID animal_id: b'43540028004501c38d13091e0102011b0101e2806894000040103003d496e2806894200040103003d496d5c5'
2023-04-24T11:03:42.659537+0600 DEBUG New ID animal_id_new: 40103003d496
2023-04-24T11:03:42.661284+0600 DEBUG Null id null_id : b'435400040001'
2023-04-24T11:03:42.663401+0600 DEBUG Success step 2 RFID. animal id new: 40103003d496
2023-04-24T11:03:42.665313+0600 INFO Animal_ID: 40103003d496
2023-04-24T11:03:43.589274+0600 INFO Distance: 138.0
2023-04-24T11:03:43.590724+0600 DEBUG START RFID FUNCTION
2023-04-24T11:03:43.593643+0600 DEBUG START Animal ID animal_id: b'435400040001'
2023-04-24T11:03:43.595007+0600 DEBUG START Null id null_id : b'435400040001'
2023-04-24T11:03:43.657194+0600 DEBUG Raw ID animal_id: b'43540028004501c38d13091e0102011b0101e2806894000040103003d496e2806894200040103003d496d6c4'
2023-04-24T11:03:43.658878+0600 DEBUG New ID animal_id_new: 40103003d496
2023-04-24T11:03:43.660859+0600 DEBUG Null id null_id : b'435400040001'
2023-04-24T11:03:43.662458+0600 DEBUG Success step 2 RFID. animal id new: 40103003d496
2023-04-24T11:03:43.664793+0600 INFO Animal_ID: 40103003d496
2023-04-24T11:03:44.592432+0600 INFO Distance: 135.0
2023-04-24T11:03:44.594036+0600 DEBUG START RFID FUNCTION
2023-04-24T11:03:44.595334+0600 DEBUG START Animal ID animal_id: b'435400040001'
2023-04-24T11:03:44.597016+0600 DEBUG START Null id null_id : b'435400040001'
2023-04-24T11:03:44.657308+0600 DEBUG Raw ID animal_id: b'43540028004501c38d13091e0102011b0101e2806894000040103003d496e2806894200040103003d496d6c4'
2023-04-24T11:03:44.659077+0600 DEBUG New ID animal_id_new: 40103003d496
2023-04-24T11:03:44.660863+0600 DEBUG Null id null_id : b'435400040001'
2023-04-24T11:03:44.662808+0600 DEBUG Success step 2 RFID. animal id new: 40103003d496
2023-04-24T11:03:44.664979+0600 INFO Animal_ID: 40103003d496
2023-04-24T11:03:45.595656+0600 INFO Distance: 138.0
2023-04-24T11:03:45.597392+0600 DEBUG START RFID FUNCTION
2023-04-24T11:03:45.599038+0600 DEBUG START Animal ID animal_id: b'435400040001'
2023-04-24T11:03:45.600654+0600 DEBUG START Null id null_id : b'435400040001'
2023-04-24T11:03:45.657235+0600 DEBUG Raw ID animal_id: b'43540028004501c38d13091e0102011b0101e2806894000040103003d496e2806894200040103003d496d6c4'
2023-04-24T11:03:45.658750+0600 DEBUG New ID animal_id_new: 40103003d496
2023-04-24T11:03:45.660311+0600 DEBUG Null id null_id : b'435400040001'
2023-04-24T11:03:45.662355+0600 DEBUG Success step 2 RFID. animal id new: 40103003d496
2023-04-24T11:03:45.664193+0600 INFO Animal_ID: 40103003d496
2023-04-24T11:03:46.599268+0600 INFO Distance: 135.0
2023-04-24T11:03:46.601102+0600 DEBUG START RFID FUNCTION
2023-04-24T11:03:46.602523+0600 DEBUG START Animal ID animal_id: b'435400040001'
2023-04-24T11:03:46.603806+0600 DEBUG START Null id null_id : b'435400040001'
2023-04-24T11:03:46.657258+0600 DEBUG Raw ID animal_id: b'43540028004501c38d13091e0102011b0101e2806894000040103003d496e2806894200040103003d496d6c4'
2023-04-24T11:03:46.658963+0600 DEBUG New ID animal_id_new: 40103003d496
2023-04-24T11:03:46.660698+0600 DEBUG Null id null_id : b'435400040001'
2023-04-24T11:03:46.662768+0600 DEBUG Success step 2 RFID. animal id new: 40103003d496
2023-04-24T11:03:46.664599+0600 INFO Animal_ID: 40103003d496
2023-04-24T11:03:47.603742+0600 INFO Distance: 135.0
2023-04-24T11:03:47.605246+0600 DEBUG START RFID FUNCTION
2023-04-24T11:03:47.606480+0600 DEBUG START Animal ID animal_id: b'435400040001'
2023-04-24T11:03:47.607754+0600 DEBUG START Null id null_id : b'435400040001'
2023-04-24T11:03:47.656933+0600 DEBUG Raw ID animal_id: b'43540028004501c38d13091e0102011b0101e2806894000040103003d496e2806894200040103003d496d6c4'
2023-04-24T11:03:47.658444+0600 DEBUG New ID animal_id_new: 40103003d496
2023-04-24T11:03:47.659743+0600 DEBUG Null id null_id : b'435400040001'
2023-04-24T11:03:47.661625+0600 DEBUG Success step 2 RFID. animal id new: 40103003d496
2023-04-24T11:03:47.663808+0600 INFO Animal_ID: 40103003d496
2023-04-24T11:03:48.610279+0600 INFO Distance: 141.0
2023-04-24T11:03:48.612372+0600 DEBUG START RFID FUNCTION
2023-04-24T11:03:48.614965+0600 DEBUG START Animal ID animal_id: b'435400040001'
2023-04-24T11:03:48.616972+0600 DEBUG START Null id null_id : b'435400040001'
2023-04-24T11:03:48.657160+0600 DEBUG Raw ID animal_id: b'43540028004501c38d13091e0102011b0101e2806894000040103003d496e2806894200040103003d496d6c4'
2023-04-24T11:03:48.659241+0600 DEBUG New ID animal_id_new: 40103003d496
2023-04-24T11:03:48.661105+0600 DEBUG Null id null_id : b'435400040001'
2023-04-24T11:03:48.663260+0600 DEBUG Success step 2 RFID. animal id new: 40103003d496
2023-04-24T11:03:48.665460+0600 INFO Animal_ID: 40103003d496
2023-04-24T11:03:49.614785+0600 INFO Distance: 138.0
2023-04-24T11:03:49.616977+0600 DEBUG START RFID FUNCTION
2023-04-24T11:03:49.618820+0600 DEBUG START Animal ID animal_id: b'435400040001'
2023-04-24T11:03:49.620431+0600 DEBUG START Null id null_id : b'435400040001'
2023-04-24T11:03:49.657155+0600 DEBUG Raw ID animal_id: b'43540028004501c38d13091e0102011b0101e2806894000040103003d496e2806894200040103003d496d6c4'
2023-04-24T11:03:49.658989+0600 DEBUG New ID animal_id_new: 40103003d496
2023-04-24T11:03:49.660592+0600 DEBUG Null id null_id : b'435400040001'
2023-04-24T11:03:49.662422+0600 DEBUG Success step 2 RFID. animal id new: 40103003d496
2023-04-24T11:03:49.663928+0600 INFO Animal_ID: 40103003d496
2023-04-24T11:03:50.618064+0600 INFO Distance: 151.0
2023-04-24T11:03:50.620021+0600 DEBUG START RFID FUNCTION
2023-04-24T11:03:50.621731+0600 DEBUG START Animal ID animal_id: b'435400040001'
2023-04-24T11:03:50.623325+0600 DEBUG START Null id null_id : b'435400040001'
2023-04-24T11:03:50.657159+0600 DEBUG Raw ID animal_id: b'43540028004501c38d13091e0102011b0101e2806894000040103003d496e2806894200040103003d496d6c4'
2023-04-24T11:03:50.659003+0600 DEBUG New ID animal_id_new: 40103003d496
2023-04-24T11:03:50.660588+0600 DEBUG Null id null_id : b'435400040001'
2023-04-24T11:03:50.662349+0600 DEBUG Success step 2 RFID. animal id new: 40103003d496
2023-04-24T11:03:50.664128+0600 INFO Animal_ID: 40103003d496
2023-04-24T11:03:51.621160+0600 INFO Distance: 151.0
2023-04-24T11:03:51.623103+0600 DEBUG START RFID FUNCTION
2023-04-24T11:03:51.624718+0600 DEBUG START Animal ID animal_id: b'435400040001'
2023-04-24T11:03:51.626231+0600 DEBUG START Null id null_id : b'435400040001'
2023-04-24T11:03:51.657246+0600 DEBUG Raw ID animal_id: b'43540028004501c38d13091e0102011b0101e2806894000040103003d496e2806894200040103003d496d5c5'
2023-04-24T11:03:51.659059+0600 DEBUG New ID animal_id_new: 40103003d496
2023-04-24T11:03:51.660653+0600 DEBUG Null id null_id : b'435400040001'
2023-04-24T11:03:51.662388+0600 DEBUG Success step 2 RFID. animal id new: 40103003d496
2023-04-24T11:03:51.664099+0600 INFO Animal_ID: 40103003d496
2023-04-24T11:03:52.625621+0600 INFO Distance: 151.0
2023-04-24T11:03:52.627721+0600 DEBUG START RFID FUNCTION
2023-04-24T11:03:52.629443+0600 DEBUG START Animal ID animal_id: b'435400040001'
2023-04-24T11:03:52.631149+0600 DEBUG START Null id null_id : b'435400040001'
2023-04-24T11:03:52.657141+0600 DEBUG Raw ID animal_id: b'43540028004501c38d13091e0102011b0101e2806894000040103003d496e2806894200040103003d496debc'
2023-04-24T11:03:52.658746+0600 DEBUG New ID animal_id_new: 40103003d496
2023-04-24T11:03:52.660094+0600 DEBUG Null id null_id : b'435400040001'
2023-04-24T11:03:52.661612+0600 DEBUG Success step 2 RFID. animal id new: 40103003d496
2023-04-24T11:03:52.663769+0600 INFO Animal_ID: 40103003d496
2023-04-24T11:03:53.633023+0600 INFO Distance: 151.0
2023-04-24T11:03:53.635064+0600 DEBUG START RFID FUNCTION
2023-04-24T11:03:53.637543+0600 DEBUG START Animal ID animal_id: b'435400040001'
2023-04-24T11:03:53.639484+0600 DEBUG START Null id null_id : b'435400040001'
2023-04-24T11:03:53.707841+0600 DEBUG Raw ID animal_id: b'43540028004501c38d13091e0102011b0101e2806894000040103003d496e2806894200040103003d496c5d5'
2023-04-24T11:03:53.709800+0600 DEBUG New ID animal_id_new: 40103003d496
2023-04-24T11:03:53.711713+0600 DEBUG Null id null_id : b'435400040001'
2023-04-24T11:03:53.713719+0600 DEBUG Success step 2 RFID. animal id new: 40103003d496
2023-04-24T11:03:53.715911+0600 INFO Animal_ID: 40103003d496
2023-04-24T11:03:54.636437+0600 INFO Distance: 138.0
2023-04-24T11:03:54.638718+0600 DEBUG START RFID FUNCTION
2023-04-24T11:03:54.640473+0600 DEBUG START Animal ID animal_id: b'435400040001'
2023-04-24T11:03:54.641928+0600 DEBUG START Null id null_id : b'435400040001'
