2023-04-24T11:04:33.542803+0600 INFO Connect arduino /dev/ttyACM1
2023-04-24T11:04:33.545237+0600 INFO Configuration of serial, Serial<id=0x75a97598, open=True>(port='/dev/ttyACM1', baudrate=9600, bytesize=8, parity='N', stopbits=1, timeout=None, xonxoff=False, rtscts=False, dsrdtr=False)
2023-04-24T11:04:33.546689+0600 INFO Success: Arduino connected
2023-04-24T11:04:33.552750+0600 INFO ("[1] to calibrate
" "[2] to start measure
>")
2023-04-24T11:04:40.080339+0600 DEBUG START RFID FUNCTION
2023-04-24T11:04:40.082423+0600 DEBUG START Animal ID animal_id: b'435400040001'
2023-04-24T11:04:40.084208+0600 DEBUG START Null id null_id : b'435400040001'
2023-04-24T11:06:52.649397+0600 DEBUG Raw ID animal_id: b'43540028004501c38d13091e0102011b0101e2806894000040103003d496e2806894200040103003d496c2d8'
2023-04-24T11:06:52.651450+0600 DEBUG New ID animal_id_new: 40103003d496
2023-04-24T11:06:52.653427+0600 DEBUG Null id null_id : b'435400040001'
2023-04-24T11:06:52.655855+0600 DEBUG Success step 2 RFID. animal id new: 40103003d496
2023-04-24T11:06:52.658154+0600 INFO Animal_ID: 40103003d496
2023-04-24T11:06:52.887265+0600 INFO Distance: 124.0
2023-04-24T11:06:52.896379+0600 INFO ARDUINOSerial<id=0x75a97b38, open=True>(port='/dev/ttyACM0', baudrate=9600, bytesize=8, parity='N', stopbits=1, timeout=1, xonxoff=False, rtscts=False, dsrdtr=False)
2023-04-24T11:06:56.071889+0600 DEBUG Array weights: [82.85]
2023-04-24T11:06:57.263587+0600 DEBUG Array weights: [82.85, 84.11]
2023-04-24T11:06:58.454629+0600 DEBUG Array weights: [82.85, 84.11, 84.85]
2023-04-24T11:06:59.642957+0600 DEBUG Array weights: [82.85, 84.11, 84.85, 84.33]
2023-04-24T11:07:00.835144+0600 DEBUG Array weights: [82.85, 84.11, 84.85, 84.33, 83.56]
2023-04-24T11:07:02.026957+0600 DEBUG Array weights: [82.85, 84.11, 84.85, 84.33, 83.56, 83.89]
2023-04-24T11:07:03.218652+0600 DEBUG Array weights: [82.85, 84.11, 84.85, 84.33, 83.56, 83.89, 84.63]
2023-04-24T11:07:04.407352+0600 DEBUG Array weights: [82.85, 84.11, 84.85, 84.33, 83.56, 83.89, 84.63, 83.81]
2023-04-24T11:07:05.599450+0600 DEBUG Array weights: [82.85, 84.11, 84.85, 84.33, 83.56, 83.89, 84.63, 83.81, 83.33]
2023-04-24T11:07:06.791509+0600 DEBUG Array weights: [82.85, 84.11, 84.85, 84.33, 83.56, 83.89, 84.63, 83.81, 83.33, 85.26]
2023-04-24T11:07:07.982314+0600 DEBUG Array weights: [82.85, 84.11, 84.85, 84.33, 83.56, 83.89, 84.63, 83.81, 83.33, 85.26, 85.52]
2023-04-24T11:07:09.171104+0600 DEBUG Array weights: [82.85, 84.11, 84.85, 84.33, 83.56, 83.89, 84.63, 83.81, 83.33, 85.26, 85.52, 83.85]
2023-04-24T11:07:10.362817+0600 DEBUG Array weights: [82.85, 84.11, 84.85, 84.33, 83.56, 83.89, 84.63, 83.81, 83.33, 85.26, 85.52, 83.85, 85.81]
2023-04-24T11:07:11.554692+0600 DEBUG Array weights: [82.85, 84.11, 84.85, 84.33, 83.56, 83.89, 84.63, 83.81, 83.33, 85.26, 85.52, 83.85, 85.81, 86.41]
2023-04-24T11:07:12.743427+0600 DEBUG Array weights: [82.85, 84.11, 84.85, 84.33, 83.56, 83.89, 84.63, 83.81, 83.33, 85.26, 85.52, 83.85, 85.81, 86.41, 86.63]
2023-04-24T11:07:13.934420+0600 DEBUG Array weights: [82.85, 84.11, 84.85, 84.33, 83.56, 83.89, 84.63, 83.81, 83.33, 85.26, 85.52, 83.85, 85.81, 86.41, 86.63, 85.85]
2023-04-24T11:07:15.126457+0600 DEBUG Array weights: [82.85, 84.11, 84.85, 84.33, 83.56, 83.89, 84.63, 83.81, 83.33, 85.26, 85.52, 83.85, 85.81, 86.41, 86.63, 85.85, 86.59]
2023-04-24T11:07:16.318436+0600 DEBUG Array weights: [82.85, 84.11, 84.85, 84.33, 83.56, 83.89, 84.63, 83.81, 83.33, 85.26, 85.52, 83.85, 85.81, 86.41, 86.63, 85.85, 86.59, 85.63]
2023-04-24T11:07:17.510433+0600 DEBUG Array weights: [82.85, 84.11, 84.85, 84.33, 83.56, 83.89, 84.63, 83.81, 83.33, 85.26, 85.52, 83.85, 85.81, 86.41, 86.63, 85.85, 86.59, 85.63, 86.56]
2023-04-24T11:07:18.699006+0600 DEBUG Array weights: [82.85, 84.11, 84.85, 84.33, 83.56, 83.89, 84.63, 83.81, 83.33, 85.26, 85.52, 83.85, 85.81, 86.41, 86.63, 85.85, 86.59, 85.63, 86.56, 85.44]
2023-04-24T11:07:19.891048+0600 DEBUG Array weights: [82.85, 84.11, 84.85, 84.33, 83.56, 83.89, 84.63, 83.81, 83.33, 85.26, 85.52, 83.85, 85.81, 86.41, 86.63, 85.85, 86.59, 85.63, 86.56, 85.44, 86.22]
2023-04-24T11:07:21.082888+0600 DEBUG Array weights: [82.85, 84.11, 84.85, 84.33, 83.56, 83.89, 84.63, 83.81, 83.33, 85.26, 85.52, 83.85, 85.81, 86.41, 86.63, 85.85, 86.59, 85.63, 86.56, 85.44, 86.22, 87.63]
2023-04-24T11:07:22.273900+0600 DEBUG Array weights: [82.85, 84.11, 84.85, 84.33, 83.56, 83.89, 84.63, 83.81, 83.33, 85.26, 85.52, 83.85, 85.81, 86.41, 86.63, 85.85, 86.59, 85.63, 86.56, 85.44, 86.22, 87.63, 86.96]
2023-04-24T11:07:23.461758+0600 DEBUG Array weights: [82.85, 84.11, 84.85, 84.33, 83.56, 83.89, 84.63, 83.81, 83.33, 85.26, 85.52, 83.85, 85.81, 86.41, 86.63, 85.85, 86.59, 85.63, 86.56, 85.44, 86.22, 87.63, 86.96, 84.56]
2023-04-24T11:07:24.654200+0600 DEBUG Array weights: [82.85, 84.11, 84.85, 84.33, 83.56, 83.89, 84.63, 83.81, 83.33, 85.26, 85.52, 83.85, 85.81, 86.41, 86.63, 85.85, 86.59, 85.63, 86.56, 85.44, 86.22, 87.63, 86.96, 84.56, 85.93]
2023-04-24T11:07:25.845921+0600 DEBUG Array weights: [82.85, 84.11, 84.85, 84.33, 83.56, 83.89, 84.63, 83.81, 83.33, 85.26, 85.52, 83.85, 85.81, 86.41, 86.63, 85.85, 86.59, 85.63, 86.56, 85.44, 86.22, 87.63, 86.96, 84.56, 85.93, 86.04]
2023-04-24T11:07:27.037914+0600 DEBUG Array weights: [82.85, 84.11, 84.85, 84.33, 83.56, 83.89, 84.63, 83.81, 83.33, 85.26, 85.52, 83.85, 85.81, 86.41, 86.63, 85.85, 86.59, 85.63, 86.56, 85.44, 86.22, 87.63, 86.96, 84.56, 85.93, 86.04, 84.41]
2023-04-24T11:07:28.229986+0600 DEBUG Array weights: [82.85, 84.11, 84.85, 84.33, 83.56, 83.89, 84.63, 83.81, 83.33, 85.26, 85.52, 83.85, 85.81, 86.41, 86.63, 85.85, 86.59, 85.63, 86.56, 85.44, 86.22, 87.63, 86.96, 84.56, 85.93, 86.04, 84.41, 83.63]
2023-04-24T11:07:29.418387+0600 DEBUG Array weights: [82.85, 84.11, 84.85, 84.33, 83.56, 83.89, 84.63, 83.81, 83.33, 85.26, 85.52, 83.85, 85.81, 86.41, 86.63, 85.85, 86.59, 85.63, 86.56, 85.44, 86.22, 87.63, 86.96, 84.56, 85.93, 86.04, 84.41, 83.63, 84.7]
2023-04-24T11:07:30.609718+0600 DEBUG Array weights: [82.85, 84.11, 84.85, 84.33, 83.56, 83.89, 84.63, 83.81, 83.33, 85.26, 85.52, 83.85, 85.81, 86.41, 86.63, 85.85, 86.59, 85.63, 86.56, 85.44, 86.22, 87.63, 86.96, 84.56, 85.93, 86.04, 84.41, 83.63, 84.7, 82.7]
2023-04-24T11:07:31.801691+0600 DEBUG Array weights: [82.85, 84.11, 84.85, 84.33, 83.56, 83.89, 84.63, 83.81, 83.33, 85.26, 85.52, 83.85, 85.81, 86.41, 86.63, 85.85, 86.59, 85.63, 86.56, 85.44, 86.22, 87.63, 86.96, 84.56, 85.93, 86.04, 84.41, 83.63, 84.7, 82.7, 84.96]
2023-04-24T11:07:32.993510+0600 DEBUG Array weights: [82.85, 84.11, 84.85, 84.33, 83.56, 83.89, 84.63, 83.81, 83.33, 85.26, 85.52, 83.85, 85.81, 86.41, 86.63, 85.85, 86.59, 85.63, 86.56, 85.44, 86.22, 87.63, 86.96, 84.56, 85.93, 86.04, 84.41, 83.63, 84.7, 82.7, 84.96, 86.48]
2023-04-24T11:07:34.185457+0600 DEBUG Array weights: [82.85, 84.11, 84.85, 84.33, 83.56, 83.89, 84.63, 83.81, 83.33, 85.26, 85.52, 83.85, 85.81, 86.41, 86.63, 85.85, 86.59, 85.63, 86.56, 85.44, 86.22, 87.63, 86.96, 84.56, 85.93, 86.04, 84.41, 83.63, 84.7, 82.7, 84.96, 86.48, 85.67]
2023-04-24T11:07:35.373705+0600 DEBUG Array weights: [82.85, 84.11, 84.85, 84.33, 83.56, 83.89, 84.63, 83.81, 83.33, 85.26, 85.52, 83.85, 85.81, 86.41, 86.63, 85.85, 86.59, 85.63, 86.56, 85.44, 86.22, 87.63, 86.96, 84.56, 85.93, 86.04, 84.41, 83.63, 84.7, 82.7, 84.96, 86.48, 85.67, 86.63]
2023-04-24T11:07:36.566207+0600 DEBUG Array weights: [82.85, 84.11, 84.85, 84.33, 83.56, 83.89, 84.63, 83.81, 83.33, 85.26, 85.52, 83.85, 85.81, 86.41, 86.63, 85.85, 86.59, 85.63, 86.56, 85.44, 86.22, 87.63, 86.96, 84.56, 85.93, 86.04, 84.41, 83.63, 84.7, 82.7, 84.96, 86.48, 85.67, 86.63, 87.15]
2023-04-24T11:07:37.758532+0600 DEBUG Array weights: [82.85, 84.11, 84.85, 84.33, 83.56, 83.89, 84.63, 83.81, 83.33, 85.26, 85.52, 83.85, 85.81, 86.41, 86.63, 85.85, 86.59, 85.63, 86.56, 85.44, 86.22, 87.63, 86.96, 84.56, 85.93, 86.04, 84.41, 83.63, 84.7, 82.7, 84.96, 86.48, 85.67, 86.63, 87.15, 85.15]
2023-04-24T11:07:38.949796+0600 DEBUG Array weights: [82.85, 84.11, 84.85, 84.33, 83.56, 83.89, 84.63, 83.81, 83.33, 85.26, 85.52, 83.85, 85.81, 86.41, 86.63, 85.85, 86.59, 85.63, 86.56, 85.44, 86.22, 87.63, 86.96, 84.56, 85.93, 86.04, 84.41, 83.63, 84.7, 82.7, 84.96, 86.48, 85.67, 86.63, 87.15, 85.15, 85.59]
2023-04-24T11:07:40.141742+0600 DEBUG Array weights: [82.85, 84.11, 84.85, 84.33, 83.56, 83.89, 84.63, 83.81, 83.33, 85.26, 85.52, 83.85, 85.81, 86.41, 86.63, 85.85, 86.59, 85.63, 86.56, 85.44, 86.22, 87.63, 86.96, 84.56, 85.93, 86.04, 84.41, 83.63, 84.7, 82.7, 84.96, 86.48, 85.67, 86.63, 87.15, 85.15, 85.59, 84.48]
2023-04-24T11:07:41.334091+0600 DEBUG Array weights: [82.85, 84.11, 84.85, 84.33, 83.56, 83.89, 84.63, 83.81, 83.33, 85.26, 85.52, 83.85, 85.81, 86.41, 86.63, 85.85, 86.59, 85.63, 86.56, 85.44, 86.22, 87.63, 86.96, 84.56, 85.93, 86.04, 84.41, 83.63, 84.7, 82.7, 84.96, 86.48, 85.67, 86.63, 87.15, 85.15, 85.59, 84.48, 85.56]
2023-04-24T11:07:42.521444+0600 DEBUG Array weights: [82.85, 84.11, 84.85, 84.33, 83.56, 83.89, 84.63, 83.81, 83.33, 85.26, 85.52, 83.85, 85.81, 86.41, 86.63, 85.85, 86.59, 85.63, 86.56, 85.44, 86.22, 87.63, 86.96, 84.56, 85.93, 86.04, 84.41, 83.63, 84.7, 82.7, 84.96, 86.48, 85.67, 86.63, 87.15, 85.15, 85.59, 84.48, 85.56, 83.33]
2023-04-24T11:07:43.713798+0600 DEBUG Array weights: [82.85, 84.11, 84.85, 84.33, 83.56, 83.89, 84.63, 83.81, 83.33, 85.26, 85.52, 83.85, 85.81, 86.41, 86.63, 85.85, 86.59, 85.63, 86.56, 85.44, 86.22, 87.63, 86.96, 84.56, 85.93, 86.04, 84.41, 83.63, 84.7, 82.7, 84.96, 86.48, 85.67, 86.63, 87.15, 85.15, 85.59, 84.48, 85.56, 83.33, 83.63]
2023-04-24T11:07:44.905781+0600 DEBUG Array weights: [82.85, 84.11, 84.85, 84.33, 83.56, 83.89, 84.63, 83.81, 83.33, 85.26, 85.52, 83.85, 85.81, 86.41, 86.63, 85.85, 86.59, 85.63, 86.56, 85.44, 86.22, 87.63, 86.96, 84.56, 85.93, 86.04, 84.41, 83.63, 84.7, 82.7, 84.96, 86.48, 85.67, 86.63, 87.15, 85.15, 85.59, 84.48, 85.56, 83.33, 83.63, 83.33]
2023-04-24T11:07:46.097550+0600 DEBUG Array weights: [82.85, 84.11, 84.85, 84.33, 83.56, 83.89, 84.63, 83.81, 83.33, 85.26, 85.52, 83.85, 85.81, 86.41, 86.63, 85.85, 86.59, 85.63, 86.56, 85.44, 86.22, 87.63, 86.96, 84.56, 85.93, 86.04, 84.41, 83.63, 84.7, 82.7, 84.96, 86.48, 85.67, 86.63, 87.15, 85.15, 85.59, 84.48, 85.56, 83.33, 83.63, 83.33, 84.3]
2023-04-24T11:07:47.289516+0600 DEBUG Array weights: [82.85, 84.11, 84.85, 84.33, 83.56, 83.89, 84.63, 83.81, 83.33, 85.26, 85.52, 83.85, 85.81, 86.41, 86.63, 85.85, 86.59, 85.63, 86.56, 85.44, 86.22, 87.63, 86.96, 84.56, 85.93, 86.04, 84.41, 83.63, 84.7, 82.7, 84.96, 86.48, 85.67, 86.63, 87.15, 85.15, 85.59, 84.48, 85.56, 83.33, 83.63, 83.33, 84.3, 86.26]
2023-04-24T11:07:48.477592+0600 DEBUG Array weights: [82.85, 84.11, 84.85, 84.33, 83.56, 83.89, 84.63, 83.81, 83.33, 85.26, 85.52, 83.85, 85.81, 86.41, 86.63, 85.85, 86.59, 85.63, 86.56, 85.44, 86.22, 87.63, 86.96, 84.56, 85.93, 86.04, 84.41, 83.63, 84.7, 82.7, 84.96, 86.48, 85.67, 86.63, 87.15, 85.15, 85.59, 84.48, 85.56, 83.33, 83.63, 83.33, 84.3, 86.26, 85.85]
2023-04-24T11:07:49.668577+0600 DEBUG Array weights: [82.85, 84.11, 84.85, 84.33, 83.56, 83.89, 84.63, 83.81, 83.33, 85.26, 85.52, 83.85, 85.81, 86.41, 86.63, 85.85, 86.59, 85.63, 86.56, 85.44, 86.22, 87.63, 86.96, 84.56, 85.93, 86.04, 84.41, 83.63, 84.7, 82.7, 84.96, 86.48, 85.67, 86.63, 87.15, 85.15, 85.59, 84.48, 85.56, 83.33, 83.63, 83.33, 84.3, 86.26, 85.85, 85.89]
2023-04-24T11:07:50.861766+0600 DEBUG Array weights: [82.85, 84.11, 84.85, 84.33, 83.56, 83.89, 84.63, 83.81, 83.33, 85.26, 85.52, 83.85, 85.81, 86.41, 86.63, 85.85, 86.59, 85.63, 86.56, 85.44, 86.22, 87.63, 86.96, 84.56, 85.93, 86.04, 84.41, 83.63, 84.7, 82.7, 84.96, 86.48, 85.67, 86.63, 87.15, 85.15, 85.59, 84.48, 85.56, 83.33, 83.63, 83.33, 84.3, 86.26, 85.85, 85.89, 86.26]
2023-04-24T11:07:52.053677+0600 DEBUG Array weights: [82.85, 84.11, 84.85, 84.33, 83.56, 83.89, 84.63, 83.81, 83.33, 85.26, 85.52, 83.85, 85.81, 86.41, 86.63, 85.85, 86.59, 85.63, 86.56, 85.44, 86.22, 87.63, 86.96, 84.56, 85.93, 86.04, 84.41, 83.63, 84.7, 82.7, 84.96, 86.48, 85.67, 86.63, 87.15, 85.15, 85.59, 84.48, 85.56, 83.33, 83.63, 83.33, 84.3, 86.26, 85.85, 85.89, 86.26, 85.85]
2023-04-24T11:07:53.245605+0600 DEBUG Array weights: [82.85, 84.11, 84.85, 84.33, 83.56, 83.89, 84.63, 83.81, 83.33, 85.26, 85.52, 83.85, 85.81, 86.41, 86.63, 85.85, 86.59, 85.63, 86.56, 85.44, 86.22, 87.63, 86.96, 84.56, 85.93, 86.04, 84.41, 83.63, 84.7, 82.7, 84.96, 86.48, 85.67, 86.63, 87.15, 85.15, 85.59, 84.48, 85.56, 83.33, 83.63, 83.33, 84.3, 86.26, 85.85, 85.89, 86.26, 85.85, 105.41]
2023-04-24T11:07:53.482540+0600 INFO Start weight: 85.52
2023-04-24T11:07:53.483825+0600 INFO Start time: 12302.367145343
2023-04-24T11:07:53.484860+0600 INFO main: weight_finall
2023-04-24T11:07:53.485833+0600 DEBUG START RFID FUNCTION
2023-04-24T11:07:53.486809+0600 DEBUG START Animal ID animal_id: b'435400040001'
2023-04-24T11:07:53.487758+0600 DEBUG START Null id null_id : b'435400040001'
2023-04-24T11:07:53.546569+0600 DEBUG Raw ID animal_id: b'43540028004501c38d13091e0102011b0101e2806894000040103003d496e2806894200040103003d496d1c9'
2023-04-24T11:07:53.548308+0600 DEBUG New ID animal_id_new: 40103003d496
2023-04-24T11:07:53.550118+0600 DEBUG Null id null_id : b'435400040001'
2023-04-24T11:07:53.553582+0600 DEBUG Success step 2 RFID. animal id new: 40103003d496
2023-04-24T11:07:53.559025+0600 INFO Animal_ID: 40103003d496
2023-04-24T11:07:54.146491+0600 INFO Distance: 19.0
2023-04-24T11:07:54.149574+0600 INFO ARDUINOSerial<id=0x75a97c88, open=True>(port='/dev/ttyACM0', baudrate=9600, bytesize=8, parity='N', stopbits=1, timeout=1, xonxoff=False, rtscts=False, dsrdtr=False)
2023-04-24T11:07:56.460845+0600 DEBUG Array weights: [120.48]
2023-04-24T11:07:57.652814+0600 DEBUG Array weights: [120.48, 122.26]
2023-04-24T11:07:58.841063+0600 DEBUG Array weights: [120.48, 122.26, 120.22]
2023-04-24T11:08:00.032369+0600 DEBUG Array weights: [120.48, 122.26, 120.22, 120.74]
2023-04-24T11:08:01.224077+0600 DEBUG Array weights: [120.48, 122.26, 120.22, 120.74, -176.59]
2023-04-24T11:08:01.225873+0600 INFO Start weight: 120.48
2023-04-24T11:08:01.227644+0600 INFO Start time: 12310.110945961
2023-04-24T11:08:01.229139+0600 INFO main: weight_finall
2023-04-24T11:08:03.183248+0600 INFO Sensor_distance: 18
2023-04-24T11:08:04.186596+0600 INFO Sensor_distance: 8
2023-04-24T11:08:05.190931+0600 INFO Sensor_distance: 8
2023-04-24T11:08:07.197862+0600 INFO Sensor_distance: 17
2023-04-24T11:08:08.204327+0600 INFO Sensor_distance: 
2023-04-24T11:08:09.209635+0600 ERROR Main error: '<' not supported between instances of 'str' and 'int'
