2023-04-24T10:44:45.472006+0600 INFO Connect arduino /dev/ttyACM1
2023-04-24T10:44:45.474980+0600 INFO Configuration of serial, Serial<id=0x75afa598, open=True>(port='/dev/ttyACM1', baudrate=9600, bytesize=8, parity='N', stopbits=1, timeout=None, xonxoff=False, rtscts=False, dsrdtr=False)
2023-04-24T10:44:45.476677+0600 INFO Success: Arduino connected
2023-04-24T10:44:45.484426+0600 INFO ("[1] to calibrate
" "[2] to start measure
>")
2023-04-24T10:44:51.904351+0600 DEBUG START RFID FUNCTION
2023-04-24T10:44:51.906610+0600 DEBUG START Animal ID animal_id: b'435400040001'
2023-04-24T10:44:51.908726+0600 DEBUG START Null id null_id : b'435400040001'
2023-04-24T10:44:52.269559+0600 DEBUG Raw ID animal_id: b'43540028004501c38d13091e0102011b0101e2806894000040103003d496e2806894200040103003d496c8d2'
2023-04-24T10:44:52.270924+0600 DEBUG New ID animal_id_new: 40103003d496
2023-04-24T10:44:52.271974+0600 DEBUG Null id null_id : b'435400040001'
2023-04-24T10:44:52.273169+0600 DEBUG Success step 2 RFID. animal id new: 40103003d496
2023-04-24T10:44:52.274474+0600 INFO Animal_ID: 40103003d496
2023-04-24T10:44:53.255966+0600 INFO Distance: 138.0
2023-04-24T10:44:53.260183+0600 INFO ARDUINOSerial<id=0x75afab38, open=True>(port='/dev/ttyACM0', baudrate=9600, bytesize=8, parity='N', stopbits=1, timeout=1, xonxoff=False, rtscts=False, dsrdtr=False)
2023-04-24T10:44:56.436353+0600 DEBUG Array weights: [44.93]
2023-04-24T10:44:57.623498+0600 DEBUG Array weights: [44.93, 46.7]
2023-04-24T10:44:58.815582+0600 DEBUG Array weights: [44.93, 46.7, 44.52]
2023-04-24T10:45:00.007157+0600 DEBUG Array weights: [44.93, 46.7, 44.52, 46.52]
2023-04-24T10:45:01.199450+0600 DEBUG Array weights: [44.93, 46.7, 44.52, 46.52, 45.85]
2023-04-24T10:45:02.387688+0600 DEBUG Array weights: [44.93, 46.7, 44.52, 46.52, 45.85, 46.04]
2023-04-24T10:45:03.578838+0600 DEBUG Array weights: [44.93, 46.7, 44.52, 46.52, 45.85, 46.04, 44.33]
2023-04-24T10:45:04.771397+0600 DEBUG Array weights: [44.93, 46.7, 44.52, 46.52, 45.85, 46.04, 44.33, 45.0]
2023-04-24T10:45:05.959023+0600 DEBUG Array weights: [44.93, 46.7, 44.52, 46.52, 45.85, 46.04, 44.33, 45.0, 47.3]
2023-04-24T10:45:07.150871+0600 DEBUG Array weights: [44.93, 46.7, 44.52, 46.52, 45.85, 46.04, 44.33, 45.0, 47.3, 44.59]
2023-04-24T10:45:08.342627+0600 DEBUG Array weights: [44.93, 46.7, 44.52, 46.52, 45.85, 46.04, 44.33, 45.0, 47.3, 44.59, 43.37]
2023-04-24T10:45:09.530963+0600 DEBUG Array weights: [44.93, 46.7, 44.52, 46.52, 45.85, 46.04, 44.33, 45.0, 47.3, 44.59, 43.37, 45.59]
2023-04-24T10:45:10.723309+0600 DEBUG Array weights: [44.93, 46.7, 44.52, 46.52, 45.85, 46.04, 44.33, 45.0, 47.3, 44.59, 43.37, 45.59, 45.96]
2023-04-24T10:45:11.915289+0600 DEBUG Array weights: [44.93, 46.7, 44.52, 46.52, 45.85, 46.04, 44.33, 45.0, 47.3, 44.59, 43.37, 45.59, 45.96, 44.7]
2023-04-24T10:45:13.107029+0600 DEBUG Array weights: [44.93, 46.7, 44.52, 46.52, 45.85, 46.04, 44.33, 45.0, 47.3, 44.59, 43.37, 45.59, 45.96, 44.7, 44.89]
2023-04-24T10:45:14.298896+0600 DEBUG Array weights: [44.93, 46.7, 44.52, 46.52, 45.85, 46.04, 44.33, 45.0, 47.3, 44.59, 43.37, 45.59, 45.96, 44.7, 44.89, 47.89]
2023-04-24T10:45:15.486536+0600 DEBUG Array weights: [44.93, 46.7, 44.52, 46.52, 45.85, 46.04, 44.33, 45.0, 47.3, 44.59, 43.37, 45.59, 45.96, 44.7, 44.89, 47.89, 44.67]
2023-04-24T10:45:15.607824+0600 INFO Start weight: 45.0
2023-04-24T10:45:15.615724+0600 INFO Start time: 10944.498755217
2023-04-24T10:45:15.624591+0600 INFO main: weight_finall
2023-04-24T10:45:15.634681+0600 DEBUG START RFID FUNCTION
2023-04-24T10:45:15.643048+0600 DEBUG START Animal ID animal_id: b'435400040001'
2023-04-24T10:45:15.650095+0600 DEBUG START Null id null_id : b'435400040001'
2023-04-24T10:45:15.718815+0600 DEBUG Raw ID animal_id: b'43540028004501c38d13091e0102011b0101e2806894000040103003d496e2806894200040103003d496d4c6'
2023-04-24T10:45:15.727638+0600 DEBUG New ID animal_id_new: 40103003d496
2023-04-24T10:45:15.735355+0600 DEBUG Null id null_id : b'435400040001'
2023-04-24T10:45:15.742923+0600 DEBUG Success step 2 RFID. animal id new: 40103003d496
2023-04-24T10:45:15.751290+0600 INFO Animal_ID: 40103003d496
2023-04-24T10:45:16.352768+0600 INFO Distance: 13.0
2023-04-24T10:45:16.355283+0600 INFO ARDUINOSerial<id=0x75afab98, open=True>(port='/dev/ttyACM0', baudrate=9600, bytesize=8, parity='N', stopbits=1, timeout=1, xonxoff=False, rtscts=False, dsrdtr=False)
2023-04-24T10:45:18.583245+0600 DEBUG Array weights: [107.96]
2023-04-24T10:45:19.775640+0600 DEBUG Array weights: [107.96, 108.19]
2023-04-24T10:45:20.966935+0600 DEBUG Array weights: [107.96, 108.19, 106.7]
2023-04-24T10:45:22.158763+0600 DEBUG Array weights: [107.96, 108.19, 106.7, 107.89]
2023-04-24T10:45:23.350756+0600 DEBUG Array weights: [107.96, 108.19, 106.7, 107.89, 106.85]
2023-04-24T10:45:24.539258+0600 DEBUG Array weights: [107.96, 108.19, 106.7, 107.89, 106.85, 106.11]
2023-04-24T10:45:25.731385+0600 DEBUG Array weights: [107.96, 108.19, 106.7, 107.89, 106.85, 106.11, 106.44]
2023-04-24T10:45:26.922649+0600 DEBUG Array weights: [107.96, 108.19, 106.7, 107.89, 106.85, 106.11, 106.44, 106.52]
2023-04-24T10:45:28.114417+0600 DEBUG Array weights: [107.96, 108.19, 106.7, 107.89, 106.85, 106.11, 106.44, 106.52, 112.07]
2023-04-24T10:45:28.351709+0600 INFO Start weight: 106.85
2023-04-24T10:45:28.353153+0600 INFO Start time: 10957.236469688
2023-04-24T10:45:28.354208+0600 INFO main: weight_finall
2023-04-24T10:45:29.406738+0600 INFO Sensor_distance: 16
2023-04-24T10:45:30.411106+0600 INFO Sensor_distance: 5
2023-04-24T10:45:32.421361+0600 INFO Sensor_distance: 147
2023-04-24T10:45:32.423329+0600 INFO Final_weight: 0.0
2023-04-24T10:45:32.424900+0600 INFO Feed_time: 2.06
2023-04-24T10:45:32.426785+0600 INFO main: Send data to server
2023-04-24T10:45:32.428518+0600 DEBUG Post data function start
2023-04-24T10:45:33.361301+0600 DEBUG Answer from server: <Response [200]>
2023-04-24T10:45:33.365914+0600 DEBUG Content from main server: b'2206'
2023-04-24T10:45:33.369204+0600 DEBUG START SEND DATA TO SERVER:
2023-04-24T10:45:33.668213+0600 DEBUG Answer from server: <Response [200]>
2023-04-24T10:45:33.669625+0600 DEBUG Content from main server: b'147927'
2023-04-24T10:45:33.670750+0600 ERROR 4 step send data
2023-04-24T10:45:33.675076+0600 DEBUG START RFID FUNCTION
2023-04-24T10:45:33.676254+0600 DEBUG START Animal ID animal_id: b'435400040001'
2023-04-24T10:45:33.677357+0600 DEBUG START Null id null_id : b'435400040001'
2023-04-24T10:45:33.716916+0600 DEBUG Raw ID animal_id: b'43540028004501c38d13091e0102011b0101e2806894000040103003d496e2806894200040103003d496d4c6'
2023-04-24T10:45:33.718246+0600 DEBUG New ID animal_id_new: 40103003d496
2023-04-24T10:45:33.719222+0600 DEBUG Null id null_id : b'435400040001'
2023-04-24T10:45:33.720341+0600 DEBUG Success step 2 RFID. animal id new: 40103003d496
2023-04-24T10:45:33.721785+0600 INFO Animal_ID: 40103003d496
2023-04-24T10:45:34.429238+0600 INFO Distance: 138.0
2023-04-24T10:45:34.432785+0600 INFO ARDUINOSerial<id=0x75afadf0, open=True>(port='/dev/ttyACM0', baudrate=9600, bytesize=8, parity='N', stopbits=1, timeout=1, xonxoff=False, rtscts=False, dsrdtr=False)
2023-04-24T10:45:37.593695+0600 DEBUG Array weights: [88.59]
2023-04-24T10:45:38.784847+0600 DEBUG Array weights: [88.59, 88.52]
2023-04-24T10:45:39.976685+0600 DEBUG Array weights: [88.59, 88.52, 87.3]
2023-04-24T10:45:41.168856+0600 DEBUG Array weights: [88.59, 88.52, 87.3, 87.59]
2023-04-24T10:45:42.357277+0600 DEBUG Array weights: [88.59, 88.52, 87.3, 87.59, 89.56]
