2023-04-24T12:23:18.930576+0600 INFO Connect arduino /dev/ttyACM1
2023-04-24T12:23:18.933091+0600 INFO Configuration of serial, Serial<id=0x75acc670, open=True>(port='/dev/ttyACM1', baudrate=9600, bytesize=8, parity='N', stopbits=1, timeout=None, xonxoff=False, rtscts=False, dsrdtr=False)
2023-04-24T12:23:18.934642+0600 INFO Success: Arduino connected
2023-04-24T12:23:18.940293+0600 INFO ("[1] to calibrate
" "[2] to start measure
>")
2023-04-24T12:23:26.146945+0600 INFO Animal_ID: 435400040001
2023-04-24T12:23:26.716078+0600 INFO Distance: 151.0
2023-04-24T12:23:26.717412+0600 DEBUG START RFID FUNCTION
2023-04-24T12:23:26.718597+0600 DEBUG START Animal ID animal_id: b'435400040001'
2023-04-24T12:23:26.719636+0600 DEBUG START Null id null_id : b'435400040001'
2023-04-24T12:23:26.781617+0600 DEBUG Raw ID animal_id: b'43540028004501c38d13091e0102011b0101e2000017160900161150a24ee20034120133fd000a17d65fd052'
2023-04-24T12:23:26.783376+0600 DEBUG New ID animal_id_new: fd000a17d65f
2023-04-24T12:23:26.784934+0600 DEBUG Null id null_id : b'435400040001'
2023-04-24T12:23:26.788343+0600 DEBUG Success step 2 RFID. animal id new: fd000a17d65f
2023-04-24T12:23:26.794562+0600 INFO ARDUINOSerial<id=0x75accd30, open=True>(port='/dev/ttyACM0', baudrate=9600, bytesize=8, parity='N', stopbits=1, timeout=1, xonxoff=False, rtscts=False, dsrdtr=False)
2023-04-24T12:23:29.992811+0600 DEBUG Array weights: [171.07]
2023-04-24T12:23:31.183981+0600 DEBUG Array weights: [171.07, 173.41]
2023-04-24T12:23:32.371741+0600 DEBUG Array weights: [171.07, 173.41, 171.41]
2023-04-24T12:23:33.564130+0600 DEBUG Array weights: [171.07, 173.41, 171.41, 172.59]
2023-04-24T12:23:34.756158+0600 DEBUG Array weights: [171.07, 173.41, 171.41, 172.59, 172.48]
2023-04-24T12:23:35.947838+0600 DEBUG Array weights: [171.07, 173.41, 171.41, 172.59, 172.48, 171.22]
2023-04-24T12:23:37.140111+0600 DEBUG Array weights: [171.07, 173.41, 171.41, 172.59, 172.48, 171.22, 173.07]
2023-04-24T12:23:38.327168+0600 DEBUG Array weights: [171.07, 173.41, 171.41, 172.59, 172.48, 171.22, 173.07, 170.52]
2023-04-24T12:23:39.519347+0600 DEBUG Array weights: [171.07, 173.41, 171.41, 172.59, 172.48, 171.22, 173.07, 170.52, 170.59]
2023-04-24T12:23:40.711348+0600 DEBUG Array weights: [171.07, 173.41, 171.41, 172.59, 172.48, 171.22, 173.07, 170.52, 170.59, 171.81]
2023-04-24T12:23:41.424400+0600 INFO Start weight: 171.61
2023-04-24T12:23:41.425735+0600 INFO Start time: 16850.309061487
2023-04-24T12:23:41.427010+0600 INFO Animal_ID: 435400040001
2023-04-24T12:23:41.776981+0600 INFO Distance: 16.0
2023-04-24T12:23:41.778969+0600 DEBUG START RFID FUNCTION
2023-04-24T12:23:41.780702+0600 DEBUG START Animal ID animal_id: b'435400040001'
2023-04-24T12:23:41.782272+0600 DEBUG START Null id null_id : b'435400040001'
2023-04-24T12:23:41.831607+0600 DEBUG Raw ID animal_id: b'43540028004501c38d13091e0102011b0101e2000017160900161150a24ee20034120133fd000a17d65fca58'
2023-04-24T12:23:41.833646+0600 DEBUG New ID animal_id_new: fd000a17d65f
2023-04-24T12:23:41.835433+0600 DEBUG Null id null_id : b'435400040001'
2023-04-24T12:23:41.838231+0600 DEBUG Success step 2 RFID. animal id new: fd000a17d65f
2023-04-24T12:23:41.841927+0600 INFO ARDUINOSerial<id=0x75acce50, open=True>(port='/dev/ttyACM0', baudrate=9600, bytesize=8, parity='N', stopbits=1, timeout=1, xonxoff=False, rtscts=False, dsrdtr=False)
2023-04-24T12:23:44.164911+0600 DEBUG Array weights: [91.07]
2023-04-24T12:23:45.356474+0600 DEBUG Array weights: [91.07, 91.19]
2023-04-24T12:23:46.548595+0600 DEBUG Array weights: [91.07, 91.19, 93.22]
2023-04-24T12:23:47.498544+0600 INFO Start weight: 91.19
2023-04-24T12:23:47.500629+0600 INFO Start time: 16856.383921616
2023-04-24T12:23:47.502779+0600 INFO End_time: 16856.386074871
2023-04-24T12:23:47.618936+0600 ERROR Error, null weight list
2023-04-24T12:23:47.623663+0600 INFO End_weight: 0
2023-04-24T12:23:48.805420+0600 INFO Sensor_distance: 138
2023-04-24T12:23:48.807818+0600 INFO Feed_time: 0.0021532549981202465
2023-04-24T12:23:48.809694+0600 INFO Feed_time_rounded: 0.0
2023-04-24T12:23:48.811403+0600 INFO Final_weight: 91.19
2023-04-24T12:23:48.813209+0600 INFO Final_weight: 91.19
2023-04-24T12:23:48.815887+0600 INFO Animal_ID: 435400040001
2023-04-24T12:23:49.808572+0600 INFO Distance: 20.0
2023-04-24T12:23:49.810854+0600 DEBUG START RFID FUNCTION
2023-04-24T12:23:49.815503+0600 DEBUG START Animal ID animal_id: b'435400040001'
2023-04-24T12:23:49.817553+0600 DEBUG START Null id null_id : b'435400040001'
2023-04-24T12:23:49.830932+0600 DEBUG Raw ID animal_id: b'43540028004501c38d13091e0102011b0101e2000017160900161150a24ee20034120133fd000a17d65fcb57'
2023-04-24T12:23:49.832952+0600 DEBUG New ID animal_id_new: fd000a17d65f
2023-04-24T12:23:49.834873+0600 DEBUG Null id null_id : b'435400040001'
2023-04-24T12:23:49.836984+0600 DEBUG Success step 2 RFID. animal id new: fd000a17d65f
2023-04-24T12:23:49.840749+0600 INFO ARDUINOSerial<id=0x75accfa0, open=True>(port='/dev/ttyACM0', baudrate=9600, bytesize=8, parity='N', stopbits=1, timeout=1, xonxoff=False, rtscts=False, dsrdtr=False)
2023-04-24T12:23:52.654816+0600 ERROR Error, null weight list
2023-04-24T12:23:52.657218+0600 INFO Start weight: 0
2023-04-24T12:23:52.659415+0600 INFO Start time: 16861.542701789
2023-04-24T12:23:52.661340+0600 INFO End_time: 16861.544641401
2023-04-24T12:23:52.775191+0600 ERROR Error, null weight list
2023-04-24T12:23:52.780532+0600 INFO End_weight: 0
2023-04-24T12:23:53.827340+0600 INFO Sensor_distance: 20
2023-04-24T12:23:53.829678+0600 INFO End_time: 16862.712963121
2023-04-24T12:23:53.847289+0600 ERROR Error, null weight list
2023-04-24T12:23:53.849231+0600 INFO End_weight: 0
2023-04-24T12:23:55.833878+0600 INFO Sensor_distance: 20
2023-04-24T12:23:55.836219+0600 INFO End_time: 16864.719507425
2023-04-24T12:23:55.870714+0600 ERROR Error, null weight list
2023-04-24T12:23:55.872507+0600 INFO End_weight: 0
2023-04-24T12:23:57.841289+0600 INFO Sensor_distance: 19
2023-04-24T12:23:57.843327+0600 INFO End_time: 16866.726619902
2023-04-24T12:23:57.898955+0600 ERROR Error, null weight list
2023-04-24T12:23:57.900748+0600 INFO End_weight: 0
2023-04-24T12:23:59.852199+0600 INFO Sensor_distance: 138
2023-04-24T12:23:59.854168+0600 INFO Feed_time: 5.18391811300171
2023-04-24T12:23:59.855654+0600 INFO Feed_time_rounded: 5.18
2023-04-24T12:23:59.857285+0600 INFO Final_weight: 0
2023-04-24T12:23:59.858946+0600 INFO Final_weight: 0
2023-04-24T12:23:59.861333+0600 INFO Animal_ID: 435400040001
2023-04-24T12:24:00.855231+0600 INFO Distance: 151.0
2023-04-24T12:24:00.857259+0600 DEBUG START RFID FUNCTION
2023-04-24T12:24:00.859884+0600 DEBUG START Animal ID animal_id: b'435400040001'
2023-04-24T12:24:00.861673+0600 DEBUG START Null id null_id : b'435400040001'
2023-04-24T12:24:00.879179+0600 DEBUG Raw ID animal_id: b'43540028004501c38d13091e0102011b0101e2000017160900161150a24ee20034120133fd000a17d65fca58'
2023-04-24T12:24:00.881047+0600 DEBUG New ID animal_id_new: fd000a17d65f
2023-04-24T12:24:00.882542+0600 DEBUG Null id null_id : b'435400040001'
2023-04-24T12:24:00.884229+0600 DEBUG Success step 2 RFID. animal id new: fd000a17d65f
2023-04-24T12:24:00.887906+0600 INFO ARDUINOSerial<id=0x75accd48, open=True>(port='/dev/ttyACM0', baudrate=9600, bytesize=8, parity='N', stopbits=1, timeout=1, xonxoff=False, rtscts=False, dsrdtr=False)
2023-04-24T12:24:04.062632+0600 DEBUG Array weights: [167.78]
2023-04-24T12:24:05.251184+0600 DEBUG Array weights: [167.78, 166.93]
2023-04-24T12:24:06.442568+0600 DEBUG Array weights: [167.78, 166.93, 167.67]
2023-04-24T12:24:07.634708+0600 DEBUG Array weights: [167.78, 166.93, 167.67, 168.67]
2023-04-24T12:24:08.826604+0600 DEBUG Array weights: [167.78, 166.93, 167.67, 168.67, 168.07]
2023-04-24T12:24:10.017637+0600 DEBUG Array weights: [167.78, 166.93, 167.67, 168.67, 168.07, 168.67]
2023-04-24T12:24:11.205823+0600 DEBUG Array weights: [167.78, 166.93, 167.67, 168.67, 168.07, 168.67, 167.81]
2023-04-24T12:24:12.398304+0600 DEBUG Array weights: [167.78, 166.93, 167.67, 168.67, 168.07, 168.67, 167.81, 173.59]
2023-04-24T12:24:13.590259+0600 DEBUG Array weights: [167.78, 166.93, 167.67, 168.67, 168.07, 168.67, 167.81, 173.59, 162.67]
2023-04-24T12:24:14.781441+0600 DEBUG Array weights: [167.78, 166.93, 167.67, 168.67, 168.07, 168.67, 167.81, 173.59, 162.67, -115.78]
2023-04-24T12:24:14.783730+0600 INFO Start weight: 167.79500000000002
2023-04-24T12:24:14.785666+0600 INFO Start time: 16883.668956554
2023-04-24T12:24:14.787661+0600 INFO Animal_ID: 435400040001
2023-04-24T12:24:14.913822+0600 INFO Distance: 135.0
2023-04-24T12:24:14.919104+0600 DEBUG START RFID FUNCTION
2023-04-24T12:24:14.925032+0600 DEBUG START Animal ID animal_id: b'435400040001'
2023-04-24T12:24:14.929481+0600 DEBUG START Null id null_id : b'435400040001'
2023-04-24T12:24:14.977986+0600 DEBUG Raw ID animal_id: b'43540028004501c38d13091e0102011b0101e2000017160900161150a24ee20034120133fd000a17d65fca58'
2023-04-24T12:24:14.979792+0600 DEBUG New ID animal_id_new: fd000a17d65f
2023-04-24T12:24:14.981141+0600 DEBUG Null id null_id : b'435400040001'
2023-04-24T12:24:14.983133+0600 DEBUG Success step 2 RFID. animal id new: fd000a17d65f
2023-04-24T12:24:14.986176+0600 INFO ARDUINOSerial<id=0x75accb50, open=True>(port='/dev/ttyACM0', baudrate=9600, bytesize=8, parity='N', stopbits=1, timeout=1, xonxoff=False, rtscts=False, dsrdtr=False)
2023-04-24T12:24:17.280140+0600 DEBUG Array weights: [169.74]
2023-04-24T12:24:18.472601+0600 DEBUG Array weights: [169.74, 169.48]
2023-04-24T12:24:19.664683+0600 DEBUG Array weights: [169.74, 169.48, 168.04]
2023-04-24T12:24:20.499771+0600 INFO Start weight: 169.48
2023-04-24T12:24:20.501298+0600 INFO Start time: 16889.384611332
2023-04-24T12:24:20.502487+0600 INFO Animal_ID: 435400040001
2023-04-24T12:24:20.938693+0600 INFO Distance: 18.0
2023-04-24T12:24:20.940163+0600 DEBUG START RFID FUNCTION
2023-04-24T12:24:20.941315+0600 DEBUG START Animal ID animal_id: b'435400040001'
2023-04-24T12:24:20.942325+0600 DEBUG START Null id null_id : b'435400040001'
2023-04-24T12:24:20.977440+0600 DEBUG Raw ID animal_id: b'43540028004501c38d13091e0102011b0101e2000017160900161150a24ee20034120133fd000a17d65fcb57'
2023-04-24T12:24:20.978837+0600 DEBUG New ID animal_id_new: fd000a17d65f
2023-04-24T12:24:20.979837+0600 DEBUG Null id null_id : b'435400040001'
2023-04-24T12:24:20.980916+0600 DEBUG Success step 2 RFID. animal id new: fd000a17d65f
2023-04-24T12:24:20.983224+0600 INFO ARDUINOSerial<id=0x75accd48, open=True>(port='/dev/ttyACM0', baudrate=9600, bytesize=8, parity='N', stopbits=1, timeout=1, xonxoff=False, rtscts=False, dsrdtr=False)
2023-04-24T12:24:23.235926+0600 DEBUG Array weights: [157.44]
2023-04-24T12:24:24.427669+0600 DEBUG Array weights: [157.44, 161.15]
2023-04-24T12:24:25.619536+0600 DEBUG Array weights: [157.44, 161.15, 163.22]
2023-04-24T12:24:26.811617+0600 DEBUG Array weights: [157.44, 161.15, 163.22, 128.0]
2023-04-24T12:24:28.003599+0600 DEBUG Array weights: [157.44, 161.15, 163.22, 128.0, 145.19]
2023-04-24T12:24:29.197468+0600 DEBUG Array weights: [157.44, 161.15, 163.22, 128.0, 145.19, 166.04]
2023-04-24T12:24:30.387718+0600 DEBUG Array weights: [157.44, 161.15, 163.22, 128.0, 145.19, 166.04, 168.89]
2023-04-24T12:24:31.576258+0600 DEBUG Array weights: [157.44, 161.15, 163.22, 128.0, 145.19, 166.04, 168.89, 150.96]
2023-04-24T12:24:32.768153+0600 DEBUG Array weights: [157.44, 161.15, 163.22, 128.0, 145.19, 166.04, 168.89, 150.96, 116.96]
2023-04-24T12:24:33.005212+0600 INFO Start weight: 157.44
2023-04-24T12:24:33.006461+0600 INFO Start time: 16901.889788091
2023-04-24T12:24:33.007691+0600 INFO End_time: 16901.891013649
2023-04-24T12:24:33.128396+0600 ERROR Error, null weight list
2023-04-24T12:24:33.130692+0600 INFO End_weight: 0
2023-04-24T12:24:34.996540+0600 INFO Sensor_distance: 20
2023-04-24T12:24:34.998272+0600 INFO End_time: 16903.881559072
2023-04-24T12:24:35.032871+0600 ERROR Error, null weight list
2023-04-24T12:24:35.034725+0600 INFO End_weight: 0
2023-04-24T12:24:37.003589+0600 INFO Sensor_distance: 19
2023-04-24T12:24:37.005123+0600 INFO End_time: 16905.888427373
2023-04-24T12:24:37.056994+0600 ERROR Error, null weight list
2023-04-24T12:24:37.059680+0600 INFO End_weight: 0
2023-04-24T12:24:39.014238+0600 INFO Sensor_distance: 18
2023-04-24T12:24:39.016212+0600 INFO End_time: 16907.899500522
2023-04-24T12:24:39.083873+0600 ERROR Error, null weight list
2023-04-24T12:24:39.086252+0600 INFO End_weight: 0
2023-04-24T12:24:41.021138+0600 INFO Sensor_distance: 155
2023-04-24T12:24:41.023116+0600 INFO Feed_time: 6.009712430997752
2023-04-24T12:24:41.024842+0600 INFO Feed_time_rounded: 6.01
2023-04-24T12:24:41.026415+0600 INFO Final_weight: 157.44
2023-04-24T12:24:41.028125+0600 INFO Final_weight: 157.44
2023-04-24T12:24:41.031508+0600 INFO Animal_ID: 435400040001
2023-04-24T12:24:42.029374+0600 INFO Distance: 138.0
2023-04-24T12:24:42.031104+0600 DEBUG START RFID FUNCTION
2023-04-24T12:24:42.032759+0600 DEBUG START Animal ID animal_id: b'435400040001'
2023-04-24T12:24:42.034294+0600 DEBUG START Null id null_id : b'435400040001'
2023-04-24T12:24:42.075944+0600 DEBUG Raw ID animal_id: b'43540028004501c38d13091e0102011b0101e2000017160900161150a24ee20034120133fd000a17d65fcb57'
2023-04-24T12:24:42.077907+0600 DEBUG New ID animal_id_new: fd000a17d65f
2023-04-24T12:24:42.079353+0600 DEBUG Null id null_id : b'435400040001'
2023-04-24T12:24:42.081105+0600 DEBUG Success step 2 RFID. animal id new: fd000a17d65f
2023-04-24T12:24:42.085170+0600 INFO ARDUINOSerial<id=0x75accb50, open=True>(port='/dev/ttyACM0', baudrate=9600, bytesize=8, parity='N', stopbits=1, timeout=1, xonxoff=False, rtscts=False, dsrdtr=False)
2023-04-24T12:24:45.260086+0600 DEBUG Array weights: [151.37]
2023-04-24T12:24:46.448250+0600 DEBUG Array weights: [151.37, 157.74]
2023-04-24T12:24:47.639629+0600 DEBUG Array weights: [151.37, 157.74, 155.85]
2023-04-24T12:24:48.356985+0600 INFO Start weight: 155.85
2023-04-24T12:24:48.358283+0600 INFO Start time: 16917.241602441
2023-04-24T12:24:48.359362+0600 INFO Animal_ID: 435400040001
2023-04-24T12:24:49.053511+0600 INFO Distance: 20.0
2023-04-24T12:24:49.055082+0600 DEBUG START RFID FUNCTION
2023-04-24T12:24:49.056416+0600 DEBUG START Animal ID animal_id: b'435400040001'
2023-04-24T12:24:49.057801+0600 DEBUG START Null id null_id : b'435400040001'
2023-04-24T12:24:49.075320+0600 DEBUG Raw ID animal_id: b'43540028004501c38d13091e0102011b0101e2000017160900161150a24ee20034120133fd000a17d65fcc56'
2023-04-24T12:24:49.077175+0600 DEBUG New ID animal_id_new: fd000a17d65f
2023-04-24T12:24:49.078549+0600 DEBUG Null id null_id : b'435400040001'
2023-04-24T12:24:49.079783+0600 DEBUG Success step 2 RFID. animal id new: fd000a17d65f
2023-04-24T12:24:49.082115+0600 INFO ARDUINOSerial<id=0x75accd48, open=True>(port='/dev/ttyACM0', baudrate=9600, bytesize=8, parity='N', stopbits=1, timeout=1, xonxoff=False, rtscts=False, dsrdtr=False)
2023-04-24T12:24:51.334561+0600 DEBUG Array weights: [141.67]
2023-04-24T12:24:52.526265+0600 DEBUG Array weights: [141.67, 124.0]
2023-04-24T12:24:53.714447+0600 DEBUG Array weights: [141.67, 124.0, -30.67]
2023-04-24T12:24:53.838471+0600 INFO Start weight: 124.0
2023-04-24T12:24:53.843266+0600 INFO Start time: 16922.726244108
2023-04-24T12:24:53.849209+0600 INFO End_time: 16922.732294452
2023-04-24T12:24:53.957210+0600 ERROR Error, null weight list
2023-04-24T12:24:53.960923+0600 INFO End_weight: 0
2023-04-24T12:24:55.082456+0600 INFO Sensor_distance: 151
2023-04-24T12:24:55.084436+0600 INFO Feed_time: 0.006050343999959296
2023-04-24T12:24:55.086255+0600 INFO Feed_time_rounded: 0.01
2023-04-24T12:24:55.088019+0600 INFO Final_weight: 124.0
2023-04-24T12:24:55.089599+0600 INFO Final_weight: 124.0
2023-04-24T12:24:55.091930+0600 INFO Animal_ID: 435400040001
2023-04-24T12:24:56.086948+0600 INFO Distance: 155.0
2023-04-24T12:24:56.088866+0600 DEBUG START RFID FUNCTION
2023-04-24T12:24:56.090537+0600 DEBUG START Animal ID animal_id: b'435400040001'
2023-04-24T12:24:56.092074+0600 DEBUG START Null id null_id : b'435400040001'
2023-04-24T12:24:56.175467+0600 DEBUG Raw ID animal_id: b'43540028004501c38d13091e0102011b0101e2000017160900161150a24ee20034120133fd000a17d65fcb57'
2023-04-24T12:24:56.180790+0600 DEBUG New ID animal_id_new: fd000a17d65f
2023-04-24T12:24:56.185956+0600 DEBUG Null id null_id : b'435400040001'
2023-04-24T12:24:56.191421+0600 DEBUG Success step 2 RFID. animal id new: fd000a17d65f
2023-04-24T12:24:56.202561+0600 INFO ARDUINOSerial<id=0x75acc9a0, open=True>(port='/dev/ttyACM0', baudrate=9600, bytesize=8, parity='N', stopbits=1, timeout=1, xonxoff=False, rtscts=False, dsrdtr=False)
2023-04-24T12:24:58.433311+0600 ERROR Error, null weight list
2023-04-24T12:24:58.435303+0600 INFO Start weight: 0
2023-04-24T12:24:58.437134+0600 INFO Start time: 16927.320425006
2023-04-24T12:24:58.438811+0600 INFO Animal_ID: 435400040001
2023-04-24T12:24:59.097252+0600 INFO Distance: 19.0
2023-04-24T12:24:59.098467+0600 DEBUG START RFID FUNCTION
2023-04-24T12:24:59.099490+0600 DEBUG START Animal ID animal_id: b'435400040001'
2023-04-24T12:24:59.100404+0600 DEBUG START Null id null_id : b'435400040001'
2023-04-24T12:24:59.175756+0600 DEBUG Raw ID animal_id: b'43540028004501c38d13091e0102011b0101e2000017160900161150a24ee20034120133fd000a17d65fca58'
2023-04-24T12:24:59.181204+0600 DEBUG New ID animal_id_new: fd000a17d65f
2023-04-24T12:24:59.186352+0600 DEBUG Null id null_id : b'435400040001'
2023-04-24T12:24:59.193571+0600 DEBUG Success step 2 RFID. animal id new: fd000a17d65f
2023-04-24T12:24:59.207197+0600 INFO ARDUINOSerial<id=0x75acccd0, open=True>(port='/dev/ttyACM0', baudrate=9600, bytesize=8, parity='N', stopbits=1, timeout=1, xonxoff=False, rtscts=False, dsrdtr=False)
2023-04-24T12:25:00.338377+0600 ERROR Error, null weight list
2023-04-24T12:25:00.340307+0600 INFO Start weight: 0
2023-04-24T12:25:00.342030+0600 INFO Start time: 16929.225328829
2023-04-24T12:25:00.343720+0600 INFO End_time: 16929.22702459
2023-04-24T12:25:00.457531+0600 ERROR Error, null weight list
2023-04-24T12:25:00.462082+0600 INFO End_weight: 0
2023-04-24T12:25:02.111398+0600 INFO Sensor_distance: 135
2023-04-24T12:25:02.112876+0600 INFO Feed_time: 0.0016957609987002797
2023-04-24T12:25:02.114025+0600 INFO Feed_time_rounded: 0.0
2023-04-24T12:25:02.115174+0600 INFO Final_weight: 0
2023-04-24T12:25:02.116265+0600 INFO Final_weight: 0
2023-04-24T12:25:02.118329+0600 INFO Animal_ID: 435400040001
2023-04-24T12:25:03.115642+0600 INFO Distance: 135.0
2023-04-24T12:25:03.117268+0600 DEBUG START RFID FUNCTION
2023-04-24T12:25:03.118703+0600 DEBUG START Animal ID animal_id: b'435400040001'
2023-04-24T12:25:03.120371+0600 DEBUG START Null id null_id : b'435400040001'
2023-04-24T12:25:03.174783+0600 DEBUG Raw ID animal_id: b'43540028004501c38d13091e0102011b0101e2000017160900161150a24ee20034120133fd000a17d65fcc56'
2023-04-24T12:25:03.176304+0600 DEBUG New ID animal_id_new: fd000a17d65f
2023-04-24T12:25:03.177548+0600 DEBUG Null id null_id : b'435400040001'
2023-04-24T12:25:03.179646+0600 DEBUG Success step 2 RFID. animal id new: fd000a17d65f
2023-04-24T12:25:03.184934+0600 INFO ARDUINOSerial<id=0x75accfa0, open=True>(port='/dev/ttyACM0', baudrate=9600, bytesize=8, parity='N', stopbits=1, timeout=1, xonxoff=False, rtscts=False, dsrdtr=False)
2023-04-24T12:25:05.437025+0600 ERROR Error, null weight list
2023-04-24T12:25:05.439054+0600 INFO Start weight: 0
2023-04-24T12:25:05.440888+0600 INFO Start time: 16934.324174705
2023-04-24T12:25:05.442672+0600 INFO Animal_ID: 435400040001
2023-04-24T12:25:06.129945+0600 INFO Distance: 138.0
2023-04-24T12:25:06.131112+0600 DEBUG START RFID FUNCTION
2023-04-24T12:25:06.132160+0600 DEBUG START Animal ID animal_id: b'435400040001'
2023-04-24T12:25:06.133106+0600 DEBUG START Null id null_id : b'435400040001'
2023-04-24T12:25:06.174034+0600 DEBUG Raw ID animal_id: b'43540028004501c38d13091e0102011b0101e2000017160900161150a24ee20034120133fd000a17d65fcb57'
2023-04-24T12:25:06.175381+0600 DEBUG New ID animal_id_new: fd000a17d65f
2023-04-24T12:25:06.176416+0600 DEBUG Null id null_id : b'435400040001'
2023-04-24T12:25:06.177699+0600 DEBUG Success step 2 RFID. animal id new: fd000a17d65f
2023-04-24T12:25:06.179850+0600 INFO ARDUINOSerial<id=0x75acccd0, open=True>(port='/dev/ttyACM0', baudrate=9600, bytesize=8, parity='N', stopbits=1, timeout=1, xonxoff=False, rtscts=False, dsrdtr=False)
2023-04-24T12:25:07.222806+0600 ERROR Error, null weight list
2023-04-24T12:25:07.224742+0600 INFO Start weight: 0
2023-04-24T12:25:07.226570+0600 INFO Start time: 16936.109864241
2023-04-24T12:25:07.228410+0600 INFO Animal_ID: 435400040001
2023-04-24T12:25:08.137546+0600 INFO Distance: 138.0
2023-04-24T12:25:08.139461+0600 DEBUG START RFID FUNCTION
2023-04-24T12:25:08.141127+0600 DEBUG START Animal ID animal_id: b'435400040001'
2023-04-24T12:25:08.142710+0600 DEBUG START Null id null_id : b'435400040001'
2023-04-24T12:25:08.173991+0600 DEBUG Raw ID animal_id: b'43540028004501c38d13091e0102011b0101e2000017160900161150a24ee20034120133fd000a17d65fca58'
2023-04-24T12:25:08.176011+0600 DEBUG New ID animal_id_new: fd000a17d65f
2023-04-24T12:25:08.177880+0600 DEBUG Null id null_id : b'435400040001'
2023-04-24T12:25:08.179608+0600 DEBUG Success step 2 RFID. animal id new: fd000a17d65f
2023-04-24T12:25:08.182359+0600 INFO ARDUINOSerial<id=0x75accfa0, open=True>(port='/dev/ttyACM0', baudrate=9600, bytesize=8, parity='N', stopbits=1, timeout=1, xonxoff=False, rtscts=False, dsrdtr=False)
2023-04-24T12:25:09.252197+0600 ERROR Error, null weight list
2023-04-24T12:25:09.257192+0600 INFO Start weight: 0
2023-04-24T12:25:09.262123+0600 INFO Start time: 16938.145374676
2023-04-24T12:25:09.266939+0600 INFO Animal_ID: 435400040001
2023-04-24T12:25:10.144590+0600 INFO Distance: 138.0
2023-04-24T12:25:10.146700+0600 DEBUG START RFID FUNCTION
2023-04-24T12:25:10.148519+0600 DEBUG START Animal ID animal_id: b'435400040001'
2023-04-24T12:25:10.150103+0600 DEBUG START Null id null_id : b'435400040001'
2023-04-24T12:25:10.174030+0600 DEBUG Raw ID animal_id: b'43540028004501c38d13091e0102011b0101e2000017160900161150a24ee20034120133fd000a17d65fcb57'
2023-04-24T12:25:10.176029+0600 DEBUG New ID animal_id_new: fd000a17d65f
2023-04-24T12:25:10.177716+0600 DEBUG Null id null_id : b'435400040001'
2023-04-24T12:25:10.179491+0600 DEBUG Success step 2 RFID. animal id new: fd000a17d65f
2023-04-24T12:25:10.182667+0600 INFO ARDUINOSerial<id=0x75acccd0, open=True>(port='/dev/ttyACM0', baudrate=9600, bytesize=8, parity='N', stopbits=1, timeout=1, xonxoff=False, rtscts=False, dsrdtr=False)
2023-04-24T12:25:12.465683+0600 DEBUG Array weights: [130.22]
2023-04-24T12:25:13.657681+0600 DEBUG Array weights: [130.22, 172.37]
2023-04-24T12:25:14.846388+0600 DEBUG Array weights: [130.22, 172.37, 168.41]
2023-04-24T12:25:16.037301+0600 DEBUG Array weights: [130.22, 172.37, 168.41, 129.81]
2023-04-24T12:25:17.229156+0600 DEBUG Array weights: [130.22, 172.37, 168.41, 129.81, 63.0]
2023-04-24T12:25:18.422155+0600 DEBUG Array weights: [130.22, 172.37, 168.41, 129.81, 63.0, 155.22]
2023-04-24T12:25:19.134844+0600 INFO Start weight: 142.72
2023-04-24T12:25:19.136494+0600 INFO Start time: 16948.019783342
2023-04-24T12:25:19.138311+0600 INFO Animal_ID: 435400040001
2023-04-24T12:25:19.183504+0600 INFO Distance: 147.0
2023-04-24T12:25:19.185429+0600 DEBUG START RFID FUNCTION
2023-04-24T12:25:19.187655+0600 DEBUG START Animal ID animal_id: b'435400040001'
2023-04-24T12:25:19.190355+0600 DEBUG START Null id null_id : b'435400040001'
2023-04-24T12:25:19.274336+0600 DEBUG Raw ID animal_id: b'43540028004501c38d13091e0102011b0101e2000017160900161150a24ee20034120133fd000a17d65fca58'
2023-04-24T12:25:19.282421+0600 DEBUG New ID animal_id_new: fd000a17d65f
2023-04-24T12:25:19.288675+0600 DEBUG Null id null_id : b'435400040001'
2023-04-24T12:25:19.291496+0600 DEBUG Success step 2 RFID. animal id new: fd000a17d65f
2023-04-24T12:25:19.301021+0600 INFO ARDUINOSerial<id=0x75accfa0, open=True>(port='/dev/ttyACM0', baudrate=9600, bytesize=8, parity='N', stopbits=1, timeout=1, xonxoff=False, rtscts=False, dsrdtr=False)
2023-04-24T12:25:20.445424+0600 ERROR Error, null weight list
2023-04-24T12:25:20.447655+0600 INFO Start weight: 0
2023-04-24T12:25:20.449570+0600 INFO Start time: 16949.332866026
2023-04-24T12:25:20.451353+0600 INFO Animal_ID: 435400040001
2023-04-24T12:25:21.190838+0600 INFO Distance: 17.0
2023-04-24T12:25:21.192185+0600 DEBUG START RFID FUNCTION
2023-04-24T12:25:21.194469+0600 DEBUG START Animal ID animal_id: b'435400040001'
2023-04-24T12:25:21.195654+0600 DEBUG START Null id null_id : b'435400040001'
2023-04-24T12:25:21.273719+0600 DEBUG Raw ID animal_id: b'43540028004501c38d13091e0102011b0101e2000017160900161150a24ee20034120133fd000a17d65fca58'
2023-04-24T12:25:21.279111+0600 DEBUG New ID animal_id_new: fd000a17d65f
2023-04-24T12:25:21.283869+0600 DEBUG Null id null_id : b'435400040001'
2023-04-24T12:25:21.290023+0600 DEBUG Success step 2 RFID. animal id new: fd000a17d65f
2023-04-24T12:25:21.301170+0600 INFO ARDUINOSerial<id=0x75accd18, open=True>(port='/dev/ttyACM0', baudrate=9600, bytesize=8, parity='N', stopbits=1, timeout=1, xonxoff=False, rtscts=False, dsrdtr=False)
2023-04-24T12:25:22.349650+0600 ERROR Error, null weight list
2023-04-24T12:25:22.351983+0600 INFO Start weight: 0
2023-04-24T12:25:22.353896+0600 INFO Start time: 16951.237193469
2023-04-24T12:25:22.355766+0600 INFO End_time: 16951.239066102
2023-04-24T12:25:22.473846+0600 ERROR Error, null weight list
2023-04-24T12:25:22.479172+0600 INFO End_weight: 0
2023-04-24T12:25:24.201844+0600 INFO Sensor_distance: 19
2023-04-24T12:25:24.203759+0600 INFO End_time: 16953.087047454
2023-04-24T12:25:24.258457+0600 ERROR Error, null weight list
2023-04-24T12:25:24.260821+0600 INFO End_weight: 0
2023-04-24T12:25:26.213052+0600 INFO Sensor_distance: 19
2023-04-24T12:25:26.215002+0600 INFO End_time: 16955.098289864
2023-04-24T12:25:26.281808+0600 ERROR Error, null weight list
2023-04-24T12:25:26.283979+0600 INFO End_weight: 0
2023-04-24T12:25:28.219315+0600 INFO Sensor_distance: 18
2023-04-24T12:25:28.221083+0600 INFO End_time: 16957.104377702
2023-04-24T12:25:28.310521+0600 ERROR Error, null weight list
2023-04-24T12:25:28.314894+0600 INFO End_weight: 0
2023-04-24T12:25:30.227211+0600 INFO Sensor_distance: 151
2023-04-24T12:25:30.229310+0600 INFO Feed_time: 5.867184232996806
2023-04-24T12:25:30.231124+0600 INFO Feed_time_rounded: 5.87
2023-04-24T12:25:30.232899+0600 INFO Final_weight: 0
2023-04-24T12:25:30.234576+0600 INFO Final_weight: 0
2023-04-24T12:25:30.239514+0600 INFO Animal_ID: 435400040001
2023-04-24T12:25:31.233930+0600 INFO Distance: 141.0
2023-04-24T12:25:31.235981+0600 DEBUG START RFID FUNCTION
2023-04-24T12:25:31.237936+0600 DEBUG START Animal ID animal_id: b'435400040001'
2023-04-24T12:25:31.239660+0600 DEBUG START Null id null_id : b'435400040001'
2023-04-24T12:25:31.272261+0600 DEBUG Raw ID animal_id: b'43540028004501c38d13091e0102011b0101e2000017160900161150a24ee20034120133fd000a17d65fcb57'
2023-04-24T12:25:31.274385+0600 DEBUG New ID animal_id_new: fd000a17d65f
2023-04-24T12:25:31.276113+0600 DEBUG Null id null_id : b'435400040001'
2023-04-24T12:25:31.278229+0600 DEBUG Success step 2 RFID. animal id new: fd000a17d65f
2023-04-24T12:25:31.281823+0600 INFO ARDUINOSerial<id=0x75acc8f8, open=True>(port='/dev/ttyACM0', baudrate=9600, bytesize=8, parity='N', stopbits=1, timeout=1, xonxoff=False, rtscts=False, dsrdtr=False)
2023-04-24T12:25:34.456841+0600 DEBUG Array weights: [164.59]
2023-04-24T12:25:35.645050+0600 DEBUG Array weights: [164.59, 164.85]
2023-04-24T12:25:36.837382+0600 DEBUG Array weights: [164.59, 164.85, 163.33]
2023-04-24T12:25:38.029379+0600 DEBUG Array weights: [164.59, 164.85, 163.33, 165.0]
2023-04-24T12:25:39.221496+0600 DEBUG Array weights: [164.59, 164.85, 163.33, 165.0, 165.63]
2023-04-24T12:25:40.412474+0600 DEBUG Array weights: [164.59, 164.85, 163.33, 165.0, 165.63, 164.78]
2023-04-24T12:25:41.605511+0600 DEBUG Array weights: [164.59, 164.85, 163.33, 165.0, 165.63, 164.78, 165.11]
2023-04-24T12:25:42.797614+0600 DEBUG Array weights: [164.59, 164.85, 163.33, 165.0, 165.63, 164.78, 165.11, 163.67]
2023-04-24T12:25:43.984574+0600 DEBUG Array weights: [164.59, 164.85, 163.33, 165.0, 165.63, 164.78, 165.11, 163.67, 163.56]
2023-04-24T12:25:45.177386+0600 DEBUG Array weights: [164.59, 164.85, 163.33, 165.0, 165.63, 164.78, 165.11, 163.67, 163.56, 164.15]
2023-04-24T12:25:46.368292+0600 DEBUG Array weights: [164.59, 164.85, 163.33, 165.0, 165.63, 164.78, 165.11, 163.67, 163.56, 164.15, 164.11]
2023-04-24T12:25:47.560086+0600 DEBUG Array weights: [164.59, 164.85, 163.33, 165.0, 165.63, 164.78, 165.11, 163.67, 163.56, 164.15, 164.11, 163.52]
2023-04-24T12:25:48.752070+0600 DEBUG Array weights: [164.59, 164.85, 163.33, 165.0, 165.63, 164.78, 165.11, 163.67, 163.56, 164.15, 164.11, 163.52, 164.37]
2023-04-24T12:25:49.945077+0600 DEBUG Array weights: [164.59, 164.85, 163.33, 165.0, 165.63, 164.78, 165.11, 163.67, 163.56, 164.15, 164.11, 163.52, 164.37, 97.81]
2023-04-24T12:25:51.136955+0600 DEBUG Array weights: [164.59, 164.85, 163.33, 165.0, 165.63, 164.78, 165.11, 163.67, 163.56, 164.15, 164.11, 163.52, 164.37, 97.81, 83.26]
2023-04-24T12:25:52.328788+0600 DEBUG Array weights: [164.59, 164.85, 163.33, 165.0, 165.63, 164.78, 165.11, 163.67, 163.56, 164.15, 164.11, 163.52, 164.37, 97.81, 83.26, 187.11]
2023-04-24T12:25:53.516917+0600 DEBUG Array weights: [164.59, 164.85, 163.33, 165.0, 165.63, 164.78, 165.11, 163.67, 163.56, 164.15, 164.11, 163.52, 164.37, 97.81, 83.26, 187.11, 112.11]
2023-04-24T12:25:54.707887+0600 DEBUG Array weights: [164.59, 164.85, 163.33, 165.0, 165.63, 164.78, 165.11, 163.67, 163.56, 164.15, 164.11, 163.52, 164.37, 97.81, 83.26, 187.11, 112.11, 139.78]
2023-04-24T12:25:54.949961+0600 INFO Start weight: 164.13
2023-04-24T12:25:54.951230+0600 INFO Start time: 16983.834553649
2023-04-24T12:25:54.952327+0600 INFO Animal_ID: 435400040001
2023-04-24T12:25:55.331472+0600 INFO Distance: 20.0
2023-04-24T12:25:55.333407+0600 DEBUG START RFID FUNCTION
2023-04-24T12:25:55.335084+0600 DEBUG START Animal ID animal_id: b'435400040001'
2023-04-24T12:25:55.336734+0600 DEBUG START Null id null_id : b'435400040001'
2023-04-24T12:25:55.370527+0600 DEBUG Raw ID animal_id: b'43540028004501c38d13091e0102011b0101e2000017160900161150a24ee20034120133fd000a17d65fca58'
2023-04-24T12:25:55.372794+0600 DEBUG New ID animal_id_new: fd000a17d65f
2023-04-24T12:25:55.374724+0600 DEBUG Null id null_id : b'435400040001'
2023-04-24T12:25:55.376610+0600 DEBUG Success step 2 RFID. animal id new: fd000a17d65f
2023-04-24T12:25:55.379900+0600 INFO ARDUINOSerial<id=0x75accd18, open=True>(port='/dev/ttyACM0', baudrate=9600, bytesize=8, parity='N', stopbits=1, timeout=1, xonxoff=False, rtscts=False, dsrdtr=False)
2023-04-24T12:25:56.498426+0600 ERROR Error, null weight list
2023-04-24T12:25:56.500158+0600 INFO Start weight: 0
2023-04-24T12:25:56.501763+0600 INFO Start time: 16985.385064697
2023-04-24T12:25:56.503434+0600 INFO End_time: 16985.386738219
2023-04-24T12:25:56.617690+0600 ERROR Error, null weight list
2023-04-24T12:25:56.621492+0600 INFO End_weight: 0
2023-04-24T12:25:58.345501+0600 INFO Sensor_distance: 18
2023-04-24T12:25:58.347699+0600 INFO End_time: 16987.230971831
2023-04-24T12:25:58.403223+0600 ERROR Error, null weight list
2023-04-24T12:25:58.405460+0600 INFO End_weight: 0
2023-04-24T12:26:00.353945+0600 INFO Sensor_distance: 151
2023-04-24T12:26:00.356279+0600 INFO Feed_time: 1.8459071340002993
2023-04-24T12:26:00.358564+0600 INFO Feed_time_rounded: 1.85
2023-04-24T12:26:00.360397+0600 INFO Final_weight: 0
2023-04-24T12:26:00.362047+0600 INFO Final_weight: 0
2023-04-24T12:26:00.364670+0600 INFO Animal_ID: 435400040001
2023-04-24T12:26:01.360435+0600 INFO Distance: 138.0
2023-04-24T12:26:01.362584+0600 DEBUG START RFID FUNCTION
2023-04-24T12:26:01.364335+0600 DEBUG START Animal ID animal_id: b'435400040001'
2023-04-24T12:26:01.365980+0600 DEBUG START Null id null_id : b'435400040001'
2023-04-24T12:26:01.369850+0600 DEBUG Raw ID animal_id: b'43540028004501c38d13091e0102011b0101e2000017160900161150a24ee20034120133fd000a17d65fcc56'
2023-04-24T12:26:01.371813+0600 DEBUG New ID animal_id_new: fd000a17d65f
2023-04-24T12:26:01.373545+0600 DEBUG Null id null_id : b'435400040001'
2023-04-24T12:26:01.375636+0600 DEBUG Success step 2 RFID. animal id new: fd000a17d65f
2023-04-24T12:26:01.379489+0600 INFO ARDUINOSerial<id=0x75acc8f8, open=True>(port='/dev/ttyACM0', baudrate=9600, bytesize=8, parity='N', stopbits=1, timeout=1, xonxoff=False, rtscts=False, dsrdtr=False)
2023-04-24T12:26:04.542443+0600 DEBUG Array weights: [160.67]
2023-04-24T12:26:05.734220+0600 DEBUG Array weights: [160.67, 163.85]
2023-04-24T12:26:06.926168+0600 DEBUG Array weights: [160.67, 163.85, -11.04]
2023-04-24T12:26:07.045782+0600 INFO Start weight: 160.67
2023-04-24T12:26:07.048279+0600 INFO Start time: 16995.931544345
2023-04-24T12:26:07.049707+0600 INFO Animal_ID: 435400040001
2023-04-24T12:26:07.386229+0600 INFO Distance: 138.0
2023-04-24T12:26:07.387741+0600 DEBUG START RFID FUNCTION
2023-04-24T12:26:07.388865+0600 DEBUG START Animal ID animal_id: b'435400040001'
2023-04-24T12:26:07.389840+0600 DEBUG START Null id null_id : b'435400040001'
2023-04-24T12:26:07.470344+0600 DEBUG Raw ID animal_id: b'43540028004501c38d13091e0102011b0101e2000017160900161150a24ee20034120133fd000a17d65fca58'
2023-04-24T12:26:07.474889+0600 DEBUG New ID animal_id_new: fd000a17d65f
2023-04-24T12:26:07.479454+0600 DEBUG Null id null_id : b'435400040001'
2023-04-24T12:26:07.484243+0600 DEBUG Success step 2 RFID. animal id new: fd000a17d65f
2023-04-24T12:26:07.496310+0600 INFO ARDUINOSerial<id=0x75accd18, open=True>(port='/dev/ttyACM0', baudrate=9600, bytesize=8, parity='N', stopbits=1, timeout=1, xonxoff=False, rtscts=False, dsrdtr=False)
2023-04-24T12:26:09.784986+0600 DEBUG Array weights: [141.78]
2023-04-24T12:26:10.976876+0600 DEBUG Array weights: [141.78, 135.93]
2023-04-24T12:26:12.165095+0600 DEBUG Array weights: [141.78, 135.93, 132.89]
2023-04-24T12:26:12.644328+0600 INFO Start weight: 135.93
2023-04-24T12:26:12.645666+0600 INFO Start time: 17001.528990994
2023-04-24T12:26:12.646699+0600 INFO Animal_ID: 435400040001
2023-04-24T12:26:13.407418+0600 INFO Distance: 21.0
2023-04-24T12:26:13.409560+0600 DEBUG START RFID FUNCTION
2023-04-24T12:26:13.411263+0600 DEBUG START Animal ID animal_id: b'435400040001'
2023-04-24T12:26:13.412702+0600 DEBUG START Null id null_id : b'435400040001'
2023-04-24T12:26:13.469095+0600 DEBUG Raw ID animal_id: b'43540028004501c38d13091e0102011b0101e2000017160900161150a24ee20034120133fd000a17d65fcb57'
2023-04-24T12:26:13.471260+0600 DEBUG New ID animal_id_new: fd000a17d65f
2023-04-24T12:26:13.473218+0600 DEBUG Null id null_id : b'435400040001'
2023-04-24T12:26:13.475550+0600 DEBUG Success step 2 RFID. animal id new: fd000a17d65f
2023-04-24T12:26:13.479579+0600 INFO ARDUINOSerial<id=0x75acccd0, open=True>(port='/dev/ttyACM0', baudrate=9600, bytesize=8, parity='N', stopbits=1, timeout=1, xonxoff=False, rtscts=False, dsrdtr=False)
2023-04-24T12:26:14.549406+0600 ERROR Error, null weight list
2023-04-24T12:26:14.550860+0600 INFO Start weight: 0
2023-04-24T12:26:14.552105+0600 INFO Start time: 17003.435423819
2023-04-24T12:26:14.553190+0600 INFO End_time: 17003.436515577
2023-04-24T12:26:14.667828+0600 ERROR Error, null weight list
2023-04-24T12:26:14.670372+0600 INFO End_weight: 0
2023-04-24T12:26:16.422526+0600 INFO Sensor_distance: 151
2023-04-24T12:26:16.424788+0600 INFO Feed_time: 0.0010917580002569593
2023-04-24T12:26:16.426550+0600 INFO Feed_time_rounded: 0.0
2023-04-24T12:26:16.428220+0600 INFO Final_weight: 0
2023-04-24T12:26:16.429623+0600 INFO Final_weight: 0
2023-04-24T12:26:16.432082+0600 INFO Animal_ID: 435400040001
2023-04-24T12:26:17.425541+0600 INFO Distance: 172.0
2023-04-24T12:26:17.427803+0600 DEBUG START RFID FUNCTION
2023-04-24T12:26:17.429425+0600 DEBUG START Animal ID animal_id: b'435400040001'
2023-04-24T12:26:17.430951+0600 DEBUG START Null id null_id : b'435400040001'
2023-04-24T12:26:17.468713+0600 DEBUG Raw ID animal_id: b'43540028004501c38d13091e0102011b0101e2000017160900161150a24ee20034120133fd000a17d65fcc56'
2023-04-24T12:26:17.470484+0600 DEBUG New ID animal_id_new: fd000a17d65f
2023-04-24T12:26:17.471885+0600 DEBUG Null id null_id : b'435400040001'
2023-04-24T12:26:17.473455+0600 DEBUG Success step 2 RFID. animal id new: fd000a17d65f
2023-04-24T12:26:17.477178+0600 INFO ARDUINOSerial<id=0x75accbb0, open=True>(port='/dev/ttyACM0', baudrate=9600, bytesize=8, parity='N', stopbits=1, timeout=1, xonxoff=False, rtscts=False, dsrdtr=False)
2023-04-24T12:26:20.651821+0600 DEBUG Array weights: [70.96]
2023-04-24T12:26:21.840405+0600 DEBUG Array weights: [70.96, 137.56]
2023-04-24T12:26:23.031563+0600 DEBUG Array weights: [70.96, 137.56, 398.07]
2023-04-24T12:26:24.223728+0600 DEBUG Array weights: [70.96, 137.56, 398.07, 285.7]
2023-04-24T12:26:25.416076+0600 DEBUG Array weights: [70.96, 137.56, 398.07, 285.7, 219.56]
2023-04-24T12:26:26.607827+0600 DEBUG Array weights: [70.96, 137.56, 398.07, 285.7, 219.56, 173.78]
2023-04-24T12:26:27.800051+0600 DEBUG Array weights: [70.96, 137.56, 398.07, 285.7, 219.56, 173.78, 137.37]
2023-04-24T12:26:28.992219+0600 DEBUG Array weights: [70.96, 137.56, 398.07, 285.7, 219.56, 173.78, 137.37, 138.0]
2023-04-24T12:26:30.184275+0600 DEBUG Array weights: [70.96, 137.56, 398.07, 285.7, 219.56, 173.78, 137.37, 138.0, 350.93]
2023-04-24T12:26:31.371054+0600 DEBUG Array weights: [70.96, 137.56, 398.07, 285.7, 219.56, 173.78, 137.37, 138.0, 350.93, 72.04]
2023-04-24T12:26:32.563124+0600 DEBUG Array weights: [70.96, 137.56, 398.07, 285.7, 219.56, 173.78, 137.37, 138.0, 350.93, 72.04, 326.22]
2023-04-24T12:26:33.755231+0600 DEBUG Array weights: [70.96, 137.56, 398.07, 285.7, 219.56, 173.78, 137.37, 138.0, 350.93, 72.04, 326.22, 377.44]
2023-04-24T12:26:34.354673+0600 INFO Start weight: 196.67000000000002
2023-04-24T12:26:34.356302+0600 INFO Start time: 17023.239597903
2023-04-24T12:26:34.358302+0600 INFO Animal_ID: 435400040001
2023-04-24T12:26:34.497508+0600 INFO Distance: 20.0
2023-04-24T12:26:34.498776+0600 DEBUG START RFID FUNCTION
2023-04-24T12:26:34.499599+0600 DEBUG START Animal ID animal_id: b'435400040001'
2023-04-24T12:26:34.500352+0600 DEBUG START Null id null_id : b'435400040001'
2023-04-24T12:26:41.767132+0600 DEBUG Raw ID animal_id: b'43540028004501c38d13091e0102011b0101e2000017160900161150a24ee20034120133fd000a17d65fca58'
2023-04-24T12:26:41.769228+0600 DEBUG New ID animal_id_new: fd000a17d65f
2023-04-24T12:26:41.770933+0600 DEBUG Null id null_id : b'435400040001'
2023-04-24T12:26:41.773422+0600 DEBUG Success step 2 RFID. animal id new: fd000a17d65f
2023-04-24T12:26:41.777521+0600 INFO ARDUINOSerial<id=0x75acccd0, open=True>(port='/dev/ttyACM0', baudrate=9600, bytesize=8, parity='N', stopbits=1, timeout=1, xonxoff=False, rtscts=False, dsrdtr=False)
2023-04-24T12:26:44.003053+0600 DEBUG Array weights: [140.96]
2023-04-24T12:26:45.194994+0600 DEBUG Array weights: [140.96, 243.37]
2023-04-24T12:26:46.387346+0600 DEBUG Array weights: [140.96, 243.37, 231.04]
2023-04-24T12:26:47.578797+0600 DEBUG Array weights: [140.96, 243.37, 231.04, 107.41]
2023-04-24T12:26:48.770783+0600 DEBUG Array weights: [140.96, 243.37, 231.04, 107.41, 143.37]
2023-04-24T12:26:49.959130+0600 DEBUG Array weights: [140.96, 243.37, 231.04, 107.41, 143.37, 146.41]
2023-04-24T12:26:51.151065+0600 DEBUG Array weights: [140.96, 243.37, 231.04, 107.41, 143.37, 146.41, 140.96]
2023-04-24T12:26:52.343111+0600 DEBUG Array weights: [140.96, 243.37, 231.04, 107.41, 143.37, 146.41, 140.96, 193.37]
2023-04-24T12:26:53.535104+0600 DEBUG Array weights: [140.96, 243.37, 231.04, 107.41, 143.37, 146.41, 140.96, 193.37, 135.15]
2023-04-24T12:26:54.727126+0600 DEBUG Array weights: [140.96, 243.37, 231.04, 107.41, 143.37, 146.41, 140.96, 193.37, 135.15, 131.0]
2023-04-24T12:26:55.919119+0600 DEBUG Array weights: [140.96, 243.37, 231.04, 107.41, 143.37, 146.41, 140.96, 193.37, 135.15, 131.0, 139.04]
2023-04-24T12:26:57.110271+0600 DEBUG Array weights: [140.96, 243.37, 231.04, 107.41, 143.37, 146.41, 140.96, 193.37, 135.15, 131.0, 139.04, 140.07]
2023-04-24T12:26:58.302311+0600 DEBUG Array weights: [140.96, 243.37, 231.04, 107.41, 143.37, 146.41, 140.96, 193.37, 135.15, 131.0, 139.04, 140.07, 142.96]
2023-04-24T12:26:59.494475+0600 DEBUG Array weights: [140.96, 243.37, 231.04, 107.41, 143.37, 146.41, 140.96, 193.37, 135.15, 131.0, 139.04, 140.07, 142.96, 144.07]
2023-04-24T12:27:00.686718+0600 DEBUG Array weights: [140.96, 243.37, 231.04, 107.41, 143.37, 146.41, 140.96, 193.37, 135.15, 131.0, 139.04, 140.07, 142.96, 144.07, 142.26]
2023-04-24T12:27:01.874932+0600 DEBUG Array weights: [140.96, 243.37, 231.04, 107.41, 143.37, 146.41, 140.96, 193.37, 135.15, 131.0, 139.04, 140.07, 142.96, 144.07, 142.26, 145.56]
2023-04-24T12:27:03.066155+0600 DEBUG Array weights: [140.96, 243.37, 231.04, 107.41, 143.37, 146.41, 140.96, 193.37, 135.15, 131.0, 139.04, 140.07, 142.96, 144.07, 142.26, 145.56, 131.07]
2023-04-24T12:27:04.258264+0600 DEBUG Array weights: [140.96, 243.37, 231.04, 107.41, 143.37, 146.41, 140.96, 193.37, 135.15, 131.0, 139.04, 140.07, 142.96, 144.07, 142.26, 145.56, 131.07, 128.48]
2023-04-24T12:27:05.450294+0600 DEBUG Array weights: [140.96, 243.37, 231.04, 107.41, 143.37, 146.41, 140.96, 193.37, 135.15, 131.0, 139.04, 140.07, 142.96, 144.07, 142.26, 145.56, 131.07, 128.48, -141.48]
2023-04-24T12:27:05.452529+0600 INFO Start weight: 140.96
2023-04-24T12:27:05.454429+0600 INFO Start time: 17054.337723376
2023-04-24T12:27:05.456278+0600 INFO End_time: 17054.339581322
2023-04-24T12:27:05.570358+0600 ERROR Error, null weight list
2023-04-24T12:27:05.575134+0600 INFO End_weight: 0
2023-04-24T12:27:06.630835+0600 INFO Sensor_distance: 20
2023-04-24T12:27:06.633207+0600 INFO End_time: 17055.516490071
2023-04-24T12:27:06.762312+0600 ERROR Error, null weight list
2023-04-24T12:27:06.767910+0600 INFO End_weight: 0
2023-04-24T12:27:08.638666+0600 INFO Sensor_distance: 20
2023-04-24T12:27:08.641075+0600 INFO End_time: 17057.524358959
2023-04-24T12:27:08.669283+0600 ERROR Error, null weight list
2023-04-24T12:27:08.671357+0600 INFO End_weight: 0
2023-04-24T12:27:10.645805+0600 INFO Sensor_distance: 19
2023-04-24T12:27:10.647383+0600 INFO End_time: 17059.530696565
2023-04-24T12:27:10.694283+0600 ERROR Error, null weight list
2023-04-24T12:27:10.696053+0600 INFO End_weight: 0
2023-04-24T12:27:12.655509+0600 INFO Sensor_distance: 138
2023-04-24T12:27:12.656934+0600 INFO Feed_time: 5.19297318900135
2023-04-24T12:27:12.658505+0600 INFO Feed_time_rounded: 5.19
2023-04-24T12:27:12.660174+0600 INFO Final_weight: 140.96
2023-04-24T12:27:12.661647+0600 INFO Final_weight: 140.96
2023-04-24T12:27:12.664569+0600 INFO Animal_ID: 435400040001
2023-04-24T12:27:13.660203+0600 INFO Distance: 138.0
2023-04-24T12:27:13.662136+0600 DEBUG START RFID FUNCTION
2023-04-24T12:27:13.664346+0600 DEBUG START Animal ID animal_id: b'435400040001'
2023-04-24T12:27:13.666526+0600 DEBUG START Null id null_id : b'435400040001'
2023-04-24T12:27:13.765634+0600 DEBUG Raw ID animal_id: b'43540028004501c38d13091e0102011b0101e2000017160900161150a24ee20034120133fd000a17d65fca58'
2023-04-24T12:27:13.771648+0600 DEBUG New ID animal_id_new: fd000a17d65f
2023-04-24T12:27:13.776599+0600 DEBUG Null id null_id : b'435400040001'
2023-04-24T12:27:13.785188+0600 DEBUG Success step 2 RFID. animal id new: fd000a17d65f
2023-04-24T12:27:13.800461+0600 INFO ARDUINOSerial<id=0x75a6c490, open=True>(port='/dev/ttyACM0', baudrate=9600, bytesize=8, parity='N', stopbits=1, timeout=1, xonxoff=False, rtscts=False, dsrdtr=False)
2023-04-24T12:27:16.987612+0600 DEBUG Array weights: [149.26]
2023-04-24T12:27:18.172345+0600 DEBUG Array weights: [149.26, 150.11]
