2023-04-20T09:45:36.024097+0600 INFO Connect arduino /dev/ttyACM1
2023-04-20T09:45:36.026157+0600 INFO Configuration of serial, Serial<id=0x75d85280, open=True>(port='/dev/ttyACM1', baudrate=9600, bytesize=8, parity='N', stopbits=1, timeout=None, xonxoff=False, rtscts=False, dsrdtr=False)
2023-04-20T09:45:36.027252+0600 INFO Success: Arduino connected
2023-04-20T09:45:36.031979+0600 INFO ("[1] to calibrate
" "[2] to start measure
>")
2023-04-20T09:45:42.717040+0600 DEBUG START RFID FUNCTION
2023-04-20T09:45:42.719185+0600 DEBUG START Animal ID animal_id: b'435400040001'
2023-04-20T09:45:42.720783+0600 DEBUG START Null id null_id : b'435400040001'
2023-04-20T09:45:49.895082+0600 DEBUG Raw ID animal_id: b'43540028004501c38d13091e0102011b0101e2000017160900161150a24ee20034120133fd000a17d65fc55d'
2023-04-20T09:45:49.897081+0600 DEBUG New ID animal_id_new: fd000a17d65f
2023-04-20T09:45:49.898802+0600 DEBUG Null id null_id : b'435400040001'
2023-04-20T09:45:49.900557+0600 DEBUG Success step 2 RFID. animal id new: fd000a17d65f
2023-04-20T09:45:52.849002+0600 ERROR Error, null weight list
2023-04-20T09:45:52.850558+0600 INFO main: weight_finall
2023-04-20T09:45:52.854613+0600 DEBUG START RFID FUNCTION
2023-04-20T09:45:52.856223+0600 DEBUG START Animal ID animal_id: b'435400040001'
2023-04-20T09:45:52.857541+0600 DEBUG START Null id null_id : b'435400040001'
2023-04-20T09:45:52.895128+0600 DEBUG Raw ID animal_id: b'43540028004501c38d13091e0102011b0101e2000017160900161150a24ee20034120133fd000a17d65fcc56'
2023-04-20T09:45:52.897528+0600 DEBUG New ID animal_id_new: fd000a17d65f
2023-04-20T09:45:52.899973+0600 DEBUG Null id null_id : b'435400040001'
2023-04-20T09:45:52.903994+0600 DEBUG Success step 2 RFID. animal id new: fd000a17d65f
2023-04-20T09:45:55.859082+0600 ERROR Error, null weight list
2023-04-20T09:45:55.861215+0600 INFO main: weight_finall
2023-04-20T09:45:55.864146+0600 DEBUG START RFID FUNCTION
2023-04-20T09:45:55.865995+0600 DEBUG START Animal ID animal_id: b'435400040001'
2023-04-20T09:45:55.867799+0600 DEBUG START Null id null_id : b'435400040001'
2023-04-20T09:45:56.245898+0600 DEBUG Raw ID animal_id: b'43540028004501c38d13091e0102011b0101e2000017160900161150a24ee20034120133fd000a17d65fc959'
2023-04-20T09:45:56.247353+0600 DEBUG New ID animal_id_new: fd000a17d65f
2023-04-20T09:45:56.248457+0600 DEBUG Null id null_id : b'435400040001'
2023-04-20T09:45:56.249632+0600 DEBUG Success step 2 RFID. animal id new: fd000a17d65f
2023-04-20T09:45:56.862029+0600 DEBUG START RFID FUNCTION
2023-04-20T09:45:56.864047+0600 DEBUG START Animal ID animal_id: b'435400040001'
2023-04-20T09:45:56.865785+0600 DEBUG START Null id null_id : b'435400040001'
