2023-04-20T09:41:42.309212+0600 INFO Connect arduino /dev/ttyACM1
2023-04-20T09:41:42.311254+0600 INFO Configuration of serial, Serial<id=0x75d1f250, open=True>(port='/dev/ttyACM1', baudrate=9600, bytesize=8, parity='N', stopbits=1, timeout=None, xonxoff=False, rtscts=False, dsrdtr=False)
2023-04-20T09:41:42.312192+0600 INFO Success: Arduino connected
2023-04-20T09:41:42.317981+0600 INFO ("[1] to calibrate
" "[2] to start measure
>")
2023-04-20T09:41:49.015346+0600 DEBUG START RFID FUNCTION
2023-04-20T09:41:49.017428+0600 DEBUG START Animal ID animal_id: b'435400040001'
2023-04-20T09:41:49.019396+0600 DEBUG START Null id null_id : b'435400040001'
2023-04-20T09:41:53.635520+0600 DEBUG Raw ID animal_id: b'43540028004501c38d13091e0102011b0101e2000017160900161150a24ee20034120133fd000a17d65fc75b'
2023-04-20T09:41:53.637591+0600 DEBUG New ID animal_id_new: fd000a17d65f
2023-04-20T09:41:53.639181+0600 DEBUG Null id null_id : b'435400040001'
2023-04-20T09:41:53.640893+0600 DEBUG Success step 2 RFID. animal id new: fd000a17d65f
2023-04-20T09:41:54.110148+0600 DEBUG START RFID FUNCTION
2023-04-20T09:41:54.111667+0600 DEBUG START Animal ID animal_id: b'435400040001'
2023-04-20T09:41:54.112804+0600 DEBUG START Null id null_id : b'435400040001'
2023-04-20T09:41:54.386647+0600 DEBUG Raw ID animal_id: b'43540028004501c38d13091e0102011b0101e2000017160900161150a24ee20034120133fd000a17d65fc75b'
2023-04-20T09:41:54.388689+0600 DEBUG New ID animal_id_new: fd000a17d65f
2023-04-20T09:41:54.390275+0600 DEBUG Null id null_id : b'435400040001'
2023-04-20T09:41:54.391962+0600 DEBUG Success step 2 RFID. animal id new: fd000a17d65f
2023-04-20T09:41:55.112277+0600 DEBUG START RFID FUNCTION
2023-04-20T09:41:55.113697+0600 DEBUG START Animal ID animal_id: b'435400040001'
2023-04-20T09:41:55.114930+0600 DEBUG START Null id null_id : b'435400040001'
2023-04-20T09:41:55.135989+0600 DEBUG Raw ID animal_id: b'43540028004501c38d13091e0102011b0101e2000017160900161150a24ee20034120133fd000a17d65fc75b'
2023-04-20T09:41:55.137683+0600 DEBUG New ID animal_id_new: fd000a17d65f
2023-04-20T09:41:55.138883+0600 DEBUG Null id null_id : b'435400040001'
2023-04-20T09:41:55.140195+0600 DEBUG Success step 2 RFID. animal id new: fd000a17d65f
2023-04-20T09:41:56.120188+0600 DEBUG START RFID FUNCTION
2023-04-20T09:41:56.121894+0600 DEBUG START Animal ID animal_id: b'435400040001'
2023-04-20T09:41:56.123262+0600 DEBUG START Null id null_id : b'435400040001'
2023-04-20T09:41:56.135568+0600 DEBUG Raw ID animal_id: b'43540028004501c38d13091e0102011b0101e2000017160900161150a24ee20034120133fd000a17d65fc85a'
2023-04-20T09:41:56.137422+0600 DEBUG New ID animal_id_new: fd000a17d65f
2023-04-20T09:41:56.139131+0600 DEBUG Null id null_id : b'435400040001'
2023-04-20T09:41:56.140838+0600 DEBUG Success step 2 RFID. animal id new: fd000a17d65f
2023-04-20T09:41:59.132913+0600 ERROR Error, null weight list
2023-04-20T09:41:59.134637+0600 INFO main: weight_finall
2023-04-20T09:41:59.137729+0600 DEBUG START RFID FUNCTION
2023-04-20T09:41:59.139414+0600 DEBUG START Animal ID animal_id: b'435400040001'
2023-04-20T09:41:59.140791+0600 DEBUG START Null id null_id : b'435400040001'
2023-04-20T09:41:59.236737+0600 DEBUG Raw ID animal_id: b'43540028004501c38d13091e0102011b0101e2000017160900161150a24ee20034120133fd000a17d65fcb57'
2023-04-20T09:41:59.241142+0600 DEBUG New ID animal_id_new: fd000a17d65f
2023-04-20T09:41:59.245320+0600 DEBUG Null id null_id : b'435400040001'
2023-04-20T09:41:59.249676+0600 DEBUG Success step 2 RFID. animal id new: fd000a17d65f
2023-04-20T09:42:02.145581+0600 ERROR Error, null weight list
2023-04-20T09:42:02.146992+0600 INFO main: weight_finall
2023-04-20T09:42:02.151112+0600 DEBUG START RFID FUNCTION
2023-04-20T09:42:02.152475+0600 DEBUG START Animal ID animal_id: b'435400040001'
2023-04-20T09:42:02.153653+0600 DEBUG START Null id null_id : b'435400040001'
2023-04-20T09:42:02.386408+0600 DEBUG Raw ID animal_id: b'43540028004501c38d13091e0102011b0101e2000017160900161150a24ee20034120133fd000a17d65fca58'
2023-04-20T09:42:02.387759+0600 DEBUG New ID animal_id_new: fd000a17d65f
2023-04-20T09:42:02.388762+0600 DEBUG Null id null_id : b'435400040001'
2023-04-20T09:42:02.389845+0600 DEBUG Success step 2 RFID. animal id new: fd000a17d65f
2023-04-20T09:42:03.149065+0600 DEBUG START RFID FUNCTION
2023-04-20T09:42:03.150844+0600 DEBUG START Animal ID animal_id: b'435400040001'
2023-04-20T09:42:03.152418+0600 DEBUG START Null id null_id : b'435400040001'
