2023-04-24T11:13:01.165222+0600 INFO Connect arduino /dev/ttyACM1
2023-04-24T11:13:01.167700+0600 INFO Configuration of serial, Serial<id=0x75a945e0, open=True>(port='/dev/ttyACM1', baudrate=9600, bytesize=8, parity='N', stopbits=1, timeout=None, xonxoff=False, rtscts=False, dsrdtr=False)
2023-04-24T11:13:01.169190+0600 INFO Success: Arduino connected
2023-04-24T11:13:01.175406+0600 INFO ("[1] to calibrate
" "[2] to start measure
>")
2023-04-24T11:13:08.887808+0600 DEBUG START RFID FUNCTION
2023-04-24T11:13:08.889510+0600 DEBUG START Animal ID animal_id: b'435400040001'
2023-04-24T11:13:08.890751+0600 DEBUG START Null id null_id : b'435400040001'
2023-04-24T11:13:09.182778+0600 DEBUG Raw ID animal_id: b'43540028004501c38d13091e0102011b0101e2806894000040103003d496e2806894200040103003d496c2d8'
2023-04-24T11:13:09.184911+0600 DEBUG New ID animal_id_new: 40103003d496
2023-04-24T11:13:09.189414+0600 DEBUG Null id null_id : b'435400040001'
2023-04-24T11:13:09.193891+0600 DEBUG Success step 2 RFID. animal id new: 40103003d496
2023-04-24T11:13:09.195533+0600 INFO Animal_ID: 40103003d496
2023-04-24T11:13:09.955011+0600 INFO Distance: 138.0
2023-04-24T11:13:09.958522+0600 INFO ARDUINOSerial<id=0x75a94b80, open=True>(port='/dev/ttyACM0', baudrate=9600, bytesize=8, parity='N', stopbits=1, timeout=1, xonxoff=False, rtscts=False, dsrdtr=False)
2023-04-24T11:13:13.130689+0600 DEBUG Array weights: [120.93]
2023-04-24T11:13:14.322417+0600 DEBUG Array weights: [120.93, 118.74]
2023-04-24T11:13:15.510859+0600 DEBUG Array weights: [120.93, 118.74, 120.89]
2023-04-24T11:13:16.701837+0600 DEBUG Array weights: [120.93, 118.74, 120.89, 119.63]
2023-04-24T11:13:17.893730+0600 DEBUG Array weights: [120.93, 118.74, 120.89, 119.63, 120.59]
2023-04-24T11:13:19.085694+0600 DEBUG Array weights: [120.93, 118.74, 120.89, 119.63, 120.59, 120.63]
2023-04-24T11:13:20.274261+0600 DEBUG Array weights: [120.93, 118.74, 120.89, 119.63, 120.59, 120.63, 120.11]
2023-04-24T11:13:21.466137+0600 DEBUG Array weights: [120.93, 118.74, 120.89, 119.63, 120.59, 120.63, 120.11, 118.93]
2023-04-24T11:13:22.658214+0600 DEBUG Array weights: [120.93, 118.74, 120.89, 119.63, 120.59, 120.63, 120.11, 118.93, 119.26]
2023-04-24T11:13:23.845414+0600 DEBUG Array weights: [120.93, 118.74, 120.89, 119.63, 120.59, 120.63, 120.11, 118.93, 119.26, 120.56]
2023-04-24T11:13:25.038271+0600 DEBUG Array weights: [120.93, 118.74, 120.89, 119.63, 120.59, 120.63, 120.11, 118.93, 119.26, 120.56, 119.59]
2023-04-24T11:13:26.229851+0600 DEBUG Array weights: [120.93, 118.74, 120.89, 119.63, 120.59, 120.63, 120.11, 118.93, 119.26, 120.56, 119.59, 55.63]
2023-04-24T11:13:26.349698+0600 INFO Start weight: 119.87
2023-04-24T11:13:26.354889+0600 INFO Start time: 12635.237869397
2023-04-24T11:13:26.356540+0600 INFO main: weight_finall
2023-04-24T11:13:26.361818+0600 DEBUG START RFID FUNCTION
2023-04-24T11:13:26.365904+0600 DEBUG START Animal ID animal_id: b'435400040001'
2023-04-24T11:13:26.370603+0600 DEBUG START Null id null_id : b'435400040001'
2023-04-24T11:13:26.429821+0600 DEBUG Raw ID animal_id: b'43540028004501c38d13091e0102011b0101e2806894000040103003d496e2806894200040103003d496d1c9'
2023-04-24T11:13:26.431489+0600 DEBUG New ID animal_id_new: 40103003d496
2023-04-24T11:13:26.432830+0600 DEBUG Null id null_id : b'435400040001'
2023-04-24T11:13:26.434302+0600 DEBUG Success step 2 RFID. animal id new: 40103003d496
2023-04-24T11:13:26.436322+0600 INFO Animal_ID: 40103003d496
2023-04-24T11:13:27.022851+0600 INFO Distance: 18.0
2023-04-24T11:13:27.025304+0600 INFO ARDUINOSerial<id=0x75a94be0, open=True>(port='/dev/ttyACM0', baudrate=9600, bytesize=8, parity='N', stopbits=1, timeout=1, xonxoff=False, rtscts=False, dsrdtr=False)
2023-04-24T11:13:28.133938+0600 ERROR Error, null weight list
2023-04-24T11:13:28.136111+0600 INFO Start weight: 0
2023-04-24T11:13:28.138108+0600 INFO Start time: 12637.02140315
2023-04-24T11:13:28.139732+0600 INFO main: weight_finall
2023-04-24T11:13:30.037120+0600 INFO Sensor_distance: 18
2023-04-24T11:13:32.044731+0600 INFO Sensor_distance: 20
2023-04-24T11:13:34.051436+0600 INFO Sensor_distance: 19
2023-04-24T11:13:35.055497+0600 INFO Sensor_distance: 19
2023-04-24T11:13:37.066039+0600 INFO Sensor_distance: 20
2023-04-24T11:13:38.070556+0600 INFO Sensor_distance: 6
2023-04-24T11:13:40.076777+0600 INFO Sensor_distance: 138
2023-04-24T11:13:40.078801+0600 INFO Final_weight: 0
2023-04-24T11:13:40.080572+0600 INFO Feed_time: 9.93
2023-04-24T11:13:40.083183+0600 DEBUG START RFID FUNCTION
2023-04-24T11:13:40.084822+0600 DEBUG START Animal ID animal_id: b'435400040001'
2023-04-24T11:13:40.086455+0600 DEBUG START Null id null_id : b'435400040001'
2023-04-24T11:13:40.129258+0600 DEBUG Raw ID animal_id: b'43540028004501c38d13091e0102011b0101e2806894000040103003d496e2806894200040103003d496d2c8'
2023-04-24T11:13:40.131272+0600 DEBUG New ID animal_id_new: 40103003d496
2023-04-24T11:13:40.132994+0600 DEBUG Null id null_id : b'435400040001'
2023-04-24T11:13:40.135174+0600 DEBUG Success step 2 RFID. animal id new: 40103003d496
2023-04-24T11:13:40.137686+0600 INFO Animal_ID: 40103003d496
2023-04-24T11:13:41.084619+0600 INFO Distance: 138.0
2023-04-24T11:13:41.088602+0600 INFO ARDUINOSerial<id=0x75a94f28, open=True>(port='/dev/ttyACM0', baudrate=9600, bytesize=8, parity='N', stopbits=1, timeout=1, xonxoff=False, rtscts=False, dsrdtr=False)
2023-04-24T11:13:44.260586+0600 DEBUG Array weights: [89.67]
2023-04-24T11:13:45.448892+0600 DEBUG Array weights: [89.67, 88.85]
2023-04-24T11:13:46.639866+0600 DEBUG Array weights: [89.67, 88.85, 91.56]
2023-04-24T11:13:47.832982+0600 DEBUG Array weights: [89.67, 88.85, 91.56, 87.81]
2023-04-24T11:13:49.025186+0600 DEBUG Array weights: [89.67, 88.85, 91.56, 87.81, 91.19]
2023-04-24T11:13:50.212907+0600 DEBUG Array weights: [89.67, 88.85, 91.56, 87.81, 91.19, 91.56]
2023-04-24T11:13:51.403751+0600 DEBUG Array weights: [89.67, 88.85, 91.56, 87.81, 91.19, 91.56, 90.11]
2023-04-24T11:13:52.595662+0600 DEBUG Array weights: [89.67, 88.85, 91.56, 87.81, 91.19, 91.56, 90.11, 91.7]
2023-04-24T11:13:53.788574+0600 DEBUG Array weights: [89.67, 88.85, 91.56, 87.81, 91.19, 91.56, 90.11, 91.7, 90.11]
2023-04-24T11:13:54.976307+0600 DEBUG Array weights: [89.67, 88.85, 91.56, 87.81, 91.19, 91.56, 90.11, 91.7, 90.11, 90.81]
2023-04-24T11:13:56.167940+0600 DEBUG Array weights: [89.67, 88.85, 91.56, 87.81, 91.19, 91.56, 90.11, 91.7, 90.11, 90.81, 89.3]
2023-04-24T11:13:57.360002+0600 DEBUG Array weights: [89.67, 88.85, 91.56, 87.81, 91.19, 91.56, 90.11, 91.7, 90.11, 90.81, 89.3, 90.41]
2023-04-24T11:13:58.548217+0600 DEBUG Array weights: [89.67, 88.85, 91.56, 87.81, 91.19, 91.56, 90.11, 91.7, 90.11, 90.81, 89.3, 90.41, 89.3]
2023-04-24T11:13:59.739490+0600 DEBUG Array weights: [89.67, 88.85, 91.56, 87.81, 91.19, 91.56, 90.11, 91.7, 90.11, 90.81, 89.3, 90.41, 89.3, 89.96]
2023-04-24T11:14:00.931332+0600 DEBUG Array weights: [89.67, 88.85, 91.56, 87.81, 91.19, 91.56, 90.11, 91.7, 90.11, 90.81, 89.3, 90.41, 89.3, 89.96, 102.89]
2023-04-24T11:14:01.644488+0600 INFO Start weight: 90.11
2023-04-24T11:14:01.645871+0600 INFO Start time: 12670.529183991
2023-04-24T11:14:01.647057+0600 INFO main: weight_finall
2023-04-24T11:14:01.648123+0600 DEBUG START RFID FUNCTION
2023-04-24T11:14:01.649043+0600 DEBUG START Animal ID animal_id: b'435400040001'
2023-04-24T11:14:01.649956+0600 DEBUG START Null id null_id : b'435400040001'
2023-04-24T11:14:01.678793+0600 DEBUG Raw ID animal_id: b'43540028004501c38d13091e0102011b0101e2806894000040103003d496e2806894200040103003d496d2c8'
2023-04-24T11:14:01.680614+0600 DEBUG New ID animal_id_new: 40103003d496
2023-04-24T11:14:01.682918+0600 DEBUG Null id null_id : b'435400040001'
2023-04-24T11:14:01.684199+0600 DEBUG Success step 2 RFID. animal id new: 40103003d496
2023-04-24T11:14:01.685469+0600 INFO Animal_ID: 40103003d496
2023-04-24T11:14:02.171516+0600 INFO Distance: 13.0
2023-04-24T11:14:02.173893+0600 INFO ARDUINOSerial<id=0x75a94be0, open=True>(port='/dev/ttyACM0', baudrate=9600, bytesize=8, parity='N', stopbits=1, timeout=1, xonxoff=False, rtscts=False, dsrdtr=False)
2023-04-24T11:14:03.193009+0600 ERROR Error, null weight list
2023-04-24T11:14:03.195185+0600 INFO Start weight: 0
2023-04-24T11:14:03.197469+0600 INFO Start time: 12672.080736339
2023-04-24T11:14:03.199615+0600 INFO main: weight_finall
2023-04-24T11:14:05.182010+0600 INFO Sensor_distance: 14
2023-04-24T11:14:06.189526+0600 INFO Sensor_distance: 
2023-04-24T11:14:07.193539+0600 ERROR Main error: '<' not supported between instances of 'str' and 'int'
