2023-04-24T12:10:29.497596+0600 INFO Connect arduino /dev/ttyACM1
2023-04-24T12:10:29.500367+0600 INFO Configuration of serial, Serial<id=0x75b246b8, open=True>(port='/dev/ttyACM1', baudrate=9600, bytesize=8, parity='N', stopbits=1, timeout=None, xonxoff=False, rtscts=False, dsrdtr=False)
2023-04-24T12:10:29.502028+0600 INFO Success: Arduino connected
2023-04-24T12:10:29.508608+0600 INFO ("[1] to calibrate
" "[2] to start measure
>")
2023-04-24T12:10:37.319516+0600 INFO Animal_ID: 435400040001
2023-04-24T12:10:38.286030+0600 INFO Distance: 138.0
2023-04-24T12:10:38.288177+0600 DEBUG START RFID FUNCTION
2023-04-24T12:10:38.290058+0600 DEBUG START Animal ID animal_id: b'435400040001'
2023-04-24T12:10:38.291615+0600 DEBUG START Null id null_id : b'435400040001'
2023-04-24T12:10:38.391259+0600 DEBUG Raw ID animal_id: b'43540028004501c38d13091e0102011b0101e2000017160900161150a24ee20034120133fd000a17d65fc959'
2023-04-24T12:10:38.396287+0600 DEBUG New ID animal_id_new: fd000a17d65f
2023-04-24T12:10:38.401862+0600 DEBUG Null id null_id : b'435400040001'
2023-04-24T12:10:38.410156+0600 DEBUG Success step 2 RFID. animal id new: fd000a17d65f
2023-04-24T12:10:38.423055+0600 INFO ARDUINOSerial<id=0x75b24d78, open=True>(port='/dev/ttyACM0', baudrate=9600, bytesize=8, parity='N', stopbits=1, timeout=1, xonxoff=False, rtscts=False, dsrdtr=False)
2023-04-24T12:10:41.598316+0600 DEBUG Array weights: [168.56]
2023-04-24T12:10:42.789885+0600 DEBUG Array weights: [168.56, 169.04]
2023-04-24T12:10:43.977276+0600 DEBUG Array weights: [168.56, 169.04, 168.26]
2023-04-24T12:10:45.169182+0600 DEBUG Array weights: [168.56, 169.04, 168.26, 169.96]
2023-04-24T12:10:46.362194+0600 DEBUG Array weights: [168.56, 169.04, 168.26, 169.96, 170.11]
2023-04-24T12:10:47.554353+0600 DEBUG Array weights: [168.56, 169.04, 168.26, 169.96, 170.11, 168.93]
2023-04-24T12:10:48.741418+0600 DEBUG Array weights: [168.56, 169.04, 168.26, 169.96, 170.11, 168.93, 168.37]
2023-04-24T12:10:49.933697+0600 DEBUG Array weights: [168.56, 169.04, 168.26, 169.96, 170.11, 168.93, 168.37, 169.85]
2023-04-24T12:10:51.125786+0600 DEBUG Array weights: [168.56, 169.04, 168.26, 169.96, 170.11, 168.93, 168.37, 169.85, 168.59]
2023-04-24T12:10:52.317658+0600 DEBUG Array weights: [168.56, 169.04, 168.26, 169.96, 170.11, 168.93, 168.37, 169.85, 168.59, 171.04]
2023-04-24T12:10:53.509194+0600 DEBUG Array weights: [168.56, 169.04, 168.26, 169.96, 170.11, 168.93, 168.37, 169.85, 168.59, 171.04, 171.04]
2023-04-24T12:10:54.697391+0600 DEBUG Array weights: [168.56, 169.04, 168.26, 169.96, 170.11, 168.93, 168.37, 169.85, 168.59, 171.04, 171.04, 171.89]
2023-04-24T12:10:55.888355+0600 DEBUG Array weights: [168.56, 169.04, 168.26, 169.96, 170.11, 168.93, 168.37, 169.85, 168.59, 171.04, 171.04, 171.89, 171.0]
2023-04-24T12:10:57.081387+0600 DEBUG Array weights: [168.56, 169.04, 168.26, 169.96, 170.11, 168.93, 168.37, 169.85, 168.59, 171.04, 171.04, 171.89, 171.0, 169.44]
2023-04-24T12:10:58.272653+0600 DEBUG Array weights: [168.56, 169.04, 168.26, 169.96, 170.11, 168.93, 168.37, 169.85, 168.59, 171.04, 171.04, 171.89, 171.0, 169.44, 169.89]
2023-04-24T12:10:59.464422+0600 DEBUG Array weights: [168.56, 169.04, 168.26, 169.96, 170.11, 168.93, 168.37, 169.85, 168.59, 171.04, 171.04, 171.89, 171.0, 169.44, 169.89, 172.85]
2023-04-24T12:11:00.652739+0600 DEBUG Array weights: [168.56, 169.04, 168.26, 169.96, 170.11, 168.93, 168.37, 169.85, 168.59, 171.04, 171.04, 171.89, 171.0, 169.44, 169.89, 172.85, 130.7]
2023-04-24T12:11:00.894546+0600 INFO Start weight: 169.85
2023-04-24T12:11:00.898525+0600 INFO Start time: 16089.781791784
2023-04-24T12:11:00.900088+0600 INFO Animal_ID: 435400040001
2023-04-24T12:11:01.381628+0600 INFO Distance: 18.0
2023-04-24T12:11:01.382971+0600 DEBUG START RFID FUNCTION
2023-04-24T12:11:01.384042+0600 DEBUG START Animal ID animal_id: b'435400040001'
2023-04-24T12:11:01.385042+0600 DEBUG START Null id null_id : b'435400040001'
2023-04-24T12:11:01.437482+0600 DEBUG Raw ID animal_id: b'43540028004501c38d13091e0102011b0101e2806894000040103003d496e2806894200040103003d496d8c2'
2023-04-24T12:11:01.439077+0600 DEBUG New ID animal_id_new: 40103003d496
2023-04-24T12:11:01.440385+0600 DEBUG Null id null_id : b'435400040001'
2023-04-24T12:11:01.442265+0600 DEBUG Success step 2 RFID. animal id new: 40103003d496
2023-04-24T12:11:01.445441+0600 INFO ARDUINOSerial<id=0x75b24c88, open=True>(port='/dev/ttyACM0', baudrate=9600, bytesize=8, parity='N', stopbits=1, timeout=1, xonxoff=False, rtscts=False, dsrdtr=False)
2023-04-24T12:11:02.561071+0600 ERROR Error, null weight list
2023-04-24T12:11:02.562603+0600 INFO Start weight: 0
2023-04-24T12:11:02.563990+0600 INFO Start time: 16091.447291202
2023-04-24T12:11:02.565426+0600 INFO End_time: 16091.448740402
2023-04-24T12:11:02.681561+0600 ERROR Error, null weight list
2023-04-24T12:11:02.685925+0600 INFO End_weight: 0
2023-04-24T12:11:04.391991+0600 INFO Sensor_distance: 19
2023-04-24T12:11:04.394027+0600 INFO End_time: 16093.277309471
2023-04-24T12:11:04.466145+0600 ERROR Error, null weight list
2023-04-24T12:11:04.468080+0600 INFO End_weight: 0
2023-04-24T12:11:06.399870+0600 INFO Sensor_distance: 20
2023-04-24T12:11:06.401883+0600 INFO End_time: 16095.285169544
2023-04-24T12:11:06.494310+0600 ERROR Error, null weight list
2023-04-24T12:11:06.500025+0600 INFO End_weight: 0
2023-04-24T12:11:08.410344+0600 INFO Sensor_distance: 20
2023-04-24T12:11:08.412382+0600 INFO End_time: 16097.295668864
2023-04-24T12:11:09.708429+0600 DEBUG Array weights: [164.41]
2023-04-24T12:11:10.900191+0600 DEBUG Array weights: [164.41, 168.04]
2023-04-24T12:11:12.092143+0600 DEBUG Array weights: [164.41, 168.04, 167.41]
2023-04-24T12:11:13.280015+0600 DEBUG Array weights: [164.41, 168.04, 167.41, 167.07]
2023-04-24T12:11:14.472183+0600 DEBUG Array weights: [164.41, 168.04, 167.41, 167.07, 167.81]
2023-04-24T12:11:15.664593+0600 DEBUG Array weights: [164.41, 168.04, 167.41, 167.07, 167.81, 168.22]
2023-04-24T12:11:16.856413+0600 DEBUG Array weights: [164.41, 168.04, 167.41, 167.07, 167.81, 168.22, 128.48]
2023-04-24T12:11:18.048753+0600 DEBUG Array weights: [164.41, 168.04, 167.41, 167.07, 167.81, 168.22, 128.48, 109.96]
2023-04-24T12:11:19.240614+0600 DEBUG Array weights: [164.41, 168.04, 167.41, 167.07, 167.81, 168.22, 128.48, 109.96, 202.19]
2023-04-24T12:11:19.834229+0600 INFO End_weight: 167.41
2023-04-24T12:11:21.464144+0600 INFO Sensor_distance: 155
2023-04-24T12:11:21.466511+0600 INFO Feed_time: 5.84837766200144
2023-04-24T12:11:21.468523+0600 INFO Feed_time_rounded: 5.85
2023-04-24T12:11:21.470252+0600 INFO Final_weight: -167.41
2023-04-24T12:11:21.471958+0600 INFO Final_weight: -167.41
2023-04-24T12:11:21.473576+0600 INFO main: Send data to server
2023-04-24T12:11:21.475173+0600 DEBUG Post data function start
2023-04-24T12:11:22.304515+0600 DEBUG Answer from server: <Response [200]>
2023-04-24T12:11:22.308757+0600 DEBUG Content from main server: b'2209'
2023-04-24T12:11:22.310622+0600 DEBUG START SEND DATA TO SERVER:
2023-04-24T12:11:22.695926+0600 DEBUG Answer from server: <Response [200]>
2023-04-24T12:11:22.697402+0600 DEBUG Content from main server: b'147930'
2023-04-24T12:11:22.698473+0600 ERROR 4 step send data
2023-04-24T12:11:22.701208+0600 INFO Animal_ID: 435400040001
2023-04-24T12:11:23.471264+0600 INFO Distance: 138.0
2023-04-24T12:11:23.472865+0600 DEBUG START RFID FUNCTION
2023-04-24T12:11:23.474125+0600 DEBUG START Animal ID animal_id: b'435400040001'
2023-04-24T12:11:23.475399+0600 DEBUG START Null id null_id : b'435400040001'
2023-04-24T12:11:23.536031+0600 DEBUG Raw ID animal_id: b'43540028004501c38d13091e0102011b0101e2806894000040103003d496e2806894200040103003d496d8c2'
2023-04-24T12:11:23.538115+0600 DEBUG New ID animal_id_new: 40103003d496
2023-04-24T12:11:23.539751+0600 DEBUG Null id null_id : b'435400040001'
2023-04-24T12:11:23.541877+0600 DEBUG Success step 2 RFID. animal id new: 40103003d496
2023-04-24T12:11:23.549296+0600 INFO ARDUINOSerial<id=0x75b24d90, open=True>(port='/dev/ttyACM0', baudrate=9600, bytesize=8, parity='N', stopbits=1, timeout=1, xonxoff=False, rtscts=False, dsrdtr=False)
2023-04-24T12:11:26.752757+0600 DEBUG Array weights: [171.04]
2023-04-24T12:11:27.944159+0600 DEBUG Array weights: [171.04, 169.07]
2023-04-24T12:11:29.136275+0600 DEBUG Array weights: [171.04, 169.07, 170.78]
2023-04-24T12:11:30.327960+0600 DEBUG Array weights: [171.04, 169.07, 170.78, 169.04]
2023-04-24T12:11:31.519710+0600 DEBUG Array weights: [171.04, 169.07, 170.78, 169.04, 170.56]
2023-04-24T12:11:32.707436+0600 DEBUG Array weights: [171.04, 169.07, 170.78, 169.04, 170.56, 170.93]
2023-04-24T12:11:33.899516+0600 DEBUG Array weights: [171.04, 169.07, 170.78, 169.04, 170.56, 170.93, 169.19]
2023-04-24T12:11:35.091311+0600 DEBUG Array weights: [171.04, 169.07, 170.78, 169.04, 170.56, 170.93, 169.19, 170.96]
2023-04-24T12:11:36.284201+0600 DEBUG Array weights: [171.04, 169.07, 170.78, 169.04, 170.56, 170.93, 169.19, 170.96, 171.44]
2023-04-24T12:11:37.472012+0600 DEBUG Array weights: [171.04, 169.07, 170.78, 169.04, 170.56, 170.93, 169.19, 170.96, 171.44, 170.81]
2023-04-24T12:11:38.663211+0600 DEBUG Array weights: [171.04, 169.07, 170.78, 169.04, 170.56, 170.93, 169.19, 170.96, 171.44, 170.81, 169.7]
2023-04-24T12:11:39.855203+0600 DEBUG Array weights: [171.04, 169.07, 170.78, 169.04, 170.56, 170.93, 169.19, 170.96, 171.44, 170.81, 169.7, 171.37]
2023-04-24T12:11:41.047036+0600 DEBUG Array weights: [171.04, 169.07, 170.78, 169.04, 170.56, 170.93, 169.19, 170.96, 171.44, 170.81, 169.7, 171.37, 171.89]
