2023-04-18T16:43:11.682222+0600 INFO Connect arduino /dev/ttyACM0
2023-04-18T16:43:11.684366+0600 INFO Configuration of serial, Serial<id=0x75d6d220, open=True>(port='/dev/ttyACM0', baudrate=9600, bytesize=8, parity='N', stopbits=1, timeout=None, xonxoff=False, rtscts=False, dsrdtr=False)
2023-04-18T16:43:11.685440+0600 INFO Success: Arduino connected
2023-04-18T16:43:11.690102+0600 INFO ("[1] to calibrate
" "[2] to start measure
>")
2023-04-18T16:43:18.712914+0600 DEBUG START RFID FUNCTION
2023-04-18T16:43:18.714352+0600 DEBUG START Animal ID animal_id: b'435400040001'
2023-04-18T16:43:18.715356+0600 DEBUG START Null id null_id : b'435400040001'
2023-04-18T16:43:19.188252+0600 DEBUG Raw ID animal_id: b'43540028004501c38d13091e0102011b0101e20000174007010117406415e2003412013dfc000ad7a65ebe39'
2023-04-18T16:43:19.189811+0600 DEBUG New ID animal_id_new: fc000ad7a65e
2023-04-18T16:43:19.190984+0600 DEBUG Null id null_id : b'435400040001'
2023-04-18T16:43:19.192281+0600 DEBUG Success step 2 RFID. animal id new: fc000ad7a65e
2023-04-18T16:43:19.466611+0600 DEBUG START RFID FUNCTION
2023-04-18T16:43:19.467894+0600 DEBUG START Animal ID animal_id: b'435400040001'
2023-04-18T16:43:19.469063+0600 DEBUG START Null id null_id : b'435400040001'
2023-04-18T16:43:22.338137+0600 DEBUG Raw ID animal_id: b'43540028004501c38d13091e0102011b0101e20000174007010117406415e2003412013dfc000ad7a65ec532'
2023-04-18T16:43:22.340133+0600 DEBUG New ID animal_id_new: fc000ad7a65e
2023-04-18T16:43:22.341641+0600 DEBUG Null id null_id : b'435400040001'
2023-04-18T16:43:22.343584+0600 DEBUG Success step 2 RFID. animal id new: fc000ad7a65e
2023-04-18T16:43:22.480902+0600 DEBUG START RFID FUNCTION
2023-04-18T16:43:22.482136+0600 DEBUG START Animal ID animal_id: b'435400040001'
2023-04-18T16:43:22.483118+0600 DEBUG START Null id null_id : b'435400040001'
2023-04-18T16:43:22.538103+0600 DEBUG Raw ID animal_id: b'43540028004501c38d13091e0102011b0101e20000174007010117406415e2003412013dfc000ad7a65ec532'
2023-04-18T16:43:22.539559+0600 DEBUG New ID animal_id_new: fc000ad7a65e
2023-04-18T16:43:22.541025+0600 DEBUG Null id null_id : b'435400040001'
2023-04-18T16:43:22.542945+0600 DEBUG Success step 2 RFID. animal id new: fc000ad7a65e
2023-04-18T16:43:24.495276+0600 ERROR Error, null weight list
2023-04-18T16:43:24.497308+0600 INFO main: weight_finall
2023-04-18T16:43:24.499262+0600 DEBUG START RFID FUNCTION
2023-04-18T16:43:24.500854+0600 DEBUG START Animal ID animal_id: b'435400040001'
2023-04-18T16:43:24.502307+0600 DEBUG START Null id null_id : b'435400040001'
2023-04-18T16:43:24.538934+0600 DEBUG Raw ID animal_id: b'43540028004501c38d13091e0102011b0101e20000174007010117406415e2003412013dfc000ad7a65ecb2c'
2023-04-18T16:43:24.540704+0600 DEBUG New ID animal_id_new: fc000ad7a65e
2023-04-18T16:43:24.542085+0600 DEBUG Null id null_id : b'435400040001'
2023-04-18T16:43:24.543819+0600 DEBUG Success step 2 RFID. animal id new: fc000ad7a65e
2023-04-18T16:43:26.502972+0600 ERROR Error, null weight list
2023-04-18T16:43:26.504821+0600 INFO main: weight_finall
2023-04-18T16:43:26.506725+0600 DEBUG START RFID FUNCTION
2023-04-18T16:43:26.508304+0600 DEBUG START Animal ID animal_id: b'435400040001'
2023-04-18T16:43:26.509791+0600 DEBUG START Null id null_id : b'435400040001'
2023-04-18T16:43:26.539518+0600 DEBUG Raw ID animal_id: b'43540028004501c38d13091e0102011b0101e20000174007010117406415e2003412013dfc000ad7a65ecb2c'
2023-04-18T16:43:26.541345+0600 DEBUG New ID animal_id_new: fc000ad7a65e
2023-04-18T16:43:26.542768+0600 DEBUG Null id null_id : b'435400040001'
2023-04-18T16:43:26.544498+0600 DEBUG Success step 2 RFID. animal id new: fc000ad7a65e
2023-04-18T16:43:28.511434+0600 ERROR Error, null weight list
2023-04-18T16:43:28.513473+0600 INFO main: weight_finall
2023-04-18T16:43:28.515390+0600 DEBUG START RFID FUNCTION
2023-04-18T16:43:28.516969+0600 DEBUG START Animal ID animal_id: b'435400040001'
2023-04-18T16:43:28.518440+0600 DEBUG START Null id null_id : b'435400040001'
2023-04-18T16:43:28.539964+0600 DEBUG Raw ID animal_id: b'43540028004501c38d13091e0102011b0101e20000174007010117406415e2003412013dfc000ad7a65ec730'
2023-04-18T16:43:28.542055+0600 DEBUG New ID animal_id_new: fc000ad7a65e
2023-04-18T16:43:28.543769+0600 DEBUG Null id null_id : b'435400040001'
2023-04-18T16:43:28.545566+0600 DEBUG Success step 2 RFID. animal id new: fc000ad7a65e
2023-04-18T16:43:29.512780+0600 DEBUG START RFID FUNCTION
2023-04-18T16:43:29.514903+0600 DEBUG START Animal ID animal_id: b'435400040001'
2023-04-18T16:43:29.516718+0600 DEBUG START Null id null_id : b'435400040001'
2023-04-18T16:43:32.140891+0600 DEBUG Raw ID animal_id: b'43540028004501c38d13091e0102011b0101e20000174007010117406415e2003412013dfc000ad7a65ebd3a'
2023-04-18T16:43:32.142536+0600 DEBUG New ID animal_id_new: fc000ad7a65e
2023-04-18T16:43:32.143939+0600 DEBUG Null id null_id : b'435400040001'
2023-04-18T16:43:32.145371+0600 DEBUG Success step 2 RFID. animal id new: fc000ad7a65e
2023-04-18T16:43:32.528820+0600 DEBUG START RFID FUNCTION
2023-04-18T16:43:32.530059+0600 DEBUG START Animal ID animal_id: b'435400040001'
2023-04-18T16:43:32.530992+0600 DEBUG START Null id null_id : b'435400040001'
2023-04-18T16:43:32.540909+0600 DEBUG Raw ID animal_id: b'43540028004501c38d13091e0102011b0101e20000174007010117406415e2003412013dfc000ad7a65ebf38'
2023-04-18T16:43:32.542278+0600 DEBUG New ID animal_id_new: fc000ad7a65e
2023-04-18T16:43:32.543477+0600 DEBUG Null id null_id : b'435400040001'
2023-04-18T16:43:32.544683+0600 DEBUG Success step 2 RFID. animal id new: fc000ad7a65e
2023-04-18T16:43:33.532305+0600 DEBUG START RFID FUNCTION
2023-04-18T16:43:33.534296+0600 DEBUG START Animal ID animal_id: b'435400040001'
2023-04-18T16:43:33.535888+0600 DEBUG START Null id null_id : b'435400040001'
2023-04-18T16:43:33.541164+0600 DEBUG Raw ID animal_id: b'43540028004501c38d13091e0102011b0101e20000174007010117406415e2003412013dfc000ad7a65ebf38'
2023-04-18T16:43:33.543127+0600 DEBUG New ID animal_id_new: fc000ad7a65e
2023-04-18T16:43:33.544748+0600 DEBUG Null id null_id : b'435400040001'
2023-04-18T16:43:33.546641+0600 DEBUG Success step 2 RFID. animal id new: fc000ad7a65e
2023-04-18T16:43:34.535752+0600 DEBUG START RFID FUNCTION
2023-04-18T16:43:34.537649+0600 DEBUG START Animal ID animal_id: b'435400040001'
2023-04-18T16:43:34.540082+0600 DEBUG START Null id null_id : b'435400040001'
2023-04-18T16:43:34.692821+0600 DEBUG Raw ID animal_id: b'43540028004501c38d13091e0102011b0101e20000174007010117406415e2003412013dfc000ad7a65ebc3b'
2023-04-18T16:43:34.694144+0600 DEBUG New ID animal_id_new: fc000ad7a65e
2023-04-18T16:43:34.695086+0600 DEBUG Null id null_id : b'435400040001'
2023-04-18T16:43:34.696131+0600 DEBUG Success step 2 RFID. animal id new: fc000ad7a65e
2023-04-18T16:43:35.540441+0600 DEBUG START RFID FUNCTION
2023-04-18T16:43:35.542367+0600 DEBUG START Animal ID animal_id: b'435400040001'
2023-04-18T16:43:35.544105+0600 DEBUG START Null id null_id : b'435400040001'
2023-04-18T16:43:37.342381+0600 DEBUG Raw ID animal_id: b'43540028004501c38d13091e0102011b0101e20000174007010117406415e2003412013dfc000ad7a65ec433'
2023-04-18T16:43:37.344447+0600 DEBUG New ID animal_id_new: fc000ad7a65e
2023-04-18T16:43:37.346038+0600 DEBUG Null id null_id : b'435400040001'
2023-04-18T16:43:37.347798+0600 DEBUG Success step 2 RFID. animal id new: fc000ad7a65e
2023-04-18T16:43:38.553651+0600 ERROR Error, null weight list
2023-04-18T16:43:38.555560+0600 INFO main: weight_finall
2023-04-18T16:43:38.557481+0600 DEBUG START RFID FUNCTION
2023-04-18T16:43:38.559031+0600 DEBUG START Animal ID animal_id: b'435400040001'
2023-04-18T16:43:38.560555+0600 DEBUG START Null id null_id : b'435400040001'
2023-04-18T16:43:38.644135+0600 DEBUG Raw ID animal_id: b'43540028004501c38d13091e0102011b0101e20000174007010117406415e2003412013dfc000ad7a65ec334'
2023-04-18T16:43:38.649244+0600 DEBUG New ID animal_id_new: fc000ad7a65e
2023-04-18T16:43:38.652420+0600 DEBUG Null id null_id : b'435400040001'
2023-04-18T16:43:38.656773+0600 DEBUG Success step 2 RFID. animal id new: fc000ad7a65e
2023-04-18T16:43:41.563973+0600 ERROR Error, null weight list
2023-04-18T16:43:41.566064+0600 INFO main: weight_finall
2023-04-18T16:43:41.568246+0600 DEBUG START RFID FUNCTION
2023-04-18T16:43:41.569992+0600 DEBUG START Animal ID animal_id: b'435400040001'
2023-04-18T16:43:41.571616+0600 DEBUG START Null id null_id : b'435400040001'
2023-04-18T16:43:41.644528+0600 DEBUG Raw ID animal_id: b'43540028004501c38d13091e0102011b0101e20000174007010117406415e2003412013dfc000ad7a65ec631'
2023-04-18T16:43:41.648741+0600 DEBUG New ID animal_id_new: fc000ad7a65e
2023-04-18T16:43:41.653511+0600 DEBUG Null id null_id : b'435400040001'
2023-04-18T16:43:41.658819+0600 DEBUG Success step 2 RFID. animal id new: fc000ad7a65e
2023-04-18T16:43:42.571724+0600 DEBUG START RFID FUNCTION
2023-04-18T16:43:42.573761+0600 DEBUG START Animal ID animal_id: b'435400040001'
2023-04-18T16:43:42.575335+0600 DEBUG START Null id null_id : b'435400040001'
2023-04-18T16:43:42.644311+0600 DEBUG Raw ID animal_id: b'43540028004501c38d13091e0102011b0101e20000174007010117406415e2003412013dfc000ad7a65ec730'
2023-04-18T16:43:42.646737+0600 DEBUG New ID animal_id_new: fc000ad7a65e
2023-04-18T16:43:42.648983+0600 DEBUG Null id null_id : b'435400040001'
2023-04-18T16:43:42.651368+0600 DEBUG Success step 2 RFID. animal id new: fc000ad7a65e
2023-04-18T16:43:43.575664+0600 DEBUG START RFID FUNCTION
2023-04-18T16:43:43.577097+0600 DEBUG START Animal ID animal_id: b'435400040001'
2023-04-18T16:43:43.578197+0600 DEBUG START Null id null_id : b'435400040001'
2023-04-18T16:43:43.696244+0600 DEBUG Raw ID animal_id: b'43540028004501c38d13091e0102011b0101e20000174007010117406415e2003412013dfc000ad7a65ec433'
2023-04-18T16:43:43.701093+0600 DEBUG New ID animal_id_new: fc000ad7a65e
2023-04-18T16:43:43.704809+0600 DEBUG Null id null_id : b'435400040001'
2023-04-18T16:43:43.708136+0600 DEBUG Success step 2 RFID. animal id new: fc000ad7a65e
2023-04-18T16:43:44.579027+0600 DEBUG START RFID FUNCTION
2023-04-18T16:43:44.580554+0600 DEBUG START Animal ID animal_id: b'435400040001'
2023-04-18T16:43:44.581780+0600 DEBUG START Null id null_id : b'435400040001'
2023-04-18T16:43:47.515424+0600 DEBUG Raw ID animal_id: b'43540028004501c38d13091e0102011b0101e20000174007010117406415e2003412013dfc000ad7a65ec136'
2023-04-18T16:43:47.517406+0600 DEBUG New ID animal_id_new: fc000ad7a65e
2023-04-18T16:43:47.518948+0600 DEBUG Null id null_id : b'435400040001'
2023-04-18T16:43:47.520646+0600 DEBUG Success step 2 RFID. animal id new: fc000ad7a65e
2023-04-18T16:43:47.564255+0600 DEBUG START RFID FUNCTION
2023-04-18T16:43:47.566118+0600 DEBUG START Animal ID animal_id: b'435400040001'
2023-04-18T16:43:47.567676+0600 DEBUG START Null id null_id : b'435400040001'
2023-04-18T16:43:47.615125+0600 DEBUG Raw ID animal_id: b'43540028004501c38d13091e0102011b0101e20000174007010117406415e2003412013dfc000ad7a65ec631'
2023-04-18T16:43:47.622032+0600 DEBUG New ID animal_id_new: fc000ad7a65e
2023-04-18T16:43:47.627791+0600 DEBUG Null id null_id : b'435400040001'
2023-04-18T16:43:47.633056+0600 DEBUG Success step 2 RFID. animal id new: fc000ad7a65e
2023-04-18T16:43:50.527507+0600 ERROR Error, null weight list
2023-04-18T16:43:50.529474+0600 INFO main: weight_finall
2023-04-18T16:43:50.531438+0600 DEBUG START RFID FUNCTION
2023-04-18T16:43:50.533204+0600 DEBUG START Animal ID animal_id: b'435400040001'
2023-04-18T16:43:50.534786+0600 DEBUG START Null id null_id : b'435400040001'
2023-04-18T16:43:50.570305+0600 DEBUG Raw ID animal_id: b'43540028004501c38d13091e0102011b0101e20000174007010117406415e2003412013dfc000ad7a65ece29'
2023-04-18T16:43:50.572242+0600 DEBUG New ID animal_id_new: fc000ad7a65e
2023-04-18T16:43:50.574017+0600 DEBUG Null id null_id : b'435400040001'
2023-04-18T16:43:50.575809+0600 DEBUG Success step 2 RFID. animal id new: fc000ad7a65e
2023-04-18T16:43:52.531555+0600 ERROR Error, null weight list
2023-04-18T16:43:52.533800+0600 INFO main: weight_finall
2023-04-18T16:43:52.535870+0600 DEBUG START RFID FUNCTION
2023-04-18T16:43:52.537593+0600 DEBUG START Animal ID animal_id: b'435400040001'
2023-04-18T16:43:52.539168+0600 DEBUG START Null id null_id : b'435400040001'
2023-04-18T16:43:52.548987+0600 DEBUG Raw ID animal_id: b'43540028004501c38d13091e0102011b0101e20000174007010117406415e2003412013dfc000ad7a65ece29'
2023-04-18T16:43:52.551177+0600 DEBUG New ID animal_id_new: fc000ad7a65e
2023-04-18T16:43:52.553057+0600 DEBUG Null id null_id : b'435400040001'
2023-04-18T16:43:52.554926+0600 DEBUG Success step 2 RFID. animal id new: fc000ad7a65e
2023-04-18T16:43:54.525157+0600 ERROR Error, null weight list
2023-04-18T16:43:54.527004+0600 INFO main: weight_finall
2023-04-18T16:43:54.528849+0600 DEBUG START RFID FUNCTION
2023-04-18T16:43:54.530410+0600 DEBUG START Animal ID animal_id: b'435400040001'
2023-04-18T16:43:54.531773+0600 DEBUG START Null id null_id : b'435400040001'
2023-04-18T16:43:54.583624+0600 DEBUG Raw ID animal_id: b'43540028004501c38d13091e0102011b0101e20000174007010117406415e2003412013dfc000ad7a65ec92e'
2023-04-18T16:43:54.585621+0600 DEBUG New ID animal_id_new: fc000ad7a65e
2023-04-18T16:43:54.587523+0600 DEBUG Null id null_id : b'435400040001'
2023-04-18T16:43:54.589864+0600 DEBUG Success step 2 RFID. animal id new: fc000ad7a65e
2023-04-18T16:43:56.518162+0600 ERROR Error, null weight list
2023-04-18T16:43:56.519642+0600 INFO main: weight_finall
2023-04-18T16:43:56.521232+0600 DEBUG START RFID FUNCTION
2023-04-18T16:43:56.522579+0600 DEBUG START Animal ID animal_id: b'435400040001'
2023-04-18T16:43:56.524032+0600 DEBUG START Null id null_id : b'435400040001'
2023-04-18T16:43:56.570453+0600 DEBUG Raw ID animal_id: b'43540028004501c38d13091e0102011b0101e20000174007010117406415e2003412013dfc000ad7a65ec532'
2023-04-18T16:43:56.572299+0600 DEBUG New ID animal_id_new: fc000ad7a65e
2023-04-18T16:43:56.574383+0600 DEBUG Null id null_id : b'435400040001'
2023-04-18T16:43:56.576355+0600 DEBUG Success step 2 RFID. animal id new: fc000ad7a65e
2023-04-18T16:43:58.511427+0600 ERROR Error, null weight list
2023-04-18T16:43:58.513071+0600 INFO main: weight_finall
2023-04-18T16:43:58.514735+0600 DEBUG START RFID FUNCTION
2023-04-18T16:43:58.516053+0600 DEBUG START Animal ID animal_id: b'435400040001'
2023-04-18T16:43:58.517251+0600 DEBUG START Null id null_id : b'435400040001'
2023-04-18T16:43:58.563093+0600 DEBUG Raw ID animal_id: b'43540028004501c38d13091e0102011b0101e20000174007010117406415e2003412013dfc000ad7a65ec92e'
2023-04-18T16:43:58.565217+0600 DEBUG New ID animal_id_new: fc000ad7a65e
2023-04-18T16:43:58.567114+0600 DEBUG Null id null_id : b'435400040001'
2023-04-18T16:43:58.569300+0600 DEBUG Success step 2 RFID. animal id new: fc000ad7a65e
2023-04-18T16:44:00.515471+0600 ERROR Error, null weight list
2023-04-18T16:44:00.517235+0600 INFO main: weight_finall
2023-04-18T16:44:00.519057+0600 DEBUG START RFID FUNCTION
2023-04-18T16:44:00.520635+0600 DEBUG START Animal ID animal_id: b'435400040001'
2023-04-18T16:44:00.522158+0600 DEBUG START Null id null_id : b'435400040001'
2023-04-18T16:44:00.552387+0600 DEBUG Raw ID animal_id: b'43540028004501c38d13091e0102011b0101e20000174007010117406415e2003412013dfc000ad7a65ec92e'
2023-04-18T16:44:00.554311+0600 DEBUG New ID animal_id_new: fc000ad7a65e
2023-04-18T16:44:00.556782+0600 DEBUG Null id null_id : b'435400040001'
2023-04-18T16:44:00.558662+0600 DEBUG Success step 2 RFID. animal id new: fc000ad7a65e
2023-04-18T16:44:02.514912+0600 ERROR Error, null weight list
2023-04-18T16:44:02.516794+0600 INFO main: weight_finall
2023-04-18T16:44:02.518679+0600 DEBUG START RFID FUNCTION
2023-04-18T16:44:02.520258+0600 DEBUG START Animal ID animal_id: b'435400040001'
2023-04-18T16:44:02.521742+0600 DEBUG START Null id null_id : b'435400040001'
2023-04-18T16:44:02.545968+0600 DEBUG Raw ID animal_id: b'43540028004501c38d13091e0102011b0101e20000174007010117406415e2003412013dfc000ad7a65eca2d'
2023-04-18T16:44:02.547942+0600 DEBUG New ID animal_id_new: fc000ad7a65e
2023-04-18T16:44:02.549470+0600 DEBUG Null id null_id : b'435400040001'
2023-04-18T16:44:02.551166+0600 DEBUG Success step 2 RFID. animal id new: fc000ad7a65e
2023-04-18T16:44:04.516201+0600 ERROR Error, null weight list
2023-04-18T16:44:04.518087+0600 INFO main: weight_finall
2023-04-18T16:44:04.519796+0600 DEBUG START RFID FUNCTION
2023-04-18T16:44:04.521431+0600 DEBUG START Animal ID animal_id: b'435400040001'
2023-04-18T16:44:04.523107+0600 DEBUG START Null id null_id : b'435400040001'
2023-04-18T16:44:04.540883+0600 DEBUG Raw ID animal_id: b'43540028004501c38d13091e0102011b0101e20000174007010117406415e2003412013dfc000ad7a65ec235'
2023-04-18T16:44:04.543074+0600 DEBUG New ID animal_id_new: fc000ad7a65e
2023-04-18T16:44:04.544913+0600 DEBUG Null id null_id : b'435400040001'
2023-04-18T16:44:04.546840+0600 DEBUG Success step 2 RFID. animal id new: fc000ad7a65e
2023-04-18T16:44:05.514835+0600 DEBUG START RFID FUNCTION
2023-04-18T16:44:05.516740+0600 DEBUG START Animal ID animal_id: b'435400040001'
2023-04-18T16:44:05.518824+0600 DEBUG START Null id null_id : b'435400040001'
2023-04-18T16:44:19.170038+0600 DEBUG Raw ID animal_id: b'43540028004501c38d13091e0102011b0101e20000174007010117406415e2003412013dfc000ad7a65ec730'
2023-04-18T16:44:19.171916+0600 DEBUG New ID animal_id_new: fc000ad7a65e
2023-04-18T16:44:19.173608+0600 DEBUG Null id null_id : b'435400040001'
2023-04-18T16:44:19.175329+0600 DEBUG Success step 2 RFID. animal id new: fc000ad7a65e
2023-04-18T16:44:19.554875+0600 DEBUG START RFID FUNCTION
2023-04-18T16:44:19.556103+0600 DEBUG START Animal ID animal_id: b'435400040001'
2023-04-18T16:44:19.557017+0600 DEBUG START Null id null_id : b'435400040001'
2023-04-18T16:44:19.869383+0600 DEBUG Raw ID animal_id: b'43540028004501c38d13091e0102011b0101e20000174007010117406415e2003412013dfc000ad7a65ec532'
2023-04-18T16:44:19.870530+0600 DEBUG New ID animal_id_new: fc000ad7a65e
2023-04-18T16:44:19.871425+0600 DEBUG Null id null_id : b'435400040001'
2023-04-18T16:44:19.872430+0600 DEBUG Success step 2 RFID. animal id new: fc000ad7a65e
2023-04-18T16:44:20.558623+0600 DEBUG START RFID FUNCTION
2023-04-18T16:44:20.560504+0600 DEBUG START Animal ID animal_id: b'435400040001'
2023-04-18T16:44:20.562060+0600 DEBUG START Null id null_id : b'435400040001'
2023-04-18T16:44:21.019602+0600 DEBUG Raw ID animal_id: b'43540028004501c38d13091e0102011b0101e20000174007010117406415e2003412013dfc000ad7a65ec631'
2023-04-18T16:44:21.020847+0600 DEBUG New ID animal_id_new: fc000ad7a65e
2023-04-18T16:44:21.021756+0600 DEBUG Null id null_id : b'435400040001'
2023-04-18T16:44:21.022843+0600 DEBUG Success step 2 RFID. animal id new: fc000ad7a65e
2023-04-18T16:44:22.570866+0600 ERROR Error, null weight list
2023-04-18T16:44:22.572389+0600 INFO main: weight_finall
2023-04-18T16:44:22.574086+0600 DEBUG START RFID FUNCTION
2023-04-18T16:44:22.575358+0600 DEBUG START Animal ID animal_id: b'435400040001'
2023-04-18T16:44:22.576536+0600 DEBUG START Null id null_id : b'435400040001'
2023-04-18T16:44:22.668292+0600 DEBUG Raw ID animal_id: b'43540028004501c38d13091e0102011b0101e20000174007010117406415e2003412013dfc000ad7a65ec631'
2023-04-18T16:44:22.673112+0600 DEBUG New ID animal_id_new: fc000ad7a65e
2023-04-18T16:44:22.677120+0600 DEBUG Null id null_id : b'435400040001'
2023-04-18T16:44:22.682026+0600 DEBUG Success step 2 RFID. animal id new: fc000ad7a65e
2023-04-18T16:44:24.574462+0600 ERROR Error, null weight list
2023-04-18T16:44:24.576355+0600 INFO main: weight_finall
2023-04-18T16:44:24.578340+0600 DEBUG START RFID FUNCTION
2023-04-18T16:44:24.579908+0600 DEBUG START Animal ID animal_id: b'435400040001'
2023-04-18T16:44:24.581380+0600 DEBUG START Null id null_id : b'435400040001'
2023-04-18T16:44:25.016787+0600 DEBUG Raw ID animal_id: b'43540028004501c38d13091e0102011b0101e20000174007010117406415e2003412013dfc000ad7a65ec433'
2023-04-18T16:44:25.017996+0600 DEBUG New ID animal_id_new: fc000ad7a65e
2023-04-18T16:44:25.018913+0600 DEBUG Null id null_id : b'435400040001'
2023-04-18T16:44:25.019926+0600 DEBUG Success step 2 RFID. animal id new: fc000ad7a65e
2023-04-18T16:44:25.576388+0600 DEBUG START RFID FUNCTION
2023-04-18T16:44:25.578277+0600 DEBUG START Animal ID animal_id: b'435400040001'
2023-04-18T16:44:25.579834+0600 DEBUG START Null id null_id : b'435400040001'
2023-04-18T16:44:38.857410+0600 DEBUG Raw ID animal_id: b'43540028004501c38d13091e0102011b0101e2806894000040103003d496e2806894200040103003d496c1d9'
2023-04-18T16:44:38.859461+0600 DEBUG New ID animal_id_new: 40103003d496
2023-04-18T16:44:38.861214+0600 DEBUG Null id null_id : b'435400040001'
2023-04-18T16:44:38.863124+0600 DEBUG Success step 2 RFID. animal id new: 40103003d496
2023-04-18T16:44:39.626985+0600 DEBUG START RFID FUNCTION
2023-04-18T16:44:39.628207+0600 DEBUG START Animal ID animal_id: b'435400040001'
2023-04-18T16:44:39.629115+0600 DEBUG START Null id null_id : b'435400040001'
2023-04-18T16:44:39.758016+0600 DEBUG Raw ID animal_id: b'43540028004501c38d13091e0102011b0101e2806894000040103003d496e2806894200040103003d496c1d9'
2023-04-18T16:44:39.762103+0600 DEBUG New ID animal_id_new: 40103003d496
2023-04-18T16:44:39.764623+0600 DEBUG Null id null_id : b'435400040001'
2023-04-18T16:44:39.767428+0600 DEBUG Success step 2 RFID. animal id new: 40103003d496
2023-04-18T16:44:40.633289+0600 DEBUG START RFID FUNCTION
2023-04-18T16:44:40.634986+0600 DEBUG START Animal ID animal_id: b'435400040001'
2023-04-18T16:44:40.636348+0600 DEBUG START Null id null_id : b'435400040001'
2023-04-18T16:44:40.656206+0600 DEBUG Raw ID animal_id: b'43540028004501c38d13091e0102011b0101e2806894000040103003d496e2806894200040103003d496c8d2'
2023-04-18T16:44:40.658065+0600 DEBUG New ID animal_id_new: 40103003d496
2023-04-18T16:44:40.659355+0600 DEBUG Null id null_id : b'435400040001'
2023-04-18T16:44:40.660808+0600 DEBUG Success step 2 RFID. animal id new: 40103003d496
2023-04-18T16:44:41.637051+0600 DEBUG START RFID FUNCTION
2023-04-18T16:44:41.638936+0600 DEBUG START Animal ID animal_id: b'435400040001'
2023-04-18T16:44:41.640416+0600 DEBUG START Null id null_id : b'435400040001'
2023-04-18T16:44:41.656149+0600 DEBUG Raw ID animal_id: b'43540028004501c38d13091e0102011b0101e2806894000040103003d496e2806894200040103003d496ccce'
2023-04-18T16:44:41.658067+0600 DEBUG New ID animal_id_new: 40103003d496
2023-04-18T16:44:41.659695+0600 DEBUG Null id null_id : b'435400040001'
2023-04-18T16:44:41.661471+0600 DEBUG Success step 2 RFID. animal id new: 40103003d496
2023-04-18T16:44:43.648564+0600 ERROR Error, null weight list
2023-04-18T16:44:43.650421+0600 INFO main: weight_finall
2023-04-18T16:44:43.652277+0600 DEBUG START RFID FUNCTION
2023-04-18T16:44:43.653993+0600 DEBUG START Animal ID animal_id: b'435400040001'
2023-04-18T16:44:43.655488+0600 DEBUG START Null id null_id : b'435400040001'
2023-04-18T16:44:43.755516+0600 DEBUG Raw ID animal_id: b'43540028004501c38d13091e0102011b0101e2806894000040103003d496e2806894200040103003d496cdcd'
2023-04-18T16:44:43.760255+0600 DEBUG New ID animal_id_new: 40103003d496
2023-04-18T16:44:43.764689+0600 DEBUG Null id null_id : b'435400040001'
2023-04-18T16:44:43.769571+0600 DEBUG Success step 2 RFID. animal id new: 40103003d496
2023-04-18T16:44:44.646366+0600 DEBUG START RFID FUNCTION
2023-04-18T16:44:44.648297+0600 DEBUG START Animal ID animal_id: b'435400040001'
2023-04-18T16:44:44.649863+0600 DEBUG START Null id null_id : b'435400040001'
2023-04-18T16:44:44.653802+0600 DEBUG Raw ID animal_id: b'43540028004501c38d13091e0102011b0101e2806894000040103003d496e2806894200040103003d496cecc'
2023-04-18T16:44:44.655561+0600 DEBUG New ID animal_id_new: 40103003d496
2023-04-18T16:44:44.656994+0600 DEBUG Null id null_id : b'435400040001'
2023-04-18T16:44:44.658709+0600 DEBUG Success step 2 RFID. animal id new: 40103003d496
2023-04-18T16:44:45.649038+0600 DEBUG START RFID FUNCTION
2023-04-18T16:44:45.650926+0600 DEBUG START Animal ID animal_id: b'435400040001'
2023-04-18T16:44:45.652486+0600 DEBUG START Null id null_id : b'435400040001'
2023-04-18T16:44:46.004212+0600 DEBUG Raw ID animal_id: b'43540028004501c38d13091e0102011b0101e2806894000040103003d496e2806894200040103003d496c8d2'
2023-04-18T16:44:46.005361+0600 DEBUG New ID animal_id_new: 40103003d496
2023-04-18T16:44:46.006205+0600 DEBUG Null id null_id : b'435400040001'
2023-04-18T16:44:46.007214+0600 DEBUG Success step 2 RFID. animal id new: 40103003d496
2023-04-18T16:44:46.655231+0600 DEBUG START RFID FUNCTION
2023-04-18T16:44:46.657215+0600 DEBUG START Animal ID animal_id: b'435400040001'
2023-04-18T16:44:46.658816+0600 DEBUG START Null id null_id : b'435400040001'
2023-04-18T16:44:49.650855+0600 DEBUG Raw ID animal_id: b'43540028004501c38d13091e0102011b0101e2806894000040103003d496e2806894200040103003d496bfdb'
2023-04-18T16:44:49.652519+0600 DEBUG New ID animal_id_new: 40103003d496
2023-04-18T16:44:49.653776+0600 DEBUG Null id null_id : b'435400040001'
2023-04-18T16:44:49.655129+0600 DEBUG Success step 2 RFID. animal id new: 40103003d496
2023-04-18T16:44:49.665558+0600 DEBUG START RFID FUNCTION
2023-04-18T16:44:49.667132+0600 DEBUG START Animal ID animal_id: b'435400040001'
2023-04-18T16:44:49.668626+0600 DEBUG START Null id null_id : b'435400040001'
2023-04-18T16:44:49.752542+0600 DEBUG Raw ID animal_id: b'43540028004501c38d13091e0102011b0101e2806894000040103003d496e2806894200040103003d496c0da'
2023-04-18T16:44:49.758535+0600 DEBUG New ID animal_id_new: 40103003d496
2023-04-18T16:44:49.765977+0600 DEBUG Null id null_id : b'435400040001'
2023-04-18T16:44:49.773625+0600 DEBUG Success step 2 RFID. animal id new: 40103003d496
2023-04-18T16:44:50.668179+0600 DEBUG START RFID FUNCTION
2023-04-18T16:44:50.670171+0600 DEBUG START Animal ID animal_id: b'435400040001'
2023-04-18T16:44:50.671914+0600 DEBUG START Null id null_id : b'435400040001'
2023-04-18T16:44:50.752155+0600 DEBUG Raw ID animal_id: b'43540028004501c38d13091e0102011b0101e2806894000040103003d496e2806894200040103003d496c3d7'
2023-04-18T16:44:50.758454+0600 DEBUG New ID animal_id_new: 40103003d496
2023-04-18T16:44:50.764522+0600 DEBUG Null id null_id : b'435400040001'
2023-04-18T16:44:50.772101+0600 DEBUG Success step 2 RFID. animal id new: 40103003d496
2023-04-18T16:44:51.678609+0600 DEBUG START RFID FUNCTION
2023-04-18T16:44:51.680781+0600 DEBUG START Animal ID animal_id: b'435400040001'
2023-04-18T16:44:51.682620+0600 DEBUG START Null id null_id : b'435400040001'
2023-04-18T16:44:57.791817+0600 DEBUG Raw ID animal_id: b'43540028004501c38d13091e0102011b0101e2806894000040103003d496e2806894200040103003d496cad0'
2023-04-18T16:44:57.793974+0600 DEBUG New ID animal_id_new: 40103003d496
2023-04-18T16:44:57.795602+0600 DEBUG Null id null_id : b'435400040001'
2023-04-18T16:44:57.797773+0600 DEBUG Success step 2 RFID. animal id new: 40103003d496
2023-04-18T16:44:58.749304+0600 DEBUG START RFID FUNCTION
2023-04-18T16:44:58.751316+0600 DEBUG START Animal ID animal_id: b'435400040001'
2023-04-18T16:44:58.753178+0600 DEBUG START Null id null_id : b'435400040001'
2023-04-18T16:44:59.047186+0600 DEBUG Raw ID animal_id: b'43540028004501c38d13091e0102011b0101e2806894000040103003d496e2806894200040103003d496c8d2'
2023-04-18T16:44:59.048783+0600 DEBUG New ID animal_id_new: 40103003d496
2023-04-18T16:44:59.050076+0600 DEBUG Null id null_id : b'435400040001'
2023-04-18T16:44:59.051623+0600 DEBUG Success step 2 RFID. animal id new: 40103003d496
2023-04-18T16:45:01.759412+0600 ERROR Error, null weight list
2023-04-18T16:45:01.761026+0600 INFO main: weight_finall
2023-04-18T16:45:01.762488+0600 DEBUG START RFID FUNCTION
2023-04-18T16:45:01.764148+0600 DEBUG START Animal ID animal_id: b'435400040001'
2023-04-18T16:45:01.765504+0600 DEBUG START Null id null_id : b'435400040001'
2023-04-18T16:45:01.803813+0600 DEBUG Raw ID animal_id: b'43540028004501c38d13091e0102011b0101e2806894000040103003d496e2806894200040103003d496cad0'
2023-04-18T16:45:01.805404+0600 DEBUG New ID animal_id_new: 40103003d496
2023-04-18T16:45:01.807035+0600 DEBUG Null id null_id : b'435400040001'
2023-04-18T16:45:01.809225+0600 DEBUG Success step 2 RFID. animal id new: 40103003d496
2023-04-18T16:45:03.782595+0600 ERROR Error, null weight list
2023-04-18T16:45:03.784624+0600 INFO main: weight_finall
2023-04-18T16:45:03.786694+0600 DEBUG START RFID FUNCTION
2023-04-18T16:45:03.788399+0600 DEBUG START Animal ID animal_id: b'435400040001'
2023-04-18T16:45:03.790067+0600 DEBUG START Null id null_id : b'435400040001'
2023-04-18T16:45:04.059725+0600 DEBUG Raw ID animal_id: b'43540028004501c38d13091e0102011b0101e2806894000040103003d496e2806894200040103003d496c4d6'
2023-04-18T16:45:04.061052+0600 DEBUG New ID animal_id_new: 40103003d496
2023-04-18T16:45:04.062010+0600 DEBUG Null id null_id : b'435400040001'
2023-04-18T16:45:04.063228+0600 DEBUG Success step 2 RFID. animal id new: 40103003d496
2023-04-18T16:45:04.786656+0600 DEBUG START RFID FUNCTION
2023-04-18T16:45:04.788726+0600 DEBUG START Animal ID animal_id: b'435400040001'
2023-04-18T16:45:04.790433+0600 DEBUG START Null id null_id : b'435400040001'
2023-04-18T16:45:05.061609+0600 DEBUG Raw ID animal_id: b'43540028004501c38d13091e0102011b0101e2806894000040103003d496e2806894200040103003d496c2d8'
2023-04-18T16:45:05.062972+0600 DEBUG New ID animal_id_new: 40103003d496
2023-04-18T16:45:05.063851+0600 DEBUG Null id null_id : b'435400040001'
2023-04-18T16:45:05.064991+0600 DEBUG Success step 2 RFID. animal id new: 40103003d496
2023-04-18T16:45:05.794871+0600 DEBUG START RFID FUNCTION
2023-04-18T16:45:05.796843+0600 DEBUG START Animal ID animal_id: b'435400040001'
2023-04-18T16:45:05.798494+0600 DEBUG START Null id null_id : b'435400040001'
2023-04-18T16:45:06.063209+0600 DEBUG Raw ID animal_id: b'43540028004501c38d13091e0102011b0101e2806894000040103003d496e2806894200040103003d496c3d7'
2023-04-18T16:45:06.064543+0600 DEBUG New ID animal_id_new: 40103003d496
2023-04-18T16:45:06.065430+0600 DEBUG Null id null_id : b'435400040001'
2023-04-18T16:45:06.066509+0600 DEBUG Success step 2 RFID. animal id new: 40103003d496
2023-04-18T16:45:06.800936+0600 DEBUG START RFID FUNCTION
2023-04-18T16:45:06.803016+0600 DEBUG START Animal ID animal_id: b'435400040001'
2023-04-18T16:45:06.804820+0600 DEBUG START Null id null_id : b'435400040001'
2023-04-18T16:45:07.064761+0600 DEBUG Raw ID animal_id: b'43540028004501c38d13091e0102011b0101e2806894000040103003d496e2806894200040103003d496c1d9'
2023-04-18T16:45:07.066121+0600 DEBUG New ID animal_id_new: 40103003d496
2023-04-18T16:45:07.066954+0600 DEBUG Null id null_id : b'435400040001'
2023-04-18T16:45:07.068043+0600 DEBUG Success step 2 RFID. animal id new: 40103003d496
2023-04-18T16:45:07.805398+0600 DEBUG START RFID FUNCTION
2023-04-18T16:45:07.807369+0600 DEBUG START Animal ID animal_id: b'435400040001'
2023-04-18T16:45:07.809070+0600 DEBUG START Null id null_id : b'435400040001'
2023-04-18T16:45:07.814488+0600 DEBUG Raw ID animal_id: b'43540028004501c38d13091e0102011b0101e2806894000040103003d496e2806894200040103003d496c7d3'
2023-04-18T16:45:07.816590+0600 DEBUG New ID animal_id_new: 40103003d496
2023-04-18T16:45:07.818256+0600 DEBUG Null id null_id : b'435400040001'
2023-04-18T16:45:07.820526+0600 DEBUG Success step 2 RFID. animal id new: 40103003d496
2023-04-18T16:45:09.820931+0600 ERROR Error, null weight list
2023-04-18T16:45:09.822984+0600 INFO main: weight_finall
2023-04-18T16:45:09.825167+0600 DEBUG START RFID FUNCTION
2023-04-18T16:45:09.826833+0600 DEBUG START Animal ID animal_id: b'435400040001'
2023-04-18T16:45:09.828492+0600 DEBUG START Null id null_id : b'435400040001'
2023-04-18T16:45:09.918350+0600 DEBUG Raw ID animal_id: b'43540028004501c38d13091e0102011b0101e2806894000040103003d496e2806894200040103003d496c7d3'
2023-04-18T16:45:09.925149+0600 DEBUG New ID animal_id_new: 40103003d496
2023-04-18T16:45:09.930205+0600 DEBUG Null id null_id : b'435400040001'
2023-04-18T16:45:09.938501+0600 DEBUG Success step 2 RFID. animal id new: 40103003d496
2023-04-18T16:45:10.820606+0600 DEBUG START RFID FUNCTION
2023-04-18T16:45:10.822347+0600 DEBUG START Animal ID animal_id: b'435400040001'
2023-04-18T16:45:10.824084+0600 DEBUG START Null id null_id : b'435400040001'
2023-04-18T16:45:10.918960+0600 DEBUG Raw ID animal_id: b'43540028004501c38d13091e0102011b0101e2806894000040103003d496e2806894200040103003d496c9d1'
2023-04-18T16:45:10.923729+0600 DEBUG New ID animal_id_new: 40103003d496
2023-04-18T16:45:10.927744+0600 DEBUG Null id null_id : b'435400040001'
2023-04-18T16:45:10.933231+0600 DEBUG Success step 2 RFID. animal id new: 40103003d496
2023-04-18T16:45:11.828644+0600 DEBUG START RFID FUNCTION
2023-04-18T16:45:11.830565+0600 DEBUG START Animal ID animal_id: b'435400040001'
2023-04-18T16:45:11.832161+0600 DEBUG START Null id null_id : b'435400040001'
2023-04-18T16:45:12.070429+0600 DEBUG Raw ID animal_id: b'43540028004501c38d13091e0102011b0101e2806894000040103003d496e2806894200040103003d496c6d4'
2023-04-18T16:45:12.071813+0600 DEBUG New ID animal_id_new: 40103003d496
2023-04-18T16:45:12.072782+0600 DEBUG Null id null_id : b'435400040001'
2023-04-18T16:45:12.073766+0600 DEBUG Success step 2 RFID. animal id new: 40103003d496
2023-04-18T16:45:12.832619+0600 DEBUG START RFID FUNCTION
2023-04-18T16:45:12.834597+0600 DEBUG START Animal ID animal_id: b'435400040001'
2023-04-18T16:45:12.836200+0600 DEBUG START Null id null_id : b'435400040001'
2023-04-18T16:45:14.521420+0600 DEBUG Raw ID animal_id: b'43540028004501c38d13091e0102011b0101e2806894000040103003d496e2806894200040103003d496bedc'
2023-04-18T16:45:14.523016+0600 DEBUG New ID animal_id_new: 40103003d496
2023-04-18T16:45:14.524241+0600 DEBUG Null id null_id : b'435400040001'
2023-04-18T16:45:14.525425+0600 DEBUG Success step 2 RFID. animal id new: 40103003d496
2023-04-18T16:45:15.848421+0600 ERROR Error, null weight list
2023-04-18T16:45:15.850358+0600 INFO main: weight_finall
2023-04-18T16:45:15.852378+0600 DEBUG START RFID FUNCTION
2023-04-18T16:45:15.854232+0600 DEBUG START Animal ID animal_id: b'435400040001'
2023-04-18T16:45:15.855756+0600 DEBUG START Null id null_id : b'435400040001'
2023-04-18T16:45:15.923191+0600 DEBUG Raw ID animal_id: b'43540028004501c38d13091e0102011b0101e2806894000040103003d496e2806894200040103003d496c7d3'
2023-04-18T16:45:15.926963+0600 DEBUG New ID animal_id_new: 40103003d496
2023-04-18T16:45:15.931197+0600 DEBUG Null id null_id : b'435400040001'
2023-04-18T16:45:15.937553+0600 DEBUG Success step 2 RFID. animal id new: 40103003d496
2023-04-18T16:45:16.851060+0600 DEBUG START RFID FUNCTION
2023-04-18T16:45:16.853079+0600 DEBUG START Animal ID animal_id: b'435400040001'
2023-04-18T16:45:16.854732+0600 DEBUG START Null id null_id : b'435400040001'
2023-04-18T16:45:16.923233+0600 DEBUG Raw ID animal_id: b'43540028004501c38d13091e0102011b0101e2806894000040103003d496e2806894200040103003d496c4d6'
2023-04-18T16:45:16.924857+0600 DEBUG New ID animal_id_new: 40103003d496
2023-04-18T16:45:16.926269+0600 DEBUG Null id null_id : b'435400040001'
2023-04-18T16:45:16.927756+0600 DEBUG Success step 2 RFID. animal id new: 40103003d496
2023-04-18T16:45:17.858511+0600 DEBUG START RFID FUNCTION
2023-04-18T16:45:17.860433+0600 DEBUG START Animal ID animal_id: b'435400040001'
2023-04-18T16:45:17.861871+0600 DEBUG START Null id null_id : b'435400040001'
2023-04-18T16:45:19.524848+0600 DEBUG Raw ID animal_id: b'43540028004501c38d13091e0102011b0101e2806894000040103003d496e2806894200040103003d496c3d7'
2023-04-18T16:45:19.526849+0600 DEBUG New ID animal_id_new: 40103003d496
2023-04-18T16:45:19.528422+0600 DEBUG Null id null_id : b'435400040001'
2023-04-18T16:45:19.530033+0600 DEBUG Success step 2 RFID. animal id new: 40103003d496
2023-04-18T16:45:19.867088+0600 DEBUG START RFID FUNCTION
2023-04-18T16:45:19.868310+0600 DEBUG START Animal ID animal_id: b'435400040001'
2023-04-18T16:45:19.869231+0600 DEBUG START Null id null_id : b'435400040001'
