2023-04-24T11:28:39.400064+0600 INFO Connect arduino /dev/ttyACM1
2023-04-24T11:28:39.402712+0600 INFO Configuration of serial, Serial<id=0x75b825f8, open=True>(port='/dev/ttyACM1', baudrate=9600, bytesize=8, parity='N', stopbits=1, timeout=None, xonxoff=False, rtscts=False, dsrdtr=False)
2023-04-24T11:28:39.404122+0600 INFO Success: Arduino connected
2023-04-24T11:28:39.410174+0600 INFO ("[1] to calibrate
" "[2] to start measure
>")
2023-04-24T11:28:49.418562+0600 INFO Animal_ID: 435400040001
2023-04-24T11:28:50.197569+0600 INFO Distance: 155.0
2023-04-24T11:28:50.198974+0600 DEBUG START RFID FUNCTION
2023-04-24T11:28:50.200180+0600 DEBUG START Animal ID animal_id: b'435400040001'
2023-04-24T11:28:50.201199+0600 DEBUG START Null id null_id : b'435400040001'
2023-04-24T11:28:50.277271+0600 DEBUG Raw ID animal_id: b'43540028004501c38d13091e0102011b0101e2000017160900161150a24ee20034120133fd000a17d65fd151'
2023-04-24T11:28:50.282200+0600 DEBUG New ID animal_id_new: fd000a17d65f
2023-04-24T11:28:50.285488+0600 DEBUG Null id null_id : b'435400040001'
2023-04-24T11:28:50.290828+0600 DEBUG Success step 2 RFID. animal id new: fd000a17d65f
2023-04-24T11:28:50.301766+0600 INFO ARDUINOSerial<id=0x75b82ca0, open=True>(port='/dev/ttyACM0', baudrate=9600, bytesize=8, parity='N', stopbits=1, timeout=1, xonxoff=False, rtscts=False, dsrdtr=False)
2023-04-24T11:28:53.503278+0600 DEBUG Array weights: [70.67]
2023-04-24T11:28:54.697379+0600 DEBUG Array weights: [70.67, 68.44]
2023-04-24T11:28:55.887744+0600 DEBUG Array weights: [70.67, 68.44, 70.93]
2023-04-24T11:28:57.079483+0600 DEBUG Array weights: [70.67, 68.44, 70.93, 71.33]
2023-04-24T11:28:58.268085+0600 DEBUG Array weights: [70.67, 68.44, 70.93, 71.33, 68.19]
2023-04-24T11:28:59.459475+0600 DEBUG Array weights: [70.67, 68.44, 70.93, 71.33, 68.19, 68.15]
2023-04-24T11:29:00.650785+0600 DEBUG Array weights: [70.67, 68.44, 70.93, 71.33, 68.19, 68.15, 66.89]
2023-04-24T11:29:01.843853+0600 DEBUG Array weights: [70.67, 68.44, 70.93, 71.33, 68.19, 68.15, 66.89, 66.74]
2023-04-24T11:29:03.035866+0600 DEBUG Array weights: [70.67, 68.44, 70.93, 71.33, 68.19, 68.15, 66.89, 66.74, 66.44]
2023-04-24T11:29:04.222703+0600 DEBUG Array weights: [70.67, 68.44, 70.93, 71.33, 68.19, 68.15, 66.89, 66.74, 66.44, 69.26]
2023-04-24T11:29:05.414815+0600 DEBUG Array weights: [70.67, 68.44, 70.93, 71.33, 68.19, 68.15, 66.89, 66.74, 66.44, 69.26, 69.3]
2023-04-24T11:29:06.606470+0600 DEBUG Array weights: [70.67, 68.44, 70.93, 71.33, 68.19, 68.15, 66.89, 66.74, 66.44, 69.26, 69.3, 69.59]
2023-04-24T11:29:07.798433+0600 DEBUG Array weights: [70.67, 68.44, 70.93, 71.33, 68.19, 68.15, 66.89, 66.74, 66.44, 69.26, 69.3, 69.59, 68.3]
2023-04-24T11:29:08.986803+0600 DEBUG Array weights: [70.67, 68.44, 70.93, 71.33, 68.19, 68.15, 66.89, 66.74, 66.44, 69.26, 69.3, 69.59, 68.3, 69.07]
2023-04-24T11:29:10.179107+0600 DEBUG Array weights: [70.67, 68.44, 70.93, 71.33, 68.19, 68.15, 66.89, 66.74, 66.44, 69.26, 69.3, 69.59, 68.3, 69.07, 69.19]
2023-04-24T11:29:11.371053+0600 DEBUG Array weights: [70.67, 68.44, 70.93, 71.33, 68.19, 68.15, 66.89, 66.74, 66.44, 69.26, 69.3, 69.59, 68.3, 69.07, 69.19, 69.04]
2023-04-24T11:29:12.563361+0600 DEBUG Array weights: [70.67, 68.44, 70.93, 71.33, 68.19, 68.15, 66.89, 66.74, 66.44, 69.26, 69.3, 69.59, 68.3, 69.07, 69.19, 69.04, 69.78]
2023-04-24T11:29:13.755195+0600 DEBUG Array weights: [70.67, 68.44, 70.93, 71.33, 68.19, 68.15, 66.89, 66.74, 66.44, 69.26, 69.3, 69.59, 68.3, 69.07, 69.19, 69.04, 69.78, 73.04]
2023-04-24T11:29:14.942259+0600 DEBUG Array weights: [70.67, 68.44, 70.93, 71.33, 68.19, 68.15, 66.89, 66.74, 66.44, 69.26, 69.3, 69.59, 68.3, 69.07, 69.19, 69.04, 69.78, 73.04, 69.26]
2023-04-24T11:29:16.134826+0600 DEBUG Array weights: [70.67, 68.44, 70.93, 71.33, 68.19, 68.15, 66.89, 66.74, 66.44, 69.26, 69.3, 69.59, 68.3, 69.07, 69.19, 69.04, 69.78, 73.04, 69.26, 71.63]
2023-04-24T11:29:17.326577+0600 DEBUG Array weights: [70.67, 68.44, 70.93, 71.33, 68.19, 68.15, 66.89, 66.74, 66.44, 69.26, 69.3, 69.59, 68.3, 69.07, 69.19, 69.04, 69.78, 73.04, 69.26, 71.63, 70.07]
2023-04-24T11:29:18.518370+0600 DEBUG Array weights: [70.67, 68.44, 70.93, 71.33, 68.19, 68.15, 66.89, 66.74, 66.44, 69.26, 69.3, 69.59, 68.3, 69.07, 69.19, 69.04, 69.78, 73.04, 69.26, 71.63, 70.07, 67.81]
2023-04-24T11:29:19.111865+0600 INFO Start weight: 69.225
2023-04-24T11:29:19.113204+0600 INFO Start time: 13587.996516529
2023-04-24T11:29:19.115313+0600 INFO main: weight_finall
2023-04-24T11:29:19.116504+0600 INFO Animal_ID: 435400040001
2023-04-24T11:29:19.320122+0600 INFO Distance: 138.0
2023-04-24T11:29:19.321287+0600 DEBUG START RFID FUNCTION
2023-04-24T11:29:19.322184+0600 DEBUG START Animal ID animal_id: b'435400040001'
2023-04-24T11:29:19.323104+0600 DEBUG START Null id null_id : b'435400040001'
2023-04-24T11:29:19.374988+0600 DEBUG Raw ID animal_id: b'43540028004501c38d13091e0102011b0101e2000017160900161150a24ee20034120133fd000a17d65fd151'
2023-04-24T11:29:19.377139+0600 DEBUG New ID animal_id_new: fd000a17d65f
2023-04-24T11:29:19.378985+0600 DEBUG Null id null_id : b'435400040001'
2023-04-24T11:29:19.381272+0600 DEBUG Success step 2 RFID. animal id new: fd000a17d65f
2023-04-24T11:29:19.385203+0600 INFO ARDUINOSerial<id=0x75b82dd8, open=True>(port='/dev/ttyACM0', baudrate=9600, bytesize=8, parity='N', stopbits=1, timeout=1, xonxoff=False, rtscts=False, dsrdtr=False)
2023-04-24T11:29:20.423314+0600 ERROR Error, null weight list
2023-04-24T11:29:20.424635+0600 INFO Start weight: 0
2023-04-24T11:29:20.425772+0600 INFO Start time: 13589.309084376
2023-04-24T11:29:20.426847+0600 INFO main: weight_finall
2023-04-24T11:29:20.427887+0600 INFO Animal_ID: 435400040001
2023-04-24T11:29:21.327032+0600 INFO Distance: 138.0
2023-04-24T11:29:21.328528+0600 DEBUG START RFID FUNCTION
2023-04-24T11:29:21.329777+0600 DEBUG START Animal ID animal_id: b'435400040001'
2023-04-24T11:29:21.330912+0600 DEBUG START Null id null_id : b'435400040001'
2023-04-24T11:29:21.375082+0600 DEBUG Raw ID animal_id: b'43540028004501c38d13091e0102011b0101e2000017160900161150a24ee20034120133fd000a17d65fd151'
2023-04-24T11:29:21.377339+0600 DEBUG New ID animal_id_new: fd000a17d65f
2023-04-24T11:29:21.378950+0600 DEBUG Null id null_id : b'435400040001'
2023-04-24T11:29:21.380876+0600 DEBUG Success step 2 RFID. animal id new: fd000a17d65f
2023-04-24T11:29:21.384083+0600 INFO ARDUINOSerial<id=0x75b82ca0, open=True>(port='/dev/ttyACM0', baudrate=9600, bytesize=8, parity='N', stopbits=1, timeout=1, xonxoff=False, rtscts=False, dsrdtr=False)
2023-04-24T11:29:23.638674+0600 DEBUG Array weights: [59.96]
2023-04-24T11:29:24.830536+0600 DEBUG Array weights: [59.96, 59.37]
2023-04-24T11:29:26.022383+0600 DEBUG Array weights: [59.96, 59.37, 60.37]
2023-04-24T11:29:27.214299+0600 DEBUG Array weights: [59.96, 59.37, 60.37, 61.93]
2023-04-24T11:29:28.406576+0600 DEBUG Array weights: [59.96, 59.37, 60.37, 61.93, 59.81]
2023-04-24T11:29:29.594111+0600 DEBUG Array weights: [59.96, 59.37, 60.37, 61.93, 59.81, 58.7]
2023-04-24T11:29:30.786578+0600 DEBUG Array weights: [59.96, 59.37, 60.37, 61.93, 59.81, 58.7, 58.33]
2023-04-24T11:29:31.977465+0600 DEBUG Array weights: [59.96, 59.37, 60.37, 61.93, 59.81, 58.7, 58.33, 57.96]
2023-04-24T11:29:33.170156+0600 DEBUG Array weights: [59.96, 59.37, 60.37, 61.93, 59.81, 58.7, 58.33, 57.96, 58.0]
2023-04-24T11:29:34.361979+0600 DEBUG Array weights: [59.96, 59.37, 60.37, 61.93, 59.81, 58.7, 58.33, 57.96, 58.0, 57.89]
2023-04-24T11:29:35.549893+0600 DEBUG Array weights: [59.96, 59.37, 60.37, 61.93, 59.81, 58.7, 58.33, 57.96, 58.0, 57.89, 62.19]
2023-04-24T11:29:36.028962+0600 INFO Start weight: 59.37
2023-04-24T11:29:36.030329+0600 INFO Start time: 13604.913644456
2023-04-24T11:29:36.031392+0600 INFO main: weight_finall
2023-04-24T11:29:36.032425+0600 INFO Animal_ID: 435400040001
2023-04-24T11:29:36.388869+0600 INFO Distance: 18.0
2023-04-24T11:29:36.390692+0600 DEBUG START RFID FUNCTION
2023-04-24T11:29:36.392266+0600 DEBUG START Animal ID animal_id: b'435400040001'
2023-04-24T11:29:36.393745+0600 DEBUG START Null id null_id : b'435400040001'
2023-04-24T11:29:36.474703+0600 DEBUG Raw ID animal_id: b'43540028004501c38d13091e0102011b0101e2000017160900161150a24ee20034120133fd000a17d65fd151'
2023-04-24T11:29:36.480277+0600 DEBUG New ID animal_id_new: fd000a17d65f
2023-04-24T11:29:36.484881+0600 DEBUG Null id null_id : b'435400040001'
2023-04-24T11:29:36.490054+0600 DEBUG Success step 2 RFID. animal id new: fd000a17d65f
2023-04-24T11:29:36.498957+0600 INFO ARDUINOSerial<id=0x75b82d18, open=True>(port='/dev/ttyACM0', baudrate=9600, bytesize=8, parity='N', stopbits=1, timeout=1, xonxoff=False, rtscts=False, dsrdtr=False)
2023-04-24T11:29:37.577767+0600 ERROR Error, null weight list
2023-04-24T11:29:37.580001+0600 INFO Start weight: 0
2023-04-24T11:29:37.581891+0600 INFO Start time: 13606.465190728
2023-04-24T11:29:37.583584+0600 INFO main: weight_finall
2023-04-24T11:29:39.402983+0600 INFO Sensor_distance: 17
2023-04-24T11:29:40.406798+0600 INFO Sensor_distance: 7
2023-04-24T11:29:41.411010+0600 INFO Sensor_distance: 7
2023-04-24T11:29:43.417994+0600 INFO Sensor_distance: 20
2023-04-24T11:29:44.425514+0600 INFO Sensor_distance: 21
2023-04-24T11:29:46.432509+0600 INFO Sensor_distance: 19
2023-04-24T11:29:47.435771+0600 INFO Sensor_distance: 35
2023-04-24T11:29:48.444051+0600 INFO Sensor_distance: 
2023-04-24T11:29:49.447868+0600 ERROR Main error: '<' not supported between instances of 'str' and 'int'
