2023-04-19T17:33:26.138653+0600 INFO Connect arduino /dev/ttyACM1
2023-04-19T17:33:26.140975+0600 INFO Configuration of serial, Serial<id=0x75d87268, open=True>(port='/dev/ttyACM1', baudrate=9600, bytesize=8, parity='N', stopbits=1, timeout=None, xonxoff=False, rtscts=False, dsrdtr=False)
2023-04-19T17:33:26.142201+0600 INFO Success: Arduino connected
2023-04-19T17:33:26.148314+0600 INFO ("[1] to calibrate
" "[2] to start measure
>")
2023-04-19T17:33:36.156256+0600 DEBUG START RFID FUNCTION
2023-04-19T17:33:36.159443+0600 DEBUG START Animal ID animal_id: b'435400040001'
2023-04-19T17:33:36.161439+0600 DEBUG START Null id null_id : b'435400040001'
2023-04-19T17:33:41.995763+0600 DEBUG Raw ID animal_id: b'43540028004501c38d13091e0102011b0101e2000017160900161150a24ee20034120133fd000a17d65fc55d'
2023-04-19T17:33:41.997916+0600 DEBUG New ID animal_id_new: fd000a17d65f
2023-04-19T17:33:41.999641+0600 DEBUG Null id null_id : b'435400040001'
2023-04-19T17:33:42.001476+0600 DEBUG Success step 2 RFID. animal id new: fd000a17d65f
2023-04-19T17:33:42.912076+0600 DEBUG START RFID FUNCTION
2023-04-19T17:33:42.913955+0600 DEBUG START Animal ID animal_id: b'435400040001'
2023-04-19T17:33:42.915547+0600 DEBUG START Null id null_id : b'435400040001'
2023-04-19T17:33:42.945879+0600 DEBUG Raw ID animal_id: b'43540028004501c38d13091e0102011b0101e2000017160900161150a24ee20034120133fd000a17d65fc55d'
2023-04-19T17:33:42.947974+0600 DEBUG New ID animal_id_new: fd000a17d65f
2023-04-19T17:33:42.949577+0600 DEBUG Null id null_id : b'435400040001'
2023-04-19T17:33:42.951152+0600 DEBUG Success step 2 RFID. animal id new: fd000a17d65f
2023-04-19T17:33:43.912982+0600 DEBUG START RFID FUNCTION
2023-04-19T17:33:43.915376+0600 DEBUG START Animal ID animal_id: b'435400040001'
2023-04-19T17:33:43.917006+0600 DEBUG START Null id null_id : b'435400040001'
2023-04-19T17:33:46.391136+0600 DEBUG Raw ID animal_id: b'43540028004501c38d13091e0102011b0101e2000017160900161150a24ee20034120133fd000a17d65fc45e'
2023-04-19T17:33:46.393191+0600 DEBUG New ID animal_id_new: fd000a17d65f
2023-04-19T17:33:46.394794+0600 DEBUG Null id null_id : b'435400040001'
2023-04-19T17:33:46.396544+0600 DEBUG Success step 2 RFID. animal id new: fd000a17d65f
2023-04-19T17:33:46.923854+0600 DEBUG START RFID FUNCTION
2023-04-19T17:33:46.925802+0600 DEBUG START Animal ID animal_id: b'435400040001'
2023-04-19T17:33:46.927410+0600 DEBUG START Null id null_id : b'435400040001'
2023-04-19T17:33:46.941586+0600 DEBUG Raw ID animal_id: b'43540028004501c38d13091e0102011b0101e2000017160900161150a24ee20034120133fd000a17d65fc65c'
2023-04-19T17:33:46.943679+0600 DEBUG New ID animal_id_new: fd000a17d65f
2023-04-19T17:33:46.945319+0600 DEBUG Null id null_id : b'435400040001'
2023-04-19T17:33:46.947399+0600 DEBUG Success step 2 RFID. animal id new: fd000a17d65f
2023-04-19T17:33:49.939200+0600 ERROR Error, null weight list
2023-04-19T17:33:49.941190+0600 INFO main: weight_finall
2023-04-19T17:33:49.944101+0600 DEBUG START RFID FUNCTION
2023-04-19T17:33:49.945897+0600 DEBUG START Animal ID animal_id: b'435400040001'
2023-04-19T17:33:49.947425+0600 DEBUG START Null id null_id : b'435400040001'
2023-04-19T17:33:49.988093+0600 DEBUG Raw ID animal_id: b'43540028004501c38d13091e0102011b0101e2000017160900161150a24ee20034120133fd000a17d65fc959'
2023-04-19T17:33:49.990127+0600 DEBUG New ID animal_id_new: fd000a17d65f
2023-04-19T17:33:49.991739+0600 DEBUG Null id null_id : b'435400040001'
2023-04-19T17:33:49.994207+0600 DEBUG Success step 2 RFID. animal id new: fd000a17d65f
2023-04-19T17:33:52.946216+0600 ERROR Error, null weight list
2023-04-19T17:33:52.947905+0600 INFO main: weight_finall
2023-04-19T17:33:52.950322+0600 DEBUG START RFID FUNCTION
2023-04-19T17:33:52.952053+0600 DEBUG START Animal ID animal_id: b'435400040001'
2023-04-19T17:33:52.953541+0600 DEBUG START Null id null_id : b'435400040001'
2023-04-19T17:33:52.985726+0600 DEBUG Raw ID animal_id: b'43540028004501c38d13091e0102011b0101e2000017160900161150a24ee20034120133fd000a17d65fc85a'
2023-04-19T17:33:52.987356+0600 DEBUG New ID animal_id_new: fd000a17d65f
2023-04-19T17:33:52.988843+0600 DEBUG Null id null_id : b'435400040001'
2023-04-19T17:33:52.990384+0600 DEBUG Success step 2 RFID. animal id new: fd000a17d65f
2023-04-19T17:33:53.948263+0600 DEBUG START RFID FUNCTION
2023-04-19T17:33:53.949754+0600 DEBUG START Animal ID animal_id: b'435400040001'
2023-04-19T17:33:53.950936+0600 DEBUG START Null id null_id : b'435400040001'
2023-04-19T17:33:54.435808+0600 DEBUG Raw ID animal_id: b'43540028004501c38d13091e0102011b0101e2000017160900161150a24ee20034120133fd000a17d65fc85a'
2023-04-19T17:33:54.437917+0600 DEBUG New ID animal_id_new: fd000a17d65f
2023-04-19T17:33:54.439582+0600 DEBUG Null id null_id : b'435400040001'
2023-04-19T17:33:54.441333+0600 DEBUG Success step 2 RFID. animal id new: fd000a17d65f
2023-04-19T17:33:54.950619+0600 DEBUG START RFID FUNCTION
2023-04-19T17:33:54.953749+0600 DEBUG START Animal ID animal_id: b'435400040001'
2023-04-19T17:33:54.955191+0600 DEBUG START Null id null_id : b'435400040001'
2023-04-19T17:33:56.183553+0600 DEBUG Raw ID animal_id: b'43540028004501c38d13091e0102011b0101e2000017160900161150a24ee20034120133fd000a17d65fcc56'
2023-04-19T17:33:56.185808+0600 DEBUG New ID animal_id_new: fd000a17d65f
2023-04-19T17:33:56.187590+0600 DEBUG Null id null_id : b'435400040001'
2023-04-19T17:33:56.189966+0600 DEBUG Success step 2 RFID. animal id new: fd000a17d65f
2023-04-19T17:33:58.965282+0600 ERROR Error, null weight list
2023-04-19T17:33:58.967734+0600 INFO main: weight_finall
2023-04-19T17:33:58.970737+0600 DEBUG START RFID FUNCTION
2023-04-19T17:33:58.972707+0600 DEBUG START Animal ID animal_id: b'435400040001'
2023-04-19T17:33:58.974398+0600 DEBUG START Null id null_id : b'435400040001'
2023-04-19T17:33:59.432485+0600 DEBUG Raw ID animal_id: b'43540028004501c38d13091e0102011b0101e2000017160900161150a24ee20034120133fd000a17d65fcb57'
2023-04-19T17:33:59.433900+0600 DEBUG New ID animal_id_new: fd000a17d65f
2023-04-19T17:33:59.434950+0600 DEBUG Null id null_id : b'435400040001'
2023-04-19T17:33:59.436182+0600 DEBUG Success step 2 RFID. animal id new: fd000a17d65f
2023-04-19T17:33:59.970355+0600 DEBUG START RFID FUNCTION
2023-04-19T17:33:59.972499+0600 DEBUG START Animal ID animal_id: b'435400040001'
2023-04-19T17:33:59.975486+0600 DEBUG START Null id null_id : b'435400040001'
