2023-04-21T14:25:39.019168+0600 INFO Connect arduino /dev/ttyACM1
2023-04-21T14:25:39.021434+0600 INFO Configuration of serial, Serial<id=0x75b46d90, open=True>(port='/dev/ttyACM1', baudrate=9600, bytesize=8, parity='N', stopbits=1, timeout=None, xonxoff=False, rtscts=False, dsrdtr=False)
2023-04-21T14:25:39.022935+0600 INFO Success: Arduino connected
2023-04-21T14:25:39.028038+0600 INFO ("[1] to calibrate
" "[2] to start measure
>")
2023-04-21T14:25:45.176175+0600 DEBUG START RFID FUNCTION
2023-04-21T14:25:45.178144+0600 DEBUG START Animal ID animal_id: b'435400040001'
2023-04-21T14:25:45.179939+0600 DEBUG START Null id null_id : b'435400040001'
2023-04-21T14:25:45.216289+0600 DEBUG Raw ID animal_id: b'43540028004501c38d13091e0102011b0101e2806894000040103003d496e2806894200040103003d496cbcf'
2023-04-21T14:25:45.218361+0600 DEBUG New ID animal_id_new: 40103003d496
2023-04-21T14:25:45.219915+0600 DEBUG Null id null_id : b'435400040001'
2023-04-21T14:25:45.221769+0600 DEBUG Success step 2 RFID. animal id new: 40103003d496
2023-04-21T14:25:45.797416+0600 DEBUG START RFID FUNCTION
2023-04-21T14:25:45.798599+0600 DEBUG START Animal ID animal_id: b'435400040001'
2023-04-21T14:25:45.799594+0600 DEBUG START Null id null_id : b'435400040001'
2023-04-21T14:25:48.665243+0600 DEBUG Raw ID animal_id: b'43540028004501c38d13091e0102011b0101e2806894000040103003d496e2806894200040103003d496c4d6'
2023-04-21T14:25:48.666911+0600 DEBUG New ID animal_id_new: 40103003d496
2023-04-21T14:25:48.668251+0600 DEBUG Null id null_id : b'435400040001'
2023-04-21T14:25:48.669684+0600 DEBUG Success step 2 RFID. animal id new: 40103003d496
2023-04-21T14:25:48.811395+0600 DEBUG START RFID FUNCTION
2023-04-21T14:25:48.814493+0600 DEBUG START Animal ID animal_id: b'435400040001'
2023-04-21T14:25:48.816264+0600 DEBUG START Null id null_id : b'435400040001'
2023-04-21T14:25:48.865263+0600 DEBUG Raw ID animal_id: b'43540028004501c38d13091e0102011b0101e2806894000040103003d496e2806894200040103003d496c0da'
2023-04-21T14:25:48.867163+0600 DEBUG New ID animal_id_new: 40103003d496
2023-04-21T14:25:48.869300+0600 DEBUG Null id null_id : b'435400040001'
2023-04-21T14:25:48.871347+0600 DEBUG Success step 2 RFID. animal id new: 40103003d496
2023-04-21T14:25:49.815513+0600 DEBUG START RFID FUNCTION
2023-04-21T14:25:49.817244+0600 DEBUG START Animal ID animal_id: b'435400040001'
2023-04-21T14:25:49.818740+0600 DEBUG START Null id null_id : b'435400040001'
2023-04-21T14:25:49.865155+0600 DEBUG Raw ID animal_id: b'43540028004501c38d13091e0102011b0101e2806894000040103003d496e2806894200040103003d496bedc'
2023-04-21T14:25:49.866772+0600 DEBUG New ID animal_id_new: 40103003d496
2023-04-21T14:25:49.868249+0600 DEBUG Null id null_id : b'435400040001'
2023-04-21T14:25:49.870174+0600 DEBUG Success step 2 RFID. animal id new: 40103003d496
2023-04-21T14:25:50.819103+0600 DEBUG START RFID FUNCTION
2023-04-21T14:25:50.821445+0600 DEBUG START Animal ID animal_id: b'435400040001'
2023-04-21T14:25:50.823435+0600 DEBUG START Null id null_id : b'435400040001'
2023-04-21T14:25:50.865501+0600 DEBUG Raw ID animal_id: b'43540028004501c38d13091e0102011b0101e2806894000040103003d496e2806894200040103003d496d0ca'
2023-04-21T14:25:50.867583+0600 DEBUG New ID animal_id_new: 40103003d496
2023-04-21T14:25:50.869271+0600 DEBUG Null id null_id : b'435400040001'
2023-04-21T14:25:50.871264+0600 DEBUG Success step 2 RFID. animal id new: 40103003d496
2023-04-21T14:25:51.822513+0600 DEBUG START RFID FUNCTION
2023-04-21T14:25:51.824412+0600 DEBUG START Animal ID animal_id: b'435400040001'
2023-04-21T14:25:51.825847+0600 DEBUG START Null id null_id : b'435400040001'
2023-04-21T14:25:51.865530+0600 DEBUG Raw ID animal_id: b'43540028004501c38d13091e0102011b0101e2806894000040103003d496e2806894200040103003d496cfcb'
2023-04-21T14:25:51.867821+0600 DEBUG New ID animal_id_new: 40103003d496
2023-04-21T14:25:51.869522+0600 DEBUG Null id null_id : b'435400040001'
2023-04-21T14:25:51.871531+0600 DEBUG Success step 2 RFID. animal id new: 40103003d496
2023-04-21T14:25:52.827480+0600 INFO ARDUINOSerial<id=0x75b599a0, open=True>(port='/dev/ttyACM0', baudrate=9600, bytesize=8, parity='N', stopbits=1, timeout=1, xonxoff=False, rtscts=False, dsrdtr=False)
2023-04-21T14:25:55.049197+0600 ERROR Error, null weight list
2023-04-21T14:25:55.051500+0600 INFO Start weight: 0
2023-04-21T14:25:55.053434+0600 INFO main: weight_finall
2023-04-21T14:25:55.056079+0600 DEBUG START RFID FUNCTION
2023-04-21T14:25:55.057821+0600 DEBUG START Animal ID animal_id: b'435400040001'
2023-04-21T14:25:55.059396+0600 DEBUG START Null id null_id : b'435400040001'
2023-04-21T14:25:55.065582+0600 DEBUG Raw ID animal_id: b'43540028004501c38d13091e0102011b0101e2806894000040103003d496e2806894200040103003d496cfcb'
2023-04-21T14:25:55.067560+0600 DEBUG New ID animal_id_new: 40103003d496
2023-04-21T14:25:55.069237+0600 DEBUG Null id null_id : b'435400040001'
2023-04-21T14:25:55.071443+0600 DEBUG Success step 2 RFID. animal id new: 40103003d496
2023-04-21T14:25:55.842022+0600 INFO ARDUINOSerial<id=0x75b598b0, open=True>(port='/dev/ttyACM0', baudrate=9600, bytesize=8, parity='N', stopbits=1, timeout=1, xonxoff=False, rtscts=False, dsrdtr=False)
2023-04-21T14:25:58.055473+0600 ERROR Error, null weight list
2023-04-21T14:25:58.057741+0600 INFO Start weight: 0
2023-04-21T14:25:58.059586+0600 INFO main: weight_finall
2023-04-21T14:25:58.063743+0600 DEBUG START RFID FUNCTION
2023-04-21T14:25:58.065607+0600 DEBUG START Animal ID animal_id: b'435400040001'
2023-04-21T14:25:58.067237+0600 DEBUG START Null id null_id : b'435400040001'
2023-04-21T14:25:58.166885+0600 DEBUG Raw ID animal_id: b'43540028004501c38d13091e0102011b0101e2806894000040103003d496e2806894200040103003d496cfcb'
2023-04-21T14:25:58.173016+0600 DEBUG New ID animal_id_new: 40103003d496
2023-04-21T14:25:58.178085+0600 DEBUG Null id null_id : b'435400040001'
2023-04-21T14:25:58.184725+0600 DEBUG Success step 2 RFID. animal id new: 40103003d496
2023-04-21T14:25:58.851907+0600 DEBUG START RFID FUNCTION
2023-04-21T14:25:58.853171+0600 DEBUG START Animal ID animal_id: b'435400040001'
2023-04-21T14:25:58.854184+0600 DEBUG START Null id null_id : b'435400040001'
2023-04-21T14:25:58.865507+0600 DEBUG Raw ID animal_id: b'43540028004501c38d13091e0102011b0101e2806894000040103003d496e2806894200040103003d496cfcb'
2023-04-21T14:25:58.866902+0600 DEBUG New ID animal_id_new: 40103003d496
2023-04-21T14:25:58.868059+0600 DEBUG Null id null_id : b'435400040001'
2023-04-21T14:25:58.869451+0600 DEBUG Success step 2 RFID. animal id new: 40103003d496
2023-04-21T14:25:59.858979+0600 DEBUG START RFID FUNCTION
2023-04-21T14:25:59.860931+0600 DEBUG START Animal ID animal_id: b'435400040001'
2023-04-21T14:25:59.862591+0600 DEBUG START Null id null_id : b'435400040001'
2023-04-21T14:26:00.216638+0600 DEBUG Raw ID animal_id: b'43540028004501c38d13091e0102011b0101e2806894000040103003d496e2806894200040103003d496ccce'
2023-04-21T14:26:00.217956+0600 DEBUG New ID animal_id_new: 40103003d496
2023-04-21T14:26:00.218949+0600 DEBUG Null id null_id : b'435400040001'
2023-04-21T14:26:00.220034+0600 DEBUG Success step 2 RFID. animal id new: 40103003d496
2023-04-21T14:26:00.865445+0600 DEBUG START RFID FUNCTION
2023-04-21T14:26:00.877680+0600 DEBUG START Animal ID animal_id: b'435400040001'
2023-04-21T14:26:00.885941+0600 DEBUG START Null id null_id : b'435400040001'
2023-04-21T14:26:05.466117+0600 DEBUG Raw ID animal_id: b'43540028004501c38d13091e0102011b0101e2806894000040103003d496e2806894200040103003d496c1d9'
2023-04-21T14:26:05.468207+0600 DEBUG New ID animal_id_new: 40103003d496
2023-04-21T14:26:05.470134+0600 DEBUG Null id null_id : b'435400040001'
2023-04-21T14:26:05.472555+0600 DEBUG Success step 2 RFID. animal id new: 40103003d496
2023-04-21T14:26:05.885310+0600 DEBUG START RFID FUNCTION
2023-04-21T14:26:05.886611+0600 DEBUG START Animal ID animal_id: b'435400040001'
2023-04-21T14:26:05.887680+0600 DEBUG START Null id null_id : b'435400040001'
2023-04-21T14:26:05.967469+0600 DEBUG Raw ID animal_id: b'43540028004501c38d13091e0102011b0101e2806894000040103003d496e2806894200040103003d496c9d1'
2023-04-21T14:26:05.972886+0600 DEBUG New ID animal_id_new: 40103003d496
2023-04-21T14:26:05.977910+0600 DEBUG Null id null_id : b'435400040001'
2023-04-21T14:26:05.985223+0600 DEBUG Success step 2 RFID. animal id new: 40103003d496
2023-04-21T14:26:06.889080+0600 DEBUG START RFID FUNCTION
2023-04-21T14:26:06.891146+0600 DEBUG START Animal ID animal_id: b'435400040001'
2023-04-21T14:26:06.892798+0600 DEBUG START Null id null_id : b'435400040001'
2023-04-21T14:26:06.966734+0600 DEBUG Raw ID animal_id: b'43540028004501c38d13091e0102011b0101e2806894000040103003d496e2806894200040103003d496cad0'
2023-04-21T14:26:06.972161+0600 DEBUG New ID animal_id_new: 40103003d496
2023-04-21T14:26:06.977476+0600 DEBUG Null id null_id : b'435400040001'
2023-04-21T14:26:06.987154+0600 DEBUG Success step 2 RFID. animal id new: 40103003d496
2023-04-21T14:26:07.892495+0600 DEBUG START RFID FUNCTION
2023-04-21T14:26:07.894780+0600 DEBUG START Animal ID animal_id: b'435400040001'
2023-04-21T14:26:07.896505+0600 DEBUG START Null id null_id : b'435400040001'
2023-04-21T14:26:07.966382+0600 DEBUG Raw ID animal_id: b'43540028004501c38d13091e0102011b0101e2806894000040103003d496e2806894200040103003d496cad0'
2023-04-21T14:26:07.969093+0600 DEBUG New ID animal_id_new: 40103003d496
2023-04-21T14:26:07.973574+0600 DEBUG Null id null_id : b'435400040001'
2023-04-21T14:26:07.979900+0600 DEBUG Success step 2 RFID. animal id new: 40103003d496
2023-04-21T14:26:08.895871+0600 DEBUG START RFID FUNCTION
2023-04-21T14:26:08.898100+0600 DEBUG START Animal ID animal_id: b'435400040001'
2023-04-21T14:26:08.899880+0600 DEBUG START Null id null_id : b'435400040001'
2023-04-21T14:26:08.966183+0600 DEBUG Raw ID animal_id: b'43540028004501c38d13091e0102011b0101e2806894000040103003d496e2806894200040103003d496cbcf'
2023-04-21T14:26:08.968375+0600 DEBUG New ID animal_id_new: 40103003d496
2023-04-21T14:26:08.970270+0600 DEBUG Null id null_id : b'435400040001'
2023-04-21T14:26:08.974242+0600 DEBUG Success step 2 RFID. animal id new: 40103003d496
2023-04-21T14:26:09.902214+0600 INFO ARDUINOSerial<id=0x75b59c10, open=True>(port='/dev/ttyACM0', baudrate=9600, bytesize=8, parity='N', stopbits=1, timeout=1, xonxoff=False, rtscts=False, dsrdtr=False)
2023-04-21T14:26:12.114676+0600 ERROR Error, null weight list
2023-04-21T14:26:12.117057+0600 INFO Start weight: 0
2023-04-21T14:26:12.118945+0600 INFO main: weight_finall
2023-04-21T14:26:12.121794+0600 DEBUG START RFID FUNCTION
2023-04-21T14:26:12.123636+0600 DEBUG START Animal ID animal_id: b'435400040001'
2023-04-21T14:26:12.125285+0600 DEBUG START Null id null_id : b'435400040001'
2023-04-21T14:26:12.166249+0600 DEBUG Raw ID animal_id: b'43540028004501c38d13091e0102011b0101e2806894000040103003d496e2806894200040103003d496c8d2'
2023-04-21T14:26:12.168189+0600 DEBUG New ID animal_id_new: 40103003d496
2023-04-21T14:26:12.170404+0600 DEBUG Null id null_id : b'435400040001'
2023-04-21T14:26:12.173173+0600 DEBUG Success step 2 RFID. animal id new: 40103003d496
2023-04-21T14:26:12.915478+0600 INFO ARDUINOSerial<id=0x75b598b0, open=True>(port='/dev/ttyACM0', baudrate=9600, bytesize=8, parity='N', stopbits=1, timeout=1, xonxoff=False, rtscts=False, dsrdtr=False)
2023-04-21T14:26:15.133510+0600 ERROR Error, null weight list
2023-04-21T14:26:15.135266+0600 INFO Start weight: 0
2023-04-21T14:26:15.136717+0600 INFO main: weight_finall
2023-04-21T14:26:15.138995+0600 DEBUG START RFID FUNCTION
2023-04-21T14:26:15.140980+0600 DEBUG START Animal ID animal_id: b'435400040001'
2023-04-21T14:26:15.142534+0600 DEBUG START Null id null_id : b'435400040001'
2023-04-21T14:26:15.166275+0600 DEBUG Raw ID animal_id: b'43540028004501c38d13091e0102011b0101e2806894000040103003d496e2806894200040103003d496c9d1'
2023-04-21T14:26:15.168440+0600 DEBUG New ID animal_id_new: 40103003d496
2023-04-21T14:26:15.170029+0600 DEBUG Null id null_id : b'435400040001'
2023-04-21T14:26:15.172095+0600 DEBUG Success step 2 RFID. animal id new: 40103003d496
2023-04-21T14:26:15.927498+0600 INFO ARDUINOSerial<id=0x75b59c10, open=True>(port='/dev/ttyACM0', baudrate=9600, bytesize=8, parity='N', stopbits=1, timeout=1, xonxoff=False, rtscts=False, dsrdtr=False)
2023-04-21T14:26:18.144434+0600 ERROR Error, null weight list
2023-04-21T14:26:18.146693+0600 INFO Start weight: 0
2023-04-21T14:26:18.148566+0600 INFO main: weight_finall
2023-04-21T14:26:18.152858+0600 DEBUG START RFID FUNCTION
2023-04-21T14:26:18.154764+0600 DEBUG START Animal ID animal_id: b'435400040001'
2023-04-21T14:26:18.156408+0600 DEBUG START Null id null_id : b'435400040001'
2023-04-21T14:26:18.166317+0600 DEBUG Raw ID animal_id: b'43540028004501c38d13091e0102011b0101e2806894000040103003d496e2806894200040103003d496c8d2'
2023-04-21T14:26:18.168499+0600 DEBUG New ID animal_id_new: 40103003d496
2023-04-21T14:26:18.170081+0600 DEBUG Null id null_id : b'435400040001'
2023-04-21T14:26:18.171976+0600 DEBUG Success step 2 RFID. animal id new: 40103003d496
2023-04-21T14:26:18.938363+0600 INFO ARDUINOSerial<id=0x75b599d0, open=True>(port='/dev/ttyACM0', baudrate=9600, bytesize=8, parity='N', stopbits=1, timeout=1, xonxoff=False, rtscts=False, dsrdtr=False)
2023-04-21T14:26:21.151698+0600 ERROR Error, null weight list
2023-04-21T14:26:21.158906+0600 INFO Start weight: 0
2023-04-21T14:26:21.162112+0600 INFO main: weight_finall
2023-04-21T14:26:21.166242+0600 DEBUG START RFID FUNCTION
2023-04-21T14:26:21.168470+0600 DEBUG START Animal ID animal_id: b'435400040001'
2023-04-21T14:26:21.170272+0600 DEBUG START Null id null_id : b'435400040001'
2023-04-21T14:26:21.217353+0600 DEBUG Raw ID animal_id: b'43540028004501c38d13091e0102011b0101e2806894000040103003d496e2806894200040103003d496c8d2'
2023-04-21T14:26:21.219312+0600 DEBUG New ID animal_id_new: 40103003d496
2023-04-21T14:26:21.221246+0600 DEBUG Null id null_id : b'435400040001'
2023-04-21T14:26:21.223771+0600 DEBUG Success step 2 RFID. animal id new: 40103003d496
2023-04-21T14:26:21.953007+0600 INFO ARDUINOSerial<id=0x75b59be0, open=True>(port='/dev/ttyACM0', baudrate=9600, bytesize=8, parity='N', stopbits=1, timeout=1, xonxoff=False, rtscts=False, dsrdtr=False)
2023-04-21T14:26:24.170857+0600 ERROR Error, null weight list
2023-04-21T14:26:24.172920+0600 INFO Start weight: 0
2023-04-21T14:26:24.174702+0600 INFO main: weight_finall
2023-04-21T14:26:24.178733+0600 DEBUG START RFID FUNCTION
2023-04-21T14:26:24.180469+0600 DEBUG START Animal ID animal_id: b'435400040001'
2023-04-21T14:26:24.182182+0600 DEBUG START Null id null_id : b'435400040001'
2023-04-21T14:26:24.217435+0600 DEBUG Raw ID animal_id: b'43540028004501c38d13091e0102011b0101e2806894000040103003d496e2806894200040103003d496c8d2'
2023-04-21T14:26:24.219505+0600 DEBUG New ID animal_id_new: 40103003d496
2023-04-21T14:26:24.221375+0600 DEBUG Null id null_id : b'435400040001'
2023-04-21T14:26:24.223301+0600 DEBUG Success step 2 RFID. animal id new: 40103003d496
2023-04-21T14:26:24.966155+0600 DEBUG START RFID FUNCTION
2023-04-21T14:26:24.967462+0600 DEBUG START Animal ID animal_id: b'435400040001'
2023-04-21T14:26:24.968536+0600 DEBUG START Null id null_id : b'435400040001'
2023-04-21T14:26:25.866413+0600 DEBUG Raw ID animal_id: b'43540028004501c38d13091e0102011b0101e2806894000040103003d496e2806894200040103003d496c8d2'
2023-04-21T14:26:25.868523+0600 DEBUG New ID animal_id_new: 40103003d496
2023-04-21T14:26:25.870278+0600 DEBUG Null id null_id : b'435400040001'
2023-04-21T14:26:25.872463+0600 DEBUG Success step 2 RFID. animal id new: 40103003d496
2023-04-21T14:26:25.972105+0600 INFO ARDUINOSerial<id=0x75b599d0, open=True>(port='/dev/ttyACM0', baudrate=9600, bytesize=8, parity='N', stopbits=1, timeout=1, xonxoff=False, rtscts=False, dsrdtr=False)
2023-04-21T14:26:28.200871+0600 ERROR Error, null weight list
2023-04-21T14:26:28.202570+0600 INFO Start weight: 0
2023-04-21T14:26:28.203769+0600 INFO main: weight_finall
2023-04-21T14:26:28.207891+0600 DEBUG START RFID FUNCTION
2023-04-21T14:26:28.209816+0600 DEBUG START Animal ID animal_id: b'435400040001'
2023-04-21T14:26:28.212448+0600 DEBUG START Null id null_id : b'435400040001'
2023-04-21T14:26:28.215722+0600 DEBUG Raw ID animal_id: b'43540028004501c38d13091e0102011b0101e2806894000040103003d496e2806894200040103003d496c9d1'
2023-04-21T14:26:28.217431+0600 DEBUG New ID animal_id_new: 40103003d496
2023-04-21T14:26:28.218980+0600 DEBUG Null id null_id : b'435400040001'
2023-04-21T14:26:28.220891+0600 DEBUG Success step 2 RFID. animal id new: 40103003d496
2023-04-21T14:26:28.982594+0600 INFO ARDUINOSerial<id=0x75b59c10, open=True>(port='/dev/ttyACM0', baudrate=9600, bytesize=8, parity='N', stopbits=1, timeout=1, xonxoff=False, rtscts=False, dsrdtr=False)
2023-04-21T14:26:31.191900+0600 ERROR Error, null weight list
2023-04-21T14:26:31.194347+0600 INFO Start weight: 0
2023-04-21T14:26:31.196280+0600 INFO main: weight_finall
2023-04-21T14:26:31.198928+0600 DEBUG START RFID FUNCTION
2023-04-21T14:26:31.201026+0600 DEBUG START Animal ID animal_id: b'435400040001'
2023-04-21T14:26:31.202700+0600 DEBUG START Null id null_id : b'435400040001'
2023-04-21T14:26:31.217752+0600 DEBUG Raw ID animal_id: b'43540028004501c38d13091e0102011b0101e2806894000040103003d496e2806894200040103003d496c8d2'
2023-04-21T14:26:31.219864+0600 DEBUG New ID animal_id_new: 40103003d496
2023-04-21T14:26:31.221610+0600 DEBUG Null id null_id : b'435400040001'
2023-04-21T14:26:31.223809+0600 DEBUG Success step 2 RFID. animal id new: 40103003d496
2023-04-21T14:26:31.993298+0600 INFO ARDUINOSerial<id=0x75b599d0, open=True>(port='/dev/ttyACM0', baudrate=9600, bytesize=8, parity='N', stopbits=1, timeout=1, xonxoff=False, rtscts=False, dsrdtr=False)
2023-04-21T14:26:34.210888+0600 ERROR Error, null weight list
2023-04-21T14:26:34.213347+0600 INFO Start weight: 0
2023-04-21T14:26:34.215355+0600 INFO main: weight_finall
2023-04-21T14:26:34.219155+0600 DEBUG START RFID FUNCTION
2023-04-21T14:26:34.221073+0600 DEBUG START Animal ID animal_id: b'435400040001'
2023-04-21T14:26:34.222786+0600 DEBUG START Null id null_id : b'435400040001'
2023-04-21T14:26:34.717596+0600 DEBUG Raw ID animal_id: b'43540028004501c38d13091e0102011b0101e2806894000040103003d496e2806894200040103003d496c5d5'
2023-04-21T14:26:34.719147+0600 DEBUG New ID animal_id_new: 40103003d496
2023-04-21T14:26:34.720269+0600 DEBUG Null id null_id : b'435400040001'
2023-04-21T14:26:34.721566+0600 DEBUG Success step 2 RFID. animal id new: 40103003d496
2023-04-21T14:26:35.007352+0600 DEBUG START RFID FUNCTION
2023-04-21T14:26:35.008805+0600 DEBUG START Animal ID animal_id: b'435400040001'
2023-04-21T14:26:35.009923+0600 DEBUG START Null id null_id : b'435400040001'
2023-04-21T14:26:36.666706+0600 DEBUG Raw ID animal_id: b'43540028004501c38d13091e0102011b0101e2806894000040103003d496e2806894200040103003d496c7d3'
2023-04-21T14:26:36.669091+0600 DEBUG New ID animal_id_new: 40103003d496
2023-04-21T14:26:36.671042+0600 DEBUG Null id null_id : b'435400040001'
2023-04-21T14:26:36.673290+0600 DEBUG Success step 2 RFID. animal id new: 40103003d496
2023-04-21T14:26:37.014651+0600 INFO ARDUINOSerial<id=0x75b59808, open=True>(port='/dev/ttyACM0', baudrate=9600, bytesize=8, parity='N', stopbits=1, timeout=1, xonxoff=False, rtscts=False, dsrdtr=False)
2023-04-21T14:26:39.232741+0600 ERROR Error, null weight list
2023-04-21T14:26:39.234987+0600 INFO Start weight: 0
2023-04-21T14:26:39.236893+0600 INFO main: weight_finall
2023-04-21T14:26:39.239404+0600 DEBUG START RFID FUNCTION
2023-04-21T14:26:39.241142+0600 DEBUG START Animal ID animal_id: b'435400040001'
2023-04-21T14:26:39.242653+0600 DEBUG START Null id null_id : b'435400040001'
2023-04-21T14:26:39.266726+0600 DEBUG Raw ID animal_id: b'43540028004501c38d13091e0102011b0101e2806894000040103003d496e2806894200040103003d496c6d4'
2023-04-21T14:26:39.268316+0600 DEBUG New ID animal_id_new: 40103003d496
2023-04-21T14:26:39.269543+0600 DEBUG Null id null_id : b'435400040001'
2023-04-21T14:26:39.271143+0600 DEBUG Success step 2 RFID. animal id new: 40103003d496
2023-04-21T14:26:40.029961+0600 INFO ARDUINOSerial<id=0x75b599d0, open=True>(port='/dev/ttyACM0', baudrate=9600, bytesize=8, parity='N', stopbits=1, timeout=1, xonxoff=False, rtscts=False, dsrdtr=False)
2023-04-21T14:26:42.248092+0600 ERROR Error, null weight list
2023-04-21T14:26:42.250185+0600 INFO Start weight: 0
2023-04-21T14:26:42.252275+0600 INFO main: weight_finall
2023-04-21T14:26:42.255337+0600 DEBUG START RFID FUNCTION
2023-04-21T14:26:42.257277+0600 DEBUG START Animal ID animal_id: b'435400040001'
2023-04-21T14:26:42.259154+0600 DEBUG START Null id null_id : b'435400040001'
2023-04-21T14:26:42.266642+0600 DEBUG Raw ID animal_id: b'43540028004501c38d13091e0102011b0101e2806894000040103003d496e2806894200040103003d496c7d3'
2023-04-21T14:26:42.268938+0600 DEBUG New ID animal_id_new: 40103003d496
2023-04-21T14:26:42.270860+0600 DEBUG Null id null_id : b'435400040001'
2023-04-21T14:26:42.273203+0600 DEBUG Success step 2 RFID. animal id new: 40103003d496
2023-04-21T14:26:43.040860+0600 INFO ARDUINOSerial<id=0x75b59808, open=True>(port='/dev/ttyACM0', baudrate=9600, bytesize=8, parity='N', stopbits=1, timeout=1, xonxoff=False, rtscts=False, dsrdtr=False)
2023-04-21T14:26:45.254005+0600 ERROR Error, null weight list
2023-04-21T14:26:45.258862+0600 INFO Start weight: 0
2023-04-21T14:26:45.261879+0600 INFO main: weight_finall
2023-04-21T14:26:45.266588+0600 DEBUG START RFID FUNCTION
2023-04-21T14:26:45.268687+0600 DEBUG START Animal ID animal_id: b'435400040001'
2023-04-21T14:26:45.270406+0600 DEBUG START Null id null_id : b'435400040001'
2023-04-21T14:26:45.717751+0600 DEBUG Raw ID animal_id: b'43540028004501c38d13091e0102011b0101e2806894000040103003d496e2806894200040103003d496c4d6'
2023-04-21T14:26:45.719106+0600 DEBUG New ID animal_id_new: 40103003d496
2023-04-21T14:26:45.720215+0600 DEBUG Null id null_id : b'435400040001'
2023-04-21T14:26:45.721536+0600 DEBUG Success step 2 RFID. animal id new: 40103003d496
2023-04-21T14:26:46.055184+0600 DEBUG START RFID FUNCTION
2023-04-21T14:26:46.056470+0600 DEBUG START Animal ID animal_id: b'435400040001'
2023-04-21T14:26:46.057568+0600 DEBUG START Null id null_id : b'435400040001'
2023-04-21T14:26:47.466800+0600 DEBUG Raw ID animal_id: b'43540028004501c38d13091e0102011b0101e2806894000040103003d496e2806894200040103003d496c1d9'
2023-04-21T14:26:47.468925+0600 DEBUG New ID animal_id_new: 40103003d496
2023-04-21T14:26:47.470985+0600 DEBUG Null id null_id : b'435400040001'
2023-04-21T14:26:47.473210+0600 DEBUG Success step 2 RFID. animal id new: 40103003d496
2023-04-21T14:26:48.063868+0600 INFO ARDUINOSerial<id=0x75b599d0, open=True>(port='/dev/ttyACM0', baudrate=9600, bytesize=8, parity='N', stopbits=1, timeout=1, xonxoff=False, rtscts=False, dsrdtr=False)
2023-04-21T14:26:50.272820+0600 ERROR Error, null weight list
2023-04-21T14:26:50.278332+0600 INFO Start weight: 0
2023-04-21T14:26:50.280889+0600 INFO main: weight_finall
2023-04-21T14:26:50.283531+0600 DEBUG START RFID FUNCTION
2023-04-21T14:26:50.285403+0600 DEBUG START Animal ID animal_id: b'435400040001'
2023-04-21T14:26:50.287241+0600 DEBUG START Null id null_id : b'435400040001'
2023-04-21T14:26:50.717864+0600 DEBUG Raw ID animal_id: b'43540028004501c38d13091e0102011b0101e2806894000040103003d496e2806894200040103003d496bedc'
2023-04-21T14:26:50.719215+0600 DEBUG New ID animal_id_new: 40103003d496
2023-04-21T14:26:50.720372+0600 DEBUG Null id null_id : b'435400040001'
2023-04-21T14:26:50.721590+0600 DEBUG Success step 2 RFID. animal id new: 40103003d496
2023-04-21T14:26:51.074370+0600 INFO ARDUINOSerial<id=0x75b59718, open=True>(port='/dev/ttyACM0', baudrate=9600, bytesize=8, parity='N', stopbits=1, timeout=1, xonxoff=False, rtscts=False, dsrdtr=False)
2023-04-21T14:26:53.292014+0600 ERROR Error, null weight list
2023-04-21T14:26:53.293766+0600 INFO Start weight: 0
2023-04-21T14:26:53.295269+0600 INFO main: weight_finall
2023-04-21T14:26:53.298811+0600 DEBUG START RFID FUNCTION
2023-04-21T14:26:53.300147+0600 DEBUG START Animal ID animal_id: b'435400040001'
2023-04-21T14:26:53.301599+0600 DEBUG START Null id null_id : b'435400040001'
2023-04-21T14:26:53.368886+0600 DEBUG Raw ID animal_id: b'43540028004501c38d13091e0102011b0101e2806894000040103003d496e2806894200040103003d496c2d8'
2023-04-21T14:26:53.375647+0600 DEBUG New ID animal_id_new: 40103003d496
2023-04-21T14:26:53.380028+0600 DEBUG Null id null_id : b'435400040001'
2023-04-21T14:26:53.386640+0600 DEBUG Success step 2 RFID. animal id new: 40103003d496
2023-04-21T14:26:54.090791+0600 INFO ARDUINOSerial<id=0x75b599d0, open=True>(port='/dev/ttyACM0', baudrate=9600, bytesize=8, parity='N', stopbits=1, timeout=1, xonxoff=False, rtscts=False, dsrdtr=False)
2023-04-21T14:26:56.307693+0600 ERROR Error, null weight list
2023-04-21T14:26:56.309660+0600 INFO Start weight: 0
2023-04-21T14:26:56.312405+0600 INFO main: weight_finall
2023-04-21T14:26:56.317197+0600 DEBUG START RFID FUNCTION
2023-04-21T14:26:56.318830+0600 DEBUG START Animal ID animal_id: b'435400040001'
2023-04-21T14:26:56.320512+0600 DEBUG START Null id null_id : b'435400040001'
2023-04-21T14:26:56.719801+0600 DEBUG Raw ID animal_id: b'43540028004501c38d13091e0102011b0101e2806894000040103003d496e2806894200040103003d496c4d6'
2023-04-21T14:26:56.721164+0600 DEBUG New ID animal_id_new: 40103003d496
2023-04-21T14:26:56.722183+0600 DEBUG Null id null_id : b'435400040001'
2023-04-21T14:26:56.723276+0600 DEBUG Success step 2 RFID. animal id new: 40103003d496
2023-04-21T14:26:57.104753+0600 DEBUG START RFID FUNCTION
2023-04-21T14:26:57.105984+0600 DEBUG START Animal ID animal_id: b'435400040001'
2023-04-21T14:26:57.106997+0600 DEBUG START Null id null_id : b'435400040001'
2023-04-21T14:26:58.369272+0600 DEBUG Raw ID animal_id: b'43540028004501c38d13091e0102011b0101e2806894000040103003d496e2806894200040103003d496c2d8'
2023-04-21T14:26:58.371587+0600 DEBUG New ID animal_id_new: 40103003d496
2023-04-21T14:26:58.373345+0600 DEBUG Null id null_id : b'435400040001'
2023-04-21T14:26:58.375138+0600 DEBUG Success step 2 RFID. animal id new: 40103003d496
2023-04-21T14:26:59.112977+0600 DEBUG START RFID FUNCTION
2023-04-21T14:26:59.114197+0600 DEBUG START Animal ID animal_id: b'435400040001'
2023-04-21T14:26:59.115204+0600 DEBUG START Null id null_id : b'435400040001'
2023-04-21T14:26:59.170639+0600 DEBUG Raw ID animal_id: b'43540028004501c38d13091e0102011b0101e2806894000040103003d496e2806894200040103003d496c7d3'
2023-04-21T14:26:59.172144+0600 DEBUG New ID animal_id_new: 40103003d496
2023-04-21T14:26:59.173185+0600 DEBUG Null id null_id : b'435400040001'
2023-04-21T14:26:59.174334+0600 DEBUG Success step 2 RFID. animal id new: 40103003d496
2023-04-21T14:27:00.118416+0600 INFO ARDUINOSerial<id=0x75b597c0, open=True>(port='/dev/ttyACM0', baudrate=9600, bytesize=8, parity='N', stopbits=1, timeout=1, xonxoff=False, rtscts=False, dsrdtr=False)
2023-04-21T14:27:02.340629+0600 ERROR Error, null weight list
2023-04-21T14:27:02.342604+0600 INFO Start weight: 0
2023-04-21T14:27:02.345598+0600 INFO main: weight_finall
2023-04-21T14:27:02.348506+0600 DEBUG START RFID FUNCTION
2023-04-21T14:27:02.350256+0600 DEBUG START Animal ID animal_id: b'435400040001'
2023-04-21T14:27:02.351969+0600 DEBUG START Null id null_id : b'435400040001'
2023-04-21T14:27:02.370700+0600 DEBUG Raw ID animal_id: b'43540028004501c38d13091e0102011b0101e2806894000040103003d496e2806894200040103003d496c6d4'
2023-04-21T14:27:02.372669+0600 DEBUG New ID animal_id_new: 40103003d496
2023-04-21T14:27:02.374196+0600 DEBUG Null id null_id : b'435400040001'
2023-04-21T14:27:02.375888+0600 DEBUG Success step 2 RFID. animal id new: 40103003d496
2023-04-21T14:27:03.129591+0600 INFO ARDUINOSerial<id=0x75b59ce8, open=True>(port='/dev/ttyACM0', baudrate=9600, bytesize=8, parity='N', stopbits=1, timeout=1, xonxoff=False, rtscts=False, dsrdtr=False)
2023-04-21T14:27:05.339130+0600 ERROR Error, null weight list
2023-04-21T14:27:05.340832+0600 INFO Start weight: 0
2023-04-21T14:27:05.342164+0600 INFO main: weight_finall
2023-04-21T14:27:05.345365+0600 DEBUG START RFID FUNCTION
2023-04-21T14:27:05.346718+0600 DEBUG START Animal ID animal_id: b'435400040001'
2023-04-21T14:27:05.347920+0600 DEBUG START Null id null_id : b'435400040001'
2023-04-21T14:27:05.722647+0600 DEBUG Raw ID animal_id: b'43540028004501c38d13091e0102011b0101e2806894000040103003d496e2806894200040103003d496c6d4'
2023-04-21T14:27:05.724034+0600 DEBUG New ID animal_id_new: 40103003d496
2023-04-21T14:27:05.725109+0600 DEBUG Null id null_id : b'435400040001'
2023-04-21T14:27:05.726256+0600 DEBUG Success step 2 RFID. animal id new: 40103003d496
2023-04-21T14:27:06.144235+0600 DEBUG START RFID FUNCTION
2023-04-21T14:27:06.145543+0600 DEBUG START Animal ID animal_id: b'435400040001'
2023-04-21T14:27:06.146636+0600 DEBUG START Null id null_id : b'435400040001'
2023-04-21T14:27:09.572755+0600 DEBUG Raw ID animal_id: b'43540028004501c38d13091e0102011b0101e2806894000040103003d496e2806894200040103003d496c4d6'
2023-04-21T14:27:09.574703+0600 DEBUG New ID animal_id_new: 40103003d496
2023-04-21T14:27:09.576878+0600 DEBUG Null id null_id : b'435400040001'
2023-04-21T14:27:09.579061+0600 DEBUG Success step 2 RFID. animal id new: 40103003d496
2023-04-21T14:27:10.161675+0600 INFO ARDUINOSerial<id=0x75b597c0, open=True>(port='/dev/ttyACM0', baudrate=9600, bytesize=8, parity='N', stopbits=1, timeout=1, xonxoff=False, rtscts=False, dsrdtr=False)
2023-04-21T14:27:12.379194+0600 ERROR Error, null weight list
2023-04-21T14:27:12.381228+0600 INFO Start weight: 0
2023-04-21T14:27:12.382879+0600 INFO main: weight_finall
2023-04-21T14:27:12.385305+0600 DEBUG START RFID FUNCTION
2023-04-21T14:27:12.387014+0600 DEBUG START Animal ID animal_id: b'435400040001'
2023-04-21T14:27:12.388532+0600 DEBUG START Null id null_id : b'435400040001'
2023-04-21T14:27:12.474556+0600 DEBUG Raw ID animal_id: b'43540028004501c38d13091e0102011b0101e2806894000040103003d496e2806894200040103003d496c5d5'
2023-04-21T14:27:12.479978+0600 DEBUG New ID animal_id_new: 40103003d496
2023-04-21T14:27:12.484721+0600 DEBUG Null id null_id : b'435400040001'
2023-04-21T14:27:12.489387+0600 DEBUG Success step 2 RFID. animal id new: 40103003d496
2023-04-21T14:27:13.177062+0600 INFO ARDUINOSerial<id=0x75b59ce8, open=True>(port='/dev/ttyACM0', baudrate=9600, bytesize=8, parity='N', stopbits=1, timeout=1, xonxoff=False, rtscts=False, dsrdtr=False)
2023-04-21T14:27:15.394433+0600 ERROR Error, null weight list
2023-04-21T14:27:15.396686+0600 INFO Start weight: 0
2023-04-21T14:27:15.399015+0600 INFO main: weight_finall
2023-04-21T14:27:15.402065+0600 DEBUG START RFID FUNCTION
2023-04-21T14:27:15.403832+0600 DEBUG START Animal ID animal_id: b'435400040001'
2023-04-21T14:27:15.405337+0600 DEBUG START Null id null_id : b'435400040001'
2023-04-21T14:27:15.725504+0600 DEBUG Raw ID animal_id: b'43540028004501c38d13091e0102011b0101e2806894000040103003d496e2806894200040103003d496c2d8'
2023-04-21T14:27:15.726964+0600 DEBUG New ID animal_id_new: 40103003d496
2023-04-21T14:27:15.727985+0600 DEBUG Null id null_id : b'435400040001'
2023-04-21T14:27:15.729056+0600 DEBUG Success step 2 RFID. animal id new: 40103003d496
2023-04-21T14:27:16.190842+0600 DEBUG START RFID FUNCTION
2023-04-21T14:27:16.192062+0600 DEBUG START Animal ID animal_id: b'435400040001'
2023-04-21T14:27:16.193074+0600 DEBUG START Null id null_id : b'435400040001'
