2023-04-24T10:27:23.026062+0600 INFO Connect arduino /dev/ttyACM1
2023-04-24T10:27:23.029182+0600 INFO Configuration of serial, Serial<id=0x75b2cb38, open=True>(port='/dev/ttyACM1', baudrate=9600, bytesize=8, parity='N', stopbits=1, timeout=None, xonxoff=False, rtscts=False, dsrdtr=False)
2023-04-24T10:27:23.030744+0600 INFO Success: Arduino connected
2023-04-24T10:27:23.037118+0600 INFO ("[1] to calibrate
" "[2] to start measure
>")
2023-04-24T10:27:29.707622+0600 DEBUG START RFID FUNCTION
2023-04-24T10:27:29.709290+0600 DEBUG START Animal ID animal_id: b'435400040001'
2023-04-24T10:27:29.710539+0600 DEBUG START Null id null_id : b'435400040001'
2023-04-24T10:27:32.166009+0600 DEBUG Raw ID animal_id: b'43540028004501c38d13091e0102011b0101e2806894000040103003d496e2806894200040103003d496bfdb'
2023-04-24T10:27:32.168116+0600 DEBUG New ID animal_id_new: 40103003d496
2023-04-24T10:27:32.169861+0600 DEBUG Null id null_id : b'435400040001'
2023-04-24T10:27:32.171667+0600 DEBUG Success step 2 RFID. animal id new: 40103003d496
2023-04-24T10:27:32.173425+0600 INFO Animal_ID: 40103003d496
2023-04-24T10:27:32.818290+0600 INFO Distance: 141.0
2023-04-24T10:27:32.820862+0600 INFO ARDUINOSerial<id=0x75ab9ad8, open=True>(port='/dev/ttyACM0', baudrate=9600, bytesize=8, parity='N', stopbits=1, timeout=1, xonxoff=False, rtscts=False, dsrdtr=False)
2023-04-24T10:27:35.032864+0600 ERROR Error, null weight list
2023-04-24T10:27:35.034882+0600 INFO Start weight: 0
2023-04-24T10:27:35.036908+0600 INFO Start time: 9883.920184315
2023-04-24T10:27:35.038724+0600 INFO main: weight_finall
2023-04-24T10:27:35.040437+0600 DEBUG START RFID FUNCTION
2023-04-24T10:27:35.041990+0600 DEBUG START Animal ID animal_id: b'435400040001'
2023-04-24T10:27:35.043598+0600 DEBUG START Null id null_id : b'435400040001'
2023-04-24T10:27:35.065910+0600 DEBUG Raw ID animal_id: b'43540028004501c38d13091e0102011b0101e2806894000040103003d496e2806894200040103003d496cbcf'
2023-04-24T10:27:35.068339+0600 DEBUG New ID animal_id_new: 40103003d496
2023-04-24T10:27:35.070258+0600 DEBUG Null id null_id : b'435400040001'
2023-04-24T10:27:35.072086+0600 DEBUG Success step 2 RFID. animal id new: 40103003d496
2023-04-24T10:27:35.073968+0600 INFO Animal_ID: 40103003d496
2023-04-24T10:27:35.831643+0600 INFO Distance: 138.0
2023-04-24T10:27:35.837308+0600 INFO ARDUINOSerial<id=0x75ab9d18, open=True>(port='/dev/ttyACM0', baudrate=9600, bytesize=8, parity='N', stopbits=1, timeout=1, xonxoff=False, rtscts=False, dsrdtr=False)
2023-04-24T10:27:36.937451+0600 ERROR Error, null weight list
2023-04-24T10:27:36.939392+0600 INFO Start weight: 0
2023-04-24T10:27:36.941143+0600 INFO Start time: 9885.824434733
2023-04-24T10:27:36.942741+0600 INFO main: weight_finall
2023-04-24T10:27:36.944411+0600 DEBUG START RFID FUNCTION
2023-04-24T10:27:36.945966+0600 DEBUG START Animal ID animal_id: b'435400040001'
2023-04-24T10:27:36.947585+0600 DEBUG START Null id null_id : b'435400040001'
2023-04-24T10:27:37.316908+0600 DEBUG Raw ID animal_id: b'43540028004501c38d13091e0102011b0101e2806894000040103003d496e2806894200040103003d496c5d5'
2023-04-24T10:27:37.318269+0600 DEBUG New ID animal_id_new: 40103003d496
2023-04-24T10:27:37.319313+0600 DEBUG Null id null_id : b'435400040001'
2023-04-24T10:27:37.320418+0600 DEBUG Success step 2 RFID. animal id new: 40103003d496
2023-04-24T10:27:37.321509+0600 INFO Animal_ID: 40103003d496
2023-04-24T10:27:37.839647+0600 INFO Distance: 138.0
2023-04-24T10:27:37.842769+0600 INFO ARDUINOSerial<id=0x75ab9e68, open=True>(port='/dev/ttyACM0', baudrate=9600, bytesize=8, parity='N', stopbits=1, timeout=1, xonxoff=False, rtscts=False, dsrdtr=False)
2023-04-24T10:27:39.558930+0600 ERROR Error, null weight list
2023-04-24T10:27:39.560919+0600 INFO Start weight: 0
2023-04-24T10:27:39.562719+0600 INFO Start time: 9888.446005697
2023-04-24T10:27:39.564331+0600 INFO main: weight_finall
2023-04-24T10:27:39.566047+0600 DEBUG START RFID FUNCTION
2023-04-24T10:27:39.568020+0600 DEBUG START Animal ID animal_id: b'435400040001'
2023-04-24T10:27:39.569796+0600 DEBUG START Null id null_id : b'435400040001'
2023-04-24T10:27:41.165614+0600 DEBUG Raw ID animal_id: b'43540028004501c38d13091e0102011b0101e2806894000040103003d496e2806894200040103003d496c2d8'
2023-04-24T10:27:41.167387+0600 DEBUG New ID animal_id_new: 40103003d496
2023-04-24T10:27:41.169613+0600 DEBUG Null id null_id : b'435400040001'
2023-04-24T10:27:41.171279+0600 DEBUG Success step 2 RFID. animal id new: 40103003d496
2023-04-24T10:27:41.172790+0600 INFO Animal_ID: 40103003d496
2023-04-24T10:27:41.858088+0600 INFO Distance: 151.0
2023-04-24T10:27:41.860361+0600 INFO ARDUINOSerial<id=0x75ab9a00, open=True>(port='/dev/ttyACM0', baudrate=9600, bytesize=8, parity='N', stopbits=1, timeout=1, xonxoff=False, rtscts=False, dsrdtr=False)
2023-04-24T10:27:42.893478+0600 ERROR Error, null weight list
2023-04-24T10:27:42.895044+0600 INFO Start weight: 0
2023-04-24T10:27:42.896447+0600 INFO Start time: 9891.779751709
2023-04-24T10:27:42.897793+0600 INFO main: weight_finall
2023-04-24T10:27:42.898994+0600 DEBUG START RFID FUNCTION
2023-04-24T10:27:42.900186+0600 DEBUG START Animal ID animal_id: b'435400040001'
2023-04-24T10:27:42.901394+0600 DEBUG START Null id null_id : b'435400040001'
2023-04-24T10:27:42.966389+0600 DEBUG Raw ID animal_id: b'43540028004501c38d13091e0102011b0101e2806894000040103003d496e2806894200040103003d496ccce'
2023-04-24T10:27:42.971297+0600 DEBUG New ID animal_id_new: 40103003d496
2023-04-24T10:27:42.975072+0600 DEBUG Null id null_id : b'435400040001'
2023-04-24T10:27:42.980302+0600 DEBUG Success step 2 RFID. animal id new: 40103003d496
2023-04-24T10:27:42.985880+0600 INFO Animal_ID: 40103003d496
2023-04-24T10:27:43.864951+0600 INFO Distance: 138.0
2023-04-24T10:27:43.867147+0600 INFO ARDUINOSerial<id=0x75ab98b0, open=True>(port='/dev/ttyACM0', baudrate=9600, bytesize=8, parity='N', stopbits=1, timeout=1, xonxoff=False, rtscts=False, dsrdtr=False)
2023-04-24T10:27:44.916698+0600 ERROR Error, null weight list
2023-04-24T10:27:44.918628+0600 INFO Start weight: 0
2023-04-24T10:27:44.920346+0600 INFO Start time: 9893.803637472
2023-04-24T10:27:44.921943+0600 INFO main: weight_finall
2023-04-24T10:27:44.923578+0600 DEBUG START RFID FUNCTION
2023-04-24T10:27:44.925117+0600 DEBUG START Animal ID animal_id: b'435400040001'
2023-04-24T10:27:44.926713+0600 DEBUG START Null id null_id : b'435400040001'
2023-04-24T10:27:45.316741+0600 DEBUG Raw ID animal_id: b'43540028004501c38d13091e0102011b0101e2806894000040103003d496e2806894200040103003d496c2d8'
2023-04-24T10:27:45.318057+0600 DEBUG New ID animal_id_new: 40103003d496
2023-04-24T10:27:45.319101+0600 DEBUG Null id null_id : b'435400040001'
2023-04-24T10:27:45.320234+0600 DEBUG Success step 2 RFID. animal id new: 40103003d496
2023-04-24T10:27:45.321330+0600 INFO Animal_ID: 40103003d496
2023-04-24T10:27:45.872640+0600 INFO Distance: 141.0
2023-04-24T10:27:45.875938+0600 INFO ARDUINOSerial<id=0x75ab9f70, open=True>(port='/dev/ttyACM0', baudrate=9600, bytesize=8, parity='N', stopbits=1, timeout=1, xonxoff=False, rtscts=False, dsrdtr=False)
2023-04-24T10:27:46.940987+0600 ERROR Error, null weight list
2023-04-24T10:27:46.942933+0600 INFO Start weight: 0
2023-04-24T10:27:46.945479+0600 INFO Start time: 9895.82875266
2023-04-24T10:27:46.947351+0600 INFO main: weight_finall
2023-04-24T10:27:46.949002+0600 DEBUG START RFID FUNCTION
2023-04-24T10:27:46.950528+0600 DEBUG START Animal ID animal_id: b'435400040001'
2023-04-24T10:27:46.952092+0600 DEBUG START Null id null_id : b'435400040001'
2023-04-24T10:27:46.966032+0600 DEBUG Raw ID animal_id: b'43540028004501c38d13091e0102011b0101e2806894000040103003d496e2806894200040103003d496d0ca'
2023-04-24T10:27:46.968311+0600 DEBUG New ID animal_id_new: 40103003d496
2023-04-24T10:27:46.969931+0600 DEBUG Null id null_id : b'435400040001'
2023-04-24T10:27:46.971684+0600 DEBUG Success step 2 RFID. animal id new: 40103003d496
2023-04-24T10:27:46.973379+0600 INFO Animal_ID: 40103003d496
2023-04-24T10:27:47.883460+0600 INFO Distance: 10.0
2023-04-24T10:27:47.886852+0600 INFO ARDUINOSerial<id=0x75ab98b0, open=True>(port='/dev/ttyACM0', baudrate=9600, bytesize=8, parity='N', stopbits=1, timeout=1, xonxoff=False, rtscts=False, dsrdtr=False)
2023-04-24T10:27:48.964442+0600 ERROR Error, null weight list
2023-04-24T10:27:48.966183+0600 INFO Start weight: 0
2023-04-24T10:27:48.968123+0600 INFO Start time: 9897.851410451
2023-04-24T10:27:48.969789+0600 INFO main: weight_finall
2023-04-24T10:27:50.894141+0600 INFO Final_weight: 0
2023-04-24T10:27:50.896075+0600 INFO Feed_time: 0.0
2023-04-24T10:27:50.898715+0600 DEBUG START RFID FUNCTION
2023-04-24T10:27:50.900394+0600 DEBUG START Animal ID animal_id: b'435400040001'
2023-04-24T10:27:50.901953+0600 DEBUG START Null id null_id : b'435400040001'
2023-04-24T10:27:51.316615+0600 DEBUG Raw ID animal_id: b'43540028004501c38d13091e0102011b0101e2806894000040103003d496e2806894200040103003d496ccce'
2023-04-24T10:27:51.317999+0600 DEBUG New ID animal_id_new: 40103003d496
2023-04-24T10:27:51.319044+0600 DEBUG Null id null_id : b'435400040001'
2023-04-24T10:27:51.320163+0600 DEBUG Success step 2 RFID. animal id new: 40103003d496
2023-04-24T10:27:51.321256+0600 INFO Animal_ID: 40103003d496
2023-04-24T10:27:51.898368+0600 INFO Distance: 155.0
2023-04-24T10:27:51.901960+0600 INFO ARDUINOSerial<id=0x75ab9f70, open=True>(port='/dev/ttyACM0', baudrate=9600, bytesize=8, parity='N', stopbits=1, timeout=1, xonxoff=False, rtscts=False, dsrdtr=False)
2023-04-24T10:27:55.075473+0600 DEBUG Array weights: [445.33]
2023-04-24T10:27:56.025864+0600 INFO Start weight: 445.33
2023-04-24T10:27:56.027545+0600 INFO Start time: 9904.910841048
2023-04-24T10:27:56.028947+0600 INFO main: weight_finall
2023-04-24T10:27:56.030325+0600 DEBUG START RFID FUNCTION
2023-04-24T10:27:56.031539+0600 DEBUG START Animal ID animal_id: b'435400040001'
2023-04-24T10:27:56.032652+0600 DEBUG START Null id null_id : b'435400040001'
2023-04-24T10:27:59.965494+0600 DEBUG Raw ID animal_id: b'43540028004501c38d13091e0102011b0101e2806894000040103003d496e2806894200040103003d496c0da'
2023-04-24T10:27:59.967485+0600 DEBUG New ID animal_id_new: 40103003d496
2023-04-24T10:27:59.969186+0600 DEBUG Null id null_id : b'435400040001'
2023-04-24T10:27:59.971014+0600 DEBUG Success step 2 RFID. animal id new: 40103003d496
2023-04-24T10:27:59.972768+0600 INFO Animal_ID: 40103003d496
2023-04-24T10:28:00.938053+0600 INFO Distance: 138.0
2023-04-24T10:28:00.941326+0600 INFO ARDUINOSerial<id=0x75ab98b0, open=True>(port='/dev/ttyACM0', baudrate=9600, bytesize=8, parity='N', stopbits=1, timeout=1, xonxoff=False, rtscts=False, dsrdtr=False)
2023-04-24T10:28:03.173474+0600 DEBUG Array weights: [473.41]
2023-04-24T10:28:04.361890+0600 DEBUG Array weights: [473.41, 484.19]
2023-04-24T10:28:05.554271+0600 DEBUG Array weights: [473.41, 484.19, 473.44]
2023-04-24T10:28:06.746151+0600 DEBUG Array weights: [473.41, 484.19, 473.44, 483.89]
2023-04-24T10:28:07.934486+0600 DEBUG Array weights: [473.41, 484.19, 473.44, 483.89, 480.63]
2023-04-24T10:28:09.125376+0600 DEBUG Array weights: [473.41, 484.19, 473.44, 483.89, 480.63, 488.33]
2023-04-24T10:28:10.318460+0600 DEBUG Array weights: [473.41, 484.19, 473.44, 483.89, 480.63, 488.33, 471.48]
2023-04-24T10:28:11.510398+0600 DEBUG Array weights: [473.41, 484.19, 473.44, 483.89, 480.63, 488.33, 471.48, 477.41]
2023-04-24T10:28:12.698244+0600 DEBUG Array weights: [473.41, 484.19, 473.44, 483.89, 480.63, 488.33, 471.48, 477.41, 482.93]
2023-04-24T10:28:13.890044+0600 DEBUG Array weights: [473.41, 484.19, 473.44, 483.89, 480.63, 488.33, 471.48, 477.41, 482.93, 504.85]
2023-04-24T10:28:15.081568+0600 DEBUG Array weights: [473.41, 484.19, 473.44, 483.89, 480.63, 488.33, 471.48, 477.41, 482.93, 504.85, 461.0]
2023-04-24T10:28:16.269278+0600 DEBUG Array weights: [473.41, 484.19, 473.44, 483.89, 480.63, 488.33, 471.48, 477.41, 482.93, 504.85, 461.0, 476.67]
2023-04-24T10:28:17.461303+0600 DEBUG Array weights: [473.41, 484.19, 473.44, 483.89, 480.63, 488.33, 471.48, 477.41, 482.93, 504.85, 461.0, 476.67, 476.67]
2023-04-24T10:28:18.654321+0600 DEBUG Array weights: [473.41, 484.19, 473.44, 483.89, 480.63, 488.33, 471.48, 477.41, 482.93, 504.85, 461.0, 476.67, 476.67, 478.3]
2023-04-24T10:28:19.841154+0600 DEBUG Array weights: [473.41, 484.19, 473.44, 483.89, 480.63, 488.33, 471.48, 477.41, 482.93, 504.85, 461.0, 476.67, 476.67, 478.3, 476.37]
2023-04-24T10:28:21.033204+0600 DEBUG Array weights: [473.41, 484.19, 473.44, 483.89, 480.63, 488.33, 471.48, 477.41, 482.93, 504.85, 461.0, 476.67, 476.67, 478.3, 476.37, 476.89]
2023-04-24T10:28:22.225213+0600 DEBUG Array weights: [473.41, 484.19, 473.44, 483.89, 480.63, 488.33, 471.48, 477.41, 482.93, 504.85, 461.0, 476.67, 476.67, 478.3, 476.37, 476.89, 479.22]
2023-04-24T10:28:23.418036+0600 DEBUG Array weights: [473.41, 484.19, 473.44, 483.89, 480.63, 488.33, 471.48, 477.41, 482.93, 504.85, 461.0, 476.67, 476.67, 478.3, 476.37, 476.89, 479.22, 480.67]
2023-04-24T10:28:24.605835+0600 DEBUG Array weights: [473.41, 484.19, 473.44, 483.89, 480.63, 488.33, 471.48, 477.41, 482.93, 504.85, 461.0, 476.67, 476.67, 478.3, 476.37, 476.89, 479.22, 480.67, 305.44]
2023-04-24T10:28:25.797571+0600 DEBUG Array weights: [473.41, 484.19, 473.44, 483.89, 480.63, 488.33, 471.48, 477.41, 482.93, 504.85, 461.0, 476.67, 476.67, 478.3, 476.37, 476.89, 479.22, 480.67, 305.44, 104.63]
2023-04-24T10:28:26.989426+0600 DEBUG Array weights: [473.41, 484.19, 473.44, 483.89, 480.63, 488.33, 471.48, 477.41, 482.93, 504.85, 461.0, 476.67, 476.67, 478.3, 476.37, 476.89, 479.22, 480.67, 305.44, 104.63, 448.33]
2023-04-24T10:28:28.178000+0600 DEBUG Array weights: [473.41, 484.19, 473.44, 483.89, 480.63, 488.33, 471.48, 477.41, 482.93, 504.85, 461.0, 476.67, 476.67, 478.3, 476.37, 476.89, 479.22, 480.67, 305.44, 104.63, 448.33, 189.22]
2023-04-24T10:28:29.368960+0600 DEBUG Array weights: [473.41, 484.19, 473.44, 483.89, 480.63, 488.33, 471.48, 477.41, 482.93, 504.85, 461.0, 476.67, 476.67, 478.3, 476.37, 476.89, 479.22, 480.67, 305.44, 104.63, 448.33, 189.22, 363.59]
2023-04-24T10:28:30.561691+0600 DEBUG Array weights: [473.41, 484.19, 473.44, 483.89, 480.63, 488.33, 471.48, 477.41, 482.93, 504.85, 461.0, 476.67, 476.67, 478.3, 476.37, 476.89, 479.22, 480.67, 305.44, 104.63, 448.33, 189.22, 363.59, 405.41]
2023-04-24T10:28:31.753719+0600 DEBUG Array weights: [473.41, 484.19, 473.44, 483.89, 480.63, 488.33, 471.48, 477.41, 482.93, 504.85, 461.0, 476.67, 476.67, 478.3, 476.37, 476.89, 479.22, 480.67, 305.44, 104.63, 448.33, 189.22, 363.59, 405.41, 470.93]
2023-04-24T10:28:32.940757+0600 DEBUG Array weights: [473.41, 484.19, 473.44, 483.89, 480.63, 488.33, 471.48, 477.41, 482.93, 504.85, 461.0, 476.67, 476.67, 478.3, 476.37, 476.89, 479.22, 480.67, 305.44, 104.63, 448.33, 189.22, 363.59, 405.41, 470.93, 463.44]
2023-04-24T10:28:34.133146+0600 DEBUG Array weights: [473.41, 484.19, 473.44, 483.89, 480.63, 488.33, 471.48, 477.41, 482.93, 504.85, 461.0, 476.67, 476.67, 478.3, 476.37, 476.89, 479.22, 480.67, 305.44, 104.63, 448.33, 189.22, 363.59, 405.41, 470.93, 463.44, 463.89]
2023-04-24T10:28:35.325359+0600 DEBUG Array weights: [473.41, 484.19, 473.44, 483.89, 480.63, 488.33, 471.48, 477.41, 482.93, 504.85, 461.0, 476.67, 476.67, 478.3, 476.37, 476.89, 479.22, 480.67, 305.44, 104.63, 448.33, 189.22, 363.59, 405.41, 470.93, 463.44, 463.89, 375.15]
2023-04-24T10:28:36.517211+0600 DEBUG Array weights: [473.41, 484.19, 473.44, 483.89, 480.63, 488.33, 471.48, 477.41, 482.93, 504.85, 461.0, 476.67, 476.67, 478.3, 476.37, 476.89, 479.22, 480.67, 305.44, 104.63, 448.33, 189.22, 363.59, 405.41, 470.93, 463.44, 463.89, 375.15, 385.56]
2023-04-24T10:28:37.705617+0600 DEBUG Array weights: [473.41, 484.19, 473.44, 483.89, 480.63, 488.33, 471.48, 477.41, 482.93, 504.85, 461.0, 476.67, 476.67, 478.3, 476.37, 476.89, 479.22, 480.67, 305.44, 104.63, 448.33, 189.22, 363.59, 405.41, 470.93, 463.44, 463.89, 375.15, 385.56, 385.37]
2023-04-24T10:28:38.897734+0600 DEBUG Array weights: [473.41, 484.19, 473.44, 483.89, 480.63, 488.33, 471.48, 477.41, 482.93, 504.85, 461.0, 476.67, 476.67, 478.3, 476.37, 476.89, 479.22, 480.67, 305.44, 104.63, 448.33, 189.22, 363.59, 405.41, 470.93, 463.44, 463.89, 375.15, 385.56, 385.37, 385.48]
2023-04-24T10:28:40.089411+0600 DEBUG Array weights: [473.41, 484.19, 473.44, 483.89, 480.63, 488.33, 471.48, 477.41, 482.93, 504.85, 461.0, 476.67, 476.67, 478.3, 476.37, 476.89, 479.22, 480.67, 305.44, 104.63, 448.33, 189.22, 363.59, 405.41, 470.93, 463.44, 463.89, 375.15, 385.56, 385.37, 385.48, 374.15]
2023-04-24T10:28:41.281855+0600 DEBUG Array weights: [473.41, 484.19, 473.44, 483.89, 480.63, 488.33, 471.48, 477.41, 482.93, 504.85, 461.0, 476.67, 476.67, 478.3, 476.37, 476.89, 479.22, 480.67, 305.44, 104.63, 448.33, 189.22, 363.59, 405.41, 470.93, 463.44, 463.89, 375.15, 385.56, 385.37, 385.48, 374.15, 425.22]
2023-04-24T10:28:42.468807+0600 DEBUG Array weights: [473.41, 484.19, 473.44, 483.89, 480.63, 488.33, 471.48, 477.41, 482.93, 504.85, 461.0, 476.67, 476.67, 478.3, 476.37, 476.89, 479.22, 480.67, 305.44, 104.63, 448.33, 189.22, 363.59, 405.41, 470.93, 463.44, 463.89, 375.15, 385.56, 385.37, 385.48, 374.15, 425.22, 432.07]
2023-04-24T10:28:43.661262+0600 DEBUG Array weights: [473.41, 484.19, 473.44, 483.89, 480.63, 488.33, 471.48, 477.41, 482.93, 504.85, 461.0, 476.67, 476.67, 478.3, 476.37, 476.89, 479.22, 480.67, 305.44, 104.63, 448.33, 189.22, 363.59, 405.41, 470.93, 463.44, 463.89, 375.15, 385.56, 385.37, 385.48, 374.15, 425.22, 432.07, 404.85]
2023-04-24T10:28:44.853006+0600 DEBUG Array weights: [473.41, 484.19, 473.44, 483.89, 480.63, 488.33, 471.48, 477.41, 482.93, 504.85, 461.0, 476.67, 476.67, 478.3, 476.37, 476.89, 479.22, 480.67, 305.44, 104.63, 448.33, 189.22, 363.59, 405.41, 470.93, 463.44, 463.89, 375.15, 385.56, 385.37, 385.48, 374.15, 425.22, 432.07, 404.85, 345.63]
2023-04-24T10:28:46.044945+0600 DEBUG Array weights: [473.41, 484.19, 473.44, 483.89, 480.63, 488.33, 471.48, 477.41, 482.93, 504.85, 461.0, 476.67, 476.67, 478.3, 476.37, 476.89, 479.22, 480.67, 305.44, 104.63, 448.33, 189.22, 363.59, 405.41, 470.93, 463.44, 463.89, 375.15, 385.56, 385.37, 385.48, 374.15, 425.22, 432.07, 404.85, 345.63, 349.41]
2023-04-24T10:28:47.236881+0600 DEBUG Array weights: [473.41, 484.19, 473.44, 483.89, 480.63, 488.33, 471.48, 477.41, 482.93, 504.85, 461.0, 476.67, 476.67, 478.3, 476.37, 476.89, 479.22, 480.67, 305.44, 104.63, 448.33, 189.22, 363.59, 405.41, 470.93, 463.44, 463.89, 375.15, 385.56, 385.37, 385.48, 374.15, 425.22, 432.07, 404.85, 345.63, 349.41, 352.78]
2023-04-24T10:28:48.425730+0600 DEBUG Array weights: [473.41, 484.19, 473.44, 483.89, 480.63, 488.33, 471.48, 477.41, 482.93, 504.85, 461.0, 476.67, 476.67, 478.3, 476.37, 476.89, 479.22, 480.67, 305.44, 104.63, 448.33, 189.22, 363.59, 405.41, 470.93, 463.44, 463.89, 375.15, 385.56, 385.37, 385.48, 374.15, 425.22, 432.07, 404.85, 345.63, 349.41, 352.78, 352.7]
2023-04-24T10:28:49.617485+0600 DEBUG Array weights: [473.41, 484.19, 473.44, 483.89, 480.63, 488.33, 471.48, 477.41, 482.93, 504.85, 461.0, 476.67, 476.67, 478.3, 476.37, 476.89, 479.22, 480.67, 305.44, 104.63, 448.33, 189.22, 363.59, 405.41, 470.93, 463.44, 463.89, 375.15, 385.56, 385.37, 385.48, 374.15, 425.22, 432.07, 404.85, 345.63, 349.41, 352.78, 352.7, 354.22]
2023-04-24T10:28:50.809593+0600 DEBUG Array weights: [473.41, 484.19, 473.44, 483.89, 480.63, 488.33, 471.48, 477.41, 482.93, 504.85, 461.0, 476.67, 476.67, 478.3, 476.37, 476.89, 479.22, 480.67, 305.44, 104.63, 448.33, 189.22, 363.59, 405.41, 470.93, 463.44, 463.89, 375.15, 385.56, 385.37, 385.48, 374.15, 425.22, 432.07, 404.85, 345.63, 349.41, 352.78, 352.7, 354.22, 353.85]
2023-04-24T10:28:52.001394+0600 DEBUG Array weights: [473.41, 484.19, 473.44, 483.89, 480.63, 488.33, 471.48, 477.41, 482.93, 504.85, 461.0, 476.67, 476.67, 478.3, 476.37, 476.89, 479.22, 480.67, 305.44, 104.63, 448.33, 189.22, 363.59, 405.41, 470.93, 463.44, 463.89, 375.15, 385.56, 385.37, 385.48, 374.15, 425.22, 432.07, 404.85, 345.63, 349.41, 352.78, 352.7, 354.22, 353.85, 354.7]
2023-04-24T10:28:53.188855+0600 DEBUG Array weights: [473.41, 484.19, 473.44, 483.89, 480.63, 488.33, 471.48, 477.41, 482.93, 504.85, 461.0, 476.67, 476.67, 478.3, 476.37, 476.89, 479.22, 480.67, 305.44, 104.63, 448.33, 189.22, 363.59, 405.41, 470.93, 463.44, 463.89, 375.15, 385.56, 385.37, 385.48, 374.15, 425.22, 432.07, 404.85, 345.63, 349.41, 352.78, 352.7, 354.22, 353.85, 354.7, 373.11]
2023-04-24T10:28:54.380955+0600 DEBUG Array weights: [473.41, 484.19, 473.44, 483.89, 480.63, 488.33, 471.48, 477.41, 482.93, 504.85, 461.0, 476.67, 476.67, 478.3, 476.37, 476.89, 479.22, 480.67, 305.44, 104.63, 448.33, 189.22, 363.59, 405.41, 470.93, 463.44, 463.89, 375.15, 385.56, 385.37, 385.48, 374.15, 425.22, 432.07, 404.85, 345.63, 349.41, 352.78, 352.7, 354.22, 353.85, 354.7, 373.11, 359.96]
2023-04-24T10:28:55.572802+0600 DEBUG Array weights: [473.41, 484.19, 473.44, 483.89, 480.63, 488.33, 471.48, 477.41, 482.93, 504.85, 461.0, 476.67, 476.67, 478.3, 476.37, 476.89, 479.22, 480.67, 305.44, 104.63, 448.33, 189.22, 363.59, 405.41, 470.93, 463.44, 463.89, 375.15, 385.56, 385.37, 385.48, 374.15, 425.22, 432.07, 404.85, 345.63, 349.41, 352.78, 352.7, 354.22, 353.85, 354.7, 373.11, 359.96, 368.96]
2023-04-24T10:28:56.764886+0600 DEBUG Array weights: [473.41, 484.19, 473.44, 483.89, 480.63, 488.33, 471.48, 477.41, 482.93, 504.85, 461.0, 476.67, 476.67, 478.3, 476.37, 476.89, 479.22, 480.67, 305.44, 104.63, 448.33, 189.22, 363.59, 405.41, 470.93, 463.44, 463.89, 375.15, 385.56, 385.37, 385.48, 374.15, 425.22, 432.07, 404.85, 345.63, 349.41, 352.78, 352.7, 354.22, 353.85, 354.7, 373.11, 359.96, 368.96, 356.48]
2023-04-24T10:28:57.956521+0600 DEBUG Array weights: [473.41, 484.19, 473.44, 483.89, 480.63, 488.33, 471.48, 477.41, 482.93, 504.85, 461.0, 476.67, 476.67, 478.3, 476.37, 476.89, 479.22, 480.67, 305.44, 104.63, 448.33, 189.22, 363.59, 405.41, 470.93, 463.44, 463.89, 375.15, 385.56, 385.37, 385.48, 374.15, 425.22, 432.07, 404.85, 345.63, 349.41, 352.78, 352.7, 354.22, 353.85, 354.7, 373.11, 359.96, 368.96, 356.48, 316.56]
2023-04-24T10:28:59.145190+0600 DEBUG Array weights: [473.41, 484.19, 473.44, 483.89, 480.63, 488.33, 471.48, 477.41, 482.93, 504.85, 461.0, 476.67, 476.67, 478.3, 476.37, 476.89, 479.22, 480.67, 305.44, 104.63, 448.33, 189.22, 363.59, 405.41, 470.93, 463.44, 463.89, 375.15, 385.56, 385.37, 385.48, 374.15, 425.22, 432.07, 404.85, 345.63, 349.41, 352.78, 352.7, 354.22, 353.85, 354.7, 373.11, 359.96, 368.96, 356.48, 316.56, 314.52]
2023-04-24T10:29:00.338878+0600 DEBUG Array weights: [473.41, 484.19, 473.44, 483.89, 480.63, 488.33, 471.48, 477.41, 482.93, 504.85, 461.0, 476.67, 476.67, 478.3, 476.37, 476.89, 479.22, 480.67, 305.44, 104.63, 448.33, 189.22, 363.59, 405.41, 470.93, 463.44, 463.89, 375.15, 385.56, 385.37, 385.48, 374.15, 425.22, 432.07, 404.85, 345.63, 349.41, 352.78, 352.7, 354.22, 353.85, 354.7, 373.11, 359.96, 368.96, 356.48, 316.56, 314.52, 304.78]
2023-04-24T10:29:01.528359+0600 DEBUG Array weights: [473.41, 484.19, 473.44, 483.89, 480.63, 488.33, 471.48, 477.41, 482.93, 504.85, 461.0, 476.67, 476.67, 478.3, 476.37, 476.89, 479.22, 480.67, 305.44, 104.63, 448.33, 189.22, 363.59, 405.41, 470.93, 463.44, 463.89, 375.15, 385.56, 385.37, 385.48, 374.15, 425.22, 432.07, 404.85, 345.63, 349.41, 352.78, 352.7, 354.22, 353.85, 354.7, 373.11, 359.96, 368.96, 356.48, 316.56, 314.52, 304.78, 401.11]
2023-04-24T10:29:02.721397+0600 DEBUG Array weights: [473.41, 484.19, 473.44, 483.89, 480.63, 488.33, 471.48, 477.41, 482.93, 504.85, 461.0, 476.67, 476.67, 478.3, 476.37, 476.89, 479.22, 480.67, 305.44, 104.63, 448.33, 189.22, 363.59, 405.41, 470.93, 463.44, 463.89, 375.15, 385.56, 385.37, 385.48, 374.15, 425.22, 432.07, 404.85, 345.63, 349.41, 352.78, 352.7, 354.22, 353.85, 354.7, 373.11, 359.96, 368.96, 356.48, 316.56, 314.52, 304.78, 401.11, 208.11]
2023-04-24T10:29:03.908280+0600 DEBUG Array weights: [473.41, 484.19, 473.44, 483.89, 480.63, 488.33, 471.48, 477.41, 482.93, 504.85, 461.0, 476.67, 476.67, 478.3, 476.37, 476.89, 479.22, 480.67, 305.44, 104.63, 448.33, 189.22, 363.59, 405.41, 470.93, 463.44, 463.89, 375.15, 385.56, 385.37, 385.48, 374.15, 425.22, 432.07, 404.85, 345.63, 349.41, 352.78, 352.7, 354.22, 353.85, 354.7, 373.11, 359.96, 368.96, 356.48, 316.56, 314.52, 304.78, 401.11, 208.11, 147.52]
2023-04-24T10:29:05.100834+0600 DEBUG Array weights: [473.41, 484.19, 473.44, 483.89, 480.63, 488.33, 471.48, 477.41, 482.93, 504.85, 461.0, 476.67, 476.67, 478.3, 476.37, 476.89, 479.22, 480.67, 305.44, 104.63, 448.33, 189.22, 363.59, 405.41, 470.93, 463.44, 463.89, 375.15, 385.56, 385.37, 385.48, 374.15, 425.22, 432.07, 404.85, 345.63, 349.41, 352.78, 352.7, 354.22, 353.85, 354.7, 373.11, 359.96, 368.96, 356.48, 316.56, 314.52, 304.78, 401.11, 208.11, 147.52, 121.93]
2023-04-24T10:29:06.293046+0600 DEBUG Array weights: [473.41, 484.19, 473.44, 483.89, 480.63, 488.33, 471.48, 477.41, 482.93, 504.85, 461.0, 476.67, 476.67, 478.3, 476.37, 476.89, 479.22, 480.67, 305.44, 104.63, 448.33, 189.22, 363.59, 405.41, 470.93, 463.44, 463.89, 375.15, 385.56, 385.37, 385.48, 374.15, 425.22, 432.07, 404.85, 345.63, 349.41, 352.78, 352.7, 354.22, 353.85, 354.7, 373.11, 359.96, 368.96, 356.48, 316.56, 314.52, 304.78, 401.11, 208.11, 147.52, 121.93, 170.11]
2023-04-24T10:29:07.484779+0600 DEBUG Array weights: [473.41, 484.19, 473.44, 483.89, 480.63, 488.33, 471.48, 477.41, 482.93, 504.85, 461.0, 476.67, 476.67, 478.3, 476.37, 476.89, 479.22, 480.67, 305.44, 104.63, 448.33, 189.22, 363.59, 405.41, 470.93, 463.44, 463.89, 375.15, 385.56, 385.37, 385.48, 374.15, 425.22, 432.07, 404.85, 345.63, 349.41, 352.78, 352.7, 354.22, 353.85, 354.7, 373.11, 359.96, 368.96, 356.48, 316.56, 314.52, 304.78, 401.11, 208.11, 147.52, 121.93, 170.11, 152.07]
2023-04-24T10:29:08.676589+0600 DEBUG Array weights: [473.41, 484.19, 473.44, 483.89, 480.63, 488.33, 471.48, 477.41, 482.93, 504.85, 461.0, 476.67, 476.67, 478.3, 476.37, 476.89, 479.22, 480.67, 305.44, 104.63, 448.33, 189.22, 363.59, 405.41, 470.93, 463.44, 463.89, 375.15, 385.56, 385.37, 385.48, 374.15, 425.22, 432.07, 404.85, 345.63, 349.41, 352.78, 352.7, 354.22, 353.85, 354.7, 373.11, 359.96, 368.96, 356.48, 316.56, 314.52, 304.78, 401.11, 208.11, 147.52, 121.93, 170.11, 152.07, 170.33]
2023-04-24T10:29:09.864142+0600 DEBUG Array weights: [473.41, 484.19, 473.44, 483.89, 480.63, 488.33, 471.48, 477.41, 482.93, 504.85, 461.0, 476.67, 476.67, 478.3, 476.37, 476.89, 479.22, 480.67, 305.44, 104.63, 448.33, 189.22, 363.59, 405.41, 470.93, 463.44, 463.89, 375.15, 385.56, 385.37, 385.48, 374.15, 425.22, 432.07, 404.85, 345.63, 349.41, 352.78, 352.7, 354.22, 353.85, 354.7, 373.11, 359.96, 368.96, 356.48, 316.56, 314.52, 304.78, 401.11, 208.11, 147.52, 121.93, 170.11, 152.07, 170.33, 151.26]
2023-04-24T10:29:11.056079+0600 DEBUG Array weights: [473.41, 484.19, 473.44, 483.89, 480.63, 488.33, 471.48, 477.41, 482.93, 504.85, 461.0, 476.67, 476.67, 478.3, 476.37, 476.89, 479.22, 480.67, 305.44, 104.63, 448.33, 189.22, 363.59, 405.41, 470.93, 463.44, 463.89, 375.15, 385.56, 385.37, 385.48, 374.15, 425.22, 432.07, 404.85, 345.63, 349.41, 352.78, 352.7, 354.22, 353.85, 354.7, 373.11, 359.96, 368.96, 356.48, 316.56, 314.52, 304.78, 401.11, 208.11, 147.52, 121.93, 170.11, 152.07, 170.33, 151.26, 196.37]
2023-04-24T10:29:12.249101+0600 DEBUG Array weights: [473.41, 484.19, 473.44, 483.89, 480.63, 488.33, 471.48, 477.41, 482.93, 504.85, 461.0, 476.67, 476.67, 478.3, 476.37, 476.89, 479.22, 480.67, 305.44, 104.63, 448.33, 189.22, 363.59, 405.41, 470.93, 463.44, 463.89, 375.15, 385.56, 385.37, 385.48, 374.15, 425.22, 432.07, 404.85, 345.63, 349.41, 352.78, 352.7, 354.22, 353.85, 354.7, 373.11, 359.96, 368.96, 356.48, 316.56, 314.52, 304.78, 401.11, 208.11, 147.52, 121.93, 170.11, 152.07, 170.33, 151.26, 196.37, 238.63]
2023-04-24T10:29:13.441018+0600 DEBUG Array weights: [473.41, 484.19, 473.44, 483.89, 480.63, 488.33, 471.48, 477.41, 482.93, 504.85, 461.0, 476.67, 476.67, 478.3, 476.37, 476.89, 479.22, 480.67, 305.44, 104.63, 448.33, 189.22, 363.59, 405.41, 470.93, 463.44, 463.89, 375.15, 385.56, 385.37, 385.48, 374.15, 425.22, 432.07, 404.85, 345.63, 349.41, 352.78, 352.7, 354.22, 353.85, 354.7, 373.11, 359.96, 368.96, 356.48, 316.56, 314.52, 304.78, 401.11, 208.11, 147.52, 121.93, 170.11, 152.07, 170.33, 151.26, 196.37, 238.63, 116.52]
2023-04-24T10:29:14.628210+0600 DEBUG Array weights: [473.41, 484.19, 473.44, 483.89, 480.63, 488.33, 471.48, 477.41, 482.93, 504.85, 461.0, 476.67, 476.67, 478.3, 476.37, 476.89, 479.22, 480.67, 305.44, 104.63, 448.33, 189.22, 363.59, 405.41, 470.93, 463.44, 463.89, 375.15, 385.56, 385.37, 385.48, 374.15, 425.22, 432.07, 404.85, 345.63, 349.41, 352.78, 352.7, 354.22, 353.85, 354.7, 373.11, 359.96, 368.96, 356.48, 316.56, 314.52, 304.78, 401.11, 208.11, 147.52, 121.93, 170.11, 152.07, 170.33, 151.26, 196.37, 238.63, 116.52, 107.0]
2023-04-24T10:29:15.820912+0600 DEBUG Array weights: [473.41, 484.19, 473.44, 483.89, 480.63, 488.33, 471.48, 477.41, 482.93, 504.85, 461.0, 476.67, 476.67, 478.3, 476.37, 476.89, 479.22, 480.67, 305.44, 104.63, 448.33, 189.22, 363.59, 405.41, 470.93, 463.44, 463.89, 375.15, 385.56, 385.37, 385.48, 374.15, 425.22, 432.07, 404.85, 345.63, 349.41, 352.78, 352.7, 354.22, 353.85, 354.7, 373.11, 359.96, 368.96, 356.48, 316.56, 314.52, 304.78, 401.11, 208.11, 147.52, 121.93, 170.11, 152.07, 170.33, 151.26, 196.37, 238.63, 116.52, 107.0, 126.67]
2023-04-24T10:29:17.012704+0600 DEBUG Array weights: [473.41, 484.19, 473.44, 483.89, 480.63, 488.33, 471.48, 477.41, 482.93, 504.85, 461.0, 476.67, 476.67, 478.3, 476.37, 476.89, 479.22, 480.67, 305.44, 104.63, 448.33, 189.22, 363.59, 405.41, 470.93, 463.44, 463.89, 375.15, 385.56, 385.37, 385.48, 374.15, 425.22, 432.07, 404.85, 345.63, 349.41, 352.78, 352.7, 354.22, 353.85, 354.7, 373.11, 359.96, 368.96, 356.48, 316.56, 314.52, 304.78, 401.11, 208.11, 147.52, 121.93, 170.11, 152.07, 170.33, 151.26, 196.37, 238.63, 116.52, 107.0, 126.67, 131.59]
2023-04-24T10:29:18.204411+0600 DEBUG Array weights: [473.41, 484.19, 473.44, 483.89, 480.63, 488.33, 471.48, 477.41, 482.93, 504.85, 461.0, 476.67, 476.67, 478.3, 476.37, 476.89, 479.22, 480.67, 305.44, 104.63, 448.33, 189.22, 363.59, 405.41, 470.93, 463.44, 463.89, 375.15, 385.56, 385.37, 385.48, 374.15, 425.22, 432.07, 404.85, 345.63, 349.41, 352.78, 352.7, 354.22, 353.85, 354.7, 373.11, 359.96, 368.96, 356.48, 316.56, 314.52, 304.78, 401.11, 208.11, 147.52, 121.93, 170.11, 152.07, 170.33, 151.26, 196.37, 238.63, 116.52, 107.0, 126.67, 131.59, 96.11]
2023-04-24T10:29:19.392188+0600 DEBUG Array weights: [473.41, 484.19, 473.44, 483.89, 480.63, 488.33, 471.48, 477.41, 482.93, 504.85, 461.0, 476.67, 476.67, 478.3, 476.37, 476.89, 479.22, 480.67, 305.44, 104.63, 448.33, 189.22, 363.59, 405.41, 470.93, 463.44, 463.89, 375.15, 385.56, 385.37, 385.48, 374.15, 425.22, 432.07, 404.85, 345.63, 349.41, 352.78, 352.7, 354.22, 353.85, 354.7, 373.11, 359.96, 368.96, 356.48, 316.56, 314.52, 304.78, 401.11, 208.11, 147.52, 121.93, 170.11, 152.07, 170.33, 151.26, 196.37, 238.63, 116.52, 107.0, 126.67, 131.59, 96.11, 87.67]
2023-04-24T10:29:20.584789+0600 DEBUG Array weights: [473.41, 484.19, 473.44, 483.89, 480.63, 488.33, 471.48, 477.41, 482.93, 504.85, 461.0, 476.67, 476.67, 478.3, 476.37, 476.89, 479.22, 480.67, 305.44, 104.63, 448.33, 189.22, 363.59, 405.41, 470.93, 463.44, 463.89, 375.15, 385.56, 385.37, 385.48, 374.15, 425.22, 432.07, 404.85, 345.63, 349.41, 352.78, 352.7, 354.22, 353.85, 354.7, 373.11, 359.96, 368.96, 356.48, 316.56, 314.52, 304.78, 401.11, 208.11, 147.52, 121.93, 170.11, 152.07, 170.33, 151.26, 196.37, 238.63, 116.52, 107.0, 126.67, 131.59, 96.11, 87.67, 171.7]
2023-04-24T10:29:21.776934+0600 DEBUG Array weights: [473.41, 484.19, 473.44, 483.89, 480.63, 488.33, 471.48, 477.41, 482.93, 504.85, 461.0, 476.67, 476.67, 478.3, 476.37, 476.89, 479.22, 480.67, 305.44, 104.63, 448.33, 189.22, 363.59, 405.41, 470.93, 463.44, 463.89, 375.15, 385.56, 385.37, 385.48, 374.15, 425.22, 432.07, 404.85, 345.63, 349.41, 352.78, 352.7, 354.22, 353.85, 354.7, 373.11, 359.96, 368.96, 356.48, 316.56, 314.52, 304.78, 401.11, 208.11, 147.52, 121.93, 170.11, 152.07, 170.33, 151.26, 196.37, 238.63, 116.52, 107.0, 126.67, 131.59, 96.11, 87.67, 171.7, 417.22]
2023-04-24T10:29:22.968621+0600 DEBUG Array weights: [473.41, 484.19, 473.44, 483.89, 480.63, 488.33, 471.48, 477.41, 482.93, 504.85, 461.0, 476.67, 476.67, 478.3, 476.37, 476.89, 479.22, 480.67, 305.44, 104.63, 448.33, 189.22, 363.59, 405.41, 470.93, 463.44, 463.89, 375.15, 385.56, 385.37, 385.48, 374.15, 425.22, 432.07, 404.85, 345.63, 349.41, 352.78, 352.7, 354.22, 353.85, 354.7, 373.11, 359.96, 368.96, 356.48, 316.56, 314.52, 304.78, 401.11, 208.11, 147.52, 121.93, 170.11, 152.07, 170.33, 151.26, 196.37, 238.63, 116.52, 107.0, 126.67, 131.59, 96.11, 87.67, 171.7, 417.22, 370.59]
2023-04-24T10:29:24.160280+0600 DEBUG Array weights: [473.41, 484.19, 473.44, 483.89, 480.63, 488.33, 471.48, 477.41, 482.93, 504.85, 461.0, 476.67, 476.67, 478.3, 476.37, 476.89, 479.22, 480.67, 305.44, 104.63, 448.33, 189.22, 363.59, 405.41, 470.93, 463.44, 463.89, 375.15, 385.56, 385.37, 385.48, 374.15, 425.22, 432.07, 404.85, 345.63, 349.41, 352.78, 352.7, 354.22, 353.85, 354.7, 373.11, 359.96, 368.96, 356.48, 316.56, 314.52, 304.78, 401.11, 208.11, 147.52, 121.93, 170.11, 152.07, 170.33, 151.26, 196.37, 238.63, 116.52, 107.0, 126.67, 131.59, 96.11, 87.67, 171.7, 417.22, 370.59, 194.93]
2023-04-24T10:29:24.397322+0600 INFO Start weight: 370.59
2023-04-24T10:29:24.398602+0600 INFO Start time: 9993.28192191
2023-04-24T10:29:24.399533+0600 INFO main: weight_finall
2023-04-24T10:29:24.400359+0600 DEBUG START RFID FUNCTION
2023-04-24T10:29:24.401091+0600 DEBUG START Animal ID animal_id: b'435400040001'
2023-04-24T10:29:24.401789+0600 DEBUG START Null id null_id : b'435400040001'
2023-04-24T10:29:24.814317+0600 DEBUG Raw ID animal_id: b'43540028004501c38d13091e0102011b0101e2806894000040103003d496e2806894200040103003d496cbcf'
2023-04-24T10:29:24.815865+0600 DEBUG New ID animal_id_new: 40103003d496
2023-04-24T10:29:24.817091+0600 DEBUG Null id null_id : b'435400040001'
2023-04-24T10:29:24.818266+0600 DEBUG Success step 2 RFID. animal id new: 40103003d496
2023-04-24T10:29:24.819309+0600 INFO Animal_ID: 40103003d496
2023-04-24T10:29:25.296961+0600 INFO Distance: 138.0
2023-04-24T10:29:25.304023+0600 INFO ARDUINOSerial<id=0x75ab98e0, open=True>(port='/dev/ttyACM0', baudrate=9600, bytesize=8, parity='N', stopbits=1, timeout=1, xonxoff=False, rtscts=False, dsrdtr=False)
2023-04-24T10:29:26.421519+0600 ERROR Error, null weight list
2023-04-24T10:29:26.423470+0600 INFO Start weight: 0
2023-04-24T10:29:26.424944+0600 INFO Start time: 9995.308250253
2023-04-24T10:29:26.426291+0600 INFO main: weight_finall
2023-04-24T10:29:26.428143+0600 DEBUG START RFID FUNCTION
2023-04-24T10:29:26.429708+0600 DEBUG START Animal ID animal_id: b'435400040001'
2023-04-24T10:29:26.431229+0600 DEBUG START Null id null_id : b'435400040001'
2023-04-24T10:29:32.763104+0600 DEBUG Raw ID animal_id: b'43540028004501c38d13091e0102011b0101e2806894000040103003d496e2806894200040103003d496c8d2'
2023-04-24T10:29:32.765094+0600 DEBUG New ID animal_id_new: 40103003d496
2023-04-24T10:29:32.767111+0600 DEBUG Null id null_id : b'435400040001'
2023-04-24T10:29:32.769385+0600 DEBUG Success step 2 RFID. animal id new: 40103003d496
2023-04-24T10:29:32.771494+0600 INFO Animal_ID: 40103003d496
2023-04-24T10:29:33.327807+0600 INFO Distance: 138.0
2023-04-24T10:29:33.330236+0600 INFO ARDUINOSerial<id=0x75ab99e8, open=True>(port='/dev/ttyACM0', baudrate=9600, bytesize=8, parity='N', stopbits=1, timeout=1, xonxoff=False, rtscts=False, dsrdtr=False)
2023-04-24T10:29:35.592378+0600 DEBUG Array weights: [36.96]
2023-04-24T10:29:36.784134+0600 DEBUG Array weights: [36.96, 37.96]
2023-04-24T10:29:37.977020+0600 DEBUG Array weights: [36.96, 37.96, 38.19]
2023-04-24T10:29:39.168410+0600 DEBUG Array weights: [36.96, 37.96, 38.19, 37.44]
2023-04-24T10:29:40.357078+0600 DEBUG Array weights: [36.96, 37.96, 38.19, 37.44, 37.48]
2023-04-24T10:29:41.549133+0600 DEBUG Array weights: [36.96, 37.96, 38.19, 37.44, 37.48, 37.85]
2023-04-24T10:29:42.740039+0600 DEBUG Array weights: [36.96, 37.96, 38.19, 37.44, 37.48, 37.85, 37.04]
2023-04-24T10:29:43.932432+0600 DEBUG Array weights: [36.96, 37.96, 38.19, 37.44, 37.48, 37.85, 37.04, 37.07]
2023-04-24T10:29:45.124532+0600 DEBUG Array weights: [36.96, 37.96, 38.19, 37.44, 37.48, 37.85, 37.04, 37.07, 37.11]
2023-04-24T10:29:46.313136+0600 DEBUG Array weights: [36.96, 37.96, 38.19, 37.44, 37.48, 37.85, 37.04, 37.07, 37.11, 37.3]
2023-04-24T10:29:47.503774+0600 DEBUG Array weights: [36.96, 37.96, 38.19, 37.44, 37.48, 37.85, 37.04, 37.07, 37.11, 37.3, -121.78]
2023-04-24T10:29:47.624636+0600 INFO Start weight: 37.3
2023-04-24T10:29:47.629643+0600 INFO Start time: 10016.512682374
2023-04-24T10:29:47.634427+0600 INFO main: weight_finall
2023-04-24T10:29:47.639512+0600 DEBUG START RFID FUNCTION
2023-04-24T10:29:47.644621+0600 DEBUG START Animal ID animal_id: b'435400040001'
2023-04-24T10:29:47.650630+0600 DEBUG START Null id null_id : b'435400040001'
2023-04-24T10:29:47.815054+0600 DEBUG Raw ID animal_id: b'43540028004501c38d13091e0102011b0101e2806894000040103003d496e2806894200040103003d496cdcd'
2023-04-24T10:29:47.821026+0600 DEBUG New ID animal_id_new: 40103003d496
2023-04-24T10:29:47.826260+0600 DEBUG Null id null_id : b'435400040001'
2023-04-24T10:29:47.833366+0600 DEBUG Success step 2 RFID. animal id new: 40103003d496
2023-04-24T10:29:47.841560+0600 INFO Animal_ID: 40103003d496
2023-04-24T10:29:48.394213+0600 INFO Distance: 138.0
2023-04-24T10:29:48.396458+0600 INFO ARDUINOSerial<id=0x75ab98e0, open=True>(port='/dev/ttyACM0', baudrate=9600, bytesize=8, parity='N', stopbits=1, timeout=1, xonxoff=False, rtscts=False, dsrdtr=False)
2023-04-24T10:29:49.528247+0600 ERROR Error, null weight list
2023-04-24T10:29:49.529907+0600 INFO Start weight: 0
2023-04-24T10:29:49.531363+0600 INFO Start time: 10018.414670106
2023-04-24T10:29:49.532708+0600 INFO main: weight_finall
2023-04-24T10:29:49.534065+0600 DEBUG START RFID FUNCTION
2023-04-24T10:29:49.535350+0600 DEBUG START Animal ID animal_id: b'435400040001'
2023-04-24T10:29:49.536540+0600 DEBUG START Null id null_id : b'435400040001'
2023-04-24T10:29:52.963766+0600 DEBUG Raw ID animal_id: b'43540028004501c38d13091e0102011b0101e2806894000040103003d496e2806894200040103003d496c3d7'
2023-04-24T10:29:52.969039+0600 DEBUG New ID animal_id_new: 40103003d496
2023-04-24T10:29:52.973754+0600 DEBUG Null id null_id : b'435400040001'
2023-04-24T10:29:52.979047+0600 DEBUG Success step 2 RFID. animal id new: 40103003d496
2023-04-24T10:29:52.980846+0600 INFO Animal_ID: 40103003d496
2023-04-24T10:29:53.416582+0600 INFO Distance: 151.0
2023-04-24T10:29:53.419000+0600 INFO ARDUINOSerial<id=0x75ab99e8, open=True>(port='/dev/ttyACM0', baudrate=9600, bytesize=8, parity='N', stopbits=1, timeout=1, xonxoff=False, rtscts=False, dsrdtr=False)
2023-04-24T10:29:55.725144+0600 DEBUG Array weights: [33.33]
2023-04-24T10:29:56.913911+0600 DEBUG Array weights: [33.33, 34.07]
2023-04-24T10:29:58.104661+0600 DEBUG Array weights: [33.33, 34.07, 36.04]
2023-04-24T10:29:59.297781+0600 DEBUG Array weights: [33.33, 34.07, 36.04, 34.52]
2023-04-24T10:30:00.489579+0600 DEBUG Array weights: [33.33, 34.07, 36.04, 34.52, 34.0]
2023-04-24T10:30:01.681419+0600 DEBUG Array weights: [33.33, 34.07, 36.04, 34.52, 34.0, 338.96]
2023-04-24T10:30:02.868927+0600 DEBUG Array weights: [33.33, 34.07, 36.04, 34.52, 34.0, 338.96, 321.44]
2023-04-24T10:30:04.061345+0600 DEBUG Array weights: [33.33, 34.07, 36.04, 34.52, 34.0, 338.96, 321.44, 390.59]
2023-04-24T10:30:05.253221+0600 DEBUG Array weights: [33.33, 34.07, 36.04, 34.52, 34.0, 338.96, 321.44, 390.59, 430.56]
2023-04-24T10:30:06.445049+0600 DEBUG Array weights: [33.33, 34.07, 36.04, 34.52, 34.0, 338.96, 321.44, 390.59, 430.56, 456.04]
2023-04-24T10:30:07.633633+0600 DEBUG Array weights: [33.33, 34.07, 36.04, 34.52, 34.0, 338.96, 321.44, 390.59, 430.56, 456.04, 269.74]
2023-04-24T10:30:08.825132+0600 DEBUG Array weights: [33.33, 34.07, 36.04, 34.52, 34.0, 338.96, 321.44, 390.59, 430.56, 456.04, 269.74, 415.85]
2023-04-24T10:30:10.017178+0600 DEBUG Array weights: [33.33, 34.07, 36.04, 34.52, 34.0, 338.96, 321.44, 390.59, 430.56, 456.04, 269.74, 415.85, 458.15]
2023-04-24T10:30:11.209116+0600 DEBUG Array weights: [33.33, 34.07, 36.04, 34.52, 34.0, 338.96, 321.44, 390.59, 430.56, 456.04, 269.74, 415.85, 458.15, 235.0]
2023-04-24T10:30:12.401162+0600 DEBUG Array weights: [33.33, 34.07, 36.04, 34.52, 34.0, 338.96, 321.44, 390.59, 430.56, 456.04, 269.74, 415.85, 458.15, 235.0, 232.3]
2023-04-24T10:30:13.588744+0600 DEBUG Array weights: [33.33, 34.07, 36.04, 34.52, 34.0, 338.96, 321.44, 390.59, 430.56, 456.04, 269.74, 415.85, 458.15, 235.0, 232.3, 231.78]
2023-04-24T10:30:14.780768+0600 DEBUG Array weights: [33.33, 34.07, 36.04, 34.52, 34.0, 338.96, 321.44, 390.59, 430.56, 456.04, 269.74, 415.85, 458.15, 235.0, 232.3, 231.78, 230.07]
2023-04-24T10:30:15.972787+0600 DEBUG Array weights: [33.33, 34.07, 36.04, 34.52, 34.0, 338.96, 321.44, 390.59, 430.56, 456.04, 269.74, 415.85, 458.15, 235.0, 232.3, 231.78, 230.07, 216.85]
2023-04-24T10:30:17.164911+0600 DEBUG Array weights: [33.33, 34.07, 36.04, 34.52, 34.0, 338.96, 321.44, 390.59, 430.56, 456.04, 269.74, 415.85, 458.15, 235.0, 232.3, 231.78, 230.07, 216.85, 207.07]
2023-04-24T10:30:18.357266+0600 DEBUG Array weights: [33.33, 34.07, 36.04, 34.52, 34.0, 338.96, 321.44, 390.59, 430.56, 456.04, 269.74, 415.85, 458.15, 235.0, 232.3, 231.78, 230.07, 216.85, 207.07, 202.74]
2023-04-24T10:30:19.545340+0600 DEBUG Array weights: [33.33, 34.07, 36.04, 34.52, 34.0, 338.96, 321.44, 390.59, 430.56, 456.04, 269.74, 415.85, 458.15, 235.0, 232.3, 231.78, 230.07, 216.85, 207.07, 202.74, 201.15]
2023-04-24T10:30:20.737034+0600 DEBUG Array weights: [33.33, 34.07, 36.04, 34.52, 34.0, 338.96, 321.44, 390.59, 430.56, 456.04, 269.74, 415.85, 458.15, 235.0, 232.3, 231.78, 230.07, 216.85, 207.07, 202.74, 201.15, 192.78]
2023-04-24T10:30:21.929030+0600 DEBUG Array weights: [33.33, 34.07, 36.04, 34.52, 34.0, 338.96, 321.44, 390.59, 430.56, 456.04, 269.74, 415.85, 458.15, 235.0, 232.3, 231.78, 230.07, 216.85, 207.07, 202.74, 201.15, 192.78, 191.07]
2023-04-24T10:30:23.120347+0600 DEBUG Array weights: [33.33, 34.07, 36.04, 34.52, 34.0, 338.96, 321.44, 390.59, 430.56, 456.04, 269.74, 415.85, 458.15, 235.0, 232.3, 231.78, 230.07, 216.85, 207.07, 202.74, 201.15, 192.78, 191.07, 183.07]
2023-04-24T10:30:24.312299+0600 DEBUG Array weights: [33.33, 34.07, 36.04, 34.52, 34.0, 338.96, 321.44, 390.59, 430.56, 456.04, 269.74, 415.85, 458.15, 235.0, 232.3, 231.78, 230.07, 216.85, 207.07, 202.74, 201.15, 192.78, 191.07, 183.07, 184.3]
2023-04-24T10:30:25.500595+0600 DEBUG Array weights: [33.33, 34.07, 36.04, 34.52, 34.0, 338.96, 321.44, 390.59, 430.56, 456.04, 269.74, 415.85, 458.15, 235.0, 232.3, 231.78, 230.07, 216.85, 207.07, 202.74, 201.15, 192.78, 191.07, 183.07, 184.3, 183.67]
2023-04-24T10:30:26.693019+0600 DEBUG Array weights: [33.33, 34.07, 36.04, 34.52, 34.0, 338.96, 321.44, 390.59, 430.56, 456.04, 269.74, 415.85, 458.15, 235.0, 232.3, 231.78, 230.07, 216.85, 207.07, 202.74, 201.15, 192.78, 191.07, 183.07, 184.3, 183.67, 183.3]
2023-04-24T10:30:27.885104+0600 DEBUG Array weights: [33.33, 34.07, 36.04, 34.52, 34.0, 338.96, 321.44, 390.59, 430.56, 456.04, 269.74, 415.85, 458.15, 235.0, 232.3, 231.78, 230.07, 216.85, 207.07, 202.74, 201.15, 192.78, 191.07, 183.07, 184.3, 183.67, 183.3, 182.74]
2023-04-24T10:30:29.076583+0600 DEBUG Array weights: [33.33, 34.07, 36.04, 34.52, 34.0, 338.96, 321.44, 390.59, 430.56, 456.04, 269.74, 415.85, 458.15, 235.0, 232.3, 231.78, 230.07, 216.85, 207.07, 202.74, 201.15, 192.78, 191.07, 183.07, 184.3, 183.67, 183.3, 182.74, 182.89]
2023-04-24T10:30:30.268746+0600 DEBUG Array weights: [33.33, 34.07, 36.04, 34.52, 34.0, 338.96, 321.44, 390.59, 430.56, 456.04, 269.74, 415.85, 458.15, 235.0, 232.3, 231.78, 230.07, 216.85, 207.07, 202.74, 201.15, 192.78, 191.07, 183.07, 184.3, 183.67, 183.3, 182.74, 182.89, 182.48]
2023-04-24T10:30:31.219224+0600 INFO Start weight: 201.945
2023-04-24T10:30:31.221117+0600 INFO Start time: 10060.104413877
2023-04-24T10:30:31.222713+0600 INFO main: weight_finall
2023-04-24T10:30:31.224359+0600 DEBUG START RFID FUNCTION
2023-04-24T10:30:31.225879+0600 DEBUG START Animal ID animal_id: b'435400040001'
2023-04-24T10:30:31.227531+0600 DEBUG START Null id null_id : b'435400040001'
2023-04-24T10:30:31.261475+0600 DEBUG Raw ID animal_id: b'43540028004501c38d13091e0102011b0101e2806894000040103003d496e2806894200040103003d496d4c6'
2023-04-24T10:30:31.263314+0600 DEBUG New ID animal_id_new: 40103003d496
2023-04-24T10:30:31.265164+0600 DEBUG Null id null_id : b'435400040001'
2023-04-24T10:30:31.267309+0600 DEBUG Success step 2 RFID. animal id new: 40103003d496
2023-04-24T10:30:31.269013+0600 INFO Animal_ID: 40103003d496
2023-04-24T10:30:31.576897+0600 INFO Distance: 22.0
2023-04-24T10:30:31.579181+0600 INFO ARDUINOSerial<id=0x75a5a1f0, open=True>(port='/dev/ttyACM0', baudrate=9600, bytesize=8, parity='N', stopbits=1, timeout=1, xonxoff=False, rtscts=False, dsrdtr=False)
2023-04-24T10:30:32.649035+0600 ERROR Error, null weight list
2023-04-24T10:30:32.651049+0600 INFO Start weight: 0
2023-04-24T10:30:32.652774+0600 INFO Start time: 10061.536065566
2023-04-24T10:30:32.654264+0600 INFO main: weight_finall
2023-04-24T10:30:40.613072+0600 ERROR Main error: could not convert string to float: ''
