2023-04-18T14:59:20.495013+0600 INFO ("[1] to calibrate
" "[2] to start measure
>")
2023-04-18T14:59:29.205970+0600 DEBUG START RFID FUNCTION
2023-04-18T14:59:29.207967+0600 DEBUG START Animal ID animal_id: b'435400040001'
2023-04-18T14:59:29.209601+0600 DEBUG START Null id null_id : b'435400040001'
2023-04-18T14:59:29.490297+0600 DEBUG Raw ID animal_id: b'43540028004501c38d13091e0102011b0101e2806894000040103003d496e2806894200040103003d496bddd'
2023-04-18T14:59:29.492354+0600 DEBUG New ID animal_id_new: 40103003d496
2023-04-18T14:59:29.493956+0600 DEBUG Null id null_id : b'435400040001'
2023-04-18T14:59:29.495705+0600 DEBUG Success step 2 RFID. animal id new: 40103003d496
2023-04-18T14:59:29.497514+0600 ERROR An error has been caught in function '<module>', process 'MainProcess' (13350), thread 'MainThread' (1996454272):
Traceback (most recent call last):

  File "/home/pi/Downloads/max/main_pcf.py", line 32, in main
    sensor_distance=pcf.connect_arduino_to_get_dist(s)
                    │   └ <function connect_arduino_to_get_dist at 0x75b17bb0>
                    └ <module 'lib_test' from '/home/pi/Downloads/max/lib_test.py'>

NameError: name 's' is not defined


During handling of the above exception, another exception occurred:


Traceback (most recent call last):

> File "/home/pi/Downloads/max/main_pcf.py", line 53, in <module>
    main()
    └ <function main at 0x75b17cd0>

  File "/home/pi/Downloads/max/main_pcf.py", line 49, in main
    arduino.disconnect()

UnboundLocalError: local variable 'arduino' referenced before assignment
