2023-04-24T12:16:56.178618+0600 INFO Connect arduino /dev/ttyACM1
2023-04-24T12:16:56.181380+0600 INFO Configuration of serial, Serial<id=0x75af9688, open=True>(port='/dev/ttyACM1', baudrate=9600, bytesize=8, parity='N', stopbits=1, timeout=None, xonxoff=False, rtscts=False, dsrdtr=False)
2023-04-24T12:16:56.182946+0600 INFO Success: Arduino connected
2023-04-24T12:16:56.189531+0600 INFO ("[1] to calibrate
" "[2] to start measure
>")
2023-04-24T12:17:02.285872+0600 INFO Animal_ID: 435400040001
2023-04-24T12:17:02.959175+0600 INFO Distance: 155.0
2023-04-24T12:17:02.960416+0600 DEBUG START RFID FUNCTION
2023-04-24T12:17:02.961572+0600 DEBUG START Animal ID animal_id: b'435400040001'
2023-04-24T12:17:02.962558+0600 DEBUG START Null id null_id : b'435400040001'
2023-04-24T12:17:03.210110+0600 DEBUG Raw ID animal_id: b'43540028004501c38d13091e0102011b0101e2806894000040103003d496e2806894200040103003d496c4d6'
2023-04-24T12:17:03.212295+0600 DEBUG New ID animal_id_new: 40103003d496
2023-04-24T12:17:03.214018+0600 DEBUG Null id null_id : b'435400040001'
2023-04-24T12:17:03.216201+0600 DEBUG Success step 2 RFID. animal id new: 40103003d496
2023-04-24T12:17:03.220269+0600 INFO ARDUINOSerial<id=0x75af9d48, open=True>(port='/dev/ttyACM0', baudrate=9600, bytesize=8, parity='N', stopbits=1, timeout=1, xonxoff=False, rtscts=False, dsrdtr=False)
2023-04-24T12:17:06.393071+0600 DEBUG Array weights: [170.74]
2023-04-24T12:17:07.584748+0600 DEBUG Array weights: [170.74, 170.11]
2023-04-24T12:17:08.776474+0600 DEBUG Array weights: [170.74, 170.11, 169.89]
2023-04-24T12:17:09.968271+0600 DEBUG Array weights: [170.74, 170.11, 169.89, 169.52]
2023-04-24T12:17:11.161340+0600 DEBUG Array weights: [170.74, 170.11, 169.89, 169.52, 169.85]
2023-04-24T12:17:12.349071+0600 DEBUG Array weights: [170.74, 170.11, 169.89, 169.52, 169.85, 169.81]
2023-04-24T12:17:13.540133+0600 DEBUG Array weights: [170.74, 170.11, 169.89, 169.52, 169.85, 169.81, 159.48]
2023-04-24T12:17:13.901295+0600 INFO Start weight: 169.85
2023-04-24T12:17:13.903078+0600 INFO Start time: 16462.78638655
2023-04-24T12:17:13.904844+0600 INFO Animal_ID: 435400040001
2023-04-24T12:17:14.002232+0600 INFO Distance: 19.0
2023-04-24T12:17:14.007414+0600 DEBUG START RFID FUNCTION
2023-04-24T12:17:14.011971+0600 DEBUG START Animal ID animal_id: b'435400040001'
2023-04-24T12:17:14.014926+0600 DEBUG START Null id null_id : b'435400040001'
2023-04-24T12:17:14.110509+0600 DEBUG Raw ID animal_id: b'43540028004501c38d13091e0102011b0101e2806894000040103003d496e2806894200040103003d496d6c4'
2023-04-24T12:17:14.117009+0600 DEBUG New ID animal_id_new: 40103003d496
2023-04-24T12:17:14.123622+0600 DEBUG Null id null_id : b'435400040001'
2023-04-24T12:17:14.130083+0600 DEBUG Success step 2 RFID. animal id new: 40103003d496
2023-04-24T12:17:14.134339+0600 INFO ARDUINOSerial<id=0x75af9d78, open=True>(port='/dev/ttyACM0', baudrate=9600, bytesize=8, parity='N', stopbits=1, timeout=1, xonxoff=False, rtscts=False, dsrdtr=False)
2023-04-24T12:17:15.805832+0600 ERROR Error, null weight list
2023-04-24T12:17:15.808133+0600 INFO Start weight: 0
2023-04-24T12:17:15.809903+0600 INFO Start time: 16464.693198836
2023-04-24T12:17:15.811599+0600 INFO End_time: 16464.694900169
2023-04-24T12:17:15.924770+0600 ERROR Error, null weight list
2023-04-24T12:17:15.929471+0600 INFO End_weight: 0
2023-04-24T12:17:17.015534+0600 INFO Sensor_distance: 20
2023-04-24T12:17:17.017622+0600 INFO End_time: 16465.900910108
2023-04-24T12:17:18.308719+0600 DEBUG Array weights: [102.33]
2023-04-24T12:17:19.500717+0600 DEBUG Array weights: [102.33, 101.67]
2023-04-24T12:17:20.692331+0600 DEBUG Array weights: [102.33, 101.67, 101.52]
2023-04-24T12:17:21.879374+0600 DEBUG Array weights: [102.33, 101.67, 101.52, 102.41]
2023-04-24T12:17:23.071734+0600 DEBUG Array weights: [102.33, 101.67, 101.52, 102.41, 102.56]
2023-04-24T12:17:24.263808+0600 DEBUG Array weights: [102.33, 101.67, 101.52, 102.41, 102.56, 101.15]
2023-04-24T12:17:25.455466+0600 DEBUG Array weights: [102.33, 101.67, 101.52, 102.41, 102.56, 101.15, 104.96]
2023-04-24T12:17:26.172257+0600 INFO End_weight: 102.33
2023-04-24T12:17:28.063381+0600 INFO Sensor_distance: 151
2023-04-24T12:17:28.065545+0600 INFO Feed_time: 1.2077112719998695
2023-04-24T12:17:28.067762+0600 INFO Feed_time_rounded: 1.21
2023-04-24T12:17:28.069506+0600 INFO Final_weight: -102.33
2023-04-24T12:17:28.071284+0600 INFO Final_weight: -102.33
2023-04-24T12:17:28.073026+0600 INFO main: Send data to server
2023-04-24T12:17:28.074799+0600 DEBUG Post data function start
2023-04-24T12:17:31.516087+0600 ERROR Error post data: HTTPSConnectionPool(host='smart-farm.kz', port=8502): Read timed out. (read timeout=3)
2023-04-24T12:17:31.517562+0600 DEBUG START SEND DATA TO SERVER:
2023-04-24T12:17:31.806809+0600 DEBUG Answer from server: <Response [200]>
2023-04-24T12:17:31.808101+0600 DEBUG Content from main server: b'147931'
2023-04-24T12:17:31.809119+0600 ERROR 4 step send data
2023-04-24T12:17:31.810756+0600 INFO Animal_ID: 435400040001
2023-04-24T12:17:32.076960+0600 INFO Distance: 138.0
2023-04-24T12:17:32.078539+0600 DEBUG START RFID FUNCTION
2023-04-24T12:17:32.079869+0600 DEBUG START Animal ID animal_id: b'435400040001'
2023-04-24T12:17:32.081107+0600 DEBUG START Null id null_id : b'435400040001'
2023-04-24T12:17:32.108206+0600 DEBUG Raw ID animal_id: b'43540028004501c38d13091e0102011b0101e2806894000040103003d496e2806894200040103003d496d6c4'
2023-04-24T12:17:32.110203+0600 DEBUG New ID animal_id_new: 40103003d496
2023-04-24T12:17:32.111963+0600 DEBUG Null id null_id : b'435400040001'
2023-04-24T12:17:32.113727+0600 DEBUG Success step 2 RFID. animal id new: 40103003d496
2023-04-24T12:17:32.117061+0600 INFO ARDUINOSerial<id=0x75af9dc0, open=True>(port='/dev/ttyACM0', baudrate=9600, bytesize=8, parity='N', stopbits=1, timeout=1, xonxoff=False, rtscts=False, dsrdtr=False)
2023-04-24T12:17:35.285531+0600 DEBUG Array weights: [72.04]
2023-04-24T12:17:36.479374+0600 DEBUG Array weights: [72.04, 70.48]
2023-04-24T12:17:37.666485+0600 DEBUG Array weights: [72.04, 70.48, 72.0]
2023-04-24T12:17:38.857864+0600 DEBUG Array weights: [72.04, 70.48, 72.0, 70.96]
2023-04-24T12:17:40.049589+0600 DEBUG Array weights: [72.04, 70.48, 72.0, 70.96, 72.44]
2023-04-24T12:17:41.241368+0600 DEBUG Array weights: [72.04, 70.48, 72.0, 70.96, 72.44, 70.26]
2023-04-24T12:17:42.433807+0600 DEBUG Array weights: [72.04, 70.48, 72.0, 70.96, 72.44, 70.26, 71.07]
2023-04-24T12:17:43.622131+0600 DEBUG Array weights: [72.04, 70.48, 72.0, 70.96, 72.44, 70.26, 71.07, 70.44]
2023-04-24T12:17:44.813219+0600 DEBUG Array weights: [72.04, 70.48, 72.0, 70.96, 72.44, 70.26, 71.07, 70.44, 70.26]
2023-04-24T12:17:46.005058+0600 DEBUG Array weights: [72.04, 70.48, 72.0, 70.96, 72.44, 70.26, 71.07, 70.44, 70.26, 71.67]
2023-04-24T12:17:47.197142+0600 DEBUG Array weights: [72.04, 70.48, 72.0, 70.96, 72.44, 70.26, 71.07, 70.44, 70.26, 71.67, 70.59]
2023-04-24T12:17:48.389077+0600 DEBUG Array weights: [72.04, 70.48, 72.0, 70.96, 72.44, 70.26, 71.07, 70.44, 70.26, 71.67, 70.59, 69.04]
2023-04-24T12:17:49.577266+0600 DEBUG Array weights: [72.04, 70.48, 72.0, 70.96, 72.44, 70.26, 71.07, 70.44, 70.26, 71.67, 70.59, 69.04, 70.74]
2023-04-24T12:17:50.769438+0600 DEBUG Array weights: [72.04, 70.48, 72.0, 70.96, 72.44, 70.26, 71.07, 70.44, 70.26, 71.67, 70.59, 69.04, 70.74, 71.22]
2023-04-24T12:17:51.961058+0600 DEBUG Array weights: [72.04, 70.48, 72.0, 70.96, 72.44, 70.26, 71.07, 70.44, 70.26, 71.67, 70.59, 69.04, 70.74, 71.22, 70.44]
2023-04-24T12:17:53.152706+0600 DEBUG Array weights: [72.04, 70.48, 72.0, 70.96, 72.44, 70.26, 71.07, 70.44, 70.26, 71.67, 70.59, 69.04, 70.74, 71.22, 70.44, 72.26]
2023-04-24T12:17:54.344508+0600 DEBUG Array weights: [72.04, 70.48, 72.0, 70.96, 72.44, 70.26, 71.07, 70.44, 70.26, 71.67, 70.59, 69.04, 70.74, 71.22, 70.44, 72.26, 70.11]
2023-04-24T12:17:55.537400+0600 DEBUG Array weights: [72.04, 70.48, 72.0, 70.96, 72.44, 70.26, 71.07, 70.44, 70.26, 71.67, 70.59, 69.04, 70.74, 71.22, 70.44, 72.26, 70.11, 72.33]
2023-04-24T12:17:56.724022+0600 DEBUG Array weights: [72.04, 70.48, 72.0, 70.96, 72.44, 70.26, 71.07, 70.44, 70.26, 71.67, 70.59, 69.04, 70.74, 71.22, 70.44, 72.26, 70.11, 72.33, 70.19]
2023-04-24T12:17:57.916443+0600 DEBUG Array weights: [72.04, 70.48, 72.0, 70.96, 72.44, 70.26, 71.07, 70.44, 70.26, 71.67, 70.59, 69.04, 70.74, 71.22, 70.44, 72.26, 70.11, 72.33, 70.19, 68.22]
2023-04-24T12:17:59.108155+0600 DEBUG Array weights: [72.04, 70.48, 72.0, 70.96, 72.44, 70.26, 71.07, 70.44, 70.26, 71.67, 70.59, 69.04, 70.74, 71.22, 70.44, 72.26, 70.11, 72.33, 70.19, 68.22, 68.11]
2023-04-24T12:18:00.301016+0600 DEBUG Array weights: [72.04, 70.48, 72.0, 70.96, 72.44, 70.26, 71.07, 70.44, 70.26, 71.67, 70.59, 69.04, 70.74, 71.22, 70.44, 72.26, 70.11, 72.33, 70.19, 68.22, 68.11, 69.93]
2023-04-24T12:18:01.493653+0600 DEBUG Array weights: [72.04, 70.48, 72.0, 70.96, 72.44, 70.26, 71.07, 70.44, 70.26, 71.67, 70.59, 69.04, 70.74, 71.22, 70.44, 72.26, 70.11, 72.33, 70.19, 68.22, 68.11, 69.93, 70.89]
2023-04-24T12:18:02.684079+0600 DEBUG Array weights: [72.04, 70.48, 72.0, 70.96, 72.44, 70.26, 71.07, 70.44, 70.26, 71.67, 70.59, 69.04, 70.74, 71.22, 70.44, 72.26, 70.11, 72.33, 70.19, 68.22, 68.11, 69.93, 70.89, 68.89]
2023-04-24T12:18:03.872562+0600 DEBUG Array weights: [72.04, 70.48, 72.0, 70.96, 72.44, 70.26, 71.07, 70.44, 70.26, 71.67, 70.59, 69.04, 70.74, 71.22, 70.44, 72.26, 70.11, 72.33, 70.19, 68.22, 68.11, 69.93, 70.89, 68.89, 70.48]
2023-04-24T12:18:05.064811+0600 DEBUG Array weights: [72.04, 70.48, 72.0, 70.96, 72.44, 70.26, 71.07, 70.44, 70.26, 71.67, 70.59, 69.04, 70.74, 71.22, 70.44, 72.26, 70.11, 72.33, 70.19, 68.22, 68.11, 69.93, 70.89, 68.89, 70.48, 71.22]
2023-04-24T12:18:05.543532+0600 INFO Start weight: 70.535
2023-04-24T12:18:05.544917+0600 INFO Start time: 16514.428229177
2023-04-24T12:18:05.546076+0600 INFO Animal_ID: 435400040001
2023-04-24T12:18:06.221754+0600 INFO Distance: 19.0
2023-04-24T12:18:06.223934+0600 DEBUG START RFID FUNCTION
2023-04-24T12:18:06.225774+0600 DEBUG START Animal ID animal_id: b'435400040001'
2023-04-24T12:18:06.227717+0600 DEBUG START Null id null_id : b'435400040001'
2023-04-24T12:18:06.308049+0600 DEBUG Raw ID animal_id: b'43540028004501c38d13091e0102011b0101e2806894000040103003d496e2806894200040103003d496d0ca'
2023-04-24T12:18:06.318191+0600 DEBUG New ID animal_id_new: 40103003d496
2023-04-24T12:18:06.331446+0600 DEBUG Null id null_id : b'435400040001'
2023-04-24T12:18:06.342795+0600 DEBUG Success step 2 RFID. animal id new: 40103003d496
2023-04-24T12:18:06.357926+0600 INFO ARDUINOSerial<id=0x75af9d78, open=True>(port='/dev/ttyACM0', baudrate=9600, bytesize=8, parity='N', stopbits=1, timeout=1, xonxoff=False, rtscts=False, dsrdtr=False)
2023-04-24T12:18:07.448279+0600 ERROR Error, null weight list
2023-04-24T12:18:07.449711+0600 INFO Start weight: 0
2023-04-24T12:18:07.450928+0600 INFO Start time: 16516.334254864
2023-04-24T12:18:07.451932+0600 INFO End_time: 16516.335265581
2023-04-24T12:18:07.566400+0600 ERROR Error, null weight list
2023-04-24T12:18:07.567760+0600 INFO End_weight: 0
2023-04-24T12:18:09.232779+0600 INFO Sensor_distance: 20
2023-04-24T12:18:09.234867+0600 INFO End_time: 16518.11816201
2023-04-24T12:18:10.544044+0600 DEBUG Array weights: [97.41]
2023-04-24T12:18:11.736808+0600 DEBUG Array weights: [97.41, 167.33]
2023-04-24T12:18:12.928810+0600 DEBUG Array weights: [97.41, 167.33, 166.33]
2023-04-24T12:18:14.120824+0600 DEBUG Array weights: [97.41, 167.33, 166.33, 166.78]
2023-04-24T12:18:15.312613+0600 DEBUG Array weights: [97.41, 167.33, 166.33, 166.78, 164.3]
2023-04-24T12:18:15.786973+0600 INFO End_weight: 166.33
2023-04-24T12:18:17.268402+0600 INFO Sensor_distance: 18
2023-04-24T12:18:17.270315+0600 INFO End_time: 16526.153606297
2023-04-24T12:18:18.527190+0600 DEBUG Array weights: [166.81]
2023-04-24T12:18:19.719193+0600 DEBUG Array weights: [166.81, 168.15]
2023-04-24T12:18:20.912236+0600 DEBUG Array weights: [166.81, 168.15, 167.81]
2023-04-24T12:18:22.103121+0600 DEBUG Array weights: [166.81, 168.15, 167.81, 165.85]
2023-04-24T12:18:23.295182+0600 DEBUG Array weights: [166.81, 168.15, 167.81, 165.85, 166.26]
2023-04-24T12:18:24.245340+0600 INFO End_weight: 166.81
2023-04-24T12:18:25.300404+0600 INFO Sensor_distance: 138
2023-04-24T12:18:25.302166+0600 INFO Feed_time: 9.81935143300143
2023-04-24T12:18:25.303657+0600 INFO Feed_time_rounded: 9.82
2023-04-24T12:18:25.304966+0600 INFO Final_weight: -166.81
2023-04-24T12:18:25.306240+0600 INFO Final_weight: -166.81
2023-04-24T12:18:25.307622+0600 INFO main: Send data to server
2023-04-24T12:18:25.308845+0600 DEBUG Post data function start
2023-04-24T12:18:26.075429+0600 DEBUG Answer from server: <Response [200]>
2023-04-24T12:18:26.078670+0600 DEBUG Content from main server: b'2211'
2023-04-24T12:18:26.079931+0600 DEBUG START SEND DATA TO SERVER:
2023-04-24T12:18:26.339160+0600 DEBUG Answer from server: <Response [200]>
2023-04-24T12:18:26.341096+0600 DEBUG Content from main server: b'147933'
2023-04-24T12:18:26.342998+0600 ERROR 4 step send data
2023-04-24T12:18:26.347902+0600 INFO Animal_ID: 435400040001
2023-04-24T12:18:27.312094+0600 INFO Distance: 138.0
2023-04-24T12:18:27.314017+0600 DEBUG START RFID FUNCTION
2023-04-24T12:18:27.315461+0600 DEBUG START Animal ID animal_id: b'435400040001'
2023-04-24T12:18:27.316994+0600 DEBUG START Null id null_id : b'435400040001'
2023-04-24T12:18:27.355128+0600 DEBUG Raw ID animal_id: b'43540028004501c38d13091e0102011b0101e2806894000040103003d496e2806894200040103003d496cecc'
2023-04-24T12:18:27.357230+0600 DEBUG New ID animal_id_new: 40103003d496
2023-04-24T12:18:27.358828+0600 DEBUG Null id null_id : b'435400040001'
2023-04-24T12:18:27.360654+0600 DEBUG Success step 2 RFID. animal id new: 40103003d496
2023-04-24T12:18:27.364514+0600 INFO ARDUINOSerial<id=0x75a977f0, open=True>(port='/dev/ttyACM0', baudrate=9600, bytesize=8, parity='N', stopbits=1, timeout=1, xonxoff=False, rtscts=False, dsrdtr=False)
2023-04-24T12:18:30.541665+0600 DEBUG Array weights: [160.15]
2023-04-24T12:18:31.732767+0600 DEBUG Array weights: [160.15, 161.04]
2023-04-24T12:18:32.924817+0600 DEBUG Array weights: [160.15, 161.04, 163.48]
2023-04-24T12:18:34.116695+0600 DEBUG Array weights: [160.15, 161.04, 163.48, 165.15]
2023-04-24T12:18:35.308502+0600 DEBUG Array weights: [160.15, 161.04, 163.48, 165.15, 164.89]
2023-04-24T12:18:36.500612+0600 DEBUG Array weights: [160.15, 161.04, 163.48, 165.15, 164.89, 167.11]
2023-04-24T12:18:37.688536+0600 DEBUG Array weights: [160.15, 161.04, 163.48, 165.15, 164.89, 167.11, 166.7]
2023-04-24T12:18:38.880661+0600 DEBUG Array weights: [160.15, 161.04, 163.48, 165.15, 164.89, 167.11, 166.7, 167.7]
2023-04-24T12:18:40.072710+0600 DEBUG Array weights: [160.15, 161.04, 163.48, 165.15, 164.89, 167.11, 166.7, 167.7, 168.48]
2023-04-24T12:18:41.264576+0600 DEBUG Array weights: [160.15, 161.04, 163.48, 165.15, 164.89, 167.11, 166.7, 167.7, 168.48, 167.15]
2023-04-24T12:18:42.457009+0600 DEBUG Array weights: [160.15, 161.04, 163.48, 165.15, 164.89, 167.11, 166.7, 167.7, 168.48, 167.15, 169.04]
2023-04-24T12:18:43.648972+0600 DEBUG Array weights: [160.15, 161.04, 163.48, 165.15, 164.89, 167.11, 166.7, 167.7, 168.48, 167.15, 169.04, 169.07]
