2023-04-24T10:32:06.397368+0600 INFO Connect arduino /dev/ttyACM1
2023-04-24T10:32:06.400068+0600 INFO Configuration of serial, Serial<id=0x75bfffb8, open=True>(port='/dev/ttyACM1', baudrate=9600, bytesize=8, parity='N', stopbits=1, timeout=None, xonxoff=False, rtscts=False, dsrdtr=False)
2023-04-24T10:32:06.401538+0600 INFO Success: Arduino connected
2023-04-24T10:32:06.407730+0600 INFO ("[1] to calibrate
" "[2] to start measure
>")
2023-04-24T10:32:13.909154+0600 DEBUG START RFID FUNCTION
2023-04-24T10:32:13.911485+0600 DEBUG START Animal ID animal_id: b'435400040001'
2023-04-24T10:32:13.913585+0600 DEBUG START Null id null_id : b'435400040001'
2023-04-24T10:32:14.308560+0600 DEBUG Raw ID animal_id: b'43540028004501c38d13091e0102011b0101e2806894000040103003d496e2806894200040103003d496bedc'
2023-04-24T10:32:14.309928+0600 DEBUG New ID animal_id_new: 40103003d496
2023-04-24T10:32:14.310959+0600 DEBUG Null id null_id : b'435400040001'
2023-04-24T10:32:14.312094+0600 DEBUG Success step 2 RFID. animal id new: 40103003d496
2023-04-24T10:32:14.313158+0600 INFO Animal_ID: 40103003d496
2023-04-24T10:32:15.186428+0600 INFO Distance: 138.0
2023-04-24T10:32:15.190334+0600 INFO ARDUINOSerial<id=0x75b8caa8, open=True>(port='/dev/ttyACM0', baudrate=9600, bytesize=8, parity='N', stopbits=1, timeout=1, xonxoff=False, rtscts=False, dsrdtr=False)
2023-04-24T10:32:18.354153+0600 DEBUG Array weights: [89.44]
2023-04-24T10:32:19.546268+0600 DEBUG Array weights: [89.44, 87.7]
2023-04-24T10:32:20.734206+0600 DEBUG Array weights: [89.44, 87.7, 87.74]
2023-04-24T10:32:21.925518+0600 DEBUG Array weights: [89.44, 87.7, 87.74, 87.96]
2023-04-24T10:32:23.117331+0600 DEBUG Array weights: [89.44, 87.7, 87.74, 87.96, 89.15]
2023-04-24T10:32:24.309502+0600 DEBUG Array weights: [89.44, 87.7, 87.74, 87.96, 89.15, 86.44]
2023-04-24T10:32:25.498047+0600 DEBUG Array weights: [89.44, 87.7, 87.74, 87.96, 89.15, 86.44, 86.52]
2023-04-24T10:32:26.690363+0600 DEBUG Array weights: [89.44, 87.7, 87.74, 87.96, 89.15, 86.44, 86.52, 87.7]
2023-04-24T10:32:27.882012+0600 DEBUG Array weights: [89.44, 87.7, 87.74, 87.96, 89.15, 86.44, 86.52, 87.7, 108.74]
2023-04-24T10:32:28.119180+0600 INFO Start weight: 87.74
2023-04-24T10:32:28.120458+0600 INFO Start time: 10177.003771886
2023-04-24T10:32:28.121449+0600 INFO main: weight_finall
2023-04-24T10:32:28.122426+0600 DEBUG START RFID FUNCTION
2023-04-24T10:32:28.123293+0600 DEBUG START Animal ID animal_id: b'435400040001'
2023-04-24T10:32:28.124079+0600 DEBUG START Null id null_id : b'435400040001'
2023-04-24T10:32:28.157113+0600 DEBUG Raw ID animal_id: b'43540028004501c38d13091e0102011b0101e2806894000040103003d496e2806894200040103003d496d7c3'
2023-04-24T10:32:28.158237+0600 DEBUG New ID animal_id_new: 40103003d496
2023-04-24T10:32:28.159160+0600 DEBUG Null id null_id : b'435400040001'
2023-04-24T10:32:28.160213+0600 DEBUG Success step 2 RFID. animal id new: 40103003d496
2023-04-24T10:32:28.161295+0600 INFO Animal_ID: 40103003d496
2023-04-24T10:32:28.240663+0600 INFO Distance: 18.0
2023-04-24T10:32:28.248720+0600 INFO ARDUINOSerial<id=0x75b8cce8, open=True>(port='/dev/ttyACM0', baudrate=9600, bytesize=8, parity='N', stopbits=1, timeout=1, xonxoff=False, rtscts=False, dsrdtr=False)
2023-04-24T10:32:29.311401+0600 ERROR Error, null weight list
2023-04-24T10:32:29.312653+0600 INFO Start weight: 0
2023-04-24T10:32:29.313745+0600 INFO Start time: 10178.197055581
2023-04-24T10:32:29.314711+0600 INFO main: weight_finall
2023-04-24T10:32:35.271512+0600 ERROR Main error: could not convert string to float: ''
