2023-04-21T14:58:15.581220+0600 INFO Connect arduino /dev/ttyACM1
2023-04-21T14:58:15.583406+0600 INFO Configuration of serial, Serial<id=0x75b5cdd8, open=True>(port='/dev/ttyACM1', baudrate=9600, bytesize=8, parity='N', stopbits=1, timeout=None, xonxoff=False, rtscts=False, dsrdtr=False)
2023-04-21T14:58:15.584566+0600 INFO Success: Arduino connected
2023-04-21T14:58:15.589200+0600 INFO ("[1] to calibrate
" "[2] to start measure
>")
2023-04-21T14:58:22.912202+0600 INFO Start calibrate function
2023-04-21T14:58:22.919129+0600 INFO ARDUINOSerial<id=0x75b6e9e8, open=True>(port='/dev/ttyACM0', baudrate=9600, bytesize=8, parity='N', stopbits=1, timeout=1, xonxoff=False, rtscts=False, dsrdtr=False)
2023-04-21T14:58:22.921045+0600 INFO Remove any items from scale. Press any key when ready.
2023-04-21T14:58:27.728758+0600 INFO Value at zero (offset): 61857
2023-04-21T14:58:27.731084+0600 INFO Please place an item of known weight on the scale.
2023-04-21T14:58:32.859836+0600 INFO Please enter the item's weight in kg.
>
2023-04-21T14:58:35.347856+0600 INFO Scale adjusted for kilograms: 11.0
2023-04-21T14:58:35.349774+0600 INFO Offset: 61857, set_scale(scale): 11.0
2023-04-21T14:58:35.374236+0600 DEBUG START RFID FUNCTION
2023-04-21T14:58:35.375953+0600 DEBUG START Animal ID animal_id: b'435400040001'
2023-04-21T14:58:35.377339+0600 DEBUG START Null id null_id : b'435400040001'
2023-04-21T14:58:38.270225+0600 DEBUG Raw ID animal_id: b'43540028004501c38d13091e0102011b0101e2806894000040103003d496e2806894200040103003d496c6d4'
2023-04-21T14:58:38.272222+0600 DEBUG New ID animal_id_new: 40103003d496
2023-04-21T14:58:38.276022+0600 DEBUG Null id null_id : b'435400040001'
2023-04-21T14:58:38.278013+0600 DEBUG Success step 2 RFID. animal id new: 40103003d496
2023-04-21T14:58:38.427018+0600 DEBUG START RFID FUNCTION
2023-04-21T14:58:38.428434+0600 DEBUG START Animal ID animal_id: b'435400040001'
2023-04-21T14:58:38.429649+0600 DEBUG START Null id null_id : b'435400040001'
2023-04-21T14:58:38.470043+0600 DEBUG Raw ID animal_id: b'43540028004501c38d13091e0102011b0101e2806894000040103003d496e2806894200040103003d496c3d7'
2023-04-21T14:58:38.471721+0600 DEBUG New ID animal_id_new: 40103003d496
2023-04-21T14:58:38.473093+0600 DEBUG Null id null_id : b'435400040001'
2023-04-21T14:58:38.474604+0600 DEBUG Success step 2 RFID. animal id new: 40103003d496
2023-04-21T14:58:39.434326+0600 DEBUG START RFID FUNCTION
2023-04-21T14:58:39.436210+0600 DEBUG START Animal ID animal_id: b'435400040001'
2023-04-21T14:58:39.437759+0600 DEBUG START Null id null_id : b'435400040001'
2023-04-21T14:58:39.470169+0600 DEBUG Raw ID animal_id: b'43540028004501c38d13091e0102011b0101e2806894000040103003d496e2806894200040103003d496c0da'
2023-04-21T14:58:39.471893+0600 DEBUG New ID animal_id_new: 40103003d496
2023-04-21T14:58:39.473415+0600 DEBUG Null id null_id : b'435400040001'
2023-04-21T14:58:39.475096+0600 DEBUG Success step 2 RFID. animal id new: 40103003d496
2023-04-21T14:58:40.439123+0600 INFO ARDUINOSerial<id=0x75b6e9b8, open=True>(port='/dev/ttyACM0', baudrate=9600, bytesize=8, parity='N', stopbits=1, timeout=1, xonxoff=False, rtscts=False, dsrdtr=False)
2023-04-21T14:58:42.450370+0600 ERROR Error, null weight list
2023-04-21T14:58:42.451917+0600 INFO Start weight: 0
2023-04-21T14:58:42.453156+0600 INFO main: weight_finall
2023-04-21T14:58:42.455261+0600 DEBUG START RFID FUNCTION
2023-04-21T14:58:42.456609+0600 DEBUG START Animal ID animal_id: b'435400040001'
2023-04-21T14:58:42.457789+0600 DEBUG START Null id null_id : b'435400040001'
2023-04-21T14:58:42.470156+0600 DEBUG Raw ID animal_id: b'43540028004501c38d13091e0102011b0101e2806894000040103003d496e2806894200040103003d496cad0'
2023-04-21T14:58:42.471899+0600 DEBUG New ID animal_id_new: 40103003d496
2023-04-21T14:58:42.473112+0600 DEBUG Null id null_id : b'435400040001'
2023-04-21T14:58:42.482158+0600 DEBUG Success step 2 RFID. animal id new: 40103003d496
2023-04-21T14:58:43.449726+0600 INFO ARDUINOSerial<id=0x75b6e778, open=True>(port='/dev/ttyACM0', baudrate=9600, bytesize=8, parity='N', stopbits=1, timeout=1, xonxoff=False, rtscts=False, dsrdtr=False)
2023-04-21T14:58:45.463157+0600 ERROR Error, null weight list
2023-04-21T14:58:45.465045+0600 INFO Start weight: 0
2023-04-21T14:58:45.466553+0600 INFO main: weight_finall
2023-04-21T14:58:45.471466+0600 DEBUG START RFID FUNCTION
2023-04-21T14:58:45.473163+0600 DEBUG START Animal ID animal_id: b'435400040001'
2023-04-21T14:58:45.474826+0600 DEBUG START Null id null_id : b'435400040001'
2023-04-21T14:58:45.571384+0600 DEBUG Raw ID animal_id: b'43540028004501c38d13091e0102011b0101e2806894000040103003d496e2806894200040103003d496cad0'
2023-04-21T14:58:45.577001+0600 DEBUG New ID animal_id_new: 40103003d496
2023-04-21T14:58:45.580880+0600 DEBUG Null id null_id : b'435400040001'
2023-04-21T14:58:45.585689+0600 DEBUG Success step 2 RFID. animal id new: 40103003d496
2023-04-21T14:58:46.460977+0600 INFO ARDUINOSerial<id=0x75b6e9b8, open=True>(port='/dev/ttyACM0', baudrate=9600, bytesize=8, parity='N', stopbits=1, timeout=1, xonxoff=False, rtscts=False, dsrdtr=False)
2023-04-21T14:58:48.472028+0600 ERROR Error, null weight list
2023-04-21T14:58:48.474059+0600 INFO Start weight: 0
2023-04-21T14:58:48.476167+0600 INFO main: weight_finall
2023-04-21T14:58:48.481154+0600 DEBUG START RFID FUNCTION
2023-04-21T14:58:48.482743+0600 DEBUG START Animal ID animal_id: b'435400040001'
2023-04-21T14:58:48.484402+0600 DEBUG START Null id null_id : b'435400040001'
2023-04-21T14:58:48.570542+0600 DEBUG Raw ID animal_id: b'43540028004501c38d13091e0102011b0101e2806894000040103003d496e2806894200040103003d496cbcf'
2023-04-21T14:58:48.572380+0600 DEBUG New ID animal_id_new: 40103003d496
2023-04-21T14:58:48.576073+0600 DEBUG Null id null_id : b'435400040001'
2023-04-21T14:58:48.579617+0600 DEBUG Success step 2 RFID. animal id new: 40103003d496
2023-04-21T14:58:49.476178+0600 INFO ARDUINOSerial<id=0x75b6e778, open=True>(port='/dev/ttyACM0', baudrate=9600, bytesize=8, parity='N', stopbits=1, timeout=1, xonxoff=False, rtscts=False, dsrdtr=False)
2023-04-21T14:58:51.487240+0600 ERROR Error, null weight list
2023-04-21T14:58:51.489153+0600 INFO Start weight: 0
2023-04-21T14:58:51.490716+0600 INFO main: weight_finall
2023-04-21T14:58:51.495715+0600 DEBUG START RFID FUNCTION
2023-04-21T14:58:51.497443+0600 DEBUG START Animal ID animal_id: b'435400040001'
2023-04-21T14:58:51.498874+0600 DEBUG START Null id null_id : b'435400040001'
2023-04-21T14:58:51.670375+0600 DEBUG Raw ID animal_id: b'43540028004501c38d13091e0102011b0101e2806894000040103003d496e2806894200040103003d496cad0'
2023-04-21T14:58:51.672210+0600 DEBUG New ID animal_id_new: 40103003d496
2023-04-21T14:58:51.675968+0600 DEBUG Null id null_id : b'435400040001'
2023-04-21T14:58:51.678814+0600 DEBUG Success step 2 RFID. animal id new: 40103003d496
2023-04-21T14:58:52.487029+0600 INFO ARDUINOSerial<id=0x75b6e9b8, open=True>(port='/dev/ttyACM0', baudrate=9600, bytesize=8, parity='N', stopbits=1, timeout=1, xonxoff=False, rtscts=False, dsrdtr=False)
2023-04-21T14:58:54.499127+0600 ERROR Error, null weight list
2023-04-21T14:58:54.500633+0600 INFO Start weight: 0
2023-04-21T14:58:54.501868+0600 INFO main: weight_finall
2023-04-21T14:58:54.505730+0600 DEBUG START RFID FUNCTION
2023-04-21T14:58:54.507087+0600 DEBUG START Animal ID animal_id: b'435400040001'
2023-04-21T14:58:54.508277+0600 DEBUG START Null id null_id : b'435400040001'
2023-04-21T14:58:54.821279+0600 DEBUG Raw ID animal_id: b'43540028004501c38d13091e0102011b0101e2806894000040103003d496e2806894200040103003d496cad0'
2023-04-21T14:58:54.822557+0600 DEBUG New ID animal_id_new: 40103003d496
2023-04-21T14:58:54.823469+0600 DEBUG Null id null_id : b'435400040001'
2023-04-21T14:58:54.824576+0600 DEBUG Success step 2 RFID. animal id new: 40103003d496
2023-04-21T14:58:55.500230+0600 DEBUG START RFID FUNCTION
2023-04-21T14:58:55.501777+0600 DEBUG START Animal ID animal_id: b'435400040001'
2023-04-21T14:58:55.502883+0600 DEBUG START Null id null_id : b'435400040001'
2023-04-21T14:58:58.770479+0600 DEBUG Raw ID animal_id: b'43540028004501c38d13091e0102011b0101e2806894000040103003d496e2806894200040103003d496c3d7'
2023-04-21T14:58:58.772499+0600 DEBUG New ID animal_id_new: 40103003d496
2023-04-21T14:58:58.776096+0600 DEBUG Null id null_id : b'435400040001'
2023-04-21T14:58:58.778147+0600 DEBUG Success step 2 RFID. animal id new: 40103003d496
2023-04-21T14:58:59.516081+0600 INFO ARDUINOSerial<id=0x75b6ef70, open=True>(port='/dev/ttyACM0', baudrate=9600, bytesize=8, parity='N', stopbits=1, timeout=1, xonxoff=False, rtscts=False, dsrdtr=False)
2023-04-21T14:59:01.523697+0600 ERROR Error, null weight list
2023-04-21T14:59:01.525639+0600 INFO Start weight: 0
2023-04-21T14:59:01.527350+0600 INFO main: weight_finall
2023-04-21T14:59:01.532141+0600 DEBUG START RFID FUNCTION
2023-04-21T14:59:01.533817+0600 DEBUG START Animal ID animal_id: b'435400040001'
2023-04-21T14:59:01.535357+0600 DEBUG START Null id null_id : b'435400040001'
2023-04-21T14:59:01.821344+0600 DEBUG Raw ID animal_id: b'43540028004501c38d13091e0102011b0101e2806894000040103003d496e2806894200040103003d496c4d6'
2023-04-21T14:59:01.822635+0600 DEBUG New ID animal_id_new: 40103003d496
2023-04-21T14:59:01.823679+0600 DEBUG Null id null_id : b'435400040001'
2023-04-21T14:59:01.824756+0600 DEBUG Success step 2 RFID. animal id new: 40103003d496
2023-04-21T14:59:02.531569+0600 INFO ARDUINOSerial<id=0x75b6ed60, open=True>(port='/dev/ttyACM0', baudrate=9600, bytesize=8, parity='N', stopbits=1, timeout=1, xonxoff=False, rtscts=False, dsrdtr=False)
2023-04-21T14:59:04.542516+0600 ERROR Error, null weight list
2023-04-21T14:59:04.544571+0600 INFO Start weight: 0
2023-04-21T14:59:04.546949+0600 INFO main: weight_finall
2023-04-21T14:59:04.551729+0600 DEBUG START RFID FUNCTION
2023-04-21T14:59:04.553628+0600 DEBUG START Animal ID animal_id: b'435400040001'
2023-04-21T14:59:04.555291+0600 DEBUG START Null id null_id : b'435400040001'
2023-04-21T14:59:04.570524+0600 DEBUG Raw ID animal_id: b'43540028004501c38d13091e0102011b0101e2806894000040103003d496e2806894200040103003d496cad0'
2023-04-21T14:59:04.572540+0600 DEBUG New ID animal_id_new: 40103003d496
2023-04-21T14:59:04.574266+0600 DEBUG Null id null_id : b'435400040001'
2023-04-21T14:59:04.576138+0600 DEBUG Success step 2 RFID. animal id new: 40103003d496
2023-04-21T14:59:05.542794+0600 INFO ARDUINOSerial<id=0x75b6ef70, open=True>(port='/dev/ttyACM0', baudrate=9600, bytesize=8, parity='N', stopbits=1, timeout=1, xonxoff=False, rtscts=False, dsrdtr=False)
2023-04-21T14:59:07.553746+0600 ERROR Error, null weight list
2023-04-21T14:59:07.555362+0600 INFO Start weight: 0
2023-04-21T14:59:07.556635+0600 INFO main: weight_finall
2023-04-21T14:59:07.560725+0600 DEBUG START RFID FUNCTION
2023-04-21T14:59:07.562126+0600 DEBUG START Animal ID animal_id: b'435400040001'
2023-04-21T14:59:07.563472+0600 DEBUG START Null id null_id : b'435400040001'
2023-04-21T14:59:07.821421+0600 DEBUG Raw ID animal_id: b'43540028004501c38d13091e0102011b0101e2806894000040103003d496e2806894200040103003d496c8d2'
2023-04-21T14:59:07.822726+0600 DEBUG New ID animal_id_new: 40103003d496
2023-04-21T14:59:07.823783+0600 DEBUG Null id null_id : b'435400040001'
2023-04-21T14:59:07.824845+0600 DEBUG Success step 2 RFID. animal id new: 40103003d496
2023-04-21T14:59:08.554929+0600 DEBUG START RFID FUNCTION
2023-04-21T14:59:08.556391+0600 DEBUG START Animal ID animal_id: b'435400040001'
2023-04-21T14:59:08.557538+0600 DEBUG START Null id null_id : b'435400040001'
2023-04-21T14:59:12.471106+0600 DEBUG Raw ID animal_id: b'43540028004501c38d13091e0102011b0101e2806894000040103003d496e2806894200040103003d496c7d3'
2023-04-21T14:59:12.473118+0600 DEBUG New ID animal_id_new: 40103003d496
2023-04-21T14:59:12.474847+0600 DEBUG Null id null_id : b'435400040001'
2023-04-21T14:59:12.476632+0600 DEBUG Success step 2 RFID. animal id new: 40103003d496
2023-04-21T14:59:12.574527+0600 INFO ARDUINOSerial<id=0x75b6e9a0, open=True>(port='/dev/ttyACM0', baudrate=9600, bytesize=8, parity='N', stopbits=1, timeout=1, xonxoff=False, rtscts=False, dsrdtr=False)
2023-04-21T14:59:14.592370+0600 ERROR Error, null weight list
2023-04-21T14:59:14.594416+0600 INFO Start weight: 0
2023-04-21T14:59:14.596007+0600 INFO main: weight_finall
2023-04-21T14:59:14.598659+0600 DEBUG START RFID FUNCTION
2023-04-21T14:59:14.600317+0600 DEBUG START Animal ID animal_id: b'435400040001'
2023-04-21T14:59:14.601775+0600 DEBUG START Null id null_id : b'435400040001'
2023-04-21T14:59:14.671456+0600 DEBUG Raw ID animal_id: b'43540028004501c38d13091e0102011b0101e2806894000040103003d496e2806894200040103003d496c6d4'
2023-04-21T14:59:14.676938+0600 DEBUG New ID animal_id_new: 40103003d496
2023-04-21T14:59:14.684852+0600 DEBUG Null id null_id : b'435400040001'
2023-04-21T14:59:14.690439+0600 DEBUG Success step 2 RFID. animal id new: 40103003d496
2023-04-21T14:59:15.587203+0600 INFO ARDUINOSerial<id=0x75b6ef70, open=True>(port='/dev/ttyACM0', baudrate=9600, bytesize=8, parity='N', stopbits=1, timeout=1, xonxoff=False, rtscts=False, dsrdtr=False)
2023-04-21T14:59:17.599224+0600 ERROR Error, null weight list
2023-04-21T14:59:17.603529+0600 INFO Start weight: 0
2023-04-21T14:59:17.605409+0600 INFO main: weight_finall
2023-04-21T14:59:17.608038+0600 DEBUG START RFID FUNCTION
2023-04-21T14:59:17.609732+0600 DEBUG START Animal ID animal_id: b'435400040001'
2023-04-21T14:59:17.611308+0600 DEBUG START Null id null_id : b'435400040001'
2023-04-21T14:59:17.671032+0600 DEBUG Raw ID animal_id: b'43540028004501c38d13091e0102011b0101e2806894000040103003d496e2806894200040103003d496c9d1'
2023-04-21T14:59:17.672889+0600 DEBUG New ID animal_id_new: 40103003d496
2023-04-21T14:59:17.674539+0600 DEBUG Null id null_id : b'435400040001'
2023-04-21T14:59:17.676445+0600 DEBUG Success step 2 RFID. animal id new: 40103003d496
2023-04-21T14:59:18.597626+0600 INFO ARDUINOSerial<id=0x75b6e9a0, open=True>(port='/dev/ttyACM0', baudrate=9600, bytesize=8, parity='N', stopbits=1, timeout=1, xonxoff=False, rtscts=False, dsrdtr=False)
2023-04-21T14:59:20.609687+0600 ERROR Error, null weight list
2023-04-21T14:59:20.611381+0600 INFO Start weight: 0
2023-04-21T14:59:20.612731+0600 INFO main: weight_finall
2023-04-21T14:59:20.614995+0600 DEBUG START RFID FUNCTION
2023-04-21T14:59:20.616498+0600 DEBUG START Animal ID animal_id: b'435400040001'
2023-04-21T14:59:20.617653+0600 DEBUG START Null id null_id : b'435400040001'
2023-04-21T14:59:20.670675+0600 DEBUG Raw ID animal_id: b'43540028004501c38d13091e0102011b0101e2806894000040103003d496e2806894200040103003d496c6d4'
2023-04-21T14:59:20.672696+0600 DEBUG New ID animal_id_new: 40103003d496
2023-04-21T14:59:20.675004+0600 DEBUG Null id null_id : b'435400040001'
2023-04-21T14:59:20.679177+0600 DEBUG Success step 2 RFID. animal id new: 40103003d496
2023-04-21T14:59:21.607574+0600 INFO ARDUINOSerial<id=0x75b6ea90, open=True>(port='/dev/ttyACM0', baudrate=9600, bytesize=8, parity='N', stopbits=1, timeout=1, xonxoff=False, rtscts=False, dsrdtr=False)
2023-04-21T14:59:23.617057+0600 ERROR Error, null weight list
2023-04-21T14:59:23.618940+0600 INFO Start weight: 0
2023-04-21T14:59:23.621519+0600 INFO main: weight_finall
2023-04-21T14:59:23.624471+0600 DEBUG START RFID FUNCTION
2023-04-21T14:59:23.626363+0600 DEBUG START Animal ID animal_id: b'435400040001'
2023-04-21T14:59:23.628024+0600 DEBUG START Null id null_id : b'435400040001'
2023-04-21T14:59:23.822539+0600 DEBUG Raw ID animal_id: b'43540028004501c38d13091e0102011b0101e2806894000040103003d496e2806894200040103003d496c6d4'
2023-04-21T14:59:23.827333+0600 DEBUG New ID animal_id_new: 40103003d496
2023-04-21T14:59:23.831599+0600 DEBUG Null id null_id : b'435400040001'
2023-04-21T14:59:23.836459+0600 DEBUG Success step 2 RFID. animal id new: 40103003d496
2023-04-21T14:59:24.624277+0600 INFO ARDUINOSerial<id=0x75b6e9a0, open=True>(port='/dev/ttyACM0', baudrate=9600, bytesize=8, parity='N', stopbits=1, timeout=1, xonxoff=False, rtscts=False, dsrdtr=False)
2023-04-21T14:59:26.637385+0600 ERROR Error, null weight list
2023-04-21T14:59:26.639410+0600 INFO Start weight: 0
2023-04-21T14:59:26.641093+0600 INFO main: weight_finall
2023-04-21T14:59:26.643746+0600 DEBUG START RFID FUNCTION
2023-04-21T14:59:26.645577+0600 DEBUG START Animal ID animal_id: b'435400040001'
2023-04-21T14:59:26.647214+0600 DEBUG START Null id null_id : b'435400040001'
2023-04-21T14:59:26.821675+0600 DEBUG Raw ID animal_id: b'43540028004501c38d13091e0102011b0101e2806894000040103003d496e2806894200040103003d496c6d4'
2023-04-21T14:59:26.823026+0600 DEBUG New ID animal_id_new: 40103003d496
2023-04-21T14:59:26.824134+0600 DEBUG Null id null_id : b'435400040001'
2023-04-21T14:59:26.825289+0600 DEBUG Success step 2 RFID. animal id new: 40103003d496
2023-04-21T14:59:27.636023+0600 DEBUG START RFID FUNCTION
2023-04-21T14:59:27.638010+0600 DEBUG START Animal ID animal_id: b'435400040001'
2023-04-21T14:59:27.639698+0600 DEBUG START Null id null_id : b'435400040001'
2023-04-21T14:59:29.171594+0600 DEBUG Raw ID animal_id: b'43540028004501c38d13091e0102011b0101e2806894000040103003d496e2806894200040103003d496c7d3'
2023-04-21T14:59:29.173796+0600 DEBUG New ID animal_id_new: 40103003d496
2023-04-21T14:59:29.176053+0600 DEBUG Null id null_id : b'435400040001'
2023-04-21T14:59:29.178107+0600 DEBUG Success step 2 RFID. animal id new: 40103003d496
2023-04-21T14:59:29.644658+0600 INFO ARDUINOSerial<id=0x75b6ed00, open=True>(port='/dev/ttyACM0', baudrate=9600, bytesize=8, parity='N', stopbits=1, timeout=1, xonxoff=False, rtscts=False, dsrdtr=False)
2023-04-21T14:59:31.652209+0600 ERROR Error, null weight list
2023-04-21T14:59:31.654197+0600 INFO Start weight: 0
2023-04-21T14:59:31.655788+0600 INFO main: weight_finall
2023-04-21T14:59:31.660790+0600 DEBUG START RFID FUNCTION
2023-04-21T14:59:31.662495+0600 DEBUG START Animal ID animal_id: b'435400040001'
2023-04-21T14:59:31.664256+0600 DEBUG START Null id null_id : b'435400040001'
2023-04-21T14:59:31.670682+0600 DEBUG Raw ID animal_id: b'43540028004501c38d13091e0102011b0101e2806894000040103003d496e2806894200040103003d496c6d4'
2023-04-21T14:59:31.672744+0600 DEBUG New ID animal_id_new: 40103003d496
2023-04-21T14:59:31.674599+0600 DEBUG Null id null_id : b'435400040001'
2023-04-21T14:59:31.676414+0600 DEBUG Success step 2 RFID. animal id new: 40103003d496
2023-04-21T14:59:32.655777+0600 INFO ARDUINOSerial<id=0x75b6eeb0, open=True>(port='/dev/ttyACM0', baudrate=9600, bytesize=8, parity='N', stopbits=1, timeout=1, xonxoff=False, rtscts=False, dsrdtr=False)
2023-04-21T14:59:34.665456+0600 ERROR Error, null weight list
2023-04-21T14:59:34.667402+0600 INFO Start weight: 0
2023-04-21T14:59:34.670246+0600 INFO main: weight_finall
2023-04-21T14:59:34.675368+0600 DEBUG START RFID FUNCTION
2023-04-21T14:59:34.677146+0600 DEBUG START Animal ID animal_id: b'435400040001'
2023-04-21T14:59:34.678720+0600 DEBUG START Null id null_id : b'435400040001'
2023-04-21T14:59:34.772105+0600 DEBUG Raw ID animal_id: b'43540028004501c38d13091e0102011b0101e2806894000040103003d496e2806894200040103003d496c4d6'
2023-04-21T14:59:34.777688+0600 DEBUG New ID animal_id_new: 40103003d496
2023-04-21T14:59:34.782790+0600 DEBUG Null id null_id : b'435400040001'
2023-04-21T14:59:34.789233+0600 DEBUG Success step 2 RFID. animal id new: 40103003d496
2023-04-21T14:59:35.671160+0600 INFO ARDUINOSerial<id=0x75b6ed00, open=True>(port='/dev/ttyACM0', baudrate=9600, bytesize=8, parity='N', stopbits=1, timeout=1, xonxoff=False, rtscts=False, dsrdtr=False)
2023-04-21T14:59:37.682346+0600 ERROR Error, null weight list
2023-04-21T14:59:37.684518+0600 INFO Start weight: 0
2023-04-21T14:59:37.686086+0600 INFO main: weight_finall
2023-04-21T14:59:37.688642+0600 DEBUG START RFID FUNCTION
2023-04-21T14:59:37.690426+0600 DEBUG START Animal ID animal_id: b'435400040001'
2023-04-21T14:59:37.692050+0600 DEBUG START Null id null_id : b'435400040001'
2023-04-21T14:59:37.771563+0600 DEBUG Raw ID animal_id: b'43540028004501c38d13091e0102011b0101e2806894000040103003d496e2806894200040103003d496c4d6'
2023-04-21T14:59:37.776814+0600 DEBUG New ID animal_id_new: 40103003d496
2023-04-21T14:59:37.781501+0600 DEBUG Null id null_id : b'435400040001'
2023-04-21T14:59:37.786925+0600 DEBUG Success step 2 RFID. animal id new: 40103003d496
2023-04-21T14:59:38.682374+0600 INFO ARDUINOSerial<id=0x75b6eeb0, open=True>(port='/dev/ttyACM0', baudrate=9600, bytesize=8, parity='N', stopbits=1, timeout=1, xonxoff=False, rtscts=False, dsrdtr=False)
2023-04-21T14:59:40.694727+0600 ERROR Error, null weight list
2023-04-21T14:59:40.696641+0600 INFO Start weight: 0
2023-04-21T14:59:40.699078+0600 INFO main: weight_finall
2023-04-21T14:59:40.704136+0600 DEBUG START RFID FUNCTION
2023-04-21T14:59:40.705899+0600 DEBUG START Animal ID animal_id: b'435400040001'
2023-04-21T14:59:40.707406+0600 DEBUG START Null id null_id : b'435400040001'
2023-04-21T14:59:40.771047+0600 DEBUG Raw ID animal_id: b'43540028004501c38d13091e0102011b0101e2806894000040103003d496e2806894200040103003d496c3d7'
2023-04-21T14:59:40.772684+0600 DEBUG New ID animal_id_new: 40103003d496
2023-04-21T14:59:40.774595+0600 DEBUG Null id null_id : b'435400040001'
2023-04-21T14:59:40.775925+0600 DEBUG Success step 2 RFID. animal id new: 40103003d496
2023-04-21T14:59:41.694963+0600 DEBUG START RFID FUNCTION
2023-04-21T14:59:41.696815+0600 DEBUG START Animal ID animal_id: b'435400040001'
2023-04-21T14:59:41.698375+0600 DEBUG START Null id null_id : b'435400040001'
2023-04-21T14:59:41.822992+0600 DEBUG Raw ID animal_id: b'43540028004501c38d13091e0102011b0101e2806894000040103003d496e2806894200040103003d496c3d7'
2023-04-21T14:59:41.827188+0600 DEBUG New ID animal_id_new: 40103003d496
2023-04-21T14:59:41.830745+0600 DEBUG Null id null_id : b'435400040001'
2023-04-21T14:59:41.835214+0600 DEBUG Success step 2 RFID. animal id new: 40103003d496
2023-04-21T14:59:42.698291+0600 DEBUG START RFID FUNCTION
2023-04-21T14:59:42.700176+0600 DEBUG START Animal ID animal_id: b'435400040001'
2023-04-21T14:59:42.701728+0600 DEBUG START Null id null_id : b'435400040001'
2023-04-21T14:59:51.771052+0600 DEBUG Raw ID animal_id: b'43540028004501c38d13091e0102011b0101e2806894000040103003d496e2806894200040103003d496c0da'
2023-04-21T14:59:51.773031+0600 DEBUG New ID animal_id_new: 40103003d496
2023-04-21T14:59:51.774765+0600 DEBUG Null id null_id : b'435400040001'
2023-04-21T14:59:51.776487+0600 DEBUG Success step 2 RFID. animal id new: 40103003d496
2023-04-21T14:59:52.742952+0600 DEBUG START RFID FUNCTION
2023-04-21T14:59:52.744906+0600 DEBUG START Animal ID animal_id: b'435400040001'
2023-04-21T14:59:52.746460+0600 DEBUG START Null id null_id : b'435400040001'
2023-04-21T14:59:52.822726+0600 DEBUG Raw ID animal_id: b'43540028004501c38d13091e0102011b0101e2806894000040103003d496e2806894200040103003d496c1d9'
2023-04-21T14:59:52.827309+0600 DEBUG New ID animal_id_new: 40103003d496
2023-04-21T14:59:52.831196+0600 DEBUG Null id null_id : b'435400040001'
2023-04-21T14:59:52.836250+0600 DEBUG Success step 2 RFID. animal id new: 40103003d496
2023-04-21T14:59:53.746364+0600 DEBUG START RFID FUNCTION
2023-04-21T14:59:53.748233+0600 DEBUG START Animal ID animal_id: b'435400040001'
2023-04-21T14:59:53.749796+0600 DEBUG START Null id null_id : b'435400040001'
2023-04-21T14:59:53.822326+0600 DEBUG Raw ID animal_id: b'43540028004501c38d13091e0102011b0101e2806894000040103003d496e2806894200040103003d496c7d3'
2023-04-21T14:59:53.824763+0600 DEBUG New ID animal_id_new: 40103003d496
2023-04-21T14:59:53.826954+0600 DEBUG Null id null_id : b'435400040001'
2023-04-21T14:59:53.829477+0600 DEBUG Success step 2 RFID. animal id new: 40103003d496
2023-04-21T14:59:54.750692+0600 DEBUG START RFID FUNCTION
2023-04-21T14:59:54.752554+0600 DEBUG START Animal ID animal_id: b'435400040001'
2023-04-21T14:59:54.754204+0600 DEBUG START Null id null_id : b'435400040001'
2023-04-21T14:59:58.071230+0600 DEBUG Raw ID animal_id: b'43540028004501c38d13091e0102011b0101e2806894000040103003d496e2806894200040103003d496c0da'
2023-04-21T14:59:58.072895+0600 DEBUG New ID animal_id_new: 40103003d496
2023-04-21T14:59:58.074310+0600 DEBUG Null id null_id : b'435400040001'
2023-04-21T14:59:58.075798+0600 DEBUG Success step 2 RFID. animal id new: 40103003d496
2023-04-21T14:59:58.769026+0600 DEBUG START RFID FUNCTION
2023-04-21T14:59:58.770152+0600 DEBUG START Animal ID animal_id: b'435400040001'
2023-04-21T14:59:58.770991+0600 DEBUG START Null id null_id : b'435400040001'
2023-04-21T14:59:58.822143+0600 DEBUG Raw ID animal_id: b'43540028004501c38d13091e0102011b0101e2806894000040103003d496e2806894200040103003d496c0da'
2023-04-21T14:59:58.823885+0600 DEBUG New ID animal_id_new: 40103003d496
2023-04-21T14:59:58.825361+0600 DEBUG Null id null_id : b'435400040001'
2023-04-21T14:59:58.826950+0600 DEBUG Success step 2 RFID. animal id new: 40103003d496
2023-04-21T14:59:59.771848+0600 DEBUG START RFID FUNCTION
2023-04-21T14:59:59.773476+0600 DEBUG START Animal ID animal_id: b'435400040001'
2023-04-21T14:59:59.774813+0600 DEBUG START Null id null_id : b'435400040001'
2023-04-21T14:59:59.822358+0600 DEBUG Raw ID animal_id: b'43540028004501c38d13091e0102011b0101e2806894000040103003d496e2806894200040103003d496c1d9'
2023-04-21T14:59:59.824108+0600 DEBUG New ID animal_id_new: 40103003d496
2023-04-21T14:59:59.825413+0600 DEBUG Null id null_id : b'435400040001'
2023-04-21T14:59:59.826873+0600 DEBUG Success step 2 RFID. animal id new: 40103003d496
2023-04-21T15:00:00.776325+0600 DEBUG START RFID FUNCTION
2023-04-21T15:00:00.778250+0600 DEBUG START Animal ID animal_id: b'435400040001'
2023-04-21T15:00:00.779757+0600 DEBUG START Null id null_id : b'435400040001'
2023-04-21T15:00:03.271225+0600 DEBUG Raw ID animal_id: b'43540028004501c38d13091e0102011b0101e2806894000040103003d496e2806894200040103003d496c1d9'
2023-04-21T15:00:03.273216+0600 DEBUG New ID animal_id_new: 40103003d496
2023-04-21T15:00:03.276834+0600 DEBUG Null id null_id : b'435400040001'
2023-04-21T15:00:03.279447+0600 DEBUG Success step 2 RFID. animal id new: 40103003d496
2023-04-21T15:00:03.786706+0600 DEBUG START RFID FUNCTION
2023-04-21T15:00:03.787819+0600 DEBUG START Animal ID animal_id: b'435400040001'
2023-04-21T15:00:03.788700+0600 DEBUG START Null id null_id : b'435400040001'
2023-04-21T15:00:03.822313+0600 DEBUG Raw ID animal_id: b'43540028004501c38d13091e0102011b0101e2806894000040103003d496e2806894200040103003d496c5d5'
2023-04-21T15:00:03.824024+0600 DEBUG New ID animal_id_new: 40103003d496
2023-04-21T15:00:03.825731+0600 DEBUG Null id null_id : b'435400040001'
2023-04-21T15:00:03.828022+0600 DEBUG Success step 2 RFID. animal id new: 40103003d496
2023-04-21T15:00:04.794943+0600 DEBUG START RFID FUNCTION
2023-04-21T15:00:04.796895+0600 DEBUG START Animal ID animal_id: b'435400040001'
2023-04-21T15:00:04.798618+0600 DEBUG START Null id null_id : b'435400040001'
2023-04-21T15:00:04.822522+0600 DEBUG Raw ID animal_id: b'43540028004501c38d13091e0102011b0101e2806894000040103003d496e2806894200040103003d496c4d6'
2023-04-21T15:00:04.824683+0600 DEBUG New ID animal_id_new: 40103003d496
2023-04-21T15:00:04.826269+0600 DEBUG Null id null_id : b'435400040001'
2023-04-21T15:00:04.828318+0600 DEBUG Success step 2 RFID. animal id new: 40103003d496
2023-04-21T15:00:05.798215+0600 DEBUG START RFID FUNCTION
2023-04-21T15:00:05.800210+0600 DEBUG START Animal ID animal_id: b'435400040001'
2023-04-21T15:00:05.801862+0600 DEBUG START Null id null_id : b'435400040001'
