2023-04-24T11:26:25.643410+0600 INFO Connect arduino /dev/ttyACM1
2023-04-24T11:26:25.645992+0600 INFO Configuration of serial, Serial<id=0x75acc610, open=True>(port='/dev/ttyACM1', baudrate=9600, bytesize=8, parity='N', stopbits=1, timeout=None, xonxoff=False, rtscts=False, dsrdtr=False)
2023-04-24T11:26:25.647553+0600 INFO Success: Arduino connected
2023-04-24T11:26:25.655129+0600 INFO ("[1] to calibrate
" "[2] to start measure
>")
2023-04-24T11:26:32.187426+0600 INFO Animal_ID: 435400040001
2023-04-24T11:26:32.422108+0600 INFO Distance: 138.0
2023-04-24T11:26:32.423334+0600 DEBUG START RFID FUNCTION
2023-04-24T11:26:32.424404+0600 DEBUG START Animal ID animal_id: b'435400040001'
2023-04-24T11:26:32.425346+0600 DEBUG START Null id null_id : b'435400040001'
2023-04-24T11:26:32.635781+0600 DEBUG Raw ID animal_id: b'43540028004501c38d13091e0102011b0101e20000174007010117406415e2003412013dfc000ad7a65ed126'
2023-04-24T11:26:32.637160+0600 DEBUG New ID animal_id_new: fc000ad7a65e
2023-04-24T11:26:32.638089+0600 DEBUG Null id null_id : b'435400040001'
2023-04-24T11:26:32.639181+0600 DEBUG Success step 2 RFID. animal id new: fc000ad7a65e
2023-04-24T11:26:32.641582+0600 INFO ARDUINOSerial<id=0x75acccd0, open=True>(port='/dev/ttyACM0', baudrate=9600, bytesize=8, parity='N', stopbits=1, timeout=1, xonxoff=False, rtscts=False, dsrdtr=False)
2023-04-24T11:26:35.806311+0600 DEBUG Array weights: [66.56]
2023-04-24T11:26:36.998014+0600 DEBUG Array weights: [66.56, 64.07]
2023-04-24T11:26:38.190084+0600 DEBUG Array weights: [66.56, 64.07, 64.59]
2023-04-24T11:26:39.381841+0600 DEBUG Array weights: [66.56, 64.07, 64.59, 64.63]
2023-04-24T11:26:40.573769+0600 DEBUG Array weights: [66.56, 64.07, 64.59, 64.63, 64.33]
2023-04-24T11:26:41.766684+0600 DEBUG Array weights: [66.56, 64.07, 64.59, 64.63, 64.33, 63.19]
2023-04-24T11:26:42.957698+0600 DEBUG Array weights: [66.56, 64.07, 64.59, 64.63, 64.33, 63.19, 64.15]
2023-04-24T11:26:44.149638+0600 DEBUG Array weights: [66.56, 64.07, 64.59, 64.63, 64.33, 63.19, 64.15, 64.07]
2023-04-24T11:26:45.341658+0600 DEBUG Array weights: [66.56, 64.07, 64.59, 64.63, 64.33, 63.19, 64.15, 64.07, 64.04]
2023-04-24T11:26:46.534341+0600 DEBUG Array weights: [66.56, 64.07, 64.59, 64.63, 64.33, 63.19, 64.15, 64.07, 64.04, 63.04]
2023-04-24T11:26:47.726174+0600 DEBUG Array weights: [66.56, 64.07, 64.59, 64.63, 64.33, 63.19, 64.15, 64.07, 64.04, 63.04, 64.59]
2023-04-24T11:26:48.914239+0600 DEBUG Array weights: [66.56, 64.07, 64.59, 64.63, 64.33, 63.19, 64.15, 64.07, 64.04, 63.04, 64.59, 65.07]
2023-04-24T11:26:50.105085+0600 DEBUG Array weights: [66.56, 64.07, 64.59, 64.63, 64.33, 63.19, 64.15, 64.07, 64.04, 63.04, 64.59, 65.07, 64.07]
2023-04-24T11:26:51.297504+0600 DEBUG Array weights: [66.56, 64.07, 64.59, 64.63, 64.33, 63.19, 64.15, 64.07, 64.04, 63.04, 64.59, 65.07, 64.07, 64.33]
