2023-04-24T11:25:00.016358+0600 INFO Connect arduino /dev/ttyACM1
2023-04-24T11:25:00.018912+0600 INFO Configuration of serial, Serial<id=0x75ae15f8, open=True>(port='/dev/ttyACM1', baudrate=9600, bytesize=8, parity='N', stopbits=1, timeout=None, xonxoff=False, rtscts=False, dsrdtr=False)
2023-04-24T11:25:00.020221+0600 INFO Success: Arduino connected
2023-04-24T11:25:00.026003+0600 INFO ("[1] to calibrate
" "[2] to start measure
>")
2023-04-24T11:25:06.506790+0600 INFO Animal_ID: 435400040001
2023-04-24T11:25:06.796875+0600 INFO Distance: 155.0
2023-04-24T11:25:06.799397+0600 INFO ARDUINOSerial<id=0x75ae1b98, open=True>(port='/dev/ttyACM0', baudrate=9600, bytesize=8, parity='N', stopbits=1, timeout=1, xonxoff=False, rtscts=False, dsrdtr=False)
2023-04-24T11:25:09.969364+0600 DEBUG Array weights: [64.22]
2023-04-24T11:25:11.161327+0600 DEBUG Array weights: [64.22, 65.7]
2023-04-24T11:25:12.353126+0600 DEBUG Array weights: [64.22, 65.7, 65.33]
2023-04-24T11:25:13.545246+0600 DEBUG Array weights: [64.22, 65.7, 65.33, 63.78]
2023-04-24T11:25:14.737287+0600 DEBUG Array weights: [64.22, 65.7, 65.33, 63.78, 64.67]
2023-04-24T11:25:15.928257+0600 DEBUG Array weights: [64.22, 65.7, 65.33, 63.78, 64.67, 63.11]
2023-04-24T11:25:17.116513+0600 DEBUG Array weights: [64.22, 65.7, 65.33, 63.78, 64.67, 63.11, 64.41]
2023-04-24T11:25:18.308734+0600 DEBUG Array weights: [64.22, 65.7, 65.33, 63.78, 64.67, 63.11, 64.41, 65.33]
2023-04-24T11:25:19.500897+0600 DEBUG Array weights: [64.22, 65.7, 65.33, 63.78, 64.67, 63.11, 64.41, 65.33, 64.81]
2023-04-24T11:25:20.691927+0600 DEBUG Array weights: [64.22, 65.7, 65.33, 63.78, 64.67, 63.11, 64.41, 65.33, 64.81, 65.15]
2023-04-24T11:25:21.883881+0600 DEBUG Array weights: [64.22, 65.7, 65.33, 63.78, 64.67, 63.11, 64.41, 65.33, 64.81, 65.15, 64.15]
2023-04-24T11:25:23.075942+0600 DEBUG Array weights: [64.22, 65.7, 65.33, 63.78, 64.67, 63.11, 64.41, 65.33, 64.81, 65.15, 64.15, 64.3]
2023-04-24T11:25:24.268013+0600 DEBUG Array weights: [64.22, 65.7, 65.33, 63.78, 64.67, 63.11, 64.41, 65.33, 64.81, 65.15, 64.15, 64.3, 64.85]
2023-04-24T11:25:25.460578+0600 DEBUG Array weights: [64.22, 65.7, 65.33, 63.78, 64.67, 63.11, 64.41, 65.33, 64.81, 65.15, 64.15, 64.3, 64.85, 65.56]
2023-04-24T11:25:26.651961+0600 DEBUG Array weights: [64.22, 65.7, 65.33, 63.78, 64.67, 63.11, 64.41, 65.33, 64.81, 65.15, 64.15, 64.3, 64.85, 65.56, 65.19]
2023-04-24T11:25:27.840472+0600 DEBUG Array weights: [64.22, 65.7, 65.33, 63.78, 64.67, 63.11, 64.41, 65.33, 64.81, 65.15, 64.15, 64.3, 64.85, 65.56, 65.19, 64.93]
2023-04-24T11:25:29.031588+0600 DEBUG Array weights: [64.22, 65.7, 65.33, 63.78, 64.67, 63.11, 64.41, 65.33, 64.81, 65.15, 64.15, 64.3, 64.85, 65.56, 65.19, 64.93, 64.78]
2023-04-24T11:25:30.226000+0600 DEBUG Array weights: [64.22, 65.7, 65.33, 63.78, 64.67, 63.11, 64.41, 65.33, 64.81, 65.15, 64.15, 64.3, 64.85, 65.56, 65.19, 64.93, 64.78, 64.74]
2023-04-24T11:25:31.416363+0600 DEBUG Array weights: [64.22, 65.7, 65.33, 63.78, 64.67, 63.11, 64.41, 65.33, 64.81, 65.15, 64.15, 64.3, 64.85, 65.56, 65.19, 64.93, 64.78, 64.74, 65.63]
2023-04-24T11:25:32.608450+0600 DEBUG Array weights: [64.22, 65.7, 65.33, 63.78, 64.67, 63.11, 64.41, 65.33, 64.81, 65.15, 64.15, 64.3, 64.85, 65.56, 65.19, 64.93, 64.78, 64.74, 65.63, 65.11]
2023-04-24T11:25:33.800212+0600 DEBUG Array weights: [64.22, 65.7, 65.33, 63.78, 64.67, 63.11, 64.41, 65.33, 64.81, 65.15, 64.15, 64.3, 64.85, 65.56, 65.19, 64.93, 64.78, 64.74, 65.63, 65.11, 63.85]
2023-04-24T11:25:34.992003+0600 DEBUG Array weights: [64.22, 65.7, 65.33, 63.78, 64.67, 63.11, 64.41, 65.33, 64.81, 65.15, 64.15, 64.3, 64.85, 65.56, 65.19, 64.93, 64.78, 64.74, 65.63, 65.11, 63.85, 65.0]
2023-04-24T11:25:36.183896+0600 DEBUG Array weights: [64.22, 65.7, 65.33, 63.78, 64.67, 63.11, 64.41, 65.33, 64.81, 65.15, 64.15, 64.3, 64.85, 65.56, 65.19, 64.93, 64.78, 64.74, 65.63, 65.11, 63.85, 65.0, 64.85]
2023-04-24T11:25:37.375976+0600 DEBUG Array weights: [64.22, 65.7, 65.33, 63.78, 64.67, 63.11, 64.41, 65.33, 64.81, 65.15, 64.15, 64.3, 64.85, 65.56, 65.19, 64.93, 64.78, 64.74, 65.63, 65.11, 63.85, 65.0, 64.85, 65.0]
2023-04-24T11:25:38.564298+0600 DEBUG Array weights: [64.22, 65.7, 65.33, 63.78, 64.67, 63.11, 64.41, 65.33, 64.81, 65.15, 64.15, 64.3, 64.85, 65.56, 65.19, 64.93, 64.78, 64.74, 65.63, 65.11, 63.85, 65.0, 64.85, 65.0, 62.3]
2023-04-24T11:25:39.755022+0600 DEBUG Array weights: [64.22, 65.7, 65.33, 63.78, 64.67, 63.11, 64.41, 65.33, 64.81, 65.15, 64.15, 64.3, 64.85, 65.56, 65.19, 64.93, 64.78, 64.74, 65.63, 65.11, 63.85, 65.0, 64.85, 65.0, 62.3, 64.15]
2023-04-24T11:25:40.947293+0600 DEBUG Array weights: [64.22, 65.7, 65.33, 63.78, 64.67, 63.11, 64.41, 65.33, 64.81, 65.15, 64.15, 64.3, 64.85, 65.56, 65.19, 64.93, 64.78, 64.74, 65.63, 65.11, 63.85, 65.0, 64.85, 65.0, 62.3, 64.15, 63.07]
2023-04-24T11:25:42.139201+0600 DEBUG Array weights: [64.22, 65.7, 65.33, 63.78, 64.67, 63.11, 64.41, 65.33, 64.81, 65.15, 64.15, 64.3, 64.85, 65.56, 65.19, 64.93, 64.78, 64.74, 65.63, 65.11, 63.85, 65.0, 64.85, 65.0, 62.3, 64.15, 63.07, 65.0]
2023-04-24T11:25:43.331123+0600 DEBUG Array weights: [64.22, 65.7, 65.33, 63.78, 64.67, 63.11, 64.41, 65.33, 64.81, 65.15, 64.15, 64.3, 64.85, 65.56, 65.19, 64.93, 64.78, 64.74, 65.63, 65.11, 63.85, 65.0, 64.85, 65.0, 62.3, 64.15, 63.07, 65.0, 64.19]
2023-04-24T11:25:44.522853+0600 DEBUG Array weights: [64.22, 65.7, 65.33, 63.78, 64.67, 63.11, 64.41, 65.33, 64.81, 65.15, 64.15, 64.3, 64.85, 65.56, 65.19, 64.93, 64.78, 64.74, 65.63, 65.11, 63.85, 65.0, 64.85, 65.0, 62.3, 64.15, 63.07, 65.0, 64.19, 63.37]
2023-04-24T11:25:45.715090+0600 DEBUG Array weights: [64.22, 65.7, 65.33, 63.78, 64.67, 63.11, 64.41, 65.33, 64.81, 65.15, 64.15, 64.3, 64.85, 65.56, 65.19, 64.93, 64.78, 64.74, 65.63, 65.11, 63.85, 65.0, 64.85, 65.0, 62.3, 64.15, 63.07, 65.0, 64.19, 63.37, 65.15]
2023-04-24T11:25:46.906870+0600 DEBUG Array weights: [64.22, 65.7, 65.33, 63.78, 64.67, 63.11, 64.41, 65.33, 64.81, 65.15, 64.15, 64.3, 64.85, 65.56, 65.19, 64.93, 64.78, 64.74, 65.63, 65.11, 63.85, 65.0, 64.85, 65.0, 62.3, 64.15, 63.07, 65.0, 64.19, 63.37, 65.15, 62.89]
2023-04-24T11:25:48.098755+0600 DEBUG Array weights: [64.22, 65.7, 65.33, 63.78, 64.67, 63.11, 64.41, 65.33, 64.81, 65.15, 64.15, 64.3, 64.85, 65.56, 65.19, 64.93, 64.78, 64.74, 65.63, 65.11, 63.85, 65.0, 64.85, 65.0, 62.3, 64.15, 63.07, 65.0, 64.19, 63.37, 65.15, 62.89, 64.78]
2023-04-24T11:25:49.287158+0600 DEBUG Array weights: [64.22, 65.7, 65.33, 63.78, 64.67, 63.11, 64.41, 65.33, 64.81, 65.15, 64.15, 64.3, 64.85, 65.56, 65.19, 64.93, 64.78, 64.74, 65.63, 65.11, 63.85, 65.0, 64.85, 65.0, 62.3, 64.15, 63.07, 65.0, 64.19, 63.37, 65.15, 62.89, 64.78, 62.44]
