2023-04-24T11:33:13.695031+0600 INFO Connect arduino /dev/ttyACM1
2023-04-24T11:33:13.697630+0600 INFO Configuration of serial, Serial<id=0x75af3610, open=True>(port='/dev/ttyACM1', baudrate=9600, bytesize=8, parity='N', stopbits=1, timeout=None, xonxoff=False, rtscts=False, dsrdtr=False)
2023-04-24T11:33:13.699071+0600 INFO Success: Arduino connected
2023-04-24T11:33:13.704980+0600 INFO ("[1] to calibrate
" "[2] to start measure
>")
2023-04-24T11:33:21.687038+0600 INFO Animal_ID: 435400040001
2023-04-24T11:33:22.482712+0600 INFO Distance: 138.0
2023-04-24T11:33:22.483929+0600 DEBUG START RFID FUNCTION
2023-04-24T11:33:22.484955+0600 DEBUG START Animal ID animal_id: b'435400040001'
2023-04-24T11:33:22.485801+0600 DEBUG START Null id null_id : b'435400040001'
2023-04-24T11:33:22.557933+0600 DEBUG Raw ID animal_id: b'43540028004501c38d13091e0102011b0101e20000174007010117406415e2003412013dfc000ad7a65ed126'
2023-04-24T11:33:22.562789+0600 DEBUG New ID animal_id_new: fc000ad7a65e
2023-04-24T11:33:22.567219+0600 DEBUG Null id null_id : b'435400040001'
2023-04-24T11:33:22.571965+0600 DEBUG Success step 2 RFID. animal id new: fc000ad7a65e
2023-04-24T11:33:22.582272+0600 INFO ARDUINOSerial<id=0x75af3cd0, open=True>(port='/dev/ttyACM0', baudrate=9600, bytesize=8, parity='N', stopbits=1, timeout=1, xonxoff=False, rtscts=False, dsrdtr=False)
2023-04-24T11:33:25.773671+0600 DEBUG Array weights: [73.89]
2023-04-24T11:33:26.966367+0600 DEBUG Array weights: [73.89, 73.59]
2023-04-24T11:33:28.157854+0600 DEBUG Array weights: [73.89, 73.59, 73.48]
2023-04-24T11:33:29.349399+0600 DEBUG Array weights: [73.89, 73.59, 73.48, 75.67]
2023-04-24T11:33:30.541276+0600 DEBUG Array weights: [73.89, 73.59, 73.48, 75.67, 73.78]
2023-04-24T11:33:31.733192+0600 DEBUG Array weights: [73.89, 73.59, 73.48, 75.67, 73.78, 75.15]
2023-04-24T11:33:32.924924+0600 DEBUG Array weights: [73.89, 73.59, 73.48, 75.67, 73.78, 75.15, 75.15]
2023-04-24T11:33:34.113161+0600 DEBUG Array weights: [73.89, 73.59, 73.48, 75.67, 73.78, 75.15, 75.15, 72.93]
2023-04-24T11:33:35.304000+0600 DEBUG Array weights: [73.89, 73.59, 73.48, 75.67, 73.78, 75.15, 75.15, 72.93, 75.15]
2023-04-24T11:33:36.496848+0600 DEBUG Array weights: [73.89, 73.59, 73.48, 75.67, 73.78, 75.15, 75.15, 72.93, 75.15, 75.41]
2023-04-24T11:33:37.687739+0600 DEBUG Array weights: [73.89, 73.59, 73.48, 75.67, 73.78, 75.15, 75.15, 72.93, 75.15, 75.41, 93.59]
2023-04-24T11:33:37.925236+0600 INFO Start weight: 75.15
2023-04-24T11:33:37.926930+0600 INFO Start time: 13846.810232327
2023-04-24T11:33:37.930083+0600 INFO main: weight_finall
2023-04-24T11:33:37.931728+0600 INFO Animal_ID: 435400040001
2023-04-24T11:33:38.544246+0600 INFO Distance: 17.0
2023-04-24T11:33:38.545491+0600 DEBUG START RFID FUNCTION
2023-04-24T11:33:38.546497+0600 DEBUG START Animal ID animal_id: b'435400040001'
2023-04-24T11:33:38.547583+0600 DEBUG START Null id null_id : b'435400040001'
2023-04-24T11:33:38.554264+0600 DEBUG Raw ID animal_id: b'43540028004501c38d13091e0102011b0101e20000174007010117406415e2003412013dfc000ad7a65ed126'
2023-04-24T11:33:38.555483+0600 DEBUG New ID animal_id_new: fc000ad7a65e
2023-04-24T11:33:38.556576+0600 DEBUG Null id null_id : b'435400040001'
2023-04-24T11:33:38.557895+0600 DEBUG Success step 2 RFID. animal id new: fc000ad7a65e
2023-04-24T11:33:38.560257+0600 INFO ARDUINOSerial<id=0x75af3be0, open=True>(port='/dev/ttyACM0', baudrate=9600, bytesize=8, parity='N', stopbits=1, timeout=1, xonxoff=False, rtscts=False, dsrdtr=False)
2023-04-24T11:33:39.592127+0600 ERROR Error, null weight list
2023-04-24T11:33:39.594058+0600 INFO Start weight: 0
2023-04-24T11:33:39.595763+0600 INFO Start time: 13848.479059175
2023-04-24T11:33:39.597529+0600 INFO main: weight_finall
2023-04-24T11:33:41.558895+0600 INFO Sensor_distance: 17
2023-04-24T11:33:43.565970+0600 INFO Sensor_distance: 17
2023-04-24T11:33:45.576879+0600 INFO Sensor_distance: 138
2023-04-24T11:33:45.578871+0600 INFO Final_weight: 0
2023-04-24T11:33:45.580587+0600 INFO Feed_time: 3.97
2023-04-24T11:33:45.585219+0600 INFO Animal_ID: 435400040001
2023-04-24T11:33:46.579857+0600 INFO Distance: 126.0
2023-04-24T11:33:46.581877+0600 DEBUG START RFID FUNCTION
2023-04-24T11:33:46.583449+0600 DEBUG START Animal ID animal_id: b'435400040001'
2023-04-24T11:33:46.585009+0600 DEBUG START Null id null_id : b'435400040001'
2023-04-24T11:33:46.604091+0600 DEBUG Raw ID animal_id: b'43540028004501c38d13091e0102011b0101e20000174007010117406415e2003412013dfc000ad7a65ed126'
2023-04-24T11:33:46.606222+0600 DEBUG New ID animal_id_new: fc000ad7a65e
2023-04-24T11:33:46.607917+0600 DEBUG Null id null_id : b'435400040001'
2023-04-24T11:33:46.609628+0600 DEBUG Success step 2 RFID. animal id new: fc000ad7a65e
2023-04-24T11:33:46.613205+0600 INFO ARDUINOSerial<id=0x75af3f58, open=True>(port='/dev/ttyACM0', baudrate=9600, bytesize=8, parity='N', stopbits=1, timeout=1, xonxoff=False, rtscts=False, dsrdtr=False)
2023-04-24T11:33:49.786845+0600 DEBUG Array weights: [71.85]
2023-04-24T11:33:50.977951+0600 DEBUG Array weights: [71.85, 71.33]
2023-04-24T11:33:52.169634+0600 DEBUG Array weights: [71.85, 71.33, 71.7]
2023-04-24T11:33:53.357547+0600 DEBUG Array weights: [71.85, 71.33, 71.7, 71.15]
