2023-04-21T14:23:59.224087+0600 INFO Connect arduino /dev/ttyACM1
2023-04-21T14:23:59.227887+0600 INFO Configuration of serial, Serial<id=0x75ce52b0, open=True>(port='/dev/ttyACM1', baudrate=9600, bytesize=8, parity='N', stopbits=1, timeout=None, xonxoff=False, rtscts=False, dsrdtr=False)
2023-04-21T14:23:59.229397+0600 INFO Success: Arduino connected
2023-04-21T14:23:59.234251+0600 INFO ("[1] to calibrate
" "[2] to start measure
>")
2023-04-21T14:24:05.696536+0600 DEBUG START RFID FUNCTION
2023-04-21T14:24:05.698131+0600 DEBUG START Animal ID animal_id: b'435400040001'
2023-04-21T14:24:05.699446+0600 DEBUG START Null id null_id : b'435400040001'
2023-04-21T14:24:38.958240+0600 DEBUG Raw ID animal_id: b'43540028004501c38d13091e0102011b0101e2806894000040103003d496e2806894200040103003d496c4d6'
2023-04-21T14:24:38.960266+0600 DEBUG New ID animal_id_new: 40103003d496
2023-04-21T14:24:38.962389+0600 DEBUG Null id null_id : b'435400040001'
2023-04-21T14:24:38.964658+0600 DEBUG Success step 2 RFID. animal id new: 40103003d496
2023-04-21T14:24:39.142384+0600 DEBUG START RFID FUNCTION
2023-04-21T14:24:39.143596+0600 DEBUG START Animal ID animal_id: b'435400040001'
2023-04-21T14:24:39.144537+0600 DEBUG START Null id null_id : b'435400040001'
2023-04-21T14:24:39.158192+0600 DEBUG Raw ID animal_id: b'43540028004501c38d13091e0102011b0101e2806894000040103003d496e2806894200040103003d496c7d3'
2023-04-21T14:24:39.159588+0600 DEBUG New ID animal_id_new: 40103003d496
2023-04-21T14:24:39.160926+0600 DEBUG Null id null_id : b'435400040001'
2023-04-21T14:24:39.162040+0600 DEBUG Success step 2 RFID. animal id new: 40103003d496
2023-04-21T14:24:40.146412+0600 DEBUG START RFID FUNCTION
2023-04-21T14:24:40.148276+0600 DEBUG START Animal ID animal_id: b'435400040001'
2023-04-21T14:24:40.149932+0600 DEBUG START Null id null_id : b'435400040001'
2023-04-21T14:24:40.158162+0600 DEBUG Raw ID animal_id: b'43540028004501c38d13091e0102011b0101e2806894000040103003d496e2806894200040103003d496ccce'
2023-04-21T14:24:40.160082+0600 DEBUG New ID animal_id_new: 40103003d496
2023-04-21T14:24:40.161986+0600 DEBUG Null id null_id : b'435400040001'
2023-04-21T14:24:40.163850+0600 DEBUG Success step 2 RFID. animal id new: 40103003d496
2023-04-21T14:24:41.150036+0600 DEBUG START RFID FUNCTION
2023-04-21T14:24:41.152175+0600 DEBUG START Animal ID animal_id: b'435400040001'
2023-04-21T14:24:41.153885+0600 DEBUG START Null id null_id : b'435400040001'
2023-04-21T14:24:41.157986+0600 DEBUG Raw ID animal_id: b'43540028004501c38d13091e0102011b0101e2806894000040103003d496e2806894200040103003d496ccce'
2023-04-21T14:24:41.159834+0600 DEBUG New ID animal_id_new: 40103003d496
2023-04-21T14:24:41.161537+0600 DEBUG Null id null_id : b'435400040001'
2023-04-21T14:24:41.163320+0600 DEBUG Success step 2 RFID. animal id new: 40103003d496
2023-04-21T14:24:42.154870+0600 INFO ARDUINOSerial<id=0x75adb6d0, open=True>(port='/dev/ttyACM0', baudrate=9600, bytesize=8, parity='N', stopbits=1, timeout=1, xonxoff=False, rtscts=False, dsrdtr=False)
2023-04-21T14:24:44.376648+0600 ERROR Error, null weight list
2023-04-21T14:24:44.378186+0600 INFO Start weight: 0
2023-04-21T14:24:44.382618+0600 ERROR Main error: name 'timeit' is not defined
