2023-04-20T14:50:35.159968+0600 INFO Connect arduino /dev/ttyACM1
2023-04-20T14:50:35.162252+0600 INFO Configuration of serial, Serial<id=0x75cbc268, open=True>(port='/dev/ttyACM1', baudrate=9600, bytesize=8, parity='N', stopbits=1, timeout=None, xonxoff=False, rtscts=False, dsrdtr=False)
2023-04-20T14:50:35.163499+0600 INFO Success: Arduino connected
2023-04-20T14:50:35.168338+0600 INFO ("[1] to calibrate
" "[2] to start measure
>")
2023-04-20T14:50:41.820891+0600 DEBUG START RFID FUNCTION
2023-04-20T14:50:41.822920+0600 DEBUG START Animal ID animal_id: b'435400040001'
2023-04-20T14:50:41.824567+0600 DEBUG START Null id null_id : b'435400040001'
2023-04-20T14:50:41.848540+0600 DEBUG Raw ID animal_id: b'43540028004501c38d13091e0102011b0101e2806894000040103003d496e2806894200040103003d496c4d6'
2023-04-20T14:50:41.850482+0600 DEBUG New ID animal_id_new: 40103003d496
2023-04-20T14:50:41.852171+0600 DEBUG Null id null_id : b'435400040001'
2023-04-20T14:50:41.853702+0600 DEBUG Success step 2 RFID. animal id new: 40103003d496
2023-04-20T14:50:41.942020+0600 DEBUG START RFID FUNCTION
2023-04-20T14:50:41.945853+0600 DEBUG START Animal ID animal_id: b'435400040001'
2023-04-20T14:50:41.949619+0600 DEBUG START Null id null_id : b'435400040001'
2023-04-20T14:50:43.797160+0600 DEBUG Raw ID animal_id: b'43540028004501c38d13091e0102011b0101e2806894000040103003d496e2806894200040103003d496c1d9'
2023-04-20T14:50:43.799169+0600 DEBUG New ID animal_id_new: 40103003d496
2023-04-20T14:50:43.800847+0600 DEBUG Null id null_id : b'435400040001'
2023-04-20T14:50:43.802673+0600 DEBUG Success step 2 RFID. animal id new: 40103003d496
2023-04-20T14:50:43.945220+0600 DEBUG START RFID FUNCTION
2023-04-20T14:50:43.946334+0600 DEBUG START Animal ID animal_id: b'435400040001'
2023-04-20T14:50:43.947259+0600 DEBUG START Null id null_id : b'435400040001'
2023-04-20T14:50:43.997304+0600 DEBUG Raw ID animal_id: b'43540028004501c38d13091e0102011b0101e2806894000040103003d496e2806894200040103003d496c8d2'
2023-04-20T14:50:43.998979+0600 DEBUG New ID animal_id_new: 40103003d496
2023-04-20T14:50:44.000203+0600 DEBUG Null id null_id : b'435400040001'
2023-04-20T14:50:44.001625+0600 DEBUG Success step 2 RFID. animal id new: 40103003d496
2023-04-20T14:50:44.948526+0600 DEBUG START RFID FUNCTION
2023-04-20T14:50:44.950396+0600 DEBUG START Animal ID animal_id: b'435400040001'
2023-04-20T14:50:44.952132+0600 DEBUG START Null id null_id : b'435400040001'
2023-04-20T14:50:44.997159+0600 DEBUG Raw ID animal_id: b'43540028004501c38d13091e0102011b0101e2806894000040103003d496e2806894200040103003d496cecc'
2023-04-20T14:50:44.999131+0600 DEBUG New ID animal_id_new: 40103003d496
2023-04-20T14:50:45.001089+0600 DEBUG Null id null_id : b'435400040001'
2023-04-20T14:50:45.003551+0600 DEBUG Success step 2 RFID. animal id new: 40103003d496
2023-04-20T14:50:45.956578+0600 DEBUG START RFID FUNCTION
2023-04-20T14:50:45.958449+0600 DEBUG START Animal ID animal_id: b'435400040001'
2023-04-20T14:50:45.960055+0600 DEBUG START Null id null_id : b'435400040001'
2023-04-20T14:50:45.997071+0600 DEBUG Raw ID animal_id: b'43540028004501c38d13091e0102011b0101e2806894000040103003d496e2806894200040103003d496d0ca'
2023-04-20T14:50:45.998904+0600 DEBUG New ID animal_id_new: 40103003d496
2023-04-20T14:50:46.000306+0600 DEBUG Null id null_id : b'435400040001'
2023-04-20T14:50:46.001951+0600 DEBUG Success step 2 RFID. animal id new: 40103003d496
2023-04-20T14:50:46.957232+0600 INFO ARDUINOSerial<id=0x75ab2778, open=True>(port='/dev/ttyACM0', baudrate=9600, bytesize=8, parity='N', stopbits=1, timeout=1, xonxoff=False, rtscts=False, dsrdtr=False)
2023-04-20T14:50:49.175705+0600 ERROR Error, null weight list
2023-04-20T14:50:49.177098+0600 INFO main: weight_finall
2023-04-20T14:50:49.179033+0600 DEBUG START RFID FUNCTION
2023-04-20T14:50:49.180284+0600 DEBUG START Animal ID animal_id: b'435400040001'
2023-04-20T14:50:49.181432+0600 DEBUG START Null id null_id : b'435400040001'
2023-04-20T14:50:49.196787+0600 DEBUG Raw ID animal_id: b'43540028004501c38d13091e0102011b0101e2806894000040103003d496e2806894200040103003d496d1c9'
2023-04-20T14:50:49.198231+0600 DEBUG New ID animal_id_new: 40103003d496
2023-04-20T14:50:49.199250+0600 DEBUG Null id null_id : b'435400040001'
2023-04-20T14:50:49.200458+0600 DEBUG Success step 2 RFID. animal id new: 40103003d496
2023-04-20T14:50:49.971018+0600 INFO ARDUINOSerial<id=0x75ab29b8, open=True>(port='/dev/ttyACM0', baudrate=9600, bytesize=8, parity='N', stopbits=1, timeout=1, xonxoff=False, rtscts=False, dsrdtr=False)
2023-04-20T14:50:52.191366+0600 ERROR Error, null weight list
2023-04-20T14:50:52.193427+0600 INFO main: weight_finall
2023-04-20T14:50:52.197318+0600 DEBUG START RFID FUNCTION
2023-04-20T14:50:52.199083+0600 DEBUG START Animal ID animal_id: b'435400040001'
2023-04-20T14:50:52.200681+0600 DEBUG START Null id null_id : b'435400040001'
2023-04-20T14:50:52.296976+0600 DEBUG Raw ID animal_id: b'43540028004501c38d13091e0102011b0101e2806894000040103003d496e2806894200040103003d496d0ca'
2023-04-20T14:50:52.302387+0600 DEBUG New ID animal_id_new: 40103003d496
2023-04-20T14:50:52.306872+0600 DEBUG Null id null_id : b'435400040001'
2023-04-20T14:50:52.311696+0600 DEBUG Success step 2 RFID. animal id new: 40103003d496
2023-04-20T14:50:52.982742+0600 INFO ARDUINOSerial<id=0x75ab2b08, open=True>(port='/dev/ttyACM0', baudrate=9600, bytesize=8, parity='N', stopbits=1, timeout=1, xonxoff=False, rtscts=False, dsrdtr=False)
2023-04-20T14:50:55.201455+0600 ERROR Error, null weight list
2023-04-20T14:50:55.203395+0600 INFO main: weight_finall
2023-04-20T14:50:55.206205+0600 DEBUG START RFID FUNCTION
2023-04-20T14:50:55.207888+0600 DEBUG START Animal ID animal_id: b'435400040001'
2023-04-20T14:50:55.209377+0600 DEBUG START Null id null_id : b'435400040001'
2023-04-20T14:50:55.346961+0600 DEBUG Raw ID animal_id: b'43540028004501c38d13091e0102011b0101e2806894000040103003d496e2806894200040103003d496c1d9'
2023-04-20T14:50:55.348249+0600 DEBUG New ID animal_id_new: 40103003d496
2023-04-20T14:50:55.349149+0600 DEBUG Null id null_id : b'435400040001'
2023-04-20T14:50:55.350160+0600 DEBUG Success step 2 RFID. animal id new: 40103003d496
2023-04-20T14:50:55.995152+0600 DEBUG START RFID FUNCTION
2023-04-20T14:50:55.996785+0600 DEBUG START Animal ID animal_id: b'435400040001'
2023-04-20T14:50:55.998140+0600 DEBUG START Null id null_id : b'435400040001'
2023-04-20T14:50:57.795601+0600 DEBUG Raw ID animal_id: b'43540028004501c38d13091e0102011b0101e2806894000040103003d496e2806894200040103003d496bedc'
2023-04-20T14:50:57.797571+0600 DEBUG New ID animal_id_new: 40103003d496
2023-04-20T14:50:57.799118+0600 DEBUG Null id null_id : b'435400040001'
2023-04-20T14:50:57.801815+0600 DEBUG Success step 2 RFID. animal id new: 40103003d496
2023-04-20T14:50:58.002869+0600 DEBUG START RFID FUNCTION
2023-04-20T14:50:58.004066+0600 DEBUG START Animal ID animal_id: b'435400040001'
2023-04-20T14:50:58.004970+0600 DEBUG START Null id null_id : b'435400040001'
2023-04-20T14:50:58.096729+0600 DEBUG Raw ID animal_id: b'43540028004501c38d13091e0102011b0101e2806894000040103003d496e2806894200040103003d496cbcf'
2023-04-20T14:50:58.100557+0600 DEBUG New ID animal_id_new: 40103003d496
2023-04-20T14:50:58.104828+0600 DEBUG Null id null_id : b'435400040001'
2023-04-20T14:50:58.109177+0600 DEBUG Success step 2 RFID. animal id new: 40103003d496
2023-04-20T14:50:59.008172+0600 INFO ARDUINOSerial<id=0x75ab2b50, open=True>(port='/dev/ttyACM0', baudrate=9600, bytesize=8, parity='N', stopbits=1, timeout=1, xonxoff=False, rtscts=False, dsrdtr=False)
2023-04-20T14:51:01.221552+0600 ERROR Error, null weight list
2023-04-20T14:51:01.223184+0600 INFO main: weight_finall
2023-04-20T14:51:01.227099+0600 DEBUG START RFID FUNCTION
2023-04-20T14:51:01.228376+0600 DEBUG START Animal ID animal_id: b'435400040001'
2023-04-20T14:51:01.229569+0600 DEBUG START Null id null_id : b'435400040001'
2023-04-20T14:51:01.296548+0600 DEBUG Raw ID animal_id: b'43540028004501c38d13091e0102011b0101e2806894000040103003d496e2806894200040103003d496cbcf'
2023-04-20T14:51:01.300641+0600 DEBUG New ID animal_id_new: 40103003d496
2023-04-20T14:51:01.305384+0600 DEBUG Null id null_id : b'435400040001'
2023-04-20T14:51:01.313137+0600 DEBUG Success step 2 RFID. animal id new: 40103003d496
2023-04-20T14:51:02.020364+0600 DEBUG START RFID FUNCTION
2023-04-20T14:51:02.021627+0600 DEBUG START Animal ID animal_id: b'435400040001'
2023-04-20T14:51:02.022553+0600 DEBUG START Null id null_id : b'435400040001'
2023-04-20T14:51:02.346241+0600 DEBUG Raw ID animal_id: b'43540028004501c38d13091e0102011b0101e2806894000040103003d496e2806894200040103003d496c8d2'
2023-04-20T14:51:02.347529+0600 DEBUG New ID animal_id_new: 40103003d496
2023-04-20T14:51:02.348458+0600 DEBUG Null id null_id : b'435400040001'
2023-04-20T14:51:02.349494+0600 DEBUG Success step 2 RFID. animal id new: 40103003d496
2023-04-20T14:51:03.023591+0600 DEBUG START RFID FUNCTION
2023-04-20T14:51:03.025457+0600 DEBUG START Animal ID animal_id: b'435400040001'
2023-04-20T14:51:03.026966+0600 DEBUG START Null id null_id : b'435400040001'
