2023-04-24T08:47:02.982084+0600 INFO Connect arduino /dev/ttyACM1
2023-04-24T08:47:02.984152+0600 INFO Configuration of serial, Serial<id=0x75adcda8, open=True>(port='/dev/ttyACM1', baudrate=9600, bytesize=8, parity='N', stopbits=1, timeout=None, xonxoff=False, rtscts=False, dsrdtr=False)
2023-04-24T08:47:02.985183+0600 INFO Success: Arduino connected
2023-04-24T08:47:02.990957+0600 INFO ("[1] to calibrate
" "[2] to start measure
>")
2023-04-24T08:47:09.384527+0600 DEBUG START RFID FUNCTION
2023-04-24T08:47:09.386558+0600 DEBUG START Animal ID animal_id: b'435400040001'
2023-04-24T08:47:09.388345+0600 DEBUG START Null id null_id : b'435400040001'
2023-04-24T08:47:09.739958+0600 DEBUG Raw ID animal_id: b'43540028004501c38d13091e0102011b0101e20000174007010117406415e2003412013dfc000ad7a65ec532'
2023-04-24T08:47:09.741247+0600 DEBUG New ID animal_id_new: fc000ad7a65e
2023-04-24T08:47:09.742190+0600 DEBUG Null id null_id : b'435400040001'
2023-04-24T08:47:09.743271+0600 DEBUG Success step 2 RFID. animal id new: fc000ad7a65e
2023-04-24T08:47:09.763451+0600 DEBUG START RFID FUNCTION
2023-04-24T08:47:09.764657+0600 DEBUG START Animal ID animal_id: b'435400040001'
2023-04-24T08:47:09.765567+0600 DEBUG START Null id null_id : b'435400040001'
2023-04-24T08:47:10.689155+0600 DEBUG Raw ID animal_id: b'43540028004501c38d13091e0102011b0101e20000174007010117406415e2003412013dfc000ad7a65ec532'
2023-04-24T08:47:10.691139+0600 DEBUG New ID animal_id_new: fc000ad7a65e
2023-04-24T08:47:10.692711+0600 DEBUG Null id null_id : b'435400040001'
2023-04-24T08:47:10.694445+0600 DEBUG Success step 2 RFID. animal id new: fc000ad7a65e
2023-04-24T08:47:10.765949+0600 DEBUG START RFID FUNCTION
2023-04-24T08:47:10.768453+0600 DEBUG START Animal ID animal_id: b'435400040001'
2023-04-24T08:47:10.770535+0600 DEBUG START Null id null_id : b'435400040001'
2023-04-24T08:47:11.789533+0600 DEBUG Raw ID animal_id: b'43540028004501c38d13091e0102011b0101e20000174007010117406415e2003412013dfc000ad7a65ec92e'
2023-04-24T08:47:11.791500+0600 DEBUG New ID animal_id_new: fc000ad7a65e
2023-04-24T08:47:11.792984+0600 DEBUG Null id null_id : b'435400040001'
2023-04-24T08:47:11.794710+0600 DEBUG Success step 2 RFID. animal id new: fc000ad7a65e
2023-04-24T08:47:12.773386+0600 DEBUG START RFID FUNCTION
2023-04-24T08:47:12.774828+0600 DEBUG START Animal ID animal_id: b'435400040001'
2023-04-24T08:47:12.775968+0600 DEBUG START Null id null_id : b'435400040001'
2023-04-24T08:47:12.788925+0600 DEBUG Raw ID animal_id: b'43540028004501c38d13091e0102011b0101e20000174007010117406415e2003412013dfc000ad7a65ece29'
2023-04-24T08:47:12.790496+0600 DEBUG New ID animal_id_new: fc000ad7a65e
2023-04-24T08:47:12.791683+0600 DEBUG Null id null_id : b'435400040001'
2023-04-24T08:47:12.793347+0600 DEBUG Success step 2 RFID. animal id new: fc000ad7a65e
2023-04-24T08:47:13.778184+0600 INFO ARDUINOSerial<id=0x75aef7c0, open=True>(port='/dev/ttyACM0', baudrate=9600, bytesize=8, parity='N', stopbits=1, timeout=1, xonxoff=False, rtscts=False, dsrdtr=False)
2023-04-24T08:47:16.936307+0600 DEBUG Array weights: [93.89]
2023-04-24T08:47:18.129109+0600 DEBUG Array weights: [93.89, 92.37]
2023-04-24T08:47:19.316369+0600 DEBUG Array weights: [93.89, 92.37, 94.48]
2023-04-24T08:47:20.509431+0600 DEBUG Array weights: [93.89, 92.37, 94.48, 93.37]
2023-04-24T08:47:21.697409+0600 DEBUG Array weights: [93.89, 92.37, 94.48, 93.37, 87.41]
2023-04-24T08:47:22.888583+0600 DEBUG Array weights: [93.89, 92.37, 94.48, 93.37, 87.41, 88.3]
2023-04-24T08:47:24.081341+0600 DEBUG Array weights: [93.89, 92.37, 94.48, 93.37, 87.41, 88.3, 88.37]
2023-04-24T08:47:25.268824+0600 DEBUG Array weights: [93.89, 92.37, 94.48, 93.37, 87.41, 88.3, 88.37, 86.44]
2023-04-24T08:47:26.460261+0600 DEBUG Array weights: [93.89, 92.37, 94.48, 93.37, 87.41, 88.3, 88.37, 86.44, 87.52]
2023-04-24T08:47:27.649055+0600 DEBUG Array weights: [93.89, 92.37, 94.48, 93.37, 87.41, 88.3, 88.37, 86.44, 87.52, 88.63]
2023-04-24T08:47:28.840740+0600 DEBUG Array weights: [93.89, 92.37, 94.48, 93.37, 87.41, 88.3, 88.37, 86.44, 87.52, 88.63, 90.3]
2023-04-24T08:47:30.029083+0600 DEBUG Array weights: [93.89, 92.37, 94.48, 93.37, 87.41, 88.3, 88.37, 86.44, 87.52, 88.63, 90.3, 88.37]
2023-04-24T08:47:31.220147+0600 DEBUG Array weights: [93.89, 92.37, 94.48, 93.37, 87.41, 88.3, 88.37, 86.44, 87.52, 88.63, 90.3, 88.37, 89.44]
2023-04-24T08:47:32.412967+0600 DEBUG Array weights: [93.89, 92.37, 94.48, 93.37, 87.41, 88.3, 88.37, 86.44, 87.52, 88.63, 90.3, 88.37, 89.44, 91.67]
2023-04-24T08:47:33.600435+0600 DEBUG Array weights: [93.89, 92.37, 94.48, 93.37, 87.41, 88.3, 88.37, 86.44, 87.52, 88.63, 90.3, 88.37, 89.44, 91.67, 91.11]
2023-04-24T08:47:34.791982+0600 DEBUG Array weights: [93.89, 92.37, 94.48, 93.37, 87.41, 88.3, 88.37, 86.44, 87.52, 88.63, 90.3, 88.37, 89.44, 91.67, 91.11, 89.81]
2023-04-24T08:47:35.980874+0600 DEBUG Array weights: [93.89, 92.37, 94.48, 93.37, 87.41, 88.3, 88.37, 86.44, 87.52, 88.63, 90.3, 88.37, 89.44, 91.67, 91.11, 89.81, 91.26]
2023-04-24T08:47:37.173044+0600 DEBUG Array weights: [93.89, 92.37, 94.48, 93.37, 87.41, 88.3, 88.37, 86.44, 87.52, 88.63, 90.3, 88.37, 89.44, 91.67, 91.11, 89.81, 91.26, 91.67]
2023-04-24T08:47:38.365003+0600 DEBUG Array weights: [93.89, 92.37, 94.48, 93.37, 87.41, 88.3, 88.37, 86.44, 87.52, 88.63, 90.3, 88.37, 89.44, 91.67, 91.11, 89.81, 91.26, 91.67, 89.22]
2023-04-24T08:47:39.552550+0600 DEBUG Array weights: [93.89, 92.37, 94.48, 93.37, 87.41, 88.3, 88.37, 86.44, 87.52, 88.63, 90.3, 88.37, 89.44, 91.67, 91.11, 89.81, 91.26, 91.67, 89.22, 93.11]
2023-04-24T08:47:40.744464+0600 DEBUG Array weights: [93.89, 92.37, 94.48, 93.37, 87.41, 88.3, 88.37, 86.44, 87.52, 88.63, 90.3, 88.37, 89.44, 91.67, 91.11, 89.81, 91.26, 91.67, 89.22, 93.11, 97.26]
2023-04-24T08:47:41.932860+0600 DEBUG Array weights: [93.89, 92.37, 94.48, 93.37, 87.41, 88.3, 88.37, 86.44, 87.52, 88.63, 90.3, 88.37, 89.44, 91.67, 91.11, 89.81, 91.26, 91.67, 89.22, 93.11, 97.26, 101.0]
2023-04-24T08:47:43.124790+0600 DEBUG Array weights: [93.89, 92.37, 94.48, 93.37, 87.41, 88.3, 88.37, 86.44, 87.52, 88.63, 90.3, 88.37, 89.44, 91.67, 91.11, 89.81, 91.26, 91.67, 89.22, 93.11, 97.26, 101.0, 99.48]
2023-04-24T08:47:44.316351+0600 DEBUG Array weights: [93.89, 92.37, 94.48, 93.37, 87.41, 88.3, 88.37, 86.44, 87.52, 88.63, 90.3, 88.37, 89.44, 91.67, 91.11, 89.81, 91.26, 91.67, 89.22, 93.11, 97.26, 101.0, 99.48, 99.41]
2023-04-24T08:47:45.504284+0600 DEBUG Array weights: [93.89, 92.37, 94.48, 93.37, 87.41, 88.3, 88.37, 86.44, 87.52, 88.63, 90.3, 88.37, 89.44, 91.67, 91.11, 89.81, 91.26, 91.67, 89.22, 93.11, 97.26, 101.0, 99.48, 99.41, 98.93]
2023-04-24T08:47:46.697095+0600 DEBUG Array weights: [93.89, 92.37, 94.48, 93.37, 87.41, 88.3, 88.37, 86.44, 87.52, 88.63, 90.3, 88.37, 89.44, 91.67, 91.11, 89.81, 91.26, 91.67, 89.22, 93.11, 97.26, 101.0, 99.48, 99.41, 98.93, 99.96]
2023-04-24T08:47:47.888507+0600 DEBUG Array weights: [93.89, 92.37, 94.48, 93.37, 87.41, 88.3, 88.37, 86.44, 87.52, 88.63, 90.3, 88.37, 89.44, 91.67, 91.11, 89.81, 91.26, 91.67, 89.22, 93.11, 97.26, 101.0, 99.48, 99.41, 98.93, 99.96, 96.11]
2023-04-24T08:47:48.362831+0600 INFO Start weight: 91.67
2023-04-24T08:47:48.364058+0600 INFO Start time: 3897.24738767
2023-04-24T08:47:48.364963+0600 INFO main: weight_finall
2023-04-24T08:47:48.365982+0600 INFO main: Send data to server
2023-04-24T08:47:48.367048+0600 DEBUG Post data function start
2023-04-24T08:47:50.072384+0600 DEBUG Answer from server: <Response [200]>
2023-04-24T08:47:50.077002+0600 DEBUG Content from main server: b'2198'
2023-04-24T08:47:50.079002+0600 DEBUG START SEND DATA TO SERVER:
2023-04-24T08:47:50.337560+0600 DEBUG Answer from server: <Response [200]>
2023-04-24T08:47:50.338918+0600 DEBUG Content from main server: b'147919'
2023-04-24T08:47:50.340013+0600 ERROR 4 step send data
2023-04-24T08:47:50.343925+0600 DEBUG START RFID FUNCTION
2023-04-24T08:47:50.345103+0600 DEBUG START Animal ID animal_id: b'435400040001'
2023-04-24T08:47:50.346095+0600 DEBUG START Null id null_id : b'435400040001'
2023-04-24T08:47:50.739741+0600 DEBUG Raw ID animal_id: b'43540028004501c38d13091e0102011b0101e20000174007010117406415e2003412013dfc000ad7a65ec92e'
2023-04-24T08:47:50.741049+0600 DEBUG New ID animal_id_new: fc000ad7a65e
2023-04-24T08:47:50.742085+0600 DEBUG Null id null_id : b'435400040001'
2023-04-24T08:47:50.743199+0600 DEBUG Success step 2 RFID. animal id new: fc000ad7a65e
2023-04-24T08:47:50.938124+0600 DEBUG START RFID FUNCTION
2023-04-24T08:47:50.939958+0600 DEBUG START Animal ID animal_id: b'435400040001'
2023-04-24T08:47:50.941633+0600 DEBUG START Null id null_id : b'435400040001'
