2023-04-20T15:34:54.622289+0600 INFO Connect arduino /dev/ttyACM1
2023-04-20T15:34:54.625275+0600 INFO Configuration of serial, Serial<id=0x75d0a250, open=True>(port='/dev/ttyACM1', baudrate=9600, bytesize=8, parity='N', stopbits=1, timeout=None, xonxoff=False, rtscts=False, dsrdtr=False)
2023-04-20T15:34:54.626962+0600 INFO Success: Arduino connected
2023-04-20T15:34:54.633435+0600 INFO ("[1] to calibrate
" "[2] to start measure
>")
2023-04-20T15:35:03.042003+0600 DEBUG START RFID FUNCTION
2023-04-20T15:35:03.043990+0600 DEBUG START Animal ID animal_id: b'435400040001'
2023-04-20T15:35:03.045477+0600 DEBUG START Null id null_id : b'435400040001'
2023-04-20T15:35:37.694804+0600 DEBUG Raw ID animal_id: b'43540028004501c38d13091e0102011b0101e2806894000040103003d496e2806894200040103003d496c5d5'
2023-04-20T15:35:37.696847+0600 DEBUG New ID animal_id_new: 40103003d496
2023-04-20T15:35:37.698513+0600 DEBUG Null id null_id : b'435400040001'
2023-04-20T15:35:37.700825+0600 DEBUG Success step 2 RFID. animal id new: 40103003d496
2023-04-20T15:35:38.512378+0600 DEBUG START RFID FUNCTION
2023-04-20T15:35:38.514055+0600 DEBUG START Animal ID animal_id: b'435400040001'
2023-04-20T15:35:38.515508+0600 DEBUG START Null id null_id : b'435400040001'
2023-04-20T15:38:47.022576+0600 DEBUG Raw ID animal_id: b'43540028004501c38d13091e0102011b0101e2000017160900161150a24ee20034120133fd000a17d65fc75b'
2023-04-20T15:38:47.024243+0600 DEBUG New ID animal_id_new: fd000a17d65f
2023-04-20T15:38:47.025833+0600 DEBUG Null id null_id : b'435400040001'
2023-04-20T15:38:47.027866+0600 DEBUG Success step 2 RFID. animal id new: fd000a17d65f
2023-04-20T15:38:47.245808+0600 DEBUG START RFID FUNCTION
2023-04-20T15:38:47.248617+0600 DEBUG START Animal ID animal_id: b'435400040001'
2023-04-20T15:38:47.252510+0600 DEBUG START Null id null_id : b'435400040001'
2023-04-20T15:38:47.323589+0600 DEBUG Raw ID animal_id: b'43540028004501c38d13091e0102011b0101e2000017160900161150a24ee20034120133fd000a17d65fc959'
2023-04-20T15:38:47.327782+0600 DEBUG New ID animal_id_new: fd000a17d65f
2023-04-20T15:38:47.331888+0600 DEBUG Null id null_id : b'435400040001'
2023-04-20T15:38:47.336772+0600 DEBUG Success step 2 RFID. animal id new: fd000a17d65f
2023-04-20T15:38:48.251764+0600 DEBUG START RFID FUNCTION
2023-04-20T15:38:48.253222+0600 DEBUG START Animal ID animal_id: b'435400040001'
2023-04-20T15:38:48.254421+0600 DEBUG START Null id null_id : b'435400040001'
2023-04-20T15:38:48.323225+0600 DEBUG Raw ID animal_id: b'43540028004501c38d13091e0102011b0101e2000017160900161150a24ee20034120133fd000a17d65fc959'
2023-04-20T15:38:48.327548+0600 DEBUG New ID animal_id_new: fd000a17d65f
2023-04-20T15:38:48.331949+0600 DEBUG Null id null_id : b'435400040001'
2023-04-20T15:38:48.336458+0600 DEBUG Success step 2 RFID. animal id new: fd000a17d65f
2023-04-20T15:38:49.252073+0600 INFO ARDUINOSerial<id=0x75b00670, open=True>(port='/dev/ttyACM0', baudrate=9600, bytesize=8, parity='N', stopbits=1, timeout=1, xonxoff=False, rtscts=False, dsrdtr=False)
2023-04-20T15:38:51.471836+0600 ERROR Error, null weight list
2023-04-20T15:38:51.473586+0600 INFO main: weight_finall
2023-04-20T15:38:51.477422+0600 DEBUG START RFID FUNCTION
2023-04-20T15:38:51.478948+0600 DEBUG START Animal ID animal_id: b'435400040001'
2023-04-20T15:38:51.480309+0600 DEBUG START Null id null_id : b'435400040001'
2023-04-20T15:38:51.522158+0600 DEBUG Raw ID animal_id: b'43540028004501c38d13091e0102011b0101e2000017160900161150a24ee20034120133fd000a17d65fcd55'
2023-04-20T15:38:51.524282+0600 DEBUG New ID animal_id_new: fd000a17d65f
2023-04-20T15:38:51.526416+0600 DEBUG Null id null_id : b'435400040001'
2023-04-20T15:38:51.528636+0600 DEBUG Success step 2 RFID. animal id new: fd000a17d65f
2023-04-20T15:38:52.266026+0600 INFO ARDUINOSerial<id=0x75b00988, open=True>(port='/dev/ttyACM0', baudrate=9600, bytesize=8, parity='N', stopbits=1, timeout=1, xonxoff=False, rtscts=False, dsrdtr=False)
2023-04-20T15:38:54.719414+0600 ERROR Error, null weight list
2023-04-20T15:38:54.721447+0600 INFO main: weight_finall
2023-04-20T15:38:54.724051+0600 DEBUG START RFID FUNCTION
2023-04-20T15:38:54.725870+0600 DEBUG START Animal ID animal_id: b'435400040001'
2023-04-20T15:38:54.727432+0600 DEBUG START Null id null_id : b'435400040001'
2023-04-20T15:38:54.822392+0600 DEBUG Raw ID animal_id: b'43540028004501c38d13091e0102011b0101e2000017160900161150a24ee20034120133fd000a17d65fcc56'
2023-04-20T15:38:54.826291+0600 DEBUG New ID animal_id_new: fd000a17d65f
2023-04-20T15:38:54.829808+0600 DEBUG Null id null_id : b'435400040001'
2023-04-20T15:38:54.834701+0600 DEBUG Success step 2 RFID. animal id new: fd000a17d65f
2023-04-20T15:38:55.276437+0600 INFO ARDUINOSerial<id=0x75b00ad8, open=True>(port='/dev/ttyACM0', baudrate=9600, bytesize=8, parity='N', stopbits=1, timeout=1, xonxoff=False, rtscts=False, dsrdtr=False)
2023-04-20T15:38:58.446297+0600 DEBUG Array weights: [22.0]
2023-04-20T15:38:59.643642+0600 DEBUG Array weights: [22.0, 32.55]
2023-04-20T15:39:00.834983+0600 DEBUG Array weights: [22.0, 32.55, 25.05]
2023-04-20T15:39:02.027331+0600 DEBUG Array weights: [22.0, 32.55, 25.05, 29.8]
2023-04-20T15:39:03.219802+0600 DEBUG Array weights: [22.0, 32.55, 25.05, 29.8, 20.35]
2023-04-20T15:39:04.412481+0600 DEBUG Array weights: [22.0, 32.55, 25.05, 29.8, 20.35, 20.35]
2023-04-20T15:39:05.604966+0600 DEBUG Array weights: [22.0, 32.55, 25.05, 29.8, 20.35, 20.35, 30.9]
2023-04-20T15:39:06.796107+0600 DEBUG Array weights: [22.0, 32.55, 25.05, 29.8, 20.35, 20.35, 30.9, 24.2]
2023-04-20T15:39:07.988419+0600 DEBUG Array weights: [22.0, 32.55, 25.05, 29.8, 20.35, 20.35, 30.9, 24.2, 31.25]
2023-04-20T15:39:09.181770+0600 DEBUG Array weights: [22.0, 32.55, 25.05, 29.8, 20.35, 20.35, 30.9, 24.2, 31.25, 32.1]
2023-04-20T15:39:10.378067+0600 DEBUG Array weights: [22.0, 32.55, 25.05, 29.8, 20.35, 20.35, 30.9, 24.2, 31.25, 32.1, 29.0]
2023-04-20T15:39:11.570504+0600 DEBUG Array weights: [22.0, 32.55, 25.05, 29.8, 20.35, 20.35, 30.9, 24.2, 31.25, 32.1, 29.0, 24.45]
2023-04-20T15:39:12.761432+0600 DEBUG Array weights: [22.0, 32.55, 25.05, 29.8, 20.35, 20.35, 30.9, 24.2, 31.25, 32.1, 29.0, 24.45, 35.1]
2023-04-20T15:39:13.953616+0600 DEBUG Array weights: [22.0, 32.55, 25.05, 29.8, 20.35, 20.35, 30.9, 24.2, 31.25, 32.1, 29.0, 24.45, 35.1, 21.65]
2023-04-20T15:39:15.146264+0600 DEBUG Array weights: [22.0, 32.55, 25.05, 29.8, 20.35, 20.35, 30.9, 24.2, 31.25, 32.1, 29.0, 24.45, 35.1, 21.65, 27.1]
2023-04-20T15:39:16.338561+0600 DEBUG Array weights: [22.0, 32.55, 25.05, 29.8, 20.35, 20.35, 30.9, 24.2, 31.25, 32.1, 29.0, 24.45, 35.1, 21.65, 27.1, 18.55]
2023-04-20T15:39:16.936810+0600 INFO main: weight_finall
2023-04-20T15:39:16.938323+0600 INFO main: Send data to server
2023-04-20T15:39:16.939364+0600 DEBUG Post data function start
2023-04-20T15:39:17.819789+0600 DEBUG Answer from server: <Response [200]>
2023-04-20T15:39:17.823315+0600 DEBUG Content from main server: b'2017'
2023-04-20T15:39:17.826368+0600 DEBUG START SEND DATA TO SERVER:
2023-04-20T15:39:18.135348+0600 DEBUG Answer from server: <Response [400]>
2023-04-20T15:39:18.137146+0600 DEBUG Content from main server: b'{"Message":"Invalid live weight (26.075)"}'
2023-04-20T15:39:18.138883+0600 ERROR 4 step send data
2023-04-20T15:39:18.143052+0600 DEBUG START RFID FUNCTION
2023-04-20T15:39:18.144782+0600 DEBUG START Animal ID animal_id: b'435400040001'
2023-04-20T15:39:18.146247+0600 DEBUG START Null id null_id : b'435400040001'
2023-04-20T15:39:18.175328+0600 DEBUG Raw ID animal_id: b'43540028004501c38d13091e0102011b0101e2000017160900161150a24ee20034120133fd000a17d65fc85a'
2023-04-20T15:39:18.177160+0600 DEBUG New ID animal_id_new: fd000a17d65f
2023-04-20T15:39:18.178611+0600 DEBUG Null id null_id : b'435400040001'
2023-04-20T15:39:18.180380+0600 DEBUG Success step 2 RFID. animal id new: fd000a17d65f
2023-04-20T15:39:18.377490+0600 DEBUG START RFID FUNCTION
2023-04-20T15:39:18.380104+0600 DEBUG START Animal ID animal_id: b'435400040001'
2023-04-20T15:39:18.382586+0600 DEBUG START Null id null_id : b'435400040001'
2023-04-20T15:39:29.425925+0600 DEBUG Raw ID animal_id: b'43540028004501c38d13091e0102011b0101e2000017160900161150a24ee20034120133fd000a17d65fc55d'
2023-04-20T15:39:29.428261+0600 DEBUG New ID animal_id_new: fd000a17d65f
2023-04-20T15:39:29.430472+0600 DEBUG Null id null_id : b'435400040001'
2023-04-20T15:39:29.433555+0600 DEBUG Success step 2 RFID. animal id new: fd000a17d65f
2023-04-20T15:39:30.431473+0600 DEBUG START RFID FUNCTION
2023-04-20T15:39:30.433576+0600 DEBUG START Animal ID animal_id: b'435400040001'
2023-04-20T15:39:30.435328+0600 DEBUG START Null id null_id : b'435400040001'
2023-04-20T15:39:30.676975+0600 DEBUG Raw ID animal_id: b'43540028004501c38d13091e0102011b0101e2000017160900161150a24ee20034120133fd000a17d65fc55d'
2023-04-20T15:39:30.678334+0600 DEBUG New ID animal_id_new: fd000a17d65f
2023-04-20T15:39:30.679419+0600 DEBUG Null id null_id : b'435400040001'
2023-04-20T15:39:30.680642+0600 DEBUG Success step 2 RFID. animal id new: fd000a17d65f
2023-04-20T15:39:31.434774+0600 DEBUG START RFID FUNCTION
2023-04-20T15:39:31.436850+0600 DEBUG START Animal ID animal_id: b'435400040001'
2023-04-20T15:39:31.438496+0600 DEBUG START Null id null_id : b'435400040001'
