2023-04-18T17:00:52.363211+0600 INFO Connect arduino /dev/ttyACM0
2023-04-18T17:00:52.365188+0600 INFO Configuration of serial, Serial<id=0x75d97250, open=True>(port='/dev/ttyACM0', baudrate=9600, bytesize=8, parity='N', stopbits=1, timeout=None, xonxoff=False, rtscts=False, dsrdtr=False)
2023-04-18T17:00:52.366115+0600 INFO Success: Arduino connected
2023-04-18T17:00:52.370736+0600 INFO ("[1] to calibrate
" "[2] to start measure
>")
2023-04-18T17:00:58.901926+0600 INFO Start calibrate function
2023-04-18T17:00:58.908662+0600 INFO Remove any items from scale. Press any key when ready.
2023-04-18T17:01:11.188536+0600 INFO Value at zero (offset): 825636877
2023-04-18T17:01:11.190448+0600 INFO Please place an item of known weight on the scale.
2023-04-18T17:01:23.239162+0600 INFO Please enter the item's weight in kg.
>
2023-04-18T17:01:26.624178+0600 INFO Scale adjusted for kilograms: -825636867.0
2023-04-18T17:01:26.625825+0600 INFO Offset: 825636877, set_scale(scale): -825636867.0
2023-04-18T17:01:26.647135+0600 DEBUG START RFID FUNCTION
2023-04-18T17:01:26.648891+0600 DEBUG START Animal ID animal_id: b'435400040001'
2023-04-18T17:01:26.650522+0600 DEBUG START Null id null_id : b'435400040001'
2023-04-18T17:01:30.838780+0600 DEBUG Raw ID animal_id: b'43540028004501c38d13091e0102011b0101e2000017160900161150a24ee20034120133fd000a17d65fc55d'
2023-04-18T17:01:30.840947+0600 DEBUG New ID animal_id_new: fd000a17d65f
2023-04-18T17:01:30.842448+0600 DEBUG Null id null_id : b'435400040001'
2023-04-18T17:01:30.844359+0600 DEBUG Success step 2 RFID. animal id new: fd000a17d65f
2023-04-18T17:01:31.276130+0600 DEBUG START RFID FUNCTION
2023-04-18T17:01:31.277969+0600 DEBUG START Animal ID animal_id: b'435400040001'
2023-04-18T17:01:31.279527+0600 DEBUG START Null id null_id : b'435400040001'
2023-04-18T17:01:31.338897+0600 DEBUG Raw ID animal_id: b'43540028004501c38d13091e0102011b0101e2000017160900161150a24ee20034120133fd000a17d65fc85a'
2023-04-18T17:01:31.341016+0600 DEBUG New ID animal_id_new: fd000a17d65f
2023-04-18T17:01:31.342828+0600 DEBUG Null id null_id : b'435400040001'
2023-04-18T17:01:31.345022+0600 DEBUG Success step 2 RFID. animal id new: fd000a17d65f
2023-04-18T17:01:33.288778+0600 ERROR Error, null weight list
2023-04-18T17:01:33.290760+0600 INFO main: weight_finall
2023-04-18T17:01:33.292872+0600 DEBUG START RFID FUNCTION
2023-04-18T17:01:33.294520+0600 DEBUG START Animal ID animal_id: b'435400040001'
2023-04-18T17:01:33.296026+0600 DEBUG START Null id null_id : b'435400040001'
2023-04-18T17:01:33.338613+0600 DEBUG Raw ID animal_id: b'43540028004501c38d13091e0102011b0101e2000017160900161150a24ee20034120133fd000a17d65fcc56'
2023-04-18T17:01:33.340763+0600 DEBUG New ID animal_id_new: fd000a17d65f
2023-04-18T17:01:33.343037+0600 DEBUG Null id null_id : b'435400040001'
2023-04-18T17:01:33.345547+0600 DEBUG Success step 2 RFID. animal id new: fd000a17d65f
2023-04-18T17:01:35.296102+0600 ERROR Error, null weight list
2023-04-18T17:01:35.297966+0600 INFO main: weight_finall
2023-04-18T17:01:35.299841+0600 DEBUG START RFID FUNCTION
2023-04-18T17:01:35.301403+0600 DEBUG START Animal ID animal_id: b'435400040001'
2023-04-18T17:01:35.303020+0600 DEBUG START Null id null_id : b'435400040001'
2023-04-18T17:01:35.489507+0600 DEBUG Raw ID animal_id: b'43540028004501c38d13091e0102011b0101e2000017160900161150a24ee20034120133fd000a17d65fcb57'
2023-04-18T17:01:35.490786+0600 DEBUG New ID animal_id_new: fd000a17d65f
2023-04-18T17:01:35.491723+0600 DEBUG Null id null_id : b'435400040001'
2023-04-18T17:01:35.492822+0600 DEBUG Success step 2 RFID. animal id new: fd000a17d65f
2023-04-18T17:01:36.297253+0600 DEBUG START RFID FUNCTION
2023-04-18T17:01:36.299119+0600 DEBUG START Animal ID animal_id: b'435400040001'
2023-04-18T17:01:36.301266+0600 DEBUG START Null id null_id : b'435400040001'
