2023-04-21T14:39:59.400790+0600 INFO Connect arduino /dev/ttyACM1
2023-04-21T14:39:59.402657+0600 INFO Configuration of serial, Serial<id=0x75ad5df0, open=True>(port='/dev/ttyACM1', baudrate=9600, bytesize=8, parity='N', stopbits=1, timeout=None, xonxoff=False, rtscts=False, dsrdtr=False)
2023-04-21T14:39:59.403795+0600 INFO Success: Arduino connected
2023-04-21T14:39:59.408388+0600 INFO ("[1] to calibrate
" "[2] to start measure
>")
2023-04-21T14:40:07.153386+0600 DEBUG START RFID FUNCTION
2023-04-21T14:40:07.155049+0600 DEBUG START Animal ID animal_id: b'435400040001'
2023-04-21T14:40:07.158924+0600 DEBUG START Null id null_id : b'435400040001'
2023-04-21T14:40:07.344434+0600 DEBUG Raw ID animal_id: b'43540028004501c38d13091e0102011b0101e20000174007010117406415e2003412013dfc000ad7a65ec92e'
2023-04-21T14:40:07.345728+0600 DEBUG New ID animal_id_new: fc000ad7a65e
2023-04-21T14:40:07.346690+0600 DEBUG Null id null_id : b'435400040001'
2023-04-21T14:40:07.347727+0600 DEBUG Success step 2 RFID. animal id new: fc000ad7a65e
2023-04-21T14:40:08.184888+0600 DEBUG START RFID FUNCTION
2023-04-21T14:40:08.186296+0600 DEBUG START Animal ID animal_id: b'435400040001'
2023-04-21T14:40:08.187472+0600 DEBUG START Null id null_id : b'435400040001'
2023-04-21T14:40:08.393566+0600 DEBUG Raw ID animal_id: b'43540028004501c38d13091e0102011b0101e20000174007010117406415e2003412013dfc000ad7a65ec92e'
2023-04-21T14:40:08.395188+0600 DEBUG New ID animal_id_new: fc000ad7a65e
2023-04-21T14:40:08.396433+0600 DEBUG Null id null_id : b'435400040001'
2023-04-21T14:40:08.397797+0600 DEBUG Success step 2 RFID. animal id new: fc000ad7a65e
2023-04-21T14:40:09.192334+0600 DEBUG START RFID FUNCTION
2023-04-21T14:40:09.194488+0600 DEBUG START Animal ID animal_id: b'435400040001'
2023-04-21T14:40:09.196167+0600 DEBUG START Null id null_id : b'435400040001'
2023-04-21T14:40:09.294580+0600 DEBUG Raw ID animal_id: b'43540028004501c38d13091e0102011b0101e20000174007010117406415e2003412013dfc000ad7a65ec92e'
2023-04-21T14:40:09.297812+0600 DEBUG New ID animal_id_new: fc000ad7a65e
2023-04-21T14:40:09.300531+0600 DEBUG Null id null_id : b'435400040001'
2023-04-21T14:40:09.302630+0600 DEBUG Success step 2 RFID. animal id new: fc000ad7a65e
2023-04-21T14:40:10.193407+0600 INFO ARDUINOSerial<id=0x75ae7a78, open=True>(port='/dev/ttyACM0', baudrate=9600, bytesize=8, parity='N', stopbits=1, timeout=1, xonxoff=False, rtscts=False, dsrdtr=False)
2023-04-21T14:40:12.415534+0600 ERROR Error, null weight list
2023-04-21T14:40:12.417523+0600 INFO Start weight: 0
2023-04-21T14:40:12.420865+0600 INFO main: weight_finall
2023-04-21T14:40:12.424849+0600 DEBUG START RFID FUNCTION
2023-04-21T14:40:12.426652+0600 DEBUG START Animal ID animal_id: b'435400040001'
2023-04-21T14:40:12.428259+0600 DEBUG START Null id null_id : b'435400040001'
2023-04-21T14:40:12.494271+0600 DEBUG Raw ID animal_id: b'43540028004501c38d13091e0102011b0101e20000174007010117406415e2003412013dfc000ad7a65ec92e'
2023-04-21T14:40:12.499653+0600 DEBUG New ID animal_id_new: fc000ad7a65e
2023-04-21T14:40:12.505421+0600 DEBUG Null id null_id : b'435400040001'
2023-04-21T14:40:12.511391+0600 DEBUG Success step 2 RFID. animal id new: fc000ad7a65e
2023-04-21T14:40:13.207901+0600 INFO ARDUINOSerial<id=0x75ae77d8, open=True>(port='/dev/ttyACM0', baudrate=9600, bytesize=8, parity='N', stopbits=1, timeout=1, xonxoff=False, rtscts=False, dsrdtr=False)
2023-04-21T14:40:15.421072+0600 ERROR Error, null weight list
2023-04-21T14:40:15.423059+0600 INFO Start weight: 0
2023-04-21T14:40:15.424859+0600 INFO main: weight_finall
2023-04-21T14:40:15.427650+0600 DEBUG START RFID FUNCTION
2023-04-21T14:40:15.429359+0600 DEBUG START Animal ID animal_id: b'435400040001'
2023-04-21T14:40:15.430877+0600 DEBUG START Null id null_id : b'435400040001'
2023-04-21T14:40:15.844701+0600 DEBUG Raw ID animal_id: b'43540028004501c38d13091e0102011b0101e20000174007010117406415e2003412013dfc000ad7a65ec730'
2023-04-21T14:40:15.845996+0600 DEBUG New ID animal_id_new: fc000ad7a65e
2023-04-21T14:40:15.846950+0600 DEBUG Null id null_id : b'435400040001'
2023-04-21T14:40:15.848001+0600 DEBUG Success step 2 RFID. animal id new: fc000ad7a65e
2023-04-21T14:40:16.221590+0600 DEBUG START RFID FUNCTION
2023-04-21T14:40:16.223378+0600 DEBUG START Animal ID animal_id: b'435400040001'
2023-04-21T14:40:16.224824+0600 DEBUG START Null id null_id : b'435400040001'
2023-04-21T14:40:21.493644+0600 DEBUG Raw ID animal_id: b'43540028004501c38d13091e0102011b0101e20000174007010117406415e2003412013dfc000ad7a65ec136'
2023-04-21T14:40:21.495192+0600 DEBUG New ID animal_id_new: fc000ad7a65e
2023-04-21T14:40:21.496353+0600 DEBUG Null id null_id : b'435400040001'
2023-04-21T14:40:21.497636+0600 DEBUG Success step 2 RFID. animal id new: fc000ad7a65e
2023-04-21T14:40:22.247854+0600 DEBUG START RFID FUNCTION
2023-04-21T14:40:22.249076+0600 DEBUG START Animal ID animal_id: b'435400040001'
2023-04-21T14:40:22.250018+0600 DEBUG START Null id null_id : b'435400040001'
2023-04-21T14:40:24.493931+0600 DEBUG Raw ID animal_id: b'43540028004501c38d13091e0102011b0101e20000174007010117406415e2003412013dfc000ad7a65ec334'
2023-04-21T14:40:24.495921+0600 DEBUG New ID animal_id_new: fc000ad7a65e
2023-04-21T14:40:24.497411+0600 DEBUG Null id null_id : b'435400040001'
2023-04-21T14:40:24.499179+0600 DEBUG Success step 2 RFID. animal id new: fc000ad7a65e
2023-04-21T14:40:25.259355+0600 INFO ARDUINOSerial<id=0x75ae7c58, open=True>(port='/dev/ttyACM0', baudrate=9600, bytesize=8, parity='N', stopbits=1, timeout=1, xonxoff=False, rtscts=False, dsrdtr=False)
2023-04-21T14:40:27.477325+0600 ERROR Error, null weight list
2023-04-21T14:40:27.479281+0600 INFO Start weight: 0
2023-04-21T14:40:27.481333+0600 INFO main: weight_finall
2023-04-21T14:40:27.484112+0600 DEBUG START RFID FUNCTION
2023-04-21T14:40:27.485889+0600 DEBUG START Animal ID animal_id: b'435400040001'
2023-04-21T14:40:27.487403+0600 DEBUG START Null id null_id : b'435400040001'
2023-04-21T14:40:27.845159+0600 DEBUG Raw ID animal_id: b'43540028004501c38d13091e0102011b0101e20000174007010117406415e2003412013dfc000ad7a65ebf38'
2023-04-21T14:40:27.846466+0600 DEBUG New ID animal_id_new: fc000ad7a65e
2023-04-21T14:40:27.847416+0600 DEBUG Null id null_id : b'435400040001'
2023-04-21T14:40:27.848446+0600 DEBUG Success step 2 RFID. animal id new: fc000ad7a65e
2023-04-21T14:40:28.270308+0600 INFO ARDUINOSerial<id=0x75ae79d0, open=True>(port='/dev/ttyACM0', baudrate=9600, bytesize=8, parity='N', stopbits=1, timeout=1, xonxoff=False, rtscts=False, dsrdtr=False)
2023-04-21T14:40:30.488567+0600 ERROR Error, null weight list
2023-04-21T14:40:30.490436+0600 INFO Start weight: 0
2023-04-21T14:40:30.491982+0600 INFO main: weight_finall
2023-04-21T14:40:30.494558+0600 DEBUG START RFID FUNCTION
2023-04-21T14:40:30.496284+0600 DEBUG START Animal ID animal_id: b'435400040001'
2023-04-21T14:40:30.497787+0600 DEBUG START Null id null_id : b'435400040001'
2023-04-21T14:40:30.595158+0600 DEBUG Raw ID animal_id: b'43540028004501c38d13091e0102011b0101e20000174007010117406415e2003412013dfc000ad7a65ec136'
2023-04-21T14:40:30.600226+0600 DEBUG New ID animal_id_new: fc000ad7a65e
2023-04-21T14:40:30.604560+0600 DEBUG Null id null_id : b'435400040001'
2023-04-21T14:40:30.609614+0600 DEBUG Success step 2 RFID. animal id new: fc000ad7a65e
2023-04-21T14:40:31.285385+0600 INFO ARDUINOSerial<id=0x75ae7c58, open=True>(port='/dev/ttyACM0', baudrate=9600, bytesize=8, parity='N', stopbits=1, timeout=1, xonxoff=False, rtscts=False, dsrdtr=False)
2023-04-21T14:40:33.503602+0600 ERROR Error, null weight list
2023-04-21T14:40:33.505131+0600 INFO Start weight: 0
2023-04-21T14:40:33.507914+0600 INFO main: weight_finall
2023-04-21T14:40:33.510161+0600 DEBUG START RFID FUNCTION
2023-04-21T14:40:33.511551+0600 DEBUG START Animal ID animal_id: b'435400040001'
2023-04-21T14:40:33.512749+0600 DEBUG START Null id null_id : b'435400040001'
2023-04-21T14:40:33.845452+0600 DEBUG Raw ID animal_id: b'43540028004501c38d13091e0102011b0101e20000174007010117406415e2003412013dfc000ad7a65ec532'
2023-04-21T14:40:33.846735+0600 DEBUG New ID animal_id_new: fc000ad7a65e
2023-04-21T14:40:33.847681+0600 DEBUG Null id null_id : b'435400040001'
2023-04-21T14:40:33.848801+0600 DEBUG Success step 2 RFID. animal id new: fc000ad7a65e
2023-04-21T14:40:34.296587+0600 INFO ARDUINOSerial<id=0x75ae77d8, open=True>(port='/dev/ttyACM0', baudrate=9600, bytesize=8, parity='N', stopbits=1, timeout=1, xonxoff=False, rtscts=False, dsrdtr=False)
2023-04-21T14:40:36.509578+0600 ERROR Error, null weight list
2023-04-21T14:40:36.511513+0600 INFO Start weight: 0
2023-04-21T14:40:36.513088+0600 INFO main: weight_finall
2023-04-21T14:40:36.515673+0600 DEBUG START RFID FUNCTION
2023-04-21T14:40:36.517361+0600 DEBUG START Animal ID animal_id: b'435400040001'
2023-04-21T14:40:36.518865+0600 DEBUG START Null id null_id : b'435400040001'
2023-04-21T14:40:36.595431+0600 DEBUG Raw ID animal_id: b'43540028004501c38d13091e0102011b0101e20000174007010117406415e2003412013dfc000ad7a65ec532'
2023-04-21T14:40:36.600334+0600 DEBUG New ID animal_id_new: fc000ad7a65e
2023-04-21T14:40:36.605323+0600 DEBUG Null id null_id : b'435400040001'
2023-04-21T14:40:36.610229+0600 DEBUG Success step 2 RFID. animal id new: fc000ad7a65e
2023-04-21T14:40:37.307142+0600 INFO ARDUINOSerial<id=0x75ae7f70, open=True>(port='/dev/ttyACM0', baudrate=9600, bytesize=8, parity='N', stopbits=1, timeout=1, xonxoff=False, rtscts=False, dsrdtr=False)
2023-04-21T14:40:39.524999+0600 ERROR Error, null weight list
2023-04-21T14:40:39.526948+0600 INFO Start weight: 0
2023-04-21T14:40:39.529502+0600 INFO main: weight_finall
2023-04-21T14:40:39.532136+0600 DEBUG START RFID FUNCTION
2023-04-21T14:40:39.534073+0600 DEBUG START Animal ID animal_id: b'435400040001'
2023-04-21T14:40:39.535635+0600 DEBUG START Null id null_id : b'435400040001'
2023-04-21T14:40:39.594102+0600 DEBUG Raw ID animal_id: b'43540028004501c38d13091e0102011b0101e20000174007010117406415e2003412013dfc000ad7a65ec82f'
2023-04-21T14:40:39.595991+0600 DEBUG New ID animal_id_new: fc000ad7a65e
2023-04-21T14:40:39.597710+0600 DEBUG Null id null_id : b'435400040001'
2023-04-21T14:40:39.599357+0600 DEBUG Success step 2 RFID. animal id new: fc000ad7a65e
2023-04-21T14:40:40.322626+0600 INFO ARDUINOSerial<id=0x75ae77d8, open=True>(port='/dev/ttyACM0', baudrate=9600, bytesize=8, parity='N', stopbits=1, timeout=1, xonxoff=False, rtscts=False, dsrdtr=False)
2023-04-21T14:40:42.543977+0600 ERROR Error, null weight list
2023-04-21T14:40:42.545921+0600 INFO Start weight: 0
2023-04-21T14:40:42.547485+0600 INFO main: weight_finall
2023-04-21T14:40:42.549997+0600 DEBUG START RFID FUNCTION
2023-04-21T14:40:42.551707+0600 DEBUG START Animal ID animal_id: b'435400040001'
2023-04-21T14:40:42.553392+0600 DEBUG START Null id null_id : b'435400040001'
2023-04-21T14:40:42.845109+0600 DEBUG Raw ID animal_id: b'43540028004501c38d13091e0102011b0101e20000174007010117406415e2003412013dfc000ad7a65ec136'
2023-04-21T14:40:42.846397+0600 DEBUG New ID animal_id_new: fc000ad7a65e
2023-04-21T14:40:42.847342+0600 DEBUG Null id null_id : b'435400040001'
2023-04-21T14:40:42.848393+0600 DEBUG Success step 2 RFID. animal id new: fc000ad7a65e
2023-04-21T14:40:43.334908+0600 DEBUG START RFID FUNCTION
2023-04-21T14:40:43.336129+0600 DEBUG START Animal ID animal_id: b'435400040001'
2023-04-21T14:40:43.337067+0600 DEBUG START Null id null_id : b'435400040001'
2023-04-21T14:40:45.193811+0600 DEBUG Raw ID animal_id: b'43540028004501c38d13091e0102011b0101e20000174007010117406415e2003412013dfc000ad7a65ec136'
2023-04-21T14:40:45.195822+0600 DEBUG New ID animal_id_new: fc000ad7a65e
2023-04-21T14:40:45.198526+0600 DEBUG Null id null_id : b'435400040001'
2023-04-21T14:40:45.200493+0600 DEBUG Success step 2 RFID. animal id new: fc000ad7a65e
2023-04-21T14:40:45.342973+0600 DEBUG START RFID FUNCTION
2023-04-21T14:40:45.347162+0600 DEBUG START Animal ID animal_id: b'435400040001'
2023-04-21T14:40:45.349052+0600 DEBUG START Null id null_id : b'435400040001'
2023-04-21T14:40:45.393745+0600 DEBUG Raw ID animal_id: b'43540028004501c38d13091e0102011b0101e20000174007010117406415e2003412013dfc000ad7a65ec136'
2023-04-21T14:40:45.395042+0600 DEBUG New ID animal_id_new: fc000ad7a65e
2023-04-21T14:40:45.395975+0600 DEBUG Null id null_id : b'435400040001'
2023-04-21T14:40:45.397103+0600 DEBUG Success step 2 RFID. animal id new: fc000ad7a65e
2023-04-21T14:40:46.347947+0600 INFO ARDUINOSerial<id=0x75ae7fd0, open=True>(port='/dev/ttyACM0', baudrate=9600, bytesize=8, parity='N', stopbits=1, timeout=1, xonxoff=False, rtscts=False, dsrdtr=False)
2023-04-21T14:40:48.568220+0600 ERROR Error, null weight list
2023-04-21T14:40:48.570147+0600 INFO Start weight: 0
2023-04-21T14:40:48.571688+0600 INFO main: weight_finall
2023-04-21T14:40:48.574847+0600 DEBUG START RFID FUNCTION
2023-04-21T14:40:48.576659+0600 DEBUG START Animal ID animal_id: b'435400040001'
2023-04-21T14:40:48.578194+0600 DEBUG START Null id null_id : b'435400040001'
2023-04-21T14:40:48.593748+0600 DEBUG Raw ID animal_id: b'43540028004501c38d13091e0102011b0101e20000174007010117406415e2003412013dfc000ad7a65ec433'
2023-04-21T14:40:48.595915+0600 DEBUG New ID animal_id_new: fc000ad7a65e
2023-04-21T14:40:48.597493+0600 DEBUG Null id null_id : b'435400040001'
2023-04-21T14:40:48.599204+0600 DEBUG Success step 2 RFID. animal id new: fc000ad7a65e
2023-04-21T14:40:49.358630+0600 INFO ARDUINOSerial<id=0x75ae77d8, open=True>(port='/dev/ttyACM0', baudrate=9600, bytesize=8, parity='N', stopbits=1, timeout=1, xonxoff=False, rtscts=False, dsrdtr=False)
2023-04-21T14:40:51.571549+0600 ERROR Error, null weight list
2023-04-21T14:40:51.573391+0600 INFO Start weight: 0
2023-04-21T14:40:51.575317+0600 INFO main: weight_finall
2023-04-21T14:40:51.577918+0600 DEBUG START RFID FUNCTION
2023-04-21T14:40:51.579611+0600 DEBUG START Animal ID animal_id: b'435400040001'
2023-04-21T14:40:51.581140+0600 DEBUG START Null id null_id : b'435400040001'
2023-04-21T14:40:51.844564+0600 DEBUG Raw ID animal_id: b'43540028004501c38d13091e0102011b0101e20000174007010117406415e2003412013dfc000ad7a65ec235'
2023-04-21T14:40:51.845847+0600 DEBUG New ID animal_id_new: fc000ad7a65e
2023-04-21T14:40:51.846782+0600 DEBUG Null id null_id : b'435400040001'
2023-04-21T14:40:51.847831+0600 DEBUG Success step 2 RFID. animal id new: fc000ad7a65e
2023-04-21T14:40:52.371384+0600 DEBUG START RFID FUNCTION
2023-04-21T14:40:52.372462+0600 DEBUG START Animal ID animal_id: b'435400040001'
2023-04-21T14:40:52.373407+0600 DEBUG START Null id null_id : b'435400040001'
