2023-04-21T16:21:06.836910+0600 INFO Connect arduino /dev/ttyACM1
2023-04-21T16:21:06.839042+0600 INFO Configuration of serial, Serial<id=0x75b3fdd8, open=True>(port='/dev/ttyACM1', baudrate=9600, bytesize=8, parity='N', stopbits=1, timeout=None, xonxoff=False, rtscts=False, dsrdtr=False)
2023-04-21T16:21:06.840123+0600 INFO Success: Arduino connected
2023-04-21T16:21:06.844997+0600 INFO ("[1] to calibrate
" "[2] to start measure
>")
2023-04-21T16:21:15.322420+0600 DEBUG START RFID FUNCTION
2023-04-21T16:21:15.324497+0600 DEBUG START Animal ID animal_id: b'435400040001'
2023-04-21T16:21:15.326250+0600 DEBUG START Null id null_id : b'435400040001'
2023-04-21T16:21:15.582069+0600 DEBUG Raw ID animal_id: b'43540028004501c38d13091e0102011b0101e2806894000040103003d496e2806894200040103003d496c0da'
2023-04-21T16:21:15.583641+0600 DEBUG New ID animal_id_new: 40103003d496
2023-04-21T16:21:15.584791+0600 DEBUG Null id null_id : b'435400040001'
2023-04-21T16:21:15.586065+0600 DEBUG Success step 2 RFID. animal id new: 40103003d496
2023-04-21T16:21:15.623330+0600 DEBUG START RFID FUNCTION
2023-04-21T16:21:15.625316+0600 DEBUG START Animal ID animal_id: b'435400040001'
2023-04-21T16:21:15.627001+0600 DEBUG START Null id null_id : b'435400040001'
2023-04-21T16:21:17.031085+0600 DEBUG Raw ID animal_id: b'43540028004501c38d13091e0102011b0101e2806894000040103003d496e2806894200040103003d496c1d9'
2023-04-21T16:21:17.033149+0600 DEBUG New ID animal_id_new: 40103003d496
2023-04-21T16:21:17.034854+0600 DEBUG Null id null_id : b'435400040001'
2023-04-21T16:21:17.036802+0600 DEBUG Success step 2 RFID. animal id new: 40103003d496
2023-04-21T16:21:17.632859+0600 DEBUG START RFID FUNCTION
2023-04-21T16:21:17.634122+0600 DEBUG START Animal ID animal_id: b'435400040001'
2023-04-21T16:21:17.635002+0600 DEBUG START Null id null_id : b'435400040001'
2023-04-21T16:21:17.731655+0600 DEBUG Raw ID animal_id: b'43540028004501c38d13091e0102011b0101e2806894000040103003d496e2806894200040103003d496c8d2'
2023-04-21T16:21:17.735237+0600 DEBUG New ID animal_id_new: 40103003d496
2023-04-21T16:21:17.737153+0600 DEBUG Null id null_id : b'435400040001'
2023-04-21T16:21:17.739856+0600 DEBUG Success step 2 RFID. animal id new: 40103003d496
2023-04-21T16:21:18.637772+0600 INFO ARDUINOSerial<id=0x75b519e8, open=True>(port='/dev/ttyACM0', baudrate=9600, bytesize=8, parity='N', stopbits=1, timeout=1, xonxoff=False, rtscts=False, dsrdtr=False)
2023-04-21T16:21:20.649111+0600 ERROR Error, null weight list
2023-04-21T16:21:20.651014+0600 INFO Start weight: 0
2023-04-21T16:21:20.652633+0600 INFO main: weight_finall
2023-04-21T16:21:20.657355+0600 DEBUG START RFID FUNCTION
2023-04-21T16:21:20.659036+0600 DEBUG START Animal ID animal_id: b'435400040001'
2023-04-21T16:21:20.660532+0600 DEBUG START Null id null_id : b'435400040001'
2023-04-21T16:21:20.732497+0600 DEBUG Raw ID animal_id: b'43540028004501c38d13091e0102011b0101e2806894000040103003d496e2806894200040103003d496c9d1'
2023-04-21T16:21:20.737988+0600 DEBUG New ID animal_id_new: 40103003d496
2023-04-21T16:21:20.742609+0600 DEBUG Null id null_id : b'435400040001'
2023-04-21T16:21:20.747787+0600 DEBUG Success step 2 RFID. animal id new: 40103003d496
2023-04-21T16:21:21.647553+0600 DEBUG START RFID FUNCTION
2023-04-21T16:21:21.649063+0600 DEBUG START Animal ID animal_id: b'435400040001'
2023-04-21T16:21:21.650267+0600 DEBUG START Null id null_id : b'435400040001'
2023-04-21T16:21:21.732279+0600 DEBUG Raw ID animal_id: b'43540028004501c38d13091e0102011b0101e2806894000040103003d496e2806894200040103003d496c8d2'
2023-04-21T16:21:21.736681+0600 DEBUG New ID animal_id_new: 40103003d496
2023-04-21T16:21:21.740571+0600 DEBUG Null id null_id : b'435400040001'
2023-04-21T16:21:21.745808+0600 DEBUG Success step 2 RFID. animal id new: 40103003d496
2023-04-21T16:21:22.654962+0600 DEBUG START RFID FUNCTION
2023-04-21T16:21:22.656462+0600 DEBUG START Animal ID animal_id: b'435400040001'
2023-04-21T16:21:22.657582+0600 DEBUG START Null id null_id : b'435400040001'
2023-04-21T16:21:23.082226+0600 DEBUG Raw ID animal_id: b'43540028004501c38d13091e0102011b0101e2806894000040103003d496e2806894200040103003d496bfdb'
2023-04-21T16:21:23.083564+0600 DEBUG New ID animal_id_new: 40103003d496
2023-04-21T16:21:23.084502+0600 DEBUG Null id null_id : b'435400040001'
2023-04-21T16:21:23.085458+0600 DEBUG Success step 2 RFID. animal id new: 40103003d496
2023-04-21T16:21:23.658053+0600 DEBUG START RFID FUNCTION
2023-04-21T16:21:23.659599+0600 DEBUG START Animal ID animal_id: b'435400040001'
2023-04-21T16:21:23.660814+0600 DEBUG START Null id null_id : b'435400040001'
2023-04-21T16:21:36.631620+0600 DEBUG Raw ID animal_id: b'43540028004501c38d13091e0102011b0101e2806894000040103003d496e2806894200040103003d496bcde'
2023-04-21T16:21:36.633589+0600 DEBUG New ID animal_id_new: 40103003d496
2023-04-21T16:21:36.635143+0600 DEBUG Null id null_id : b'435400040001'
2023-04-21T16:21:36.636807+0600 DEBUG Success step 2 RFID. animal id new: 40103003d496
2023-04-21T16:21:36.715551+0600 DEBUG START RFID FUNCTION
2023-04-21T16:21:36.719884+0600 DEBUG START Animal ID animal_id: b'435400040001'
2023-04-21T16:21:36.724508+0600 DEBUG START Null id null_id : b'435400040001'
2023-04-21T16:21:36.732467+0600 DEBUG Raw ID animal_id: b'43540028004501c38d13091e0102011b0101e2806894000040103003d496e2806894200040103003d496bedc'
2023-04-21T16:21:36.738184+0600 DEBUG New ID animal_id_new: 40103003d496
2023-04-21T16:21:36.744650+0600 DEBUG Null id null_id : b'435400040001'
2023-04-21T16:21:36.752060+0600 DEBUG Success step 2 RFID. animal id new: 40103003d496
2023-04-21T16:21:37.717721+0600 DEBUG START RFID FUNCTION
2023-04-21T16:21:37.719713+0600 DEBUG START Animal ID animal_id: b'435400040001'
2023-04-21T16:21:37.722549+0600 DEBUG START Null id null_id : b'435400040001'
2023-04-21T16:25:20.439937+0600 DEBUG Raw ID animal_id: b'43540028004501c38d13091e0102011b0101e20000174007010117406415e2003412013dfc000ad7a65ec92e'
2023-04-21T16:25:20.442082+0600 DEBUG New ID animal_id_new: fc000ad7a65e
2023-04-21T16:25:20.443669+0600 DEBUG Null id null_id : b'435400040001'
2023-04-21T16:25:20.445422+0600 DEBUG Success step 2 RFID. animal id new: fc000ad7a65e
2023-04-21T16:25:20.676824+0600 DEBUG START RFID FUNCTION
2023-04-21T16:25:20.678011+0600 DEBUG START Animal ID animal_id: b'435400040001'
2023-04-21T16:25:20.678926+0600 DEBUG START Null id null_id : b'435400040001'
2023-04-21T16:25:20.740053+0600 DEBUG Raw ID animal_id: b'43540028004501c38d13091e0102011b0101e20000174007010117406415e2003412013dfc000ad7a65ecd2a'
2023-04-21T16:25:20.741862+0600 DEBUG New ID animal_id_new: fc000ad7a65e
2023-04-21T16:25:20.743233+0600 DEBUG Null id null_id : b'435400040001'
2023-04-21T16:25:20.745437+0600 DEBUG Success step 2 RFID. animal id new: fc000ad7a65e
2023-04-21T16:25:21.678812+0600 INFO ARDUINOSerial<id=0x75b518f8, open=True>(port='/dev/ttyACM0', baudrate=9600, bytesize=8, parity='N', stopbits=1, timeout=1, xonxoff=False, rtscts=False, dsrdtr=False)
2023-04-21T16:25:23.691035+0600 ERROR Error, null weight list
2023-04-21T16:25:23.693030+0600 INFO Start weight: 0
2023-04-21T16:25:23.694599+0600 INFO main: weight_finall
2023-04-21T16:25:23.697222+0600 DEBUG START RFID FUNCTION
2023-04-21T16:25:23.699072+0600 DEBUG START Animal ID animal_id: b'435400040001'
2023-04-21T16:25:23.700835+0600 DEBUG START Null id null_id : b'435400040001'
2023-04-21T16:25:23.740141+0600 DEBUG Raw ID animal_id: b'43540028004501c38d13091e0102011b0101e20000174007010117406415e2003412013dfc000ad7a65ecc2b'
2023-04-21T16:25:23.742164+0600 DEBUG New ID animal_id_new: fc000ad7a65e
2023-04-21T16:25:23.743420+0600 DEBUG Null id null_id : b'435400040001'
2023-04-21T16:25:23.744837+0600 DEBUG Success step 2 RFID. animal id new: fc000ad7a65e
2023-04-21T16:25:24.693635+0600 INFO ARDUINOSerial<id=0x75b519e8, open=True>(port='/dev/ttyACM0', baudrate=9600, bytesize=8, parity='N', stopbits=1, timeout=1, xonxoff=False, rtscts=False, dsrdtr=False)
2023-04-21T16:25:26.702683+0600 ERROR Error, null weight list
2023-04-21T16:25:26.704295+0600 INFO Start weight: 0
2023-04-21T16:25:26.705690+0600 INFO main: weight_finall
2023-04-21T16:25:26.707620+0600 DEBUG START RFID FUNCTION
2023-04-21T16:25:26.708949+0600 DEBUG START Animal ID animal_id: b'435400040001'
2023-04-21T16:25:26.710113+0600 DEBUG START Null id null_id : b'435400040001'
2023-04-21T16:25:27.091231+0600 DEBUG Raw ID animal_id: b'43540028004501c38d13091e0102011b0101e20000174007010117406415e2003412013dfc000ad7a65eca2d'
2023-04-21T16:25:27.092603+0600 DEBUG New ID animal_id_new: fc000ad7a65e
2023-04-21T16:25:27.093504+0600 DEBUG Null id null_id : b'435400040001'
2023-04-21T16:25:27.094536+0600 DEBUG Success step 2 RFID. animal id new: fc000ad7a65e
2023-04-21T16:25:27.706691+0600 DEBUG START RFID FUNCTION
2023-04-21T16:25:27.709147+0600 DEBUG START Animal ID animal_id: b'435400040001'
2023-04-21T16:25:27.711048+0600 DEBUG START Null id null_id : b'435400040001'
2023-04-21T16:25:33.840475+0600 DEBUG Raw ID animal_id: b'43540028004501c38d13091e0102011b0101e20000174007010117406415e2003412013dfc000ad7a65ec235'
2023-04-21T16:25:33.842505+0600 DEBUG New ID animal_id_new: fc000ad7a65e
2023-04-21T16:25:33.844009+0600 DEBUG Null id null_id : b'435400040001'
2023-04-21T16:25:33.845698+0600 DEBUG Success step 2 RFID. animal id new: fc000ad7a65e
2023-04-21T16:25:34.735968+0600 DEBUG START RFID FUNCTION
2023-04-21T16:25:34.737843+0600 DEBUG START Animal ID animal_id: b'435400040001'
2023-04-21T16:25:34.739391+0600 DEBUG START Null id null_id : b'435400040001'
